2025-05-04 17:04:25,232 - INFO - Initialized with direction Direction.SOUTH
2025-05-04 17:04:25,233 - INFO - Depositing home pheromone
2025-05-04 17:04:27,126 - INFO - Random movement: AntAction.MOVE_FORWARD
2025-05-04 17:04:27,750 - INFO - Depositing home pheromone
2025-05-04 17:04:28,309 - INFO - Random movement: AntAction.MOVE_FORWARD
2025-05-04 17:04:28,832 - INFO - Depositing home pheromone
2025-05-04 17:04:29,341 - INFO - Random movement: AntAction.MOVE_FORWARD
2025-05-04 17:04:29,873 - INFO - Depositing home pheromone
2025-05-04 17:04:30,469 - INFO - Random movement: AntAction.MOVE_FORWARD
2025-05-04 17:04:31,054 - INFO - Depositing home pheromone
2025-05-04 17:04:31,557 - INFO - Random movement: AntAction.TURN_LEFT
2025-05-04 17:04:32,033 - INFO - Depositing home pheromone
2025-05-04 17:04:32,549 - INFO - Random movement: AntAction.MOVE_FORWARD
2025-05-04 17:04:33,059 - INFO - Depositing home pheromone
2025-05-04 17:04:33,582 - INFO - Random movement: AntAction.MOVE_FORWARD
2025-05-04 17:04:34,053 - INFO - Depositing home pheromone
2025-05-04 17:04:34,553 - INFO - Random movement: AntAction.TURN_RIGHT
2025-05-04 17:04:35,035 - INFO - Depositing home pheromone
2025-05-04 17:04:35,593 - INFO - Random movement: AntAction.MOVE_FORWARD
2025-05-04 17:04:36,166 - INFO - Depositing home pheromone
2025-05-04 17:04:36,757 - INFO - Random movement: AntAction.MOVE_FORWARD
2025-05-04 17:04:37,274 - INFO - Depositing home pheromone
2025-05-04 17:04:37,841 - INFO - Random movement: AntAction.MOVE_FORWARD
2025-05-04 17:04:38,339 - INFO - Depositing home pheromone
2025-05-04 17:04:38,887 - INFO - Random movement: AntAction.TURN_RIGHT
2025-05-04 17:04:39,396 - INFO - Depositing home pheromone
2025-05-04 17:04:39,939 - INFO - Random movement: AntAction.TURN_LEFT
2025-05-04 17:04:40,468 - INFO - Depositing home pheromone
2025-05-04 17:04:41,017 - INFO - Random movement: AntAction.MOVE_FORWARD
2025-05-04 17:04:41,503 - INFO - Depositing home pheromone
2025-05-04 17:04:42,036 - INFO - Random movement: AntAction.MOVE_FORWARD
2025-05-04 17:04:42,529 - INFO - Depositing home pheromone
2025-05-04 17:04:43,092 - INFO - Random movement: AntAction.TURN_RIGHT
2025-05-04 17:04:43,621 - INFO - Depositing home pheromone
2025-05-04 17:04:44,131 - INFO - Random movement: AntAction.TURN_LEFT
2025-05-04 17:04:44,653 - INFO - Depositing home pheromone
2025-05-04 17:04:45,165 - INFO - Random movement: AntAction.MOVE_FORWARD
2025-05-04 17:04:45,660 - INFO - Depositing home pheromone
2025-05-04 17:04:46,153 - INFO - Random movement: AntAction.TURN_RIGHT
2025-05-04 17:04:46,629 - INFO - Depositing home pheromone
2025-05-04 17:04:47,151 - INFO - Random movement: AntAction.MOVE_FORWARD
2025-05-04 17:04:47,649 - INFO - Depositing home pheromone
2025-05-04 17:04:48,107 - INFO - Random movement: AntAction.MOVE_FORWARD
2025-05-04 17:04:48,557 - INFO - Depositing home pheromone
2025-05-04 17:04:48,968 - INFO - Random movement: AntAction.TURN_LEFT
2025-05-04 17:04:49,440 - INFO - Depositing home pheromone
2025-05-04 17:04:49,970 - INFO - Random movement: AntAction.TURN_LEFT
2025-05-04 17:04:50,475 - INFO - Depositing home pheromone
2025-05-04 17:04:50,974 - INFO - Random movement: AntAction.TURN_LEFT
2025-05-04 17:04:51,477 - INFO - Depositing home pheromone
2025-05-04 17:04:51,991 - INFO - Random movement: AntAction.MOVE_FORWARD
2025-05-04 17:04:52,542 - INFO - Bored after searching for food for 51 steps, making random move
2025-05-04 17:04:52,543 - INFO - Made random move: AntAction.MOVE_FORWARD
2025-05-04 17:04:53,169 - INFO - Depositing home pheromone
2025-05-04 17:04:53,681 - INFO - Random movement: AntAction.MOVE_FORWARD
2025-05-04 17:04:54,208 - INFO - Depositing home pheromone
2025-05-04 17:04:54,708 - INFO - Random movement: AntAction.MOVE_FORWARD
2025-05-04 17:04:55,213 - INFO - Depositing home pheromone
2025-05-04 17:04:55,749 - INFO - Random movement: AntAction.TURN_LEFT
2025-05-04 17:04:56,272 - INFO - Depositing home pheromone
2025-05-04 17:04:56,772 - INFO - Random movement: AntAction.TURN_RIGHT
2025-05-04 17:04:57,297 - INFO - Depositing home pheromone
2025-05-04 17:04:57,816 - INFO - Random movement: AntAction.TURN_LEFT
2025-05-04 17:04:58,322 - INFO - Depositing home pheromone
2025-05-04 17:04:58,869 - INFO - Random movement: AntAction.MOVE_FORWARD
2025-05-04 17:04:59,395 - INFO - Depositing home pheromone
2025-05-04 17:04:59,973 - INFO - Random movement: AntAction.MOVE_FORWARD
2025-05-04 17:05:00,549 - INFO - Depositing home pheromone
2025-05-04 17:05:01,143 - INFO - Random movement: AntAction.MOVE_FORWARD
2025-05-04 17:05:01,676 - INFO - Depositing home pheromone
2025-05-04 17:05:02,247 - INFO - Random movement: AntAction.MOVE_FORWARD
2025-05-04 17:05:02,889 - INFO - Depositing home pheromone
2025-05-04 17:05:03,481 - INFO - Random movement: AntAction.TURN_LEFT
2025-05-04 17:05:04,022 - INFO - Depositing home pheromone
