2025-05-04 17:04:25,109 - INFO - Initialized with direction Direction.NORTHEAST
2025-05-04 17:04:25,111 - INFO - Depositing home pheromone
2025-05-04 17:04:27,096 - INFO - Random movement: AntAction.TURN_RIGHT
2025-05-04 17:04:27,716 - INFO - Depositing home pheromone
2025-05-04 17:04:28,283 - INFO - Random movement: AntAction.MOVE_FORWARD
2025-05-04 17:04:28,802 - INFO - Depositing home pheromone
2025-05-04 17:04:29,318 - INFO - Random movement: AntAction.MOVE_FORWARD
2025-05-04 17:04:29,837 - INFO - Depositing home pheromone
2025-05-04 17:04:30,432 - INFO - Random movement: AntAction.TURN_LEFT
2025-05-04 17:04:31,018 - INFO - Depositing home pheromone
2025-05-04 17:04:31,530 - INFO - Random movement: AntAction.TURN_LEFT
2025-05-04 17:04:32,004 - INFO - Depositing home pheromone
2025-05-04 17:04:32,522 - INFO - Random movement: AntAction.TURN_LEFT
2025-05-04 17:04:33,029 - INFO - Depositing home pheromone
2025-05-04 17:04:33,559 - INFO - Random movement: AntAction.TURN_LEFT
2025-05-04 17:04:34,025 - INFO - Depositing home pheromone
2025-05-04 17:04:34,531 - INFO - Random movement: AntAction.MOVE_FORWARD
2025-05-04 17:04:35,002 - INFO - Depositing home pheromone
2025-05-04 17:04:35,569 - INFO - Random movement: AntAction.TURN_LEFT
2025-05-04 17:04:36,129 - INFO - Depositing home pheromone
2025-05-04 17:04:36,730 - INFO - Random movement: AntAction.MOVE_FORWARD
2025-05-04 17:04:37,238 - INFO - Depositing home pheromone
2025-05-04 17:04:37,815 - INFO - Random movement: AntAction.TURN_LEFT
2025-05-04 17:04:38,309 - INFO - Depositing home pheromone
2025-05-04 17:04:38,860 - INFO - Random movement: AntAction.TURN_LEFT
2025-05-04 17:04:39,363 - INFO - Depositing home pheromone
2025-05-04 17:04:39,915 - INFO - Random movement: AntAction.TURN_RIGHT
2025-05-04 17:04:40,433 - INFO - Depositing home pheromone
2025-05-04 17:04:40,988 - INFO - Random movement: AntAction.MOVE_FORWARD
2025-05-04 17:04:41,475 - INFO - Depositing home pheromone
2025-05-04 17:04:42,008 - INFO - Random movement: AntAction.MOVE_FORWARD
2025-05-04 17:04:42,498 - INFO - Depositing home pheromone
2025-05-04 17:04:43,061 - INFO - Random movement: AntAction.MOVE_FORWARD
2025-05-04 17:04:43,588 - INFO - Depositing home pheromone
2025-05-04 17:04:44,102 - INFO - Random movement: AntAction.MOVE_FORWARD
2025-05-04 17:04:44,624 - INFO - Depositing home pheromone
2025-05-04 17:04:45,140 - INFO - Random movement: AntAction.MOVE_FORWARD
2025-05-04 17:04:45,630 - INFO - Depositing home pheromone
2025-05-04 17:04:46,128 - INFO - Random movement: AntAction.MOVE_FORWARD
2025-05-04 17:04:46,601 - INFO - Depositing home pheromone
2025-05-04 17:04:47,126 - INFO - Random movement: AntAction.TURN_LEFT
2025-05-04 17:04:47,625 - INFO - Depositing home pheromone
2025-05-04 17:04:48,083 - INFO - Random movement: AntAction.TURN_RIGHT
2025-05-04 17:04:48,537 - INFO - Depositing home pheromone
2025-05-04 17:04:48,938 - INFO - Random movement: AntAction.TURN_LEFT
2025-05-04 17:04:49,410 - INFO - Depositing home pheromone
2025-05-04 17:04:49,940 - INFO - Random movement: AntAction.MOVE_FORWARD
2025-05-04 17:04:50,445 - INFO - Depositing home pheromone
2025-05-04 17:04:50,948 - INFO - Random movement: AntAction.MOVE_FORWARD
2025-05-04 17:04:51,448 - INFO - Depositing home pheromone
2025-05-04 17:04:51,963 - INFO - Random movement: AntAction.TURN_RIGHT
2025-05-04 17:04:52,500 - INFO - Bored after searching for food for 51 steps, making random move
2025-05-04 17:04:52,500 - INFO - Made random move: AntAction.MOVE_FORWARD
2025-05-04 17:04:53,138 - INFO - Depositing home pheromone
2025-05-04 17:04:53,653 - INFO - Random movement: AntAction.MOVE_FORWARD
2025-05-04 17:04:54,172 - INFO - Depositing home pheromone
2025-05-04 17:04:54,680 - INFO - Random movement: AntAction.TURN_LEFT
2025-05-04 17:04:55,184 - INFO - Depositing home pheromone
2025-05-04 17:04:55,723 - INFO - Random movement: AntAction.MOVE_FORWARD
2025-05-04 17:04:56,242 - INFO - Depositing home pheromone
2025-05-04 17:04:56,756 - INFO - Random movement: AntAction.MOVE_FORWARD
2025-05-04 17:04:57,266 - INFO - Depositing home pheromone
2025-05-04 17:04:57,791 - INFO - Random movement: AntAction.TURN_RIGHT
2025-05-04 17:04:58,283 - INFO - Depositing home pheromone
2025-05-04 17:04:58,841 - INFO - Random movement: AntAction.MOVE_FORWARD
2025-05-04 17:04:59,362 - INFO - Depositing home pheromone
2025-05-04 17:04:59,942 - INFO - Random movement: AntAction.TURN_LEFT
2025-05-04 17:05:00,516 - INFO - Depositing home pheromone
2025-05-04 17:05:01,115 - INFO - Random movement: AntAction.TURN_LEFT
2025-05-04 17:05:01,645 - INFO - Depositing home pheromone
2025-05-04 17:05:02,220 - INFO - Random movement: AntAction.MOVE_FORWARD
2025-05-04 17:05:02,851 - INFO - Depositing home pheromone
2025-05-04 17:05:03,447 - INFO - Random movement: AntAction.MOVE_FORWARD
2025-05-04 17:05:03,987 - INFO - Depositing home pheromone
