2025-05-04 17:04:26,152 - INFO - Initialized with direction Direction.EAST
2025-05-04 17:04:26,162 - INFO - Depositing home pheromone
2025-05-04 17:04:27,270 - INFO - Random movement: AntAction.MOVE_FORWARD
2025-05-04 17:04:27,886 - INFO - Depositing home pheromone
2025-05-04 17:04:28,427 - INFO - Random movement: AntAction.MOVE_FORWARD
2025-05-04 17:04:28,959 - INFO - Depositing home pheromone
2025-05-04 17:04:29,444 - INFO - Random movement: AntAction.TURN_LEFT
2025-05-04 17:04:30,020 - INFO - Depositing home pheromone
2025-05-04 17:04:30,632 - INFO - Random movement: AntAction.TURN_LEFT
2025-05-04 17:04:31,188 - INFO - Depositing home pheromone
2025-05-04 17:04:31,651 - INFO - Random movement: AntAction.TURN_LEFT
2025-05-04 17:04:32,167 - INFO - Depositing home pheromone
2025-05-04 17:04:32,656 - INFO - Random movement: AntAction.TURN_LEFT
2025-05-04 17:04:33,183 - INFO - Depositing home pheromone
2025-05-04 17:04:33,679 - INFO - Random movement: AntAction.MOVE_FORWARD
2025-05-04 17:04:34,185 - INFO - Depositing home pheromone
2025-05-04 17:04:34,655 - INFO - Random movement: AntAction.MOVE_FORWARD
2025-05-04 17:04:35,172 - INFO - Depositing home pheromone
2025-05-04 17:04:35,702 - INFO - Random movement: AntAction.TURN_LEFT
2025-05-04 17:04:36,309 - INFO - Depositing home pheromone
2025-05-04 17:04:36,858 - INFO - Random movement: AntAction.TURN_LEFT
2025-05-04 17:04:37,433 - INFO - Depositing home pheromone
2025-05-04 17:04:37,951 - INFO - Random movement: AntAction.MOVE_FORWARD
2025-05-04 17:04:38,480 - INFO - Depositing home pheromone
2025-05-04 17:04:38,997 - INFO - Random movement: AntAction.MOVE_FORWARD
2025-05-04 17:04:39,535 - INFO - Depositing home pheromone
2025-05-04 17:04:40,045 - INFO - Random movement: AntAction.MOVE_FORWARD
2025-05-04 17:04:40,606 - INFO - Depositing home pheromone
2025-05-04 17:04:41,131 - INFO - Random movement: AntAction.TURN_LEFT
2025-05-04 17:04:41,630 - INFO - Depositing home pheromone
2025-05-04 17:04:42,140 - INFO - Random movement: AntAction.TURN_RIGHT
2025-05-04 17:04:42,668 - INFO - Depositing home pheromone
2025-05-04 17:04:43,202 - INFO - Random movement: AntAction.TURN_LEFT
2025-05-04 17:04:43,743 - INFO - Depositing home pheromone
2025-05-04 17:04:44,243 - INFO - Random movement: AntAction.MOVE_FORWARD
2025-05-04 17:04:44,784 - INFO - Depositing home pheromone
2025-05-04 17:04:45,268 - INFO - Random movement: AntAction.TURN_LEFT
2025-05-04 17:04:45,786 - INFO - Depositing home pheromone
2025-05-04 17:04:46,270 - INFO - Random movement: AntAction.TURN_LEFT
2025-05-04 17:04:46,768 - INFO - Depositing home pheromone
2025-05-04 17:04:47,268 - INFO - Random movement: AntAction.MOVE_FORWARD
2025-05-04 17:04:47,755 - INFO - Depositing home pheromone
2025-05-04 17:04:48,202 - INFO - Random movement: AntAction.TURN_LEFT
2025-05-04 17:04:48,652 - INFO - Depositing home pheromone
2025-05-04 17:04:49,074 - INFO - Random movement: AntAction.MOVE_FORWARD
2025-05-04 17:04:49,573 - INFO - Depositing home pheromone
2025-05-04 17:04:50,082 - INFO - Random movement: AntAction.MOVE_FORWARD
2025-05-04 17:04:50,597 - INFO - Depositing home pheromone
2025-05-04 17:04:51,083 - INFO - Random movement: AntAction.MOVE_FORWARD
2025-05-04 17:04:51,599 - INFO - Depositing home pheromone
2025-05-04 17:04:52,093 - INFO - Random movement: AntAction.TURN_LEFT
2025-05-04 17:04:52,723 - INFO - Bored after searching for food for 51 steps, making random move
2025-05-04 17:04:52,725 - INFO - Made random move: AntAction.TURN_LEFT
2025-05-04 17:04:53,297 - INFO - Depositing home pheromone
2025-05-04 17:04:53,795 - INFO - Random movement: AntAction.MOVE_FORWARD
2025-05-04 17:04:54,339 - INFO - Depositing home pheromone
2025-05-04 17:04:54,818 - INFO - Random movement: AntAction.TURN_LEFT
2025-05-04 17:04:55,345 - INFO - Depositing home pheromone
2025-05-04 17:04:55,869 - INFO - Random movement: AntAction.MOVE_FORWARD
2025-05-04 17:04:56,387 - INFO - Depositing home pheromone
2025-05-04 17:04:56,872 - INFO - Random movement: AntAction.TURN_LEFT
2025-05-04 17:04:57,440 - INFO - Depositing home pheromone
2025-05-04 17:04:57,919 - INFO - Random movement: AntAction.MOVE_FORWARD
2025-05-04 17:04:58,460 - INFO - Depositing home pheromone
2025-05-04 17:04:58,985 - INFO - Random movement: AntAction.MOVE_FORWARD
2025-05-04 17:04:59,540 - INFO - Depositing home pheromone
2025-05-04 17:05:00,099 - INFO - Random movement: AntAction.MOVE_FORWARD
2025-05-04 17:05:00,706 - INFO - Depositing home pheromone
2025-05-04 17:05:01,257 - INFO - Random movement: AntAction.MOVE_FORWARD
2025-05-04 17:05:01,810 - INFO - Depositing home pheromone
2025-05-04 17:05:02,388 - INFO - Random movement: AntAction.TURN_LEFT
2025-05-04 17:05:03,048 - INFO - Depositing home pheromone
2025-05-04 17:05:03,596 - INFO - Random movement: AntAction.MOVE_FORWARD
2025-05-04 17:05:04,166 - INFO - Depositing home pheromone
