2025-05-04 17:04:24,957 - INFO - Initialized with direction Direction.EAST
2025-05-04 17:04:24,958 - INFO - Depositing home pheromone
2025-05-04 17:04:27,043 - INFO - Random movement: AntAction.TURN_RIGHT
2025-05-04 17:04:27,669 - INFO - Depositing home pheromone
2025-05-04 17:04:28,240 - INFO - Random movement: AntAction.MOVE_FORWARD
2025-05-04 17:04:28,759 - INFO - Depositing home pheromone
2025-05-04 17:04:29,280 - INFO - Random movement: AntAction.MOVE_FORWARD
2025-05-04 17:04:29,778 - INFO - Depositing home pheromone
2025-05-04 17:04:30,371 - INFO - Random movement: AntAction.TURN_RIGHT
2025-05-04 17:04:30,974 - INFO - Depositing home pheromone
2025-05-04 17:04:31,491 - INFO - Random movement: AntAction.MOVE_FORWARD
2025-05-04 17:04:31,961 - INFO - Depositing home pheromone
2025-05-04 17:04:32,484 - INFO - Random movement: AntAction.TURN_RIGHT
2025-05-04 17:04:32,983 - INFO - Depositing home pheromone
2025-05-04 17:04:33,518 - INFO - Random movement: AntAction.MOVE_FORWARD
2025-05-04 17:04:33,989 - INFO - Depositing home pheromone
2025-05-04 17:04:34,498 - INFO - Random movement: AntAction.TURN_LEFT
2025-05-04 17:04:34,955 - INFO - Depositing home pheromone
2025-05-04 17:04:35,523 - INFO - Random movement: AntAction.MOVE_FORWARD
2025-05-04 17:04:36,076 - INFO - Depositing home pheromone
2025-05-04 17:04:36,692 - INFO - Random movement: AntAction.MOVE_FORWARD
2025-05-04 17:04:37,190 - INFO - Depositing home pheromone
2025-05-04 17:04:37,781 - INFO - Random movement: AntAction.MOVE_FORWARD
2025-05-04 17:04:38,269 - INFO - Depositing home pheromone
2025-05-04 17:04:38,822 - INFO - Random movement: AntAction.MOVE_FORWARD
2025-05-04 17:04:39,317 - INFO - Depositing home pheromone
2025-05-04 17:04:39,880 - INFO - Random movement: AntAction.MOVE_FORWARD
2025-05-04 17:04:40,384 - INFO - Depositing home pheromone
2025-05-04 17:04:40,950 - INFO - Random movement: AntAction.MOVE_FORWARD
2025-05-04 17:04:41,436 - INFO - Depositing home pheromone
2025-05-04 17:04:41,965 - INFO - Random movement: AntAction.MOVE_FORWARD
2025-05-04 17:04:42,453 - INFO - Depositing home pheromone
2025-05-04 17:04:43,018 - INFO - Random movement: AntAction.MOVE_FORWARD
2025-05-04 17:04:43,545 - INFO - Depositing home pheromone
2025-05-04 17:04:44,064 - INFO - Random movement: AntAction.MOVE_FORWARD
2025-05-04 17:04:44,580 - INFO - Depositing home pheromone
2025-05-04 17:04:45,104 - INFO - Random movement: AntAction.MOVE_FORWARD
2025-05-04 17:04:45,591 - INFO - Depositing home pheromone
2025-05-04 17:04:46,095 - INFO - Random movement: AntAction.TURN_LEFT
2025-05-04 17:04:46,558 - INFO - Depositing home pheromone
2025-05-04 17:04:47,093 - INFO - Random movement: AntAction.TURN_LEFT
2025-05-04 17:04:47,592 - INFO - Depositing home pheromone
2025-05-04 17:04:48,050 - INFO - Random movement: AntAction.TURN_LEFT
2025-05-04 17:04:48,502 - INFO - Depositing home pheromone
2025-05-04 17:04:48,900 - INFO - Random movement: AntAction.TURN_RIGHT
2025-05-04 17:04:49,358 - INFO - Depositing home pheromone
2025-05-04 17:04:49,907 - INFO - Random movement: AntAction.MOVE_FORWARD
2025-05-04 17:04:50,405 - INFO - Depositing home pheromone
2025-05-04 17:04:50,909 - INFO - Random movement: AntAction.MOVE_FORWARD
2025-05-04 17:04:51,408 - INFO - Depositing home pheromone
2025-05-04 17:04:51,923 - INFO - Random movement: AntAction.TURN_LEFT
2025-05-04 17:04:52,439 - INFO - Bored after searching for food for 51 steps, making random move
2025-05-04 17:04:52,440 - INFO - Made random move: AntAction.TURN_RIGHT
2025-05-04 17:04:53,090 - INFO - Depositing home pheromone
2025-05-04 17:04:53,613 - INFO - Random movement: AntAction.MOVE_FORWARD
2025-05-04 17:04:54,120 - INFO - Depositing home pheromone
2025-05-04 17:04:54,645 - INFO - Random movement: AntAction.MOVE_FORWARD
2025-05-04 17:04:55,138 - INFO - Depositing home pheromone
2025-05-04 17:04:55,687 - INFO - Random movement: AntAction.MOVE_FORWARD
2025-05-04 17:04:56,196 - INFO - Depositing home pheromone
2025-05-04 17:04:56,723 - INFO - Random movement: AntAction.TURN_LEFT
2025-05-04 17:04:57,222 - INFO - Depositing home pheromone
2025-05-04 17:04:57,758 - INFO - Random movement: AntAction.MOVE_FORWARD
2025-05-04 17:04:58,236 - INFO - Depositing home pheromone
2025-05-04 17:04:58,797 - INFO - Random movement: AntAction.TURN_RIGHT
2025-05-04 17:04:59,313 - INFO - Depositing home pheromone
2025-05-04 17:04:59,898 - INFO - Random movement: AntAction.TURN_RIGHT
2025-05-04 17:05:00,464 - INFO - Depositing home pheromone
2025-05-04 17:05:01,080 - INFO - Random movement: AntAction.MOVE_FORWARD
2025-05-04 17:05:01,598 - INFO - Depositing home pheromone
2025-05-04 17:05:02,176 - INFO - Random movement: AntAction.TURN_LEFT
2025-05-04 17:05:02,802 - INFO - Depositing home pheromone
2025-05-04 17:05:03,404 - INFO - Random movement: AntAction.TURN_LEFT
2025-05-04 17:05:03,942 - INFO - Depositing home pheromone
