2025-05-04 17:04:26,483 - INFO - Initialized with direction Direction.NORTHWEST
2025-05-04 17:04:26,486 - INFO - Depositing home pheromone
2025-05-04 17:04:27,329 - INFO - Random movement: AntAction.TURN_LEFT
2025-05-04 17:04:27,945 - INFO - Depositing home pheromone
2025-05-04 17:04:28,475 - INFO - Random movement: AntAction.TURN_LEFT
2025-05-04 17:04:29,018 - INFO - Depositing home pheromone
2025-05-04 17:04:29,490 - INFO - Random movement: AntAction.TURN_LEFT
2025-05-04 17:04:30,081 - INFO - Depositing home pheromone
2025-05-04 17:04:30,699 - INFO - Random movement: AntAction.TURN_LEFT
2025-05-04 17:04:31,239 - INFO - Depositing home pheromone
2025-05-04 17:04:31,688 - INFO - Random movement: AntAction.MOVE_FORWARD
2025-05-04 17:04:32,220 - INFO - Depositing home pheromone
2025-05-04 17:04:32,703 - INFO - Random movement: AntAction.MOVE_FORWARD
2025-05-04 17:04:33,242 - INFO - Depositing home pheromone
2025-05-04 17:04:33,721 - INFO - Random movement: AntAction.TURN_RIGHT
2025-05-04 17:04:34,246 - INFO - Depositing home pheromone
2025-05-04 17:04:34,699 - INFO - Random movement: AntAction.MOVE_FORWARD
2025-05-04 17:04:35,232 - INFO - Depositing home pheromone
2025-05-04 17:04:35,753 - INFO - Random movement: AntAction.TURN_RIGHT
2025-05-04 17:04:36,379 - INFO - Depositing home pheromone
2025-05-04 17:04:36,900 - INFO - Random movement: AntAction.MOVE_FORWARD
2025-05-04 17:04:37,505 - INFO - Depositing home pheromone
2025-05-04 17:04:37,998 - INFO - Random movement: AntAction.TURN_RIGHT
2025-05-04 17:04:38,543 - INFO - Depositing home pheromone
2025-05-04 17:04:39,041 - INFO - Random movement: AntAction.MOVE_FORWARD
2025-05-04 17:04:39,597 - INFO - Depositing home pheromone
2025-05-04 17:04:40,090 - INFO - Random movement: AntAction.TURN_LEFT
2025-05-04 17:04:40,665 - INFO - Depositing home pheromone
2025-05-04 17:04:41,176 - INFO - Random movement: AntAction.TURN_LEFT
2025-05-04 17:04:41,686 - INFO - Depositing home pheromone
2025-05-04 17:04:42,186 - INFO - Random movement: AntAction.MOVE_FORWARD
2025-05-04 17:04:42,732 - INFO - Depositing home pheromone
2025-05-04 17:04:43,250 - INFO - Random movement: AntAction.TURN_LEFT
2025-05-04 17:04:43,797 - INFO - Depositing home pheromone
2025-05-04 17:04:44,290 - INFO - Random movement: AntAction.TURN_RIGHT
2025-05-04 17:04:44,834 - INFO - Depositing home pheromone
2025-05-04 17:04:45,312 - INFO - Random movement: AntAction.TURN_LEFT
2025-05-04 17:04:45,838 - INFO - Depositing home pheromone
2025-05-04 17:04:46,321 - INFO - Random movement: AntAction.TURN_LEFT
2025-05-04 17:04:46,827 - INFO - Depositing home pheromone
2025-05-04 17:04:47,317 - INFO - Random movement: AntAction.MOVE_FORWARD
2025-05-04 17:04:47,807 - INFO - Depositing home pheromone
2025-05-04 17:04:48,247 - INFO - Random movement: AntAction.MOVE_FORWARD
2025-05-04 17:04:48,694 - INFO - Depositing home pheromone
2025-05-04 17:04:49,119 - INFO - Random movement: AntAction.TURN_LEFT
2025-05-04 17:04:49,627 - INFO - Depositing home pheromone
2025-05-04 17:04:50,137 - INFO - Random movement: AntAction.TURN_LEFT
2025-05-04 17:04:50,650 - INFO - Depositing home pheromone
2025-05-04 17:04:51,136 - INFO - Random movement: AntAction.TURN_LEFT
2025-05-04 17:04:51,658 - INFO - Depositing home pheromone
2025-05-04 17:04:52,143 - INFO - Random movement: AntAction.MOVE_FORWARD
2025-05-04 17:04:52,802 - INFO - Bored after searching for food for 51 steps, making random move
2025-05-04 17:04:52,804 - INFO - Made random move: AntAction.TURN_LEFT
2025-05-04 17:04:53,356 - INFO - Depositing home pheromone
2025-05-04 17:04:53,845 - INFO - Random movement: AntAction.TURN_LEFT
2025-05-04 17:04:54,388 - INFO - Depositing home pheromone
2025-05-04 17:04:54,870 - INFO - Random movement: AntAction.MOVE_FORWARD
2025-05-04 17:04:55,406 - INFO - Depositing home pheromone
2025-05-04 17:04:55,919 - INFO - Random movement: AntAction.TURN_LEFT
2025-05-04 17:04:56,441 - INFO - Depositing home pheromone
2025-05-04 17:04:56,927 - INFO - Random movement: AntAction.MOVE_FORWARD
2025-05-04 17:04:57,496 - INFO - Depositing home pheromone
2025-05-04 17:04:57,965 - INFO - Random movement: AntAction.MOVE_FORWARD
2025-05-04 17:04:58,526 - INFO - Depositing home pheromone
2025-05-04 17:04:59,032 - INFO - Random movement: AntAction.MOVE_FORWARD
2025-05-04 17:04:59,599 - INFO - Depositing home pheromone
2025-05-04 17:05:00,156 - INFO - Random movement: AntAction.MOVE_FORWARD
2025-05-04 17:05:00,768 - INFO - Depositing home pheromone
2025-05-04 17:05:01,312 - INFO - Random movement: AntAction.MOVE_FORWARD
2025-05-04 17:05:01,870 - INFO - Depositing home pheromone
2025-05-04 17:05:02,458 - INFO - Random movement: AntAction.TURN_LEFT
2025-05-04 17:05:03,112 - INFO - Depositing home pheromone
2025-05-04 17:05:03,647 - INFO - Random movement: AntAction.MOVE_FORWARD
2025-05-04 17:05:04,233 - INFO - Depositing home pheromone
