2025-05-04 17:04:25,272 - INFO - Initialized with direction Direction.SOUTHEAST
2025-05-04 17:04:25,279 - INFO - Depositing home pheromone
2025-05-04 17:04:27,137 - INFO - Random movement: AntAction.TURN_RIGHT
2025-05-04 17:04:27,762 - INFO - Depositing home pheromone
2025-05-04 17:04:28,317 - INFO - Random movement: AntAction.TURN_LEFT
2025-05-04 17:04:28,842 - INFO - Depositing home pheromone
2025-05-04 17:04:29,349 - INFO - Random movement: AntAction.MOVE_FORWARD
2025-05-04 17:04:29,882 - INFO - Depositing home pheromone
2025-05-04 17:04:30,480 - INFO - Random movement: AntAction.TURN_RIGHT
2025-05-04 17:04:31,067 - INFO - Depositing home pheromone
2025-05-04 17:04:31,565 - INFO - Random movement: AntAction.MOVE_FORWARD
2025-05-04 17:04:32,042 - INFO - Depositing home pheromone
2025-05-04 17:04:32,560 - INFO - Random movement: AntAction.MOVE_FORWARD
2025-05-04 17:04:33,070 - INFO - Depositing home pheromone
2025-05-04 17:04:33,589 - INFO - Random movement: AntAction.TURN_LEFT
2025-05-04 17:04:34,063 - INFO - Depositing home pheromone
2025-05-04 17:04:34,561 - INFO - Random movement: AntAction.TURN_RIGHT
2025-05-04 17:04:35,046 - INFO - Depositing home pheromone
2025-05-04 17:04:35,603 - INFO - Random movement: AntAction.MOVE_FORWARD
2025-05-04 17:04:36,175 - INFO - Depositing home pheromone
2025-05-04 17:04:36,765 - INFO - Random movement: AntAction.MOVE_FORWARD
2025-05-04 17:04:37,283 - INFO - Depositing home pheromone
2025-05-04 17:04:37,848 - INFO - Random movement: AntAction.MOVE_FORWARD
2025-05-04 17:04:38,356 - INFO - Depositing home pheromone
2025-05-04 17:04:38,894 - INFO - Random movement: AntAction.MOVE_FORWARD
2025-05-04 17:04:39,406 - INFO - Depositing home pheromone
2025-05-04 17:04:39,949 - INFO - Random movement: AntAction.MOVE_FORWARD
2025-05-04 17:04:40,479 - INFO - Depositing home pheromone
2025-05-04 17:04:41,029 - INFO - Random movement: AntAction.MOVE_FORWARD
2025-05-04 17:04:41,515 - INFO - Depositing home pheromone
2025-05-04 17:04:42,043 - INFO - Random movement: AntAction.MOVE_FORWARD
2025-05-04 17:04:42,543 - INFO - Depositing home pheromone
2025-05-04 17:04:43,099 - INFO - Random movement: AntAction.MOVE_FORWARD
2025-05-04 17:04:43,630 - INFO - Depositing home pheromone
2025-05-04 17:04:44,140 - INFO - Random movement: AntAction.MOVE_FORWARD
2025-05-04 17:04:44,664 - INFO - Depositing home pheromone
2025-05-04 17:04:45,174 - INFO - Random movement: AntAction.MOVE_FORWARD
2025-05-04 17:04:45,674 - INFO - Depositing home pheromone
2025-05-04 17:04:46,165 - INFO - Random movement: AntAction.MOVE_FORWARD
2025-05-04 17:04:46,641 - INFO - Depositing home pheromone
2025-05-04 17:04:47,166 - INFO - Random movement: AntAction.TURN_LEFT
2025-05-04 17:04:47,656 - INFO - Depositing home pheromone
2025-05-04 17:04:48,115 - INFO - Random movement: AntAction.TURN_LEFT
2025-05-04 17:04:48,563 - INFO - Depositing home pheromone
2025-05-04 17:04:48,976 - INFO - Random movement: AntAction.MOVE_FORWARD
2025-05-04 17:04:49,450 - INFO - Depositing home pheromone
2025-05-04 17:04:49,980 - INFO - Random movement: AntAction.MOVE_FORWARD
2025-05-04 17:04:50,486 - INFO - Depositing home pheromone
2025-05-04 17:04:50,982 - INFO - Random movement: AntAction.MOVE_FORWARD
2025-05-04 17:04:51,485 - INFO - Depositing home pheromone
2025-05-04 17:04:51,999 - INFO - Random movement: AntAction.MOVE_FORWARD
2025-05-04 17:04:52,556 - INFO - Bored after searching for food for 51 steps, making random move
2025-05-04 17:04:52,558 - INFO - Made random move: AntAction.TURN_LEFT
2025-05-04 17:04:53,178 - INFO - Depositing home pheromone
2025-05-04 17:04:53,690 - INFO - Random movement: AntAction.MOVE_FORWARD
2025-05-04 17:04:54,218 - INFO - Depositing home pheromone
2025-05-04 17:04:54,718 - INFO - Random movement: AntAction.MOVE_FORWARD
2025-05-04 17:04:55,223 - INFO - Depositing home pheromone
2025-05-04 17:04:55,757 - INFO - Random movement: AntAction.TURN_RIGHT
2025-05-04 17:04:56,280 - INFO - Depositing home pheromone
2025-05-04 17:04:56,778 - INFO - Random movement: AntAction.MOVE_FORWARD
2025-05-04 17:04:57,308 - INFO - Depositing home pheromone
2025-05-04 17:04:57,824 - INFO - Random movement: AntAction.TURN_LEFT
2025-05-04 17:04:58,334 - INFO - Depositing home pheromone
2025-05-04 17:04:58,878 - INFO - Random movement: AntAction.TURN_LEFT
2025-05-04 17:04:59,406 - INFO - Depositing home pheromone
2025-05-04 17:04:59,984 - INFO - Random movement: AntAction.MOVE_FORWARD
2025-05-04 17:05:00,560 - INFO - Depositing home pheromone
2025-05-04 17:05:01,150 - INFO - Random movement: AntAction.MOVE_FORWARD
2025-05-04 17:05:01,686 - INFO - Depositing home pheromone
2025-05-04 17:05:02,257 - INFO - Random movement: AntAction.TURN_LEFT
2025-05-04 17:05:02,900 - INFO - Depositing home pheromone
2025-05-04 17:05:03,493 - INFO - Random movement: AntAction.MOVE_FORWARD
2025-05-04 17:05:04,034 - INFO - Depositing home pheromone
