2025-05-04 17:04:26,335 - INFO - Initialized with direction Direction.NORTHWEST
2025-05-04 17:04:26,336 - INFO - Depositing home pheromone
2025-05-04 17:04:27,299 - INFO - Random movement: AntAction.TURN_LEFT
2025-05-04 17:04:27,918 - INFO - Depositing home pheromone
2025-05-04 17:04:28,453 - INFO - Random movement: AntAction.TURN_LEFT
2025-05-04 17:04:28,992 - INFO - Depositing home pheromone
2025-05-04 17:04:29,468 - INFO - Random movement: AntAction.TURN_LEFT
2025-05-04 17:04:30,054 - INFO - Depositing home pheromone
2025-05-04 17:04:30,668 - INFO - Random movement: AntAction.MOVE_FORWARD
2025-05-04 17:04:31,218 - INFO - Depositing home pheromone
2025-05-04 17:04:31,670 - INFO - Random movement: AntAction.MOVE_FORWARD
2025-05-04 17:04:32,195 - INFO - Depositing home pheromone
2025-05-04 17:04:32,680 - INFO - Random movement: AntAction.MOVE_FORWARD
2025-05-04 17:04:33,213 - INFO - Depositing home pheromone
2025-05-04 17:04:33,700 - INFO - Random movement: AntAction.MOVE_FORWARD
2025-05-04 17:04:34,220 - INFO - Depositing home pheromone
2025-05-04 17:04:34,679 - INFO - Random movement: AntAction.TURN_LEFT
2025-05-04 17:04:35,204 - INFO - Depositing home pheromone
2025-05-04 17:04:35,728 - INFO - Random movement: AntAction.MOVE_FORWARD
2025-05-04 17:04:36,345 - INFO - Depositing home pheromone
2025-05-04 17:04:36,880 - INFO - Random movement: AntAction.TURN_LEFT
2025-05-04 17:04:37,471 - INFO - Depositing home pheromone
2025-05-04 17:04:37,976 - INFO - Random movement: AntAction.TURN_RIGHT
2025-05-04 17:04:38,513 - INFO - Depositing home pheromone
2025-05-04 17:04:39,019 - INFO - Random movement: AntAction.MOVE_FORWARD
2025-05-04 17:04:39,568 - INFO - Depositing home pheromone
2025-05-04 17:04:40,067 - INFO - Random movement: AntAction.TURN_RIGHT
2025-05-04 17:04:40,638 - INFO - Depositing home pheromone
2025-05-04 17:04:41,155 - INFO - Random movement: AntAction.MOVE_FORWARD
2025-05-04 17:04:41,660 - INFO - Depositing home pheromone
2025-05-04 17:04:42,163 - INFO - Random movement: AntAction.MOVE_FORWARD
2025-05-04 17:04:42,702 - INFO - Depositing home pheromone
2025-05-04 17:04:43,230 - INFO - Random movement: AntAction.TURN_RIGHT
2025-05-04 17:04:43,770 - INFO - Depositing home pheromone
2025-05-04 17:04:44,269 - INFO - Random movement: AntAction.TURN_LEFT
2025-05-04 17:04:44,811 - INFO - Depositing home pheromone
2025-05-04 17:04:45,290 - INFO - Random movement: AntAction.TURN_RIGHT
2025-05-04 17:04:45,813 - INFO - Depositing home pheromone
2025-05-04 17:04:46,298 - INFO - Random movement: AntAction.MOVE_FORWARD
2025-05-04 17:04:46,801 - INFO - Depositing home pheromone
2025-05-04 17:04:47,294 - INFO - Random movement: AntAction.TURN_LEFT
2025-05-04 17:04:47,781 - INFO - Depositing home pheromone
2025-05-04 17:04:48,225 - INFO - Random movement: AntAction.MOVE_FORWARD
2025-05-04 17:04:48,673 - INFO - Depositing home pheromone
2025-05-04 17:04:49,098 - INFO - Random movement: AntAction.MOVE_FORWARD
2025-05-04 17:04:49,606 - INFO - Depositing home pheromone
2025-05-04 17:04:50,109 - INFO - Random movement: AntAction.TURN_RIGHT
2025-05-04 17:04:50,626 - INFO - Depositing home pheromone
2025-05-04 17:04:51,114 - INFO - Random movement: AntAction.MOVE_FORWARD
2025-05-04 17:04:51,628 - INFO - Depositing home pheromone
2025-05-04 17:04:52,121 - INFO - Random movement: AntAction.TURN_LEFT
2025-05-04 17:04:52,765 - INFO - Bored after searching for food for 51 steps, making random move
2025-05-04 17:04:52,766 - INFO - Made random move: AntAction.MOVE_FORWARD
2025-05-04 17:04:53,330 - INFO - Depositing home pheromone
2025-05-04 17:04:53,820 - INFO - Random movement: AntAction.MOVE_FORWARD
2025-05-04 17:04:54,368 - INFO - Depositing home pheromone
2025-05-04 17:04:54,849 - INFO - Random movement: AntAction.TURN_LEFT
2025-05-04 17:04:55,379 - INFO - Depositing home pheromone
2025-05-04 17:04:55,896 - INFO - Random movement: AntAction.TURN_LEFT
2025-05-04 17:04:56,417 - INFO - Depositing home pheromone
2025-05-04 17:04:56,899 - INFO - Random movement: AntAction.MOVE_FORWARD
2025-05-04 17:04:57,468 - INFO - Depositing home pheromone
2025-05-04 17:04:57,946 - INFO - Random movement: AntAction.MOVE_FORWARD
2025-05-04 17:04:58,493 - INFO - Depositing home pheromone
2025-05-04 17:04:59,009 - INFO - Random movement: AntAction.MOVE_FORWARD
2025-05-04 17:04:59,570 - INFO - Depositing home pheromone
2025-05-04 17:05:00,129 - INFO - Random movement: AntAction.MOVE_FORWARD
2025-05-04 17:05:00,738 - INFO - Depositing home pheromone
2025-05-04 17:05:01,287 - INFO - Random movement: AntAction.MOVE_FORWARD
2025-05-04 17:05:01,842 - INFO - Depositing home pheromone
2025-05-04 17:05:02,427 - INFO - Random movement: AntAction.MOVE_FORWARD
2025-05-04 17:05:03,081 - INFO - Depositing home pheromone
2025-05-04 17:05:03,624 - INFO - Random movement: AntAction.TURN_LEFT
2025-05-04 17:05:04,202 - INFO - Depositing home pheromone
