2025-05-04 17:04:25,101 - INFO - Initialized with direction Direction.NORTHWEST
2025-05-04 17:04:25,103 - INFO - Depositing home pheromone
2025-05-04 17:04:27,094 - INFO - Random movement: AntAction.TURN_LEFT
2025-05-04 17:04:27,713 - INFO - Depositing home pheromone
2025-05-04 17:04:28,281 - INFO - Random movement: AntAction.TURN_LEFT
2025-05-04 17:04:28,800 - INFO - Depositing home pheromone
2025-05-04 17:04:29,315 - INFO - Random movement: AntAction.TURN_LEFT
2025-05-04 17:04:29,834 - INFO - Depositing home pheromone
2025-05-04 17:04:30,428 - INFO - Random movement: AntAction.MOVE_FORWARD
2025-05-04 17:04:31,015 - INFO - Depositing home pheromone
2025-05-04 17:04:31,527 - INFO - Random movement: AntAction.TURN_LEFT
2025-05-04 17:04:32,001 - INFO - Depositing home pheromone
2025-05-04 17:04:32,519 - INFO - Random movement: AntAction.MOVE_FORWARD
2025-05-04 17:04:33,026 - INFO - Depositing home pheromone
2025-05-04 17:04:33,556 - INFO - Random movement: AntAction.TURN_LEFT
2025-05-04 17:04:34,023 - INFO - Depositing home pheromone
2025-05-04 17:04:34,528 - INFO - Random movement: AntAction.MOVE_FORWARD
2025-05-04 17:04:34,999 - INFO - Depositing home pheromone
2025-05-04 17:04:35,563 - INFO - Random movement: AntAction.TURN_LEFT
2025-05-04 17:04:36,120 - INFO - Depositing home pheromone
2025-05-04 17:04:36,727 - INFO - Random movement: AntAction.TURN_LEFT
2025-05-04 17:04:37,233 - INFO - Depositing home pheromone
2025-05-04 17:04:37,813 - INFO - Random movement: AntAction.TURN_LEFT
2025-05-04 17:04:38,305 - INFO - Depositing home pheromone
2025-05-04 17:04:38,858 - INFO - Random movement: AntAction.MOVE_FORWARD
2025-05-04 17:04:39,357 - INFO - Depositing home pheromone
2025-05-04 17:04:39,912 - INFO - Random movement: AntAction.MOVE_FORWARD
2025-05-04 17:04:40,431 - INFO - Depositing home pheromone
2025-05-04 17:04:40,986 - INFO - Random movement: AntAction.TURN_LEFT
2025-05-04 17:04:41,472 - INFO - Depositing home pheromone
2025-05-04 17:04:42,006 - INFO - Random movement: AntAction.TURN_LEFT
2025-05-04 17:04:42,493 - INFO - Depositing home pheromone
2025-05-04 17:04:43,059 - INFO - Random movement: AntAction.TURN_LEFT
2025-05-04 17:04:43,585 - INFO - Depositing home pheromone
2025-05-04 17:04:44,099 - INFO - Random movement: AntAction.MOVE_FORWARD
2025-05-04 17:04:44,620 - INFO - Depositing home pheromone
2025-05-04 17:04:45,137 - INFO - Random movement: AntAction.MOVE_FORWARD
2025-05-04 17:04:45,627 - INFO - Depositing home pheromone
2025-05-04 17:04:46,126 - INFO - Random movement: AntAction.TURN_LEFT
2025-05-04 17:04:46,598 - INFO - Depositing home pheromone
2025-05-04 17:04:47,123 - INFO - Random movement: AntAction.MOVE_FORWARD
2025-05-04 17:04:47,620 - INFO - Depositing home pheromone
2025-05-04 17:04:48,079 - INFO - Random movement: AntAction.TURN_LEFT
2025-05-04 17:04:48,536 - INFO - Depositing home pheromone
2025-05-04 17:04:48,935 - INFO - Random movement: AntAction.TURN_LEFT
2025-05-04 17:04:49,406 - INFO - Depositing home pheromone
2025-05-04 17:04:49,938 - INFO - Random movement: AntAction.MOVE_FORWARD
2025-05-04 17:04:50,442 - INFO - Depositing home pheromone
2025-05-04 17:04:50,946 - INFO - Random movement: AntAction.TURN_LEFT
2025-05-04 17:04:51,445 - INFO - Depositing home pheromone
2025-05-04 17:04:51,960 - INFO - Random movement: AntAction.TURN_LEFT
2025-05-04 17:04:52,496 - INFO - Bored after searching for food for 51 steps, making random move
2025-05-04 17:04:52,497 - INFO - Made random move: AntAction.TURN_RIGHT
2025-05-04 17:04:53,133 - INFO - Depositing home pheromone
2025-05-04 17:04:53,650 - INFO - Random movement: AntAction.MOVE_FORWARD
2025-05-04 17:04:54,168 - INFO - Depositing home pheromone
2025-05-04 17:04:54,679 - INFO - Random movement: AntAction.MOVE_FORWARD
2025-05-04 17:04:55,180 - INFO - Depositing home pheromone
2025-05-04 17:04:55,722 - INFO - Random movement: AntAction.TURN_LEFT
2025-05-04 17:04:56,240 - INFO - Depositing home pheromone
2025-05-04 17:04:56,753 - INFO - Random movement: AntAction.TURN_LEFT
2025-05-04 17:04:57,263 - INFO - Depositing home pheromone
2025-05-04 17:04:57,789 - INFO - Random movement: AntAction.MOVE_FORWARD
2025-05-04 17:04:58,281 - INFO - Depositing home pheromone
2025-05-04 17:04:58,838 - INFO - Random movement: AntAction.MOVE_FORWARD
2025-05-04 17:04:59,359 - INFO - Depositing home pheromone
2025-05-04 17:04:59,939 - INFO - Random movement: AntAction.TURN_LEFT
2025-05-04 17:05:00,512 - INFO - Depositing home pheromone
2025-05-04 17:05:01,113 - INFO - Random movement: AntAction.TURN_LEFT
2025-05-04 17:05:01,641 - INFO - Depositing home pheromone
2025-05-04 17:05:02,217 - INFO - Random movement: AntAction.MOVE_FORWARD
2025-05-04 17:05:02,846 - INFO - Depositing home pheromone
2025-05-04 17:05:03,445 - INFO - Random movement: AntAction.TURN_LEFT
2025-05-04 17:05:03,984 - INFO - Depositing home pheromone
