2025-05-04 17:04:25,475 - INFO - Initialized with direction Direction.EAST
2025-05-04 17:04:25,476 - INFO - Depositing home pheromone
2025-05-04 17:04:27,168 - INFO - Random movement: AntAction.MOVE_FORWARD
2025-05-04 17:04:27,793 - INFO - Depositing home pheromone
2025-05-04 17:04:28,349 - INFO - Random movement: AntAction.TURN_RIGHT
2025-05-04 17:04:28,873 - INFO - Depositing home pheromone
2025-05-04 17:04:29,373 - INFO - Random movement: AntAction.MOVE_FORWARD
2025-05-04 17:04:29,918 - INFO - Depositing home pheromone
2025-05-04 17:04:30,512 - INFO - Random movement: AntAction.TURN_RIGHT
2025-05-04 17:04:31,097 - INFO - Depositing home pheromone
2025-05-04 17:04:31,589 - INFO - Random movement: AntAction.MOVE_FORWARD
2025-05-04 17:04:32,075 - INFO - Depositing home pheromone
2025-05-04 17:04:32,586 - INFO - Random movement: AntAction.MOVE_FORWARD
2025-05-04 17:04:33,099 - INFO - Depositing home pheromone
2025-05-04 17:04:33,613 - INFO - Random movement: AntAction.MOVE_FORWARD
2025-05-04 17:04:34,090 - INFO - Depositing home pheromone
2025-05-04 17:04:34,585 - INFO - Random movement: AntAction.MOVE_FORWARD
2025-05-04 17:04:35,081 - INFO - Depositing home pheromone
2025-05-04 17:04:35,628 - INFO - Random movement: AntAction.MOVE_FORWARD
2025-05-04 17:04:36,210 - INFO - Depositing home pheromone
2025-05-04 17:04:36,790 - INFO - Random movement: AntAction.MOVE_FORWARD
2025-05-04 17:04:37,320 - INFO - Depositing home pheromone
2025-05-04 17:04:37,879 - INFO - Random movement: AntAction.MOVE_FORWARD
2025-05-04 17:04:38,390 - INFO - Depositing home pheromone
2025-05-04 17:04:38,920 - INFO - Random movement: AntAction.TURN_RIGHT
2025-05-04 17:04:39,441 - INFO - Depositing home pheromone
2025-05-04 17:04:39,973 - INFO - Random movement: AntAction.MOVE_FORWARD
2025-05-04 17:04:40,512 - INFO - Depositing home pheromone
2025-05-04 17:04:41,055 - INFO - Random movement: AntAction.MOVE_FORWARD
2025-05-04 17:04:41,544 - INFO - Depositing home pheromone
2025-05-04 17:04:42,071 - INFO - Random movement: AntAction.TURN_LEFT
2025-05-04 17:04:42,574 - INFO - Depositing home pheromone
2025-05-04 17:04:43,125 - INFO - Random movement: AntAction.MOVE_FORWARD
2025-05-04 17:04:43,660 - INFO - Depositing home pheromone
2025-05-04 17:04:44,166 - INFO - Random movement: AntAction.MOVE_FORWARD
2025-05-04 17:04:44,702 - INFO - Depositing home pheromone
2025-05-04 17:04:45,198 - INFO - Random movement: AntAction.MOVE_FORWARD
2025-05-04 17:04:45,702 - INFO - Depositing home pheromone
2025-05-04 17:04:46,190 - INFO - Random movement: AntAction.MOVE_FORWARD
2025-05-04 17:04:46,674 - INFO - Depositing home pheromone
2025-05-04 17:04:47,195 - INFO - Random movement: AntAction.TURN_LEFT
2025-05-04 17:04:47,683 - INFO - Depositing home pheromone
2025-05-04 17:04:48,136 - INFO - Random movement: AntAction.TURN_LEFT
2025-05-04 17:04:48,582 - INFO - Depositing home pheromone
2025-05-04 17:04:49,000 - INFO - Random movement: AntAction.MOVE_FORWARD
2025-05-04 17:04:49,483 - INFO - Depositing home pheromone
2025-05-04 17:04:50,007 - INFO - Random movement: AntAction.MOVE_FORWARD
2025-05-04 17:04:50,516 - INFO - Depositing home pheromone
2025-05-04 17:04:51,009 - INFO - Random movement: AntAction.MOVE_FORWARD
2025-05-04 17:04:51,517 - INFO - Depositing home pheromone
2025-05-04 17:04:52,023 - INFO - Random movement: AntAction.MOVE_FORWARD
2025-05-04 17:04:52,605 - INFO - Bored after searching for food for 51 steps, making random move
2025-05-04 17:04:52,607 - INFO - Made random move: AntAction.MOVE_FORWARD
2025-05-04 17:04:53,206 - INFO - Depositing home pheromone
2025-05-04 17:04:53,717 - INFO - Random movement: AntAction.TURN_LEFT
2025-05-04 17:04:54,253 - INFO - Depositing home pheromone
2025-05-04 17:04:54,748 - INFO - Random movement: AntAction.TURN_LEFT
2025-05-04 17:04:55,257 - INFO - Depositing home pheromone
2025-05-04 17:04:55,789 - INFO - Random movement: AntAction.MOVE_FORWARD
2025-05-04 17:04:56,312 - INFO - Depositing home pheromone
2025-05-04 17:04:56,799 - INFO - Random movement: AntAction.MOVE_FORWARD
2025-05-04 17:04:57,343 - INFO - Depositing home pheromone
2025-05-04 17:04:57,846 - INFO - Random movement: AntAction.TURN_RIGHT
2025-05-04 17:04:58,367 - INFO - Depositing home pheromone
2025-05-04 17:04:58,908 - INFO - Random movement: AntAction.MOVE_FORWARD
2025-05-04 17:04:59,442 - INFO - Depositing home pheromone
2025-05-04 17:05:00,013 - INFO - Random movement: AntAction.MOVE_FORWARD
2025-05-04 17:05:00,590 - INFO - Depositing home pheromone
2025-05-04 17:05:01,177 - INFO - Random movement: AntAction.TURN_LEFT
2025-05-04 17:05:01,722 - INFO - Depositing home pheromone
2025-05-04 17:05:02,297 - INFO - Random movement: AntAction.MOVE_FORWARD
2025-05-04 17:05:02,943 - INFO - Depositing home pheromone
2025-05-04 17:05:03,522 - INFO - Random movement: AntAction.MOVE_FORWARD
2025-05-04 17:05:04,065 - INFO - Depositing home pheromone
