2025-05-04 17:04:24,889 - INFO - Initialized with direction Direction.NORTH
2025-05-04 17:04:24,890 - INFO - Depositing home pheromone
2025-05-04 17:04:27,023 - INFO - Random movement: AntAction.TURN_LEFT
2025-05-04 17:04:27,647 - INFO - Depositing home pheromone
2025-05-04 17:04:28,217 - INFO - Random movement: AntAction.TURN_LEFT
2025-05-04 17:04:28,737 - INFO - Depositing home pheromone
2025-05-04 17:04:29,265 - INFO - Random movement: AntAction.TURN_LEFT
2025-05-04 17:04:29,753 - INFO - Depositing home pheromone
2025-05-04 17:04:30,345 - INFO - Random movement: AntAction.TURN_LEFT
2025-05-04 17:04:30,950 - INFO - Depositing home pheromone
2025-05-04 17:04:31,473 - INFO - Random movement: AntAction.MOVE_FORWARD
2025-05-04 17:04:31,940 - INFO - Depositing home pheromone
2025-05-04 17:04:32,469 - INFO - Random movement: AntAction.MOVE_FORWARD
2025-05-04 17:04:32,963 - INFO - Depositing home pheromone
2025-05-04 17:04:33,503 - INFO - Random movement: AntAction.TURN_LEFT
2025-05-04 17:04:33,971 - INFO - Depositing home pheromone
2025-05-04 17:04:34,481 - INFO - Random movement: AntAction.MOVE_FORWARD
2025-05-04 17:04:34,932 - INFO - Depositing home pheromone
2025-05-04 17:04:35,505 - INFO - Random movement: AntAction.MOVE_FORWARD
2025-05-04 17:04:36,050 - INFO - Depositing home pheromone
2025-05-04 17:04:36,673 - INFO - Random movement: AntAction.TURN_RIGHT
2025-05-04 17:04:37,168 - INFO - Depositing home pheromone
2025-05-04 17:04:37,766 - INFO - Random movement: AntAction.MOVE_FORWARD
2025-05-04 17:04:38,250 - INFO - Depositing home pheromone
2025-05-04 17:04:38,806 - INFO - Random movement: AntAction.MOVE_FORWARD
2025-05-04 17:04:39,296 - INFO - Depositing home pheromone
2025-05-04 17:04:39,865 - INFO - Random movement: AntAction.MOVE_FORWARD
2025-05-04 17:04:40,366 - INFO - Depositing home pheromone
2025-05-04 17:04:40,935 - INFO - Random movement: AntAction.MOVE_FORWARD
2025-05-04 17:04:41,418 - INFO - Depositing home pheromone
2025-05-04 17:04:41,940 - INFO - Random movement: AntAction.TURN_RIGHT
2025-05-04 17:04:42,436 - INFO - Depositing home pheromone
2025-05-04 17:04:43,003 - INFO - Random movement: AntAction.TURN_LEFT
2025-05-04 17:04:43,526 - INFO - Depositing home pheromone
2025-05-04 17:04:44,046 - INFO - Random movement: AntAction.MOVE_FORWARD
2025-05-04 17:04:44,561 - INFO - Depositing home pheromone
2025-05-04 17:04:45,087 - INFO - Random movement: AntAction.TURN_RIGHT
2025-05-04 17:04:45,571 - INFO - Depositing home pheromone
2025-05-04 17:04:46,077 - INFO - Random movement: AntAction.MOVE_FORWARD
2025-05-04 17:04:46,542 - INFO - Depositing home pheromone
2025-05-04 17:04:47,075 - INFO - Random movement: AntAction.MOVE_FORWARD
2025-05-04 17:04:47,575 - INFO - Depositing home pheromone
2025-05-04 17:04:48,036 - INFO - Random movement: AntAction.TURN_LEFT
2025-05-04 17:04:48,482 - INFO - Depositing home pheromone
2025-05-04 17:04:48,887 - INFO - Random movement: AntAction.MOVE_FORWARD
2025-05-04 17:04:49,341 - INFO - Depositing home pheromone
2025-05-04 17:04:49,892 - INFO - Random movement: AntAction.MOVE_FORWARD
2025-05-04 17:04:50,387 - INFO - Depositing home pheromone
2025-05-04 17:04:50,892 - INFO - Random movement: AntAction.TURN_LEFT
2025-05-04 17:04:51,389 - INFO - Depositing home pheromone
2025-05-04 17:04:51,907 - INFO - Random movement: AntAction.TURN_RIGHT
2025-05-04 17:04:52,412 - INFO - Bored after searching for food for 51 steps, making random move
2025-05-04 17:04:52,413 - INFO - Made random move: AntAction.MOVE_FORWARD
2025-05-04 17:04:53,072 - INFO - Depositing home pheromone
2025-05-04 17:04:53,601 - INFO - Random movement: AntAction.TURN_LEFT
2025-05-04 17:04:54,102 - INFO - Depositing home pheromone
2025-05-04 17:04:54,627 - INFO - Random movement: AntAction.TURN_LEFT
2025-05-04 17:04:55,118 - INFO - Depositing home pheromone
2025-05-04 17:04:55,671 - INFO - Random movement: AntAction.MOVE_FORWARD
2025-05-04 17:04:56,175 - INFO - Depositing home pheromone
2025-05-04 17:04:56,705 - INFO - Random movement: AntAction.MOVE_FORWARD
2025-05-04 17:04:57,203 - INFO - Depositing home pheromone
2025-05-04 17:04:57,742 - INFO - Random movement: AntAction.MOVE_FORWARD
2025-05-04 17:04:58,215 - INFO - Depositing home pheromone
2025-05-04 17:04:58,781 - INFO - Random movement: AntAction.MOVE_FORWARD
2025-05-04 17:04:59,290 - INFO - Depositing home pheromone
2025-05-04 17:04:59,879 - INFO - Random movement: AntAction.MOVE_FORWARD
2025-05-04 17:05:00,442 - INFO - Depositing home pheromone
2025-05-04 17:05:01,059 - INFO - Random movement: AntAction.MOVE_FORWARD
2025-05-04 17:05:01,577 - INFO - Depositing home pheromone
2025-05-04 17:05:02,157 - INFO - Random movement: AntAction.MOVE_FORWARD
2025-05-04 17:05:02,773 - INFO - Depositing home pheromone
2025-05-04 17:05:03,381 - INFO - Random movement: AntAction.MOVE_FORWARD
2025-05-04 17:05:03,923 - INFO - Depositing home pheromone
