2025-05-04 17:04:25,309 - INFO - Initialized with direction Direction.SOUTHEAST
2025-05-04 17:04:25,311 - INFO - Depositing home pheromone
2025-05-04 17:04:27,140 - INFO - Random movement: AntAction.MOVE_FORWARD
2025-05-04 17:04:27,767 - INFO - Depositing home pheromone
2025-05-04 17:04:28,320 - INFO - Random movement: AntAction.MOVE_FORWARD
2025-05-04 17:04:28,846 - INFO - Depositing home pheromone
2025-05-04 17:04:29,352 - INFO - Random movement: AntAction.TURN_RIGHT
2025-05-04 17:04:29,886 - INFO - Depositing home pheromone
2025-05-04 17:04:30,484 - INFO - Random movement: AntAction.MOVE_FORWARD
2025-05-04 17:04:31,070 - INFO - Depositing home pheromone
2025-05-04 17:04:31,567 - INFO - Random movement: AntAction.MOVE_FORWARD
2025-05-04 17:04:32,047 - INFO - Depositing home pheromone
2025-05-04 17:04:32,566 - INFO - Random movement: AntAction.TURN_RIGHT
2025-05-04 17:04:33,073 - INFO - Depositing home pheromone
2025-05-04 17:04:33,591 - INFO - Random movement: AntAction.TURN_LEFT
2025-05-04 17:04:34,065 - INFO - Depositing home pheromone
2025-05-04 17:04:34,563 - INFO - Random movement: AntAction.TURN_RIGHT
2025-05-04 17:04:35,050 - INFO - Depositing home pheromone
2025-05-04 17:04:35,606 - INFO - Random movement: AntAction.TURN_LEFT
2025-05-04 17:04:36,177 - INFO - Depositing home pheromone
2025-05-04 17:04:36,767 - INFO - Random movement: AntAction.MOVE_FORWARD
2025-05-04 17:04:37,287 - INFO - Depositing home pheromone
2025-05-04 17:04:37,850 - INFO - Random movement: AntAction.MOVE_FORWARD
2025-05-04 17:04:38,361 - INFO - Depositing home pheromone
2025-05-04 17:04:38,898 - INFO - Random movement: AntAction.MOVE_FORWARD
2025-05-04 17:04:39,409 - INFO - Depositing home pheromone
2025-05-04 17:04:39,952 - INFO - Random movement: AntAction.MOVE_FORWARD
2025-05-04 17:04:40,481 - INFO - Depositing home pheromone
2025-05-04 17:04:41,032 - INFO - Random movement: AntAction.MOVE_FORWARD
2025-05-04 17:04:41,519 - INFO - Depositing home pheromone
2025-05-04 17:04:42,046 - INFO - Random movement: AntAction.MOVE_FORWARD
2025-05-04 17:04:42,545 - INFO - Depositing home pheromone
2025-05-04 17:04:43,101 - INFO - Random movement: AntAction.MOVE_FORWARD
2025-05-04 17:04:43,634 - INFO - Depositing home pheromone
2025-05-04 17:04:44,142 - INFO - Random movement: AntAction.MOVE_FORWARD
2025-05-04 17:04:44,668 - INFO - Depositing home pheromone
2025-05-04 17:04:45,176 - INFO - Random movement: AntAction.MOVE_FORWARD
2025-05-04 17:04:45,677 - INFO - Depositing home pheromone
2025-05-04 17:04:46,168 - INFO - Random movement: AntAction.MOVE_FORWARD
2025-05-04 17:04:46,642 - INFO - Depositing home pheromone
2025-05-04 17:04:47,169 - INFO - Random movement: AntAction.TURN_LEFT
2025-05-04 17:04:47,658 - INFO - Depositing home pheromone
2025-05-04 17:04:48,118 - INFO - Random movement: AntAction.TURN_LEFT
2025-05-04 17:04:48,565 - INFO - Depositing home pheromone
2025-05-04 17:04:48,978 - INFO - Random movement: AntAction.MOVE_FORWARD
2025-05-04 17:04:49,453 - INFO - Depositing home pheromone
2025-05-04 17:04:49,982 - INFO - Random movement: AntAction.MOVE_FORWARD
2025-05-04 17:04:50,489 - INFO - Depositing home pheromone
2025-05-04 17:04:50,986 - INFO - Random movement: AntAction.TURN_LEFT
2025-05-04 17:04:51,489 - INFO - Depositing home pheromone
2025-05-04 17:04:52,002 - INFO - Random movement: AntAction.MOVE_FORWARD
2025-05-04 17:04:52,563 - INFO - Bored after searching for food for 51 steps, making random move
2025-05-04 17:04:52,565 - INFO - Made random move: AntAction.MOVE_FORWARD
2025-05-04 17:04:53,183 - INFO - Depositing home pheromone
2025-05-04 17:04:53,695 - INFO - Random movement: AntAction.TURN_RIGHT
2025-05-04 17:04:54,222 - INFO - Depositing home pheromone
2025-05-04 17:04:54,722 - INFO - Random movement: AntAction.TURN_LEFT
2025-05-04 17:04:55,229 - INFO - Depositing home pheromone
2025-05-04 17:04:55,762 - INFO - Random movement: AntAction.TURN_RIGHT
2025-05-04 17:04:56,285 - INFO - Depositing home pheromone
2025-05-04 17:04:56,780 - INFO - Random movement: AntAction.MOVE_FORWARD
2025-05-04 17:04:57,311 - INFO - Depositing home pheromone
2025-05-04 17:04:57,826 - INFO - Random movement: AntAction.MOVE_FORWARD
2025-05-04 17:04:58,336 - INFO - Depositing home pheromone
2025-05-04 17:04:58,880 - INFO - Random movement: AntAction.TURN_LEFT
2025-05-04 17:04:59,409 - INFO - Depositing home pheromone
2025-05-04 17:04:59,988 - INFO - Random movement: AntAction.TURN_LEFT
2025-05-04 17:05:00,563 - INFO - Depositing home pheromone
2025-05-04 17:05:01,156 - INFO - Random movement: AntAction.TURN_LEFT
2025-05-04 17:05:01,689 - INFO - Depositing home pheromone
2025-05-04 17:05:02,260 - INFO - Random movement: AntAction.MOVE_FORWARD
2025-05-04 17:05:02,905 - INFO - Depositing home pheromone
2025-05-04 17:05:03,495 - INFO - Random movement: AntAction.MOVE_FORWARD
2025-05-04 17:05:04,037 - INFO - Depositing home pheromone
