2025-05-04 17:04:24,702 - INFO - Initialized with direction Direction.SOUTH
2025-05-04 17:04:24,707 - INFO - Depositing home pheromone
2025-05-04 17:04:26,974 - INFO - Random movement: AntAction.MOVE_FORWARD
2025-05-04 17:04:27,593 - INFO - Depositing home pheromone
2025-05-04 17:04:28,172 - INFO - Random movement: AntAction.MOVE_FORWARD
2025-05-04 17:04:28,695 - INFO - Depositing home pheromone
2025-05-04 17:04:29,229 - INFO - Random movement: AntAction.MOVE_FORWARD
2025-05-04 17:04:29,703 - INFO - Depositing home pheromone
2025-05-04 17:04:30,291 - INFO - Random movement: AntAction.MOVE_FORWARD
2025-05-04 17:04:30,905 - INFO - Depositing home pheromone
2025-05-04 17:04:31,436 - INFO - Random movement: AntAction.TURN_LEFT
2025-05-04 17:04:31,902 - INFO - Depositing home pheromone
2025-05-04 17:04:32,435 - INFO - Random movement: AntAction.TURN_RIGHT
2025-05-04 17:04:32,920 - INFO - Depositing home pheromone
2025-05-04 17:04:33,467 - INFO - Random movement: AntAction.MOVE_FORWARD
2025-05-04 17:04:33,932 - INFO - Depositing home pheromone
2025-05-04 17:04:34,450 - INFO - Random movement: AntAction.MOVE_FORWARD
2025-05-04 17:04:34,895 - INFO - Depositing home pheromone
2025-05-04 17:04:35,465 - INFO - Random movement: AntAction.MOVE_FORWARD
2025-05-04 17:04:36,007 - INFO - Depositing home pheromone
2025-05-04 17:04:36,634 - INFO - Random movement: AntAction.MOVE_FORWARD
2025-05-04 17:04:37,125 - INFO - Depositing home pheromone
2025-05-04 17:04:37,736 - INFO - Random movement: AntAction.MOVE_FORWARD
2025-05-04 17:04:38,213 - INFO - Depositing home pheromone
2025-05-04 17:04:38,768 - INFO - Random movement: AntAction.TURN_LEFT
2025-05-04 17:04:39,254 - INFO - Depositing home pheromone
2025-05-04 17:04:39,835 - INFO - Random movement: AntAction.MOVE_FORWARD
2025-05-04 17:04:40,313 - INFO - Depositing home pheromone
2025-05-04 17:04:40,899 - INFO - Random movement: AntAction.MOVE_FORWARD
2025-05-04 17:04:41,382 - INFO - Depositing home pheromone
2025-05-04 17:04:41,902 - INFO - Random movement: AntAction.MOVE_FORWARD
2025-05-04 17:04:42,393 - INFO - Depositing home pheromone
2025-05-04 17:04:42,968 - INFO - Random movement: AntAction.TURN_RIGHT
2025-05-04 17:04:43,488 - INFO - Depositing home pheromone
2025-05-04 17:04:44,010 - INFO - Random movement: AntAction.MOVE_FORWARD
2025-05-04 17:04:44,522 - INFO - Depositing home pheromone
2025-05-04 17:04:45,049 - INFO - Random movement: AntAction.MOVE_FORWARD
2025-05-04 17:04:45,530 - INFO - Depositing home pheromone
2025-05-04 17:04:46,045 - INFO - Random movement: AntAction.TURN_LEFT
2025-05-04 17:04:46,507 - INFO - Depositing home pheromone
2025-05-04 17:04:47,040 - INFO - Random movement: AntAction.TURN_LEFT
2025-05-04 17:04:47,538 - INFO - Depositing home pheromone
2025-05-04 17:04:48,006 - INFO - Random movement: AntAction.TURN_LEFT
2025-05-04 17:04:48,445 - INFO - Depositing home pheromone
2025-05-04 17:04:48,860 - INFO - Random movement: AntAction.MOVE_FORWARD
2025-05-04 17:04:49,304 - INFO - Depositing home pheromone
2025-05-04 17:04:49,860 - INFO - Random movement: AntAction.MOVE_FORWARD
2025-05-04 17:04:50,348 - INFO - Depositing home pheromone
2025-05-04 17:04:50,854 - INFO - Random movement: AntAction.MOVE_FORWARD
2025-05-04 17:04:51,349 - INFO - Depositing home pheromone
2025-05-04 17:04:51,873 - INFO - Random movement: AntAction.MOVE_FORWARD
2025-05-04 17:04:52,362 - INFO - Bored after searching for food for 51 steps, making random move
2025-05-04 17:04:52,364 - INFO - Made random move: AntAction.MOVE_FORWARD
2025-05-04 17:04:53,032 - INFO - Depositing home pheromone
2025-05-04 17:04:53,570 - INFO - Random movement: AntAction.TURN_LEFT
2025-05-04 17:04:54,060 - INFO - Depositing home pheromone
2025-05-04 17:04:54,588 - INFO - Random movement: AntAction.TURN_LEFT
2025-05-04 17:04:55,081 - INFO - Depositing home pheromone
2025-05-04 17:04:55,631 - INFO - Random movement: AntAction.MOVE_FORWARD
2025-05-04 17:04:56,131 - INFO - Depositing home pheromone
2025-05-04 17:04:56,662 - INFO - Random movement: AntAction.MOVE_FORWARD
2025-05-04 17:04:57,163 - INFO - Depositing home pheromone
2025-05-04 17:04:57,710 - INFO - Random movement: AntAction.TURN_RIGHT
2025-05-04 17:04:58,173 - INFO - Depositing home pheromone
2025-05-04 17:04:58,748 - INFO - Random movement: AntAction.MOVE_FORWARD
2025-05-04 17:04:59,247 - INFO - Depositing home pheromone
2025-05-04 17:04:59,837 - INFO - Random movement: AntAction.MOVE_FORWARD
2025-05-04 17:05:00,393 - INFO - Depositing home pheromone
2025-05-04 17:05:01,013 - INFO - Random movement: AntAction.MOVE_FORWARD
2025-05-04 17:05:01,537 - INFO - Depositing home pheromone
2025-05-04 17:05:02,120 - INFO - Random movement: AntAction.MOVE_FORWARD
2025-05-04 17:05:02,733 - INFO - Depositing home pheromone
2025-05-04 17:05:03,343 - INFO - Random movement: AntAction.TURN_RIGHT
2025-05-04 17:05:03,876 - INFO - Depositing home pheromone
