2025-05-04 17:04:25,483 - INFO - Initialized with direction Direction.NORTHWEST
2025-05-04 17:04:25,486 - INFO - Depositing home pheromone
2025-05-04 17:04:27,171 - INFO - Random movement: AntAction.TURN_LEFT
2025-05-04 17:04:27,796 - INFO - Depositing home pheromone
2025-05-04 17:04:28,352 - INFO - Random movement: AntAction.TURN_LEFT
2025-05-04 17:04:28,875 - INFO - Depositing home pheromone
2025-05-04 17:04:29,376 - INFO - Random movement: AntAction.TURN_LEFT
2025-05-04 17:04:29,922 - INFO - Depositing home pheromone
2025-05-04 17:04:30,517 - INFO - Random movement: AntAction.MOVE_FORWARD
2025-05-04 17:04:31,100 - INFO - Depositing home pheromone
2025-05-04 17:04:31,590 - INFO - Random movement: AntAction.MOVE_FORWARD
2025-05-04 17:04:32,077 - INFO - Depositing home pheromone
2025-05-04 17:04:32,589 - INFO - Random movement: AntAction.TURN_LEFT
2025-05-04 17:04:33,102 - INFO - Depositing home pheromone
2025-05-04 17:04:33,618 - INFO - Random movement: AntAction.MOVE_FORWARD
2025-05-04 17:04:34,092 - INFO - Depositing home pheromone
2025-05-04 17:04:34,588 - INFO - Random movement: AntAction.TURN_RIGHT
2025-05-04 17:04:35,083 - INFO - Depositing home pheromone
2025-05-04 17:04:35,630 - INFO - Random movement: AntAction.MOVE_FORWARD
2025-05-04 17:04:36,213 - INFO - Depositing home pheromone
2025-05-04 17:04:36,795 - INFO - Random movement: AntAction.MOVE_FORWARD
2025-05-04 17:04:37,322 - INFO - Depositing home pheromone
2025-05-04 17:04:37,882 - INFO - Random movement: AntAction.MOVE_FORWARD
2025-05-04 17:04:38,395 - INFO - Depositing home pheromone
2025-05-04 17:04:38,922 - INFO - Random movement: AntAction.TURN_RIGHT
2025-05-04 17:04:39,443 - INFO - Depositing home pheromone
2025-05-04 17:04:39,976 - INFO - Random movement: AntAction.TURN_LEFT
2025-05-04 17:04:40,514 - INFO - Depositing home pheromone
2025-05-04 17:04:41,058 - INFO - Random movement: AntAction.MOVE_FORWARD
2025-05-04 17:04:41,547 - INFO - Depositing home pheromone
2025-05-04 17:04:42,075 - INFO - Random movement: AntAction.MOVE_FORWARD
2025-05-04 17:04:42,576 - INFO - Depositing home pheromone
2025-05-04 17:04:43,127 - INFO - Random movement: AntAction.MOVE_FORWARD
2025-05-04 17:04:43,665 - INFO - Depositing home pheromone
2025-05-04 17:04:44,169 - INFO - Random movement: AntAction.MOVE_FORWARD
2025-05-04 17:04:44,706 - INFO - Depositing home pheromone
2025-05-04 17:04:45,201 - INFO - Random movement: AntAction.MOVE_FORWARD
2025-05-04 17:04:45,705 - INFO - Depositing home pheromone
2025-05-04 17:04:46,195 - INFO - Random movement: AntAction.TURN_LEFT
2025-05-04 17:04:46,676 - INFO - Depositing home pheromone
2025-05-04 17:04:47,197 - INFO - Random movement: AntAction.TURN_LEFT
2025-05-04 17:04:47,686 - INFO - Depositing home pheromone
2025-05-04 17:04:48,138 - INFO - Random movement: AntAction.MOVE_FORWARD
2025-05-04 17:04:48,584 - INFO - Depositing home pheromone
2025-05-04 17:04:49,003 - INFO - Random movement: AntAction.TURN_RIGHT
2025-05-04 17:04:49,485 - INFO - Depositing home pheromone
2025-05-04 17:04:50,009 - INFO - Random movement: AntAction.MOVE_FORWARD
2025-05-04 17:04:50,519 - INFO - Depositing home pheromone
2025-05-04 17:04:51,012 - INFO - Random movement: AntAction.TURN_LEFT
2025-05-04 17:04:51,520 - INFO - Depositing home pheromone
2025-05-04 17:04:52,025 - INFO - Random movement: AntAction.MOVE_FORWARD
2025-05-04 17:04:52,609 - INFO - Bored after searching for food for 51 steps, making random move
2025-05-04 17:04:52,610 - INFO - Made random move: AntAction.MOVE_FORWARD
2025-05-04 17:04:53,209 - INFO - Depositing home pheromone
2025-05-04 17:04:53,720 - INFO - Random movement: AntAction.MOVE_FORWARD
2025-05-04 17:04:54,259 - INFO - Depositing home pheromone
2025-05-04 17:04:54,751 - INFO - Random movement: AntAction.MOVE_FORWARD
2025-05-04 17:04:55,260 - INFO - Depositing home pheromone
2025-05-04 17:04:55,791 - INFO - Random movement: AntAction.TURN_RIGHT
2025-05-04 17:04:56,318 - INFO - Depositing home pheromone
2025-05-04 17:04:56,800 - INFO - Random movement: AntAction.MOVE_FORWARD
2025-05-04 17:04:57,345 - INFO - Depositing home pheromone
2025-05-04 17:04:57,849 - INFO - Random movement: AntAction.TURN_RIGHT
2025-05-04 17:04:58,370 - INFO - Depositing home pheromone
2025-05-04 17:04:58,910 - INFO - Random movement: AntAction.MOVE_FORWARD
2025-05-04 17:04:59,444 - INFO - Depositing home pheromone
2025-05-04 17:05:00,017 - INFO - Random movement: AntAction.TURN_LEFT
2025-05-04 17:05:00,596 - INFO - Depositing home pheromone
2025-05-04 17:05:01,180 - INFO - Random movement: AntAction.TURN_LEFT
2025-05-04 17:05:01,725 - INFO - Depositing home pheromone
2025-05-04 17:05:02,300 - INFO - Random movement: AntAction.TURN_LEFT
2025-05-04 17:05:02,946 - INFO - Depositing home pheromone
2025-05-04 17:05:03,526 - INFO - Random movement: AntAction.TURN_LEFT
2025-05-04 17:05:04,070 - INFO - Depositing home pheromone
