2025-05-04 17:04:24,808 - INFO - Initialized with direction Direction.SOUTH
2025-05-04 17:04:24,810 - INFO - Depositing home pheromone
2025-05-04 17:04:26,992 - INFO - Random movement: AntAction.TURN_LEFT
2025-05-04 17:04:27,622 - INFO - Depositing home pheromone
2025-05-04 17:04:28,190 - INFO - Random movement: AntAction.MOVE_FORWARD
2025-05-04 17:04:28,714 - INFO - Depositing home pheromone
2025-05-04 17:04:29,247 - INFO - Random movement: AntAction.TURN_LEFT
2025-05-04 17:04:29,726 - INFO - Depositing home pheromone
2025-05-04 17:04:30,318 - INFO - Random movement: AntAction.MOVE_FORWARD
2025-05-04 17:04:30,927 - INFO - Depositing home pheromone
2025-05-04 17:04:31,453 - INFO - Random movement: AntAction.TURN_LEFT
2025-05-04 17:04:31,921 - INFO - Depositing home pheromone
2025-05-04 17:04:32,452 - INFO - Random movement: AntAction.TURN_LEFT
2025-05-04 17:04:32,944 - INFO - Depositing home pheromone
2025-05-04 17:04:33,484 - INFO - Random movement: AntAction.MOVE_FORWARD
2025-05-04 17:04:33,954 - INFO - Depositing home pheromone
2025-05-04 17:04:34,466 - INFO - Random movement: AntAction.TURN_LEFT
2025-05-04 17:04:34,912 - INFO - Depositing home pheromone
2025-05-04 17:04:35,487 - INFO - Random movement: AntAction.TURN_LEFT
2025-05-04 17:04:36,031 - INFO - Depositing home pheromone
2025-05-04 17:04:36,656 - INFO - Random movement: AntAction.MOVE_FORWARD
2025-05-04 17:04:37,143 - INFO - Depositing home pheromone
2025-05-04 17:04:37,751 - INFO - Random movement: AntAction.MOVE_FORWARD
2025-05-04 17:04:38,232 - INFO - Depositing home pheromone
2025-05-04 17:04:38,788 - INFO - Random movement: AntAction.TURN_LEFT
2025-05-04 17:04:39,274 - INFO - Depositing home pheromone
2025-05-04 17:04:39,850 - INFO - Random movement: AntAction.TURN_LEFT
2025-05-04 17:04:40,340 - INFO - Depositing home pheromone
2025-05-04 17:04:40,916 - INFO - Random movement: AntAction.MOVE_FORWARD
2025-05-04 17:04:41,400 - INFO - Depositing home pheromone
2025-05-04 17:04:41,925 - INFO - Random movement: AntAction.MOVE_FORWARD
2025-05-04 17:04:42,416 - INFO - Depositing home pheromone
2025-05-04 17:04:42,983 - INFO - Random movement: AntAction.MOVE_FORWARD
2025-05-04 17:04:43,507 - INFO - Depositing home pheromone
2025-05-04 17:04:44,030 - INFO - Random movement: AntAction.MOVE_FORWARD
2025-05-04 17:04:44,540 - INFO - Depositing home pheromone
2025-05-04 17:04:45,070 - INFO - Random movement: AntAction.MOVE_FORWARD
2025-05-04 17:04:45,554 - INFO - Depositing home pheromone
2025-05-04 17:04:46,060 - INFO - Random movement: AntAction.MOVE_FORWARD
2025-05-04 17:04:46,525 - INFO - Depositing home pheromone
2025-05-04 17:04:47,059 - INFO - Random movement: AntAction.TURN_LEFT
2025-05-04 17:04:47,557 - INFO - Depositing home pheromone
2025-05-04 17:04:48,020 - INFO - Random movement: AntAction.MOVE_FORWARD
2025-05-04 17:04:48,467 - INFO - Depositing home pheromone
2025-05-04 17:04:48,876 - INFO - Random movement: AntAction.MOVE_FORWARD
2025-05-04 17:04:49,322 - INFO - Depositing home pheromone
2025-05-04 17:04:49,879 - INFO - Random movement: AntAction.TURN_RIGHT
2025-05-04 17:04:50,370 - INFO - Depositing home pheromone
2025-05-04 17:04:50,873 - INFO - Random movement: AntAction.MOVE_FORWARD
2025-05-04 17:04:51,368 - INFO - Depositing home pheromone
2025-05-04 17:04:51,890 - INFO - Random movement: AntAction.TURN_RIGHT
2025-05-04 17:04:52,390 - INFO - Bored after searching for food for 51 steps, making random move
2025-05-04 17:04:52,392 - INFO - Made random move: AntAction.MOVE_FORWARD
2025-05-04 17:04:53,053 - INFO - Depositing home pheromone
2025-05-04 17:04:53,587 - INFO - Random movement: AntAction.TURN_LEFT
2025-05-04 17:04:54,080 - INFO - Depositing home pheromone
2025-05-04 17:04:54,610 - INFO - Random movement: AntAction.TURN_RIGHT
2025-05-04 17:04:55,099 - INFO - Depositing home pheromone
2025-05-04 17:04:55,653 - INFO - Random movement: AntAction.TURN_LEFT
2025-05-04 17:04:56,153 - INFO - Depositing home pheromone
2025-05-04 17:04:56,685 - INFO - Random movement: AntAction.TURN_RIGHT
2025-05-04 17:04:57,185 - INFO - Depositing home pheromone
2025-05-04 17:04:57,726 - INFO - Random movement: AntAction.MOVE_FORWARD
2025-05-04 17:04:58,190 - INFO - Depositing home pheromone
2025-05-04 17:04:58,767 - INFO - Random movement: AntAction.TURN_LEFT
2025-05-04 17:04:59,269 - INFO - Depositing home pheromone
2025-05-04 17:04:59,862 - INFO - Random movement: AntAction.TURN_LEFT
2025-05-04 17:05:00,421 - INFO - Depositing home pheromone
2025-05-04 17:05:01,033 - INFO - Random movement: AntAction.MOVE_FORWARD
2025-05-04 17:05:01,557 - INFO - Depositing home pheromone
2025-05-04 17:05:02,140 - INFO - Random movement: AntAction.MOVE_FORWARD
2025-05-04 17:05:02,753 - INFO - Depositing home pheromone
2025-05-04 17:05:03,359 - INFO - Random movement: AntAction.MOVE_FORWARD
2025-05-04 17:05:03,900 - INFO - Depositing home pheromone
