2025-05-04 17:04:25,944 - INFO - Initialized with direction Direction.WEST
2025-05-04 17:04:25,945 - INFO - Depositing home pheromone
2025-05-04 17:04:27,239 - INFO - Random movement: AntAction.TURN_LEFT
2025-05-04 17:04:27,852 - INFO - Depositing home pheromone
2025-05-04 17:04:28,399 - INFO - Random movement: AntAction.TURN_LEFT
2025-05-04 17:04:28,931 - INFO - Depositing home pheromone
2025-05-04 17:04:29,420 - INFO - Random movement: AntAction.MOVE_FORWARD
2025-05-04 17:04:29,989 - INFO - Depositing home pheromone
2025-05-04 17:04:30,589 - INFO - Random movement: AntAction.MOVE_FORWARD
2025-05-04 17:04:31,160 - INFO - Depositing home pheromone
2025-05-04 17:04:31,632 - INFO - Random movement: AntAction.MOVE_FORWARD
2025-05-04 17:04:32,133 - INFO - Depositing home pheromone
2025-05-04 17:04:32,632 - INFO - Random movement: AntAction.MOVE_FORWARD
2025-05-04 17:04:33,153 - INFO - Depositing home pheromone
2025-05-04 17:04:33,660 - INFO - Random movement: AntAction.MOVE_FORWARD
2025-05-04 17:04:34,151 - INFO - Depositing home pheromone
2025-05-04 17:04:34,630 - INFO - Random movement: AntAction.TURN_LEFT
2025-05-04 17:04:35,145 - INFO - Depositing home pheromone
2025-05-04 17:04:35,678 - INFO - Random movement: AntAction.MOVE_FORWARD
2025-05-04 17:04:36,278 - INFO - Depositing home pheromone
2025-05-04 17:04:36,837 - INFO - Random movement: AntAction.TURN_LEFT
2025-05-04 17:04:37,399 - INFO - Depositing home pheromone
2025-05-04 17:04:37,926 - INFO - Random movement: AntAction.TURN_RIGHT
2025-05-04 17:04:38,450 - INFO - Depositing home pheromone
2025-05-04 17:04:38,971 - INFO - Random movement: AntAction.MOVE_FORWARD
2025-05-04 17:04:39,505 - INFO - Depositing home pheromone
2025-05-04 17:04:40,019 - INFO - Random movement: AntAction.TURN_RIGHT
2025-05-04 17:04:40,569 - INFO - Depositing home pheromone
2025-05-04 17:04:41,106 - INFO - Random movement: AntAction.TURN_RIGHT
2025-05-04 17:04:41,605 - INFO - Depositing home pheromone
2025-05-04 17:04:42,118 - INFO - Random movement: AntAction.MOVE_FORWARD
2025-05-04 17:04:42,635 - INFO - Depositing home pheromone
2025-05-04 17:04:43,173 - INFO - Random movement: AntAction.MOVE_FORWARD
2025-05-04 17:04:43,715 - INFO - Depositing home pheromone
2025-05-04 17:04:44,217 - INFO - Random movement: AntAction.TURN_LEFT
2025-05-04 17:04:44,757 - INFO - Depositing home pheromone
2025-05-04 17:04:45,243 - INFO - Random movement: AntAction.MOVE_FORWARD
2025-05-04 17:04:45,753 - INFO - Depositing home pheromone
2025-05-04 17:04:46,242 - INFO - Random movement: AntAction.MOVE_FORWARD
2025-05-04 17:04:46,736 - INFO - Depositing home pheromone
2025-05-04 17:04:47,242 - INFO - Random movement: AntAction.TURN_LEFT
2025-05-04 17:04:47,729 - INFO - Depositing home pheromone
2025-05-04 17:04:48,179 - INFO - Random movement: AntAction.TURN_RIGHT
2025-05-04 17:04:48,630 - INFO - Depositing home pheromone
2025-05-04 17:04:49,048 - INFO - Random movement: AntAction.MOVE_FORWARD
2025-05-04 17:04:49,542 - INFO - Depositing home pheromone
2025-05-04 17:04:50,056 - INFO - Random movement: AntAction.TURN_LEFT
2025-05-04 17:04:50,569 - INFO - Depositing home pheromone
2025-05-04 17:04:51,059 - INFO - Random movement: AntAction.TURN_RIGHT
2025-05-04 17:04:51,571 - INFO - Depositing home pheromone
2025-05-04 17:04:52,069 - INFO - Random movement: AntAction.MOVE_FORWARD
2025-05-04 17:04:52,683 - INFO - Bored after searching for food for 51 steps, making random move
2025-05-04 17:04:52,684 - INFO - Made random move: AntAction.MOVE_FORWARD
2025-05-04 17:04:53,263 - INFO - Depositing home pheromone
2025-05-04 17:04:53,768 - INFO - Random movement: AntAction.TURN_LEFT
2025-05-04 17:04:54,309 - INFO - Depositing home pheromone
2025-05-04 17:04:54,796 - INFO - Random movement: AntAction.TURN_LEFT
2025-05-04 17:04:55,315 - INFO - Depositing home pheromone
2025-05-04 17:04:55,845 - INFO - Random movement: AntAction.MOVE_FORWARD
2025-05-04 17:04:56,365 - INFO - Depositing home pheromone
2025-05-04 17:04:56,845 - INFO - Random movement: AntAction.TURN_LEFT
2025-05-04 17:04:57,404 - INFO - Depositing home pheromone
2025-05-04 17:04:57,892 - INFO - Random movement: AntAction.TURN_RIGHT
2025-05-04 17:04:58,425 - INFO - Depositing home pheromone
2025-05-04 17:04:58,958 - INFO - Random movement: AntAction.MOVE_FORWARD
2025-05-04 17:04:59,509 - INFO - Depositing home pheromone
2025-05-04 17:05:00,070 - INFO - Random movement: AntAction.MOVE_FORWARD
2025-05-04 17:05:00,668 - INFO - Depositing home pheromone
2025-05-04 17:05:01,228 - INFO - Random movement: AntAction.MOVE_FORWARD
2025-05-04 17:05:01,780 - INFO - Depositing home pheromone
2025-05-04 17:05:02,357 - INFO - Random movement: AntAction.MOVE_FORWARD
2025-05-04 17:05:03,012 - INFO - Depositing home pheromone
2025-05-04 17:05:03,569 - INFO - Random movement: AntAction.MOVE_FORWARD
2025-05-04 17:05:04,130 - INFO - Depositing home pheromone
