2025-05-04 17:04:24,998 - INFO - Initialized with direction Direction.SOUTHEAST
2025-05-04 17:04:25,001 - INFO - Depositing home pheromone
2025-05-04 17:04:27,054 - INFO - Random movement: AntAction.MOVE_FORWARD
2025-05-04 17:04:27,680 - INFO - Depositing home pheromone
2025-05-04 17:04:28,252 - INFO - Random movement: AntAction.MOVE_FORWARD
2025-05-04 17:04:28,770 - INFO - Depositing home pheromone
2025-05-04 17:04:29,289 - INFO - Random movement: AntAction.TURN_RIGHT
2025-05-04 17:04:29,798 - INFO - Depositing home pheromone
2025-05-04 17:04:30,383 - INFO - Random movement: AntAction.MOVE_FORWARD
2025-05-04 17:04:30,986 - INFO - Depositing home pheromone
2025-05-04 17:04:31,499 - INFO - Random movement: AntAction.TURN_RIGHT
2025-05-04 17:04:31,972 - INFO - Depositing home pheromone
2025-05-04 17:04:32,492 - INFO - Random movement: AntAction.MOVE_FORWARD
2025-05-04 17:04:32,992 - INFO - Depositing home pheromone
2025-05-04 17:04:33,530 - INFO - Random movement: AntAction.TURN_LEFT
2025-05-04 17:04:33,997 - INFO - Depositing home pheromone
2025-05-04 17:04:34,505 - INFO - Random movement: AntAction.TURN_LEFT
2025-05-04 17:04:34,967 - INFO - Depositing home pheromone
2025-05-04 17:04:35,532 - INFO - Random movement: AntAction.MOVE_FORWARD
2025-05-04 17:04:36,085 - INFO - Depositing home pheromone
2025-05-04 17:04:36,700 - INFO - Random movement: AntAction.TURN_RIGHT
2025-05-04 17:04:37,199 - INFO - Depositing home pheromone
2025-05-04 17:04:37,788 - INFO - Random movement: AntAction.TURN_RIGHT
2025-05-04 17:04:38,278 - INFO - Depositing home pheromone
2025-05-04 17:04:38,829 - INFO - Random movement: AntAction.TURN_RIGHT
2025-05-04 17:04:39,327 - INFO - Depositing home pheromone
2025-05-04 17:04:39,889 - INFO - Random movement: AntAction.MOVE_FORWARD
2025-05-04 17:04:40,398 - INFO - Depositing home pheromone
2025-05-04 17:04:40,957 - INFO - Random movement: AntAction.MOVE_FORWARD
2025-05-04 17:04:41,444 - INFO - Depositing home pheromone
2025-05-04 17:04:41,973 - INFO - Random movement: AntAction.TURN_LEFT
2025-05-04 17:04:42,462 - INFO - Depositing home pheromone
2025-05-04 17:04:43,032 - INFO - Random movement: AntAction.TURN_LEFT
2025-05-04 17:04:43,554 - INFO - Depositing home pheromone
2025-05-04 17:04:44,074 - INFO - Random movement: AntAction.MOVE_FORWARD
2025-05-04 17:04:44,590 - INFO - Depositing home pheromone
2025-05-04 17:04:45,111 - INFO - Random movement: AntAction.MOVE_FORWARD
2025-05-04 17:04:45,600 - INFO - Depositing home pheromone
2025-05-04 17:04:46,102 - INFO - Random movement: AntAction.MOVE_FORWARD
2025-05-04 17:04:46,568 - INFO - Depositing home pheromone
2025-05-04 17:04:47,099 - INFO - Random movement: AntAction.MOVE_FORWARD
2025-05-04 17:04:47,599 - INFO - Depositing home pheromone
2025-05-04 17:04:48,058 - INFO - Random movement: AntAction.TURN_LEFT
2025-05-04 17:04:48,510 - INFO - Depositing home pheromone
2025-05-04 17:04:48,910 - INFO - Random movement: AntAction.MOVE_FORWARD
2025-05-04 17:04:49,370 - INFO - Depositing home pheromone
2025-05-04 17:04:49,916 - INFO - Random movement: AntAction.MOVE_FORWARD
2025-05-04 17:04:50,414 - INFO - Depositing home pheromone
2025-05-04 17:04:50,918 - INFO - Random movement: AntAction.TURN_RIGHT
2025-05-04 17:04:51,418 - INFO - Depositing home pheromone
2025-05-04 17:04:51,930 - INFO - Random movement: AntAction.MOVE_FORWARD
2025-05-04 17:04:52,452 - INFO - Bored after searching for food for 51 steps, making random move
2025-05-04 17:04:52,452 - INFO - Made random move: AntAction.TURN_LEFT
2025-05-04 17:04:53,100 - INFO - Depositing home pheromone
2025-05-04 17:04:53,622 - INFO - Random movement: AntAction.MOVE_FORWARD
2025-05-04 17:04:54,133 - INFO - Depositing home pheromone
2025-05-04 17:04:54,653 - INFO - Random movement: AntAction.MOVE_FORWARD
2025-05-04 17:04:55,150 - INFO - Depositing home pheromone
2025-05-04 17:04:55,696 - INFO - Random movement: AntAction.TURN_LEFT
2025-05-04 17:04:56,207 - INFO - Depositing home pheromone
2025-05-04 17:04:56,729 - INFO - Random movement: AntAction.MOVE_FORWARD
2025-05-04 17:04:57,234 - INFO - Depositing home pheromone
2025-05-04 17:04:57,766 - INFO - Random movement: AntAction.MOVE_FORWARD
2025-05-04 17:04:58,246 - INFO - Depositing home pheromone
2025-05-04 17:04:58,809 - INFO - Random movement: AntAction.TURN_LEFT
2025-05-04 17:04:59,323 - INFO - Depositing home pheromone
2025-05-04 17:04:59,909 - INFO - Random movement: AntAction.TURN_RIGHT
2025-05-04 17:05:00,475 - INFO - Depositing home pheromone
2025-05-04 17:05:01,089 - INFO - Random movement: AntAction.MOVE_FORWARD
2025-05-04 17:05:01,608 - INFO - Depositing home pheromone
2025-05-04 17:05:02,188 - INFO - Random movement: AntAction.MOVE_FORWARD
2025-05-04 17:05:02,811 - INFO - Depositing home pheromone
2025-05-04 17:05:03,412 - INFO - Random movement: AntAction.TURN_LEFT
2025-05-04 17:05:03,956 - INFO - Depositing home pheromone
