2025-05-04 17:04:25,588 - INFO - Initialized with direction Direction.NORTHEAST
2025-05-04 17:04:25,590 - INFO - Depositing home pheromone
2025-05-04 17:04:27,196 - INFO - Random movement: AntAction.TURN_RIGHT
2025-05-04 17:04:27,817 - INFO - Depositing home pheromone
2025-05-04 17:04:28,369 - INFO - Random movement: AntAction.MOVE_FORWARD
2025-05-04 17:04:28,895 - INFO - Depositing home pheromone
2025-05-04 17:04:29,392 - INFO - Random movement: AntAction.TURN_RIGHT
2025-05-04 17:04:29,945 - INFO - Depositing home pheromone
2025-05-04 17:04:30,547 - INFO - Random movement: AntAction.TURN_RIGHT
2025-05-04 17:04:31,124 - INFO - Depositing home pheromone
2025-05-04 17:04:31,608 - INFO - Random movement: AntAction.MOVE_FORWARD
2025-05-04 17:04:32,099 - INFO - Depositing home pheromone
2025-05-04 17:04:32,607 - INFO - Random movement: AntAction.TURN_RIGHT
2025-05-04 17:04:33,122 - INFO - Depositing home pheromone
2025-05-04 17:04:33,634 - INFO - Random movement: AntAction.MOVE_FORWARD
2025-05-04 17:04:34,114 - INFO - Depositing home pheromone
2025-05-04 17:04:34,606 - INFO - Random movement: AntAction.TURN_LEFT
2025-05-04 17:04:35,105 - INFO - Depositing home pheromone
2025-05-04 17:04:35,648 - INFO - Random movement: AntAction.TURN_LEFT
2025-05-04 17:04:36,240 - INFO - Depositing home pheromone
2025-05-04 17:04:36,812 - INFO - Random movement: AntAction.MOVE_FORWARD
2025-05-04 17:04:37,353 - INFO - Depositing home pheromone
2025-05-04 17:04:37,898 - INFO - Random movement: AntAction.MOVE_FORWARD
2025-05-04 17:04:38,417 - INFO - Depositing home pheromone
2025-05-04 17:04:38,942 - INFO - Random movement: AntAction.TURN_RIGHT
2025-05-04 17:04:39,470 - INFO - Depositing home pheromone
2025-05-04 17:04:39,991 - INFO - Random movement: AntAction.MOVE_FORWARD
2025-05-04 17:04:40,535 - INFO - Depositing home pheromone
2025-05-04 17:04:41,077 - INFO - Random movement: AntAction.MOVE_FORWARD
2025-05-04 17:04:41,569 - INFO - Depositing home pheromone
2025-05-04 17:04:42,093 - INFO - Random movement: AntAction.TURN_RIGHT
2025-05-04 17:04:42,600 - INFO - Depositing home pheromone
2025-05-04 17:04:43,142 - INFO - Random movement: AntAction.TURN_RIGHT
2025-05-04 17:04:43,683 - INFO - Depositing home pheromone
2025-05-04 17:04:44,189 - INFO - Random movement: AntAction.TURN_RIGHT
2025-05-04 17:04:44,725 - INFO - Depositing home pheromone
2025-05-04 17:04:45,218 - INFO - Random movement: AntAction.TURN_LEFT
2025-05-04 17:04:45,722 - INFO - Depositing home pheromone
2025-05-04 17:04:46,212 - INFO - Random movement: AntAction.TURN_RIGHT
2025-05-04 17:04:46,699 - INFO - Depositing home pheromone
2025-05-04 17:04:47,213 - INFO - Random movement: AntAction.TURN_LEFT
2025-05-04 17:04:47,701 - INFO - Depositing home pheromone
2025-05-04 17:04:48,152 - INFO - Random movement: AntAction.MOVE_FORWARD
2025-05-04 17:04:48,602 - INFO - Depositing home pheromone
2025-05-04 17:04:49,018 - INFO - Random movement: AntAction.TURN_LEFT
2025-05-04 17:04:49,508 - INFO - Depositing home pheromone
2025-05-04 17:04:50,024 - INFO - Random movement: AntAction.TURN_RIGHT
2025-05-04 17:04:50,539 - INFO - Depositing home pheromone
2025-05-04 17:04:51,028 - INFO - Random movement: AntAction.MOVE_FORWARD
2025-05-04 17:04:51,539 - INFO - Depositing home pheromone
2025-05-04 17:04:52,040 - INFO - Random movement: AntAction.TURN_LEFT
2025-05-04 17:04:52,638 - INFO - Bored after searching for food for 51 steps, making random move
2025-05-04 17:04:52,639 - INFO - Made random move: AntAction.TURN_LEFT
2025-05-04 17:04:53,226 - INFO - Depositing home pheromone
2025-05-04 17:04:53,737 - INFO - Random movement: AntAction.MOVE_FORWARD
2025-05-04 17:04:54,281 - INFO - Depositing home pheromone
2025-05-04 17:04:54,767 - INFO - Random movement: AntAction.MOVE_FORWARD
2025-05-04 17:04:55,280 - INFO - Depositing home pheromone
2025-05-04 17:04:55,813 - INFO - Random movement: AntAction.TURN_LEFT
2025-05-04 17:04:56,339 - INFO - Depositing home pheromone
2025-05-04 17:04:56,815 - INFO - Random movement: AntAction.MOVE_FORWARD
2025-05-04 17:04:57,369 - INFO - Depositing home pheromone
2025-05-04 17:04:57,866 - INFO - Random movement: AntAction.MOVE_FORWARD
2025-05-04 17:04:58,392 - INFO - Depositing home pheromone
2025-05-04 17:04:58,929 - INFO - Random movement: AntAction.TURN_RIGHT
2025-05-04 17:04:59,472 - INFO - Depositing home pheromone
2025-05-04 17:05:00,037 - INFO - Random movement: AntAction.MOVE_FORWARD
2025-05-04 17:05:00,620 - INFO - Depositing home pheromone
2025-05-04 17:05:01,195 - INFO - Random movement: AntAction.MOVE_FORWARD
2025-05-04 17:05:01,746 - INFO - Depositing home pheromone
2025-05-04 17:05:02,317 - INFO - Random movement: AntAction.MOVE_FORWARD
2025-05-04 17:05:02,972 - INFO - Depositing home pheromone
2025-05-04 17:05:03,542 - INFO - Random movement: AntAction.MOVE_FORWARD
2025-05-04 17:05:04,091 - INFO - Depositing home pheromone
