2025-05-04 17:04:24,846 - INFO - Initialized with direction Direction.NORTH
2025-05-04 17:04:24,850 - INFO - Depositing home pheromone
2025-05-04 17:04:27,014 - INFO - Random movement: AntAction.TURN_LEFT
2025-05-04 17:04:27,635 - INFO - Depositing home pheromone
2025-05-04 17:04:28,205 - INFO - Random movement: AntAction.TURN_LEFT
2025-05-04 17:04:28,726 - INFO - Depositing home pheromone
2025-05-04 17:04:29,256 - INFO - Random movement: AntAction.TURN_LEFT
2025-05-04 17:04:29,741 - INFO - Depositing home pheromone
2025-05-04 17:04:30,332 - INFO - Random movement: AntAction.TURN_LEFT
2025-05-04 17:04:30,936 - INFO - Depositing home pheromone
2025-05-04 17:04:31,465 - INFO - Random movement: AntAction.MOVE_FORWARD
2025-05-04 17:04:31,930 - INFO - Depositing home pheromone
2025-05-04 17:04:32,460 - INFO - Random movement: AntAction.MOVE_FORWARD
2025-05-04 17:04:32,952 - INFO - Depositing home pheromone
2025-05-04 17:04:33,495 - INFO - Random movement: AntAction.MOVE_FORWARD
2025-05-04 17:04:33,963 - INFO - Depositing home pheromone
2025-05-04 17:04:34,472 - INFO - Random movement: AntAction.MOVE_FORWARD
2025-05-04 17:04:34,920 - INFO - Depositing home pheromone
2025-05-04 17:04:35,495 - INFO - Random movement: AntAction.MOVE_FORWARD
2025-05-04 17:04:36,041 - INFO - Depositing home pheromone
2025-05-04 17:04:36,663 - INFO - Random movement: AntAction.MOVE_FORWARD
2025-05-04 17:04:37,157 - INFO - Depositing home pheromone
2025-05-04 17:04:37,758 - INFO - Random movement: AntAction.TURN_LEFT
2025-05-04 17:04:38,241 - INFO - Depositing home pheromone
2025-05-04 17:04:38,796 - INFO - Random movement: AntAction.TURN_RIGHT
2025-05-04 17:04:39,286 - INFO - Depositing home pheromone
2025-05-04 17:04:39,858 - INFO - Random movement: AntAction.MOVE_FORWARD
2025-05-04 17:04:40,355 - INFO - Depositing home pheromone
2025-05-04 17:04:40,925 - INFO - Random movement: AntAction.MOVE_FORWARD
2025-05-04 17:04:41,409 - INFO - Depositing home pheromone
2025-05-04 17:04:41,933 - INFO - Random movement: AntAction.MOVE_FORWARD
2025-05-04 17:04:42,427 - INFO - Depositing home pheromone
2025-05-04 17:04:42,990 - INFO - Random movement: AntAction.MOVE_FORWARD
2025-05-04 17:04:43,516 - INFO - Depositing home pheromone
2025-05-04 17:04:44,037 - INFO - Random movement: AntAction.MOVE_FORWARD
2025-05-04 17:04:44,550 - INFO - Depositing home pheromone
2025-05-04 17:04:45,077 - INFO - Random movement: AntAction.MOVE_FORWARD
2025-05-04 17:04:45,562 - INFO - Depositing home pheromone
2025-05-04 17:04:46,069 - INFO - Random movement: AntAction.MOVE_FORWARD
2025-05-04 17:04:46,533 - INFO - Depositing home pheromone
2025-05-04 17:04:47,067 - INFO - Random movement: AntAction.MOVE_FORWARD
2025-05-04 17:04:47,567 - INFO - Depositing home pheromone
2025-05-04 17:04:48,027 - INFO - Random movement: AntAction.TURN_LEFT
2025-05-04 17:04:48,474 - INFO - Depositing home pheromone
2025-05-04 17:04:48,880 - INFO - Random movement: AntAction.TURN_LEFT
2025-05-04 17:04:49,332 - INFO - Depositing home pheromone
2025-05-04 17:04:49,886 - INFO - Random movement: AntAction.MOVE_FORWARD
2025-05-04 17:04:50,378 - INFO - Depositing home pheromone
2025-05-04 17:04:50,881 - INFO - Random movement: AntAction.MOVE_FORWARD
2025-05-04 17:04:51,378 - INFO - Depositing home pheromone
2025-05-04 17:04:51,898 - INFO - Random movement: AntAction.TURN_LEFT
2025-05-04 17:04:52,400 - INFO - Bored after searching for food for 51 steps, making random move
2025-05-04 17:04:52,403 - INFO - Made random move: AntAction.MOVE_FORWARD
2025-05-04 17:04:53,062 - INFO - Depositing home pheromone
2025-05-04 17:04:53,595 - INFO - Random movement: AntAction.TURN_RIGHT
2025-05-04 17:04:54,092 - INFO - Depositing home pheromone
2025-05-04 17:04:54,619 - INFO - Random movement: AntAction.TURN_RIGHT
2025-05-04 17:04:55,109 - INFO - Depositing home pheromone
2025-05-04 17:04:55,660 - INFO - Random movement: AntAction.MOVE_FORWARD
2025-05-04 17:04:56,164 - INFO - Depositing home pheromone
2025-05-04 17:04:56,695 - INFO - Random movement: AntAction.TURN_LEFT
2025-05-04 17:04:57,192 - INFO - Depositing home pheromone
2025-05-04 17:04:57,734 - INFO - Random movement: AntAction.MOVE_FORWARD
2025-05-04 17:04:58,205 - INFO - Depositing home pheromone
2025-05-04 17:04:58,773 - INFO - Random movement: AntAction.MOVE_FORWARD
2025-05-04 17:04:59,279 - INFO - Depositing home pheromone
2025-05-04 17:04:59,870 - INFO - Random movement: AntAction.TURN_LEFT
2025-05-04 17:05:00,433 - INFO - Depositing home pheromone
2025-05-04 17:05:01,050 - INFO - Random movement: AntAction.TURN_RIGHT
2025-05-04 17:05:01,567 - INFO - Depositing home pheromone
2025-05-04 17:05:02,149 - INFO - Random movement: AntAction.TURN_LEFT
2025-05-04 17:05:02,762 - INFO - Depositing home pheromone
2025-05-04 17:05:03,372 - INFO - Random movement: AntAction.MOVE_FORWARD
2025-05-04 17:05:03,910 - INFO - Depositing home pheromone
