2025-05-04 17:04:25,787 - INFO - Initialized with direction Direction.NORTHWEST
2025-05-04 17:04:25,789 - INFO - Depositing home pheromone
2025-05-04 17:04:27,227 - INFO - Random movement: AntAction.TURN_LEFT
2025-05-04 17:04:27,836 - INFO - Depositing home pheromone
2025-05-04 17:04:28,386 - INFO - Random movement: AntAction.TURN_LEFT
2025-05-04 17:04:28,919 - INFO - Depositing home pheromone
2025-05-04 17:04:29,409 - INFO - Random movement: AntAction.TURN_LEFT
2025-05-04 17:04:29,971 - INFO - Depositing home pheromone
2025-05-04 17:04:30,573 - INFO - Random movement: AntAction.TURN_LEFT
2025-05-04 17:04:31,145 - INFO - Depositing home pheromone
2025-05-04 17:04:31,623 - INFO - Random movement: AntAction.MOVE_FORWARD
2025-05-04 17:04:32,118 - INFO - Depositing home pheromone
2025-05-04 17:04:32,622 - INFO - Random movement: AntAction.MOVE_FORWARD
2025-05-04 17:04:33,140 - INFO - Depositing home pheromone
2025-05-04 17:04:33,651 - INFO - Random movement: AntAction.TURN_RIGHT
2025-05-04 17:04:34,138 - INFO - Depositing home pheromone
2025-05-04 17:04:34,620 - INFO - Random movement: AntAction.MOVE_FORWARD
2025-05-04 17:04:35,127 - INFO - Depositing home pheromone
2025-05-04 17:04:35,666 - INFO - Random movement: AntAction.MOVE_FORWARD
2025-05-04 17:04:36,263 - INFO - Depositing home pheromone
2025-05-04 17:04:36,826 - INFO - Random movement: AntAction.MOVE_FORWARD
2025-05-04 17:04:37,380 - INFO - Depositing home pheromone
2025-05-04 17:04:37,914 - INFO - Random movement: AntAction.TURN_RIGHT
2025-05-04 17:04:38,437 - INFO - Depositing home pheromone
2025-05-04 17:04:38,956 - INFO - Random movement: AntAction.MOVE_FORWARD
2025-05-04 17:04:39,493 - INFO - Depositing home pheromone
2025-05-04 17:04:40,011 - INFO - Random movement: AntAction.MOVE_FORWARD
2025-05-04 17:04:40,553 - INFO - Depositing home pheromone
2025-05-04 17:04:41,093 - INFO - Random movement: AntAction.TURN_LEFT
2025-05-04 17:04:41,590 - INFO - Depositing home pheromone
2025-05-04 17:04:42,108 - INFO - Random movement: AntAction.MOVE_FORWARD
2025-05-04 17:04:42,618 - INFO - Depositing home pheromone
2025-05-04 17:04:43,162 - INFO - Random movement: AntAction.MOVE_FORWARD
2025-05-04 17:04:43,702 - INFO - Depositing home pheromone
2025-05-04 17:04:44,206 - INFO - Random movement: AntAction.MOVE_FORWARD
2025-05-04 17:04:44,744 - INFO - Depositing home pheromone
2025-05-04 17:04:45,232 - INFO - Random movement: AntAction.MOVE_FORWARD
2025-05-04 17:04:45,740 - INFO - Depositing home pheromone
2025-05-04 17:04:46,232 - INFO - Random movement: AntAction.MOVE_FORWARD
2025-05-04 17:04:46,722 - INFO - Depositing home pheromone
2025-05-04 17:04:47,230 - INFO - Random movement: AntAction.MOVE_FORWARD
2025-05-04 17:04:47,714 - INFO - Depositing home pheromone
2025-05-04 17:04:48,167 - INFO - Random movement: AntAction.MOVE_FORWARD
2025-05-04 17:04:48,617 - INFO - Depositing home pheromone
2025-05-04 17:04:49,036 - INFO - Random movement: AntAction.TURN_LEFT
2025-05-04 17:04:49,528 - INFO - Depositing home pheromone
2025-05-04 17:04:50,043 - INFO - Random movement: AntAction.TURN_LEFT
2025-05-04 17:04:50,557 - INFO - Depositing home pheromone
2025-05-04 17:04:51,045 - INFO - Random movement: AntAction.MOVE_FORWARD
2025-05-04 17:04:51,559 - INFO - Depositing home pheromone
2025-05-04 17:04:52,057 - INFO - Random movement: AntAction.TURN_LEFT
2025-05-04 17:04:52,664 - INFO - Bored after searching for food for 51 steps, making random move
2025-05-04 17:04:52,665 - INFO - Made random move: AntAction.MOVE_FORWARD
2025-05-04 17:04:53,250 - INFO - Depositing home pheromone
2025-05-04 17:04:53,753 - INFO - Random movement: AntAction.MOVE_FORWARD
2025-05-04 17:04:54,298 - INFO - Depositing home pheromone
2025-05-04 17:04:54,785 - INFO - Random movement: AntAction.TURN_RIGHT
2025-05-04 17:04:55,302 - INFO - Depositing home pheromone
2025-05-04 17:04:55,834 - INFO - Random movement: AntAction.MOVE_FORWARD
2025-05-04 17:04:56,356 - INFO - Depositing home pheromone
2025-05-04 17:04:56,835 - INFO - Random movement: AntAction.MOVE_FORWARD
2025-05-04 17:04:57,389 - INFO - Depositing home pheromone
2025-05-04 17:04:57,882 - INFO - Random movement: AntAction.MOVE_FORWARD
2025-05-04 17:04:58,412 - INFO - Depositing home pheromone
2025-05-04 17:04:58,945 - INFO - Random movement: AntAction.MOVE_FORWARD
2025-05-04 17:04:59,493 - INFO - Depositing home pheromone
2025-05-04 17:05:00,054 - INFO - Random movement: AntAction.MOVE_FORWARD
2025-05-04 17:05:00,648 - INFO - Depositing home pheromone
2025-05-04 17:05:01,216 - INFO - Random movement: AntAction.TURN_LEFT
2025-05-04 17:05:01,767 - INFO - Depositing home pheromone
2025-05-04 17:05:02,342 - INFO - Random movement: AntAction.TURN_LEFT
2025-05-04 17:05:02,998 - INFO - Depositing home pheromone
2025-05-04 17:05:03,557 - INFO - Random movement: AntAction.MOVE_FORWARD
2025-05-04 17:05:04,111 - INFO - Depositing home pheromone
