2025-05-04 17:04:24,940 - INFO - Initialized with direction Direction.WEST
2025-05-04 17:04:24,941 - INFO - Depositing home pheromone
2025-05-04 17:04:27,037 - INFO - Random movement: AntAction.TURN_LEFT
2025-05-04 17:04:27,662 - INFO - Depositing home pheromone
2025-05-04 17:04:28,235 - INFO - Random movement: AntAction.TURN_LEFT
2025-05-04 17:04:28,752 - INFO - Depositing home pheromone
2025-05-04 17:04:29,276 - INFO - Random movement: AntAction.MOVE_FORWARD
2025-05-04 17:04:29,771 - INFO - Depositing home pheromone
2025-05-04 17:04:30,363 - INFO - Random movement: AntAction.MOVE_FORWARD
2025-05-04 17:04:30,966 - INFO - Depositing home pheromone
2025-05-04 17:04:31,483 - INFO - Random movement: AntAction.MOVE_FORWARD
2025-05-04 17:04:31,955 - INFO - Depositing home pheromone
2025-05-04 17:04:32,479 - INFO - Random movement: AntAction.MOVE_FORWARD
2025-05-04 17:04:32,977 - INFO - Depositing home pheromone
2025-05-04 17:04:33,514 - INFO - Random movement: AntAction.MOVE_FORWARD
2025-05-04 17:04:33,983 - INFO - Depositing home pheromone
2025-05-04 17:04:34,492 - INFO - Random movement: AntAction.TURN_LEFT
2025-05-04 17:04:34,948 - INFO - Depositing home pheromone
2025-05-04 17:04:35,520 - INFO - Random movement: AntAction.MOVE_FORWARD
2025-05-04 17:04:36,069 - INFO - Depositing home pheromone
2025-05-04 17:04:36,687 - INFO - Random movement: AntAction.MOVE_FORWARD
2025-05-04 17:04:37,180 - INFO - Depositing home pheromone
2025-05-04 17:04:37,776 - INFO - Random movement: AntAction.TURN_RIGHT
2025-05-04 17:04:38,263 - INFO - Depositing home pheromone
2025-05-04 17:04:38,817 - INFO - Random movement: AntAction.MOVE_FORWARD
2025-05-04 17:04:39,310 - INFO - Depositing home pheromone
2025-05-04 17:04:39,876 - INFO - Random movement: AntAction.MOVE_FORWARD
2025-05-04 17:04:40,377 - INFO - Depositing home pheromone
2025-05-04 17:04:40,944 - INFO - Random movement: AntAction.MOVE_FORWARD
2025-05-04 17:04:41,429 - INFO - Depositing home pheromone
2025-05-04 17:04:41,951 - INFO - Random movement: AntAction.MOVE_FORWARD
2025-05-04 17:04:42,448 - INFO - Depositing home pheromone
2025-05-04 17:04:43,012 - INFO - Random movement: AntAction.MOVE_FORWARD
2025-05-04 17:04:43,538 - INFO - Depositing home pheromone
2025-05-04 17:04:44,057 - INFO - Random movement: AntAction.TURN_LEFT
2025-05-04 17:04:44,573 - INFO - Depositing home pheromone
2025-05-04 17:04:45,098 - INFO - Random movement: AntAction.MOVE_FORWARD
2025-05-04 17:04:45,585 - INFO - Depositing home pheromone
2025-05-04 17:04:46,090 - INFO - Random movement: AntAction.TURN_RIGHT
2025-05-04 17:04:46,552 - INFO - Depositing home pheromone
2025-05-04 17:04:47,085 - INFO - Random movement: AntAction.TURN_RIGHT
2025-05-04 17:04:47,587 - INFO - Depositing home pheromone
2025-05-04 17:04:48,046 - INFO - Random movement: AntAction.MOVE_FORWARD
2025-05-04 17:04:48,496 - INFO - Depositing home pheromone
2025-05-04 17:04:48,896 - INFO - Random movement: AntAction.TURN_RIGHT
2025-05-04 17:04:49,352 - INFO - Depositing home pheromone
2025-05-04 17:04:49,902 - INFO - Random movement: AntAction.MOVE_FORWARD
2025-05-04 17:04:50,398 - INFO - Depositing home pheromone
2025-05-04 17:04:50,904 - INFO - Random movement: AntAction.MOVE_FORWARD
2025-05-04 17:04:51,402 - INFO - Depositing home pheromone
2025-05-04 17:04:51,917 - INFO - Random movement: AntAction.TURN_LEFT
2025-05-04 17:04:52,430 - INFO - Bored after searching for food for 51 steps, making random move
2025-05-04 17:04:52,431 - INFO - Made random move: AntAction.TURN_LEFT
2025-05-04 17:04:53,084 - INFO - Depositing home pheromone
2025-05-04 17:04:53,608 - INFO - Random movement: AntAction.TURN_LEFT
2025-05-04 17:04:54,115 - INFO - Depositing home pheromone
2025-05-04 17:04:54,639 - INFO - Random movement: AntAction.TURN_LEFT
2025-05-04 17:04:55,130 - INFO - Depositing home pheromone
2025-05-04 17:04:55,680 - INFO - Random movement: AntAction.TURN_LEFT
2025-05-04 17:04:56,188 - INFO - Depositing home pheromone
2025-05-04 17:04:56,716 - INFO - Random movement: AntAction.MOVE_FORWARD
2025-05-04 17:04:57,216 - INFO - Depositing home pheromone
2025-05-04 17:04:57,753 - INFO - Random movement: AntAction.TURN_RIGHT
2025-05-04 17:04:58,229 - INFO - Depositing home pheromone
2025-05-04 17:04:58,792 - INFO - Random movement: AntAction.MOVE_FORWARD
2025-05-04 17:04:59,307 - INFO - Depositing home pheromone
2025-05-04 17:04:59,891 - INFO - Random movement: AntAction.MOVE_FORWARD
2025-05-04 17:05:00,456 - INFO - Depositing home pheromone
2025-05-04 17:05:01,073 - INFO - Random movement: AntAction.TURN_RIGHT
2025-05-04 17:05:01,591 - INFO - Depositing home pheromone
2025-05-04 17:05:02,167 - INFO - Random movement: AntAction.TURN_RIGHT
2025-05-04 17:05:02,795 - INFO - Depositing home pheromone
2025-05-04 17:05:03,399 - INFO - Random movement: AntAction.TURN_LEFT
2025-05-04 17:05:03,936 - INFO - Depositing home pheromone
