2025-05-04 17:04:26,183 - INFO - Initialized with direction Direction.EAST
2025-05-04 17:04:26,185 - INFO - Depositing home pheromone
2025-05-04 17:04:27,276 - INFO - Random movement: AntAction.MOVE_FORWARD
2025-05-04 17:04:27,894 - INFO - Depositing home pheromone
2025-05-04 17:04:28,434 - INFO - Random movement: AntAction.MOVE_FORWARD
2025-05-04 17:04:28,965 - INFO - Depositing home pheromone
2025-05-04 17:04:29,449 - INFO - Random movement: AntAction.TURN_LEFT
2025-05-04 17:04:30,026 - INFO - Depositing home pheromone
2025-05-04 17:04:30,640 - INFO - Random movement: AntAction.TURN_LEFT
2025-05-04 17:04:31,193 - INFO - Depositing home pheromone
2025-05-04 17:04:31,656 - INFO - Random movement: AntAction.TURN_LEFT
2025-05-04 17:04:32,172 - INFO - Depositing home pheromone
2025-05-04 17:04:32,662 - INFO - Random movement: AntAction.TURN_LEFT
2025-05-04 17:04:33,190 - INFO - Depositing home pheromone
2025-05-04 17:04:33,684 - INFO - Random movement: AntAction.MOVE_FORWARD
2025-05-04 17:04:34,196 - INFO - Depositing home pheromone
2025-05-04 17:04:34,659 - INFO - Random movement: AntAction.MOVE_FORWARD
2025-05-04 17:04:35,178 - INFO - Depositing home pheromone
2025-05-04 17:04:35,709 - INFO - Random movement: AntAction.TURN_LEFT
2025-05-04 17:04:36,315 - INFO - Depositing home pheromone
2025-05-04 17:04:36,862 - INFO - Random movement: AntAction.TURN_LEFT
2025-05-04 17:04:37,440 - INFO - Depositing home pheromone
2025-05-04 17:04:37,957 - INFO - Random movement: AntAction.MOVE_FORWARD
2025-05-04 17:04:38,489 - INFO - Depositing home pheromone
2025-05-04 17:04:39,001 - INFO - Random movement: AntAction.MOVE_FORWARD
2025-05-04 17:04:39,542 - INFO - Depositing home pheromone
2025-05-04 17:04:40,050 - INFO - Random movement: AntAction.MOVE_FORWARD
2025-05-04 17:04:40,612 - INFO - Depositing home pheromone
2025-05-04 17:04:41,138 - INFO - Random movement: AntAction.TURN_LEFT
2025-05-04 17:04:41,637 - INFO - Depositing home pheromone
2025-05-04 17:04:42,145 - INFO - Random movement: AntAction.MOVE_FORWARD
2025-05-04 17:04:42,675 - INFO - Depositing home pheromone
2025-05-04 17:04:43,209 - INFO - Random movement: AntAction.MOVE_FORWARD
2025-05-04 17:04:43,750 - INFO - Depositing home pheromone
2025-05-04 17:04:44,250 - INFO - Random movement: AntAction.TURN_RIGHT
2025-05-04 17:04:44,790 - INFO - Depositing home pheromone
2025-05-04 17:04:45,272 - INFO - Random movement: AntAction.MOVE_FORWARD
2025-05-04 17:04:45,792 - INFO - Depositing home pheromone
2025-05-04 17:04:46,278 - INFO - Random movement: AntAction.TURN_RIGHT
2025-05-04 17:04:46,777 - INFO - Depositing home pheromone
2025-05-04 17:04:47,273 - INFO - Random movement: AntAction.TURN_RIGHT
2025-05-04 17:04:47,760 - INFO - Depositing home pheromone
2025-05-04 17:04:48,207 - INFO - Random movement: AntAction.MOVE_FORWARD
2025-05-04 17:04:48,658 - INFO - Depositing home pheromone
2025-05-04 17:04:49,078 - INFO - Random movement: AntAction.MOVE_FORWARD
2025-05-04 17:04:49,586 - INFO - Depositing home pheromone
2025-05-04 17:04:50,089 - INFO - Random movement: AntAction.TURN_LEFT
2025-05-04 17:04:50,605 - INFO - Depositing home pheromone
2025-05-04 17:04:51,090 - INFO - Random movement: AntAction.TURN_LEFT
2025-05-04 17:04:51,605 - INFO - Depositing home pheromone
2025-05-04 17:04:52,100 - INFO - Random movement: AntAction.MOVE_FORWARD
2025-05-04 17:04:52,732 - INFO - Bored after searching for food for 51 steps, making random move
2025-05-04 17:04:52,735 - INFO - Made random move: AntAction.TURN_LEFT
2025-05-04 17:04:53,304 - INFO - Depositing home pheromone
2025-05-04 17:04:53,801 - INFO - Random movement: AntAction.MOVE_FORWARD
2025-05-04 17:04:54,346 - INFO - Depositing home pheromone
2025-05-04 17:04:54,825 - INFO - Random movement: AntAction.MOVE_FORWARD
2025-05-04 17:04:55,350 - INFO - Depositing home pheromone
2025-05-04 17:04:55,876 - INFO - Random movement: AntAction.TURN_RIGHT
2025-05-04 17:04:56,393 - INFO - Depositing home pheromone
2025-05-04 17:04:56,878 - INFO - Random movement: AntAction.MOVE_FORWARD
2025-05-04 17:04:57,446 - INFO - Depositing home pheromone
2025-05-04 17:04:57,928 - INFO - Random movement: AntAction.MOVE_FORWARD
2025-05-04 17:04:58,471 - INFO - Depositing home pheromone
2025-05-04 17:04:58,990 - INFO - Random movement: AntAction.TURN_LEFT
2025-05-04 17:04:59,545 - INFO - Depositing home pheromone
2025-05-04 17:05:00,105 - INFO - Random movement: AntAction.MOVE_FORWARD
2025-05-04 17:05:00,712 - INFO - Depositing home pheromone
2025-05-04 17:05:01,262 - INFO - Random movement: AntAction.TURN_LEFT
2025-05-04 17:05:01,817 - INFO - Depositing home pheromone
2025-05-04 17:05:02,394 - INFO - Random movement: AntAction.MOVE_FORWARD
2025-05-04 17:05:03,054 - INFO - Depositing home pheromone
2025-05-04 17:05:03,600 - INFO - Random movement: AntAction.MOVE_FORWARD
2025-05-04 17:05:04,173 - INFO - Depositing home pheromone
