2025-05-04 17:04:24,729 - INFO - Initialized with direction Direction.NORTHEAST
2025-05-04 17:04:24,731 - INFO - Depositing home pheromone
2025-05-04 17:04:26,981 - INFO - Random movement: AntAction.TURN_RIGHT
2025-05-04 17:04:27,602 - INFO - Depositing home pheromone
2025-05-04 17:04:28,178 - INFO - Random movement: AntAction.MOVE_FORWARD
2025-05-04 17:04:28,700 - INFO - Depositing home pheromone
2025-05-04 17:04:29,235 - INFO - Random movement: AntAction.MOVE_FORWARD
2025-05-04 17:04:29,712 - INFO - Depositing home pheromone
2025-05-04 17:04:30,299 - INFO - Random movement: AntAction.TURN_LEFT
2025-05-04 17:04:30,912 - INFO - Depositing home pheromone
2025-05-04 17:04:31,442 - INFO - Random movement: AntAction.TURN_LEFT
2025-05-04 17:04:31,908 - INFO - Depositing home pheromone
2025-05-04 17:04:32,442 - INFO - Random movement: AntAction.TURN_LEFT
2025-05-04 17:04:32,931 - INFO - Depositing home pheromone
2025-05-04 17:04:33,473 - INFO - Random movement: AntAction.TURN_LEFT
2025-05-04 17:04:33,940 - INFO - Depositing home pheromone
2025-05-04 17:04:34,455 - INFO - Random movement: AntAction.MOVE_FORWARD
2025-05-04 17:04:34,902 - INFO - Depositing home pheromone
2025-05-04 17:04:35,472 - INFO - Random movement: AntAction.MOVE_FORWARD
2025-05-04 17:04:36,017 - INFO - Depositing home pheromone
2025-05-04 17:04:36,642 - INFO - Random movement: AntAction.TURN_LEFT
2025-05-04 17:04:37,130 - INFO - Depositing home pheromone
2025-05-04 17:04:37,740 - INFO - Random movement: AntAction.TURN_LEFT
2025-05-04 17:04:38,220 - INFO - Depositing home pheromone
2025-05-04 17:04:38,777 - INFO - Random movement: AntAction.MOVE_FORWARD
2025-05-04 17:04:39,262 - INFO - Depositing home pheromone
2025-05-04 17:04:39,840 - INFO - Random movement: AntAction.MOVE_FORWARD
2025-05-04 17:04:40,322 - INFO - Depositing home pheromone
2025-05-04 17:04:40,905 - INFO - Random movement: AntAction.TURN_LEFT
2025-05-04 17:04:41,390 - INFO - Depositing home pheromone
2025-05-04 17:04:41,909 - INFO - Random movement: AntAction.MOVE_FORWARD
2025-05-04 17:04:42,402 - INFO - Depositing home pheromone
2025-05-04 17:04:42,974 - INFO - Random movement: AntAction.MOVE_FORWARD
2025-05-04 17:04:43,495 - INFO - Depositing home pheromone
2025-05-04 17:04:44,019 - INFO - Random movement: AntAction.TURN_RIGHT
2025-05-04 17:04:44,528 - INFO - Depositing home pheromone
2025-05-04 17:04:45,058 - INFO - Random movement: AntAction.MOVE_FORWARD
2025-05-04 17:04:45,538 - INFO - Depositing home pheromone
2025-05-04 17:04:46,050 - INFO - Random movement: AntAction.MOVE_FORWARD
2025-05-04 17:04:46,513 - INFO - Depositing home pheromone
2025-05-04 17:04:47,046 - INFO - Random movement: AntAction.MOVE_FORWARD
2025-05-04 17:04:47,545 - INFO - Depositing home pheromone
2025-05-04 17:04:48,010 - INFO - Random movement: AntAction.MOVE_FORWARD
2025-05-04 17:04:48,453 - INFO - Depositing home pheromone
2025-05-04 17:04:48,865 - INFO - Random movement: AntAction.TURN_RIGHT
2025-05-04 17:04:49,310 - INFO - Depositing home pheromone
2025-05-04 17:04:49,866 - INFO - Random movement: AntAction.MOVE_FORWARD
2025-05-04 17:04:50,359 - INFO - Depositing home pheromone
2025-05-04 17:04:50,860 - INFO - Random movement: AntAction.MOVE_FORWARD
2025-05-04 17:04:51,356 - INFO - Depositing home pheromone
2025-05-04 17:04:51,878 - INFO - Random movement: AntAction.TURN_LEFT
2025-05-04 17:04:52,370 - INFO - Bored after searching for food for 51 steps, making random move
2025-05-04 17:04:52,372 - INFO - Made random move: AntAction.MOVE_FORWARD
2025-05-04 17:04:53,039 - INFO - Depositing home pheromone
2025-05-04 17:04:53,576 - INFO - Random movement: AntAction.MOVE_FORWARD
2025-05-04 17:04:54,065 - INFO - Depositing home pheromone
2025-05-04 17:04:54,598 - INFO - Random movement: AntAction.MOVE_FORWARD
2025-05-04 17:04:55,086 - INFO - Depositing home pheromone
2025-05-04 17:04:55,640 - INFO - Random movement: AntAction.TURN_LEFT
2025-05-04 17:04:56,139 - INFO - Depositing home pheromone
2025-05-04 17:04:56,670 - INFO - Random movement: AntAction.MOVE_FORWARD
2025-05-04 17:04:57,169 - INFO - Depositing home pheromone
2025-05-04 17:04:57,715 - INFO - Random movement: AntAction.TURN_LEFT
2025-05-04 17:04:58,180 - INFO - Depositing home pheromone
2025-05-04 17:04:58,755 - INFO - Random movement: AntAction.TURN_LEFT
2025-05-04 17:04:59,255 - INFO - Depositing home pheromone
2025-05-04 17:04:59,842 - INFO - Random movement: AntAction.TURN_LEFT
2025-05-04 17:05:00,406 - INFO - Depositing home pheromone
2025-05-04 17:05:01,022 - INFO - Random movement: AntAction.MOVE_FORWARD
2025-05-04 17:05:01,543 - INFO - Depositing home pheromone
2025-05-04 17:05:02,128 - INFO - Random movement: AntAction.TURN_RIGHT
2025-05-04 17:05:02,740 - INFO - Depositing home pheromone
2025-05-04 17:05:03,348 - INFO - Random movement: AntAction.MOVE_FORWARD
2025-05-04 17:05:03,884 - INFO - Depositing home pheromone
