2025-05-04 17:04:25,030 - INFO - Initialized with direction Direction.NORTH
2025-05-04 17:04:25,032 - INFO - Depositing home pheromone
2025-05-04 17:04:27,071 - INFO - Random movement: AntAction.TURN_LEFT
2025-05-04 17:04:27,690 - INFO - Depositing home pheromone
2025-05-04 17:04:28,261 - INFO - Random movement: AntAction.TURN_LEFT
2025-05-04 17:04:28,780 - INFO - Depositing home pheromone
2025-05-04 17:04:29,298 - INFO - Random movement: AntAction.TURN_LEFT
2025-05-04 17:04:29,810 - INFO - Depositing home pheromone
2025-05-04 17:04:30,399 - INFO - Random movement: AntAction.TURN_LEFT
2025-05-04 17:04:30,996 - INFO - Depositing home pheromone
2025-05-04 17:04:31,506 - INFO - Random movement: AntAction.MOVE_FORWARD
2025-05-04 17:04:31,981 - INFO - Depositing home pheromone
2025-05-04 17:04:32,500 - INFO - Random movement: AntAction.MOVE_FORWARD
2025-05-04 17:04:33,004 - INFO - Depositing home pheromone
2025-05-04 17:04:33,538 - INFO - Random movement: AntAction.MOVE_FORWARD
2025-05-04 17:04:34,005 - INFO - Depositing home pheromone
2025-05-04 17:04:34,513 - INFO - Random movement: AntAction.MOVE_FORWARD
2025-05-04 17:04:34,977 - INFO - Depositing home pheromone
2025-05-04 17:04:35,542 - INFO - Random movement: AntAction.TURN_LEFT
2025-05-04 17:04:36,096 - INFO - Depositing home pheromone
2025-05-04 17:04:36,709 - INFO - Random movement: AntAction.MOVE_FORWARD
2025-05-04 17:04:37,209 - INFO - Depositing home pheromone
2025-05-04 17:04:37,795 - INFO - Random movement: AntAction.MOVE_FORWARD
2025-05-04 17:04:38,287 - INFO - Depositing home pheromone
2025-05-04 17:04:38,837 - INFO - Random movement: AntAction.TURN_RIGHT
2025-05-04 17:04:39,337 - INFO - Depositing home pheromone
2025-05-04 17:04:39,896 - INFO - Random movement: AntAction.TURN_RIGHT
2025-05-04 17:04:40,408 - INFO - Depositing home pheromone
2025-05-04 17:04:40,968 - INFO - Random movement: AntAction.TURN_LEFT
2025-05-04 17:04:41,454 - INFO - Depositing home pheromone
2025-05-04 17:04:41,981 - INFO - Random movement: AntAction.MOVE_FORWARD
2025-05-04 17:04:42,476 - INFO - Depositing home pheromone
2025-05-04 17:04:43,041 - INFO - Random movement: AntAction.MOVE_FORWARD
2025-05-04 17:04:43,564 - INFO - Depositing home pheromone
2025-05-04 17:04:44,082 - INFO - Random movement: AntAction.TURN_RIGHT
2025-05-04 17:04:44,602 - INFO - Depositing home pheromone
2025-05-04 17:04:45,121 - INFO - Random movement: AntAction.MOVE_FORWARD
2025-05-04 17:04:45,609 - INFO - Depositing home pheromone
2025-05-04 17:04:46,110 - INFO - Random movement: AntAction.MOVE_FORWARD
2025-05-04 17:04:46,577 - INFO - Depositing home pheromone
2025-05-04 17:04:47,107 - INFO - Random movement: AntAction.TURN_LEFT
2025-05-04 17:04:47,607 - INFO - Depositing home pheromone
2025-05-04 17:04:48,066 - INFO - Random movement: AntAction.MOVE_FORWARD
2025-05-04 17:04:48,520 - INFO - Depositing home pheromone
2025-05-04 17:04:48,919 - INFO - Random movement: AntAction.MOVE_FORWARD
2025-05-04 17:04:49,382 - INFO - Depositing home pheromone
2025-05-04 17:04:49,924 - INFO - Random movement: AntAction.MOVE_FORWARD
2025-05-04 17:04:50,422 - INFO - Depositing home pheromone
2025-05-04 17:04:50,927 - INFO - Random movement: AntAction.MOVE_FORWARD
2025-05-04 17:04:51,427 - INFO - Depositing home pheromone
2025-05-04 17:04:51,942 - INFO - Random movement: AntAction.TURN_LEFT
2025-05-04 17:04:52,468 - INFO - Bored after searching for food for 51 steps, making random move
2025-05-04 17:04:52,469 - INFO - Made random move: AntAction.TURN_LEFT
2025-05-04 17:04:53,112 - INFO - Depositing home pheromone
2025-05-04 17:04:53,633 - INFO - Random movement: AntAction.TURN_LEFT
2025-05-04 17:04:54,144 - INFO - Depositing home pheromone
2025-05-04 17:04:54,661 - INFO - Random movement: AntAction.MOVE_FORWARD
2025-05-04 17:04:55,160 - INFO - Depositing home pheromone
2025-05-04 17:04:55,706 - INFO - Random movement: AntAction.MOVE_FORWARD
2025-05-04 17:04:56,219 - INFO - Depositing home pheromone
2025-05-04 17:04:56,737 - INFO - Random movement: AntAction.TURN_RIGHT
2025-05-04 17:04:57,245 - INFO - Depositing home pheromone
2025-05-04 17:04:57,773 - INFO - Random movement: AntAction.MOVE_FORWARD
2025-05-04 17:04:58,260 - INFO - Depositing home pheromone
2025-05-04 17:04:58,819 - INFO - Random movement: AntAction.MOVE_FORWARD
2025-05-04 17:04:59,337 - INFO - Depositing home pheromone
2025-05-04 17:04:59,919 - INFO - Random movement: AntAction.MOVE_FORWARD
2025-05-04 17:05:00,489 - INFO - Depositing home pheromone
2025-05-04 17:05:01,098 - INFO - Random movement: AntAction.MOVE_FORWARD
2025-05-04 17:05:01,620 - INFO - Depositing home pheromone
2025-05-04 17:05:02,197 - INFO - Random movement: AntAction.MOVE_FORWARD
2025-05-04 17:05:02,824 - INFO - Depositing home pheromone
2025-05-04 17:05:03,428 - INFO - Random movement: AntAction.MOVE_FORWARD
2025-05-04 17:05:03,965 - INFO - Depositing home pheromone
