2025-05-04 17:04:24,713 - INFO - Initialized with direction Direction.SOUTHEAST
2025-05-04 17:04:24,716 - INFO - Depositing home pheromone
2025-05-04 17:04:26,978 - INFO - Random movement: AntAction.MOVE_FORWARD
2025-05-04 17:04:27,599 - INFO - Depositing home pheromone
2025-05-04 17:04:28,175 - INFO - Random movement: AntAction.MOVE_FORWARD
2025-05-04 17:04:28,697 - INFO - Depositing home pheromone
2025-05-04 17:04:29,232 - INFO - Random movement: AntAction.TURN_RIGHT
2025-05-04 17:04:29,709 - INFO - Depositing home pheromone
2025-05-04 17:04:30,295 - INFO - Random movement: AntAction.MOVE_FORWARD
2025-05-04 17:04:30,910 - INFO - Depositing home pheromone
2025-05-04 17:04:31,439 - INFO - Random movement: AntAction.MOVE_FORWARD
2025-05-04 17:04:31,906 - INFO - Depositing home pheromone
2025-05-04 17:04:32,439 - INFO - Random movement: AntAction.MOVE_FORWARD
2025-05-04 17:04:32,924 - INFO - Depositing home pheromone
2025-05-04 17:04:33,470 - INFO - Random movement: AntAction.MOVE_FORWARD
2025-05-04 17:04:33,937 - INFO - Depositing home pheromone
2025-05-04 17:04:34,453 - INFO - Random movement: AntAction.TURN_RIGHT
2025-05-04 17:04:34,898 - INFO - Depositing home pheromone
2025-05-04 17:04:35,470 - INFO - Random movement: AntAction.MOVE_FORWARD
2025-05-04 17:04:36,010 - INFO - Depositing home pheromone
2025-05-04 17:04:36,640 - INFO - Random movement: AntAction.MOVE_FORWARD
2025-05-04 17:04:37,128 - INFO - Depositing home pheromone
2025-05-04 17:04:37,738 - INFO - Random movement: AntAction.TURN_LEFT
2025-05-04 17:04:38,218 - INFO - Depositing home pheromone
2025-05-04 17:04:38,772 - INFO - Random movement: AntAction.MOVE_FORWARD
2025-05-04 17:04:39,259 - INFO - Depositing home pheromone
2025-05-04 17:04:39,838 - INFO - Random movement: AntAction.MOVE_FORWARD
2025-05-04 17:04:40,317 - INFO - Depositing home pheromone
2025-05-04 17:04:40,902 - INFO - Random movement: AntAction.TURN_LEFT
2025-05-04 17:04:41,387 - INFO - Depositing home pheromone
2025-05-04 17:04:41,906 - INFO - Random movement: AntAction.MOVE_FORWARD
2025-05-04 17:04:42,398 - INFO - Depositing home pheromone
2025-05-04 17:04:42,971 - INFO - Random movement: AntAction.MOVE_FORWARD
2025-05-04 17:04:43,492 - INFO - Depositing home pheromone
2025-05-04 17:04:44,013 - INFO - Random movement: AntAction.TURN_LEFT
2025-05-04 17:04:44,525 - INFO - Depositing home pheromone
2025-05-04 17:04:45,052 - INFO - Random movement: AntAction.MOVE_FORWARD
2025-05-04 17:04:45,533 - INFO - Depositing home pheromone
2025-05-04 17:04:46,047 - INFO - Random movement: AntAction.MOVE_FORWARD
2025-05-04 17:04:46,511 - INFO - Depositing home pheromone
2025-05-04 17:04:47,043 - INFO - Random movement: AntAction.MOVE_FORWARD
2025-05-04 17:04:47,541 - INFO - Depositing home pheromone
2025-05-04 17:04:48,008 - INFO - Random movement: AntAction.TURN_RIGHT
2025-05-04 17:04:48,450 - INFO - Depositing home pheromone
2025-05-04 17:04:48,862 - INFO - Random movement: AntAction.TURN_RIGHT
2025-05-04 17:04:49,308 - INFO - Depositing home pheromone
2025-05-04 17:04:49,863 - INFO - Random movement: AntAction.MOVE_FORWARD
2025-05-04 17:04:50,355 - INFO - Depositing home pheromone
2025-05-04 17:04:50,858 - INFO - Random movement: AntAction.MOVE_FORWARD
2025-05-04 17:04:51,353 - INFO - Depositing home pheromone
2025-05-04 17:04:51,876 - INFO - Random movement: AntAction.TURN_LEFT
2025-05-04 17:04:52,367 - INFO - Bored after searching for food for 51 steps, making random move
2025-05-04 17:04:52,367 - INFO - Made random move: AntAction.TURN_LEFT
2025-05-04 17:04:53,036 - INFO - Depositing home pheromone
2025-05-04 17:04:53,574 - INFO - Random movement: AntAction.MOVE_FORWARD
2025-05-04 17:04:54,062 - INFO - Depositing home pheromone
2025-05-04 17:04:54,594 - INFO - Random movement: AntAction.TURN_LEFT
2025-05-04 17:04:55,083 - INFO - Depositing home pheromone
2025-05-04 17:04:55,639 - INFO - Random movement: AntAction.TURN_LEFT
2025-05-04 17:04:56,134 - INFO - Depositing home pheromone
2025-05-04 17:04:56,667 - INFO - Random movement: AntAction.TURN_LEFT
2025-05-04 17:04:57,166 - INFO - Depositing home pheromone
2025-05-04 17:04:57,713 - INFO - Random movement: AntAction.MOVE_FORWARD
2025-05-04 17:04:58,177 - INFO - Depositing home pheromone
2025-05-04 17:04:58,752 - INFO - Random movement: AntAction.MOVE_FORWARD
2025-05-04 17:04:59,251 - INFO - Depositing home pheromone
2025-05-04 17:04:59,839 - INFO - Random movement: AntAction.TURN_LEFT
2025-05-04 17:05:00,398 - INFO - Depositing home pheromone
2025-05-04 17:05:01,017 - INFO - Random movement: AntAction.TURN_LEFT
2025-05-04 17:05:01,540 - INFO - Depositing home pheromone
2025-05-04 17:05:02,125 - INFO - Random movement: AntAction.TURN_LEFT
2025-05-04 17:05:02,736 - INFO - Depositing home pheromone
2025-05-04 17:05:03,344 - INFO - Random movement: AntAction.MOVE_FORWARD
2025-05-04 17:05:03,880 - INFO - Depositing home pheromone
