2025-05-04 17:04:25,497 - INFO - Initialized with direction Direction.SOUTHEAST
2025-05-04 17:04:25,498 - INFO - Depositing home pheromone
2025-05-04 17:04:27,174 - INFO - Random movement: AntAction.MOVE_FORWARD
2025-05-04 17:04:27,800 - INFO - Depositing home pheromone
2025-05-04 17:04:28,356 - INFO - Random movement: AntAction.MOVE_FORWARD
2025-05-04 17:04:28,878 - INFO - Depositing home pheromone
2025-05-04 17:04:29,379 - INFO - Random movement: AntAction.TURN_RIGHT
2025-05-04 17:04:29,926 - INFO - Depositing home pheromone
2025-05-04 17:04:30,522 - INFO - Random movement: AntAction.MOVE_FORWARD
2025-05-04 17:04:31,105 - INFO - Depositing home pheromone
2025-05-04 17:04:31,594 - INFO - Random movement: AntAction.MOVE_FORWARD
2025-05-04 17:04:32,081 - INFO - Depositing home pheromone
2025-05-04 17:04:32,591 - INFO - Random movement: AntAction.MOVE_FORWARD
2025-05-04 17:04:33,105 - INFO - Depositing home pheromone
2025-05-04 17:04:33,621 - INFO - Random movement: AntAction.MOVE_FORWARD
2025-05-04 17:04:34,099 - INFO - Depositing home pheromone
2025-05-04 17:04:34,590 - INFO - Random movement: AntAction.MOVE_FORWARD
2025-05-04 17:04:35,087 - INFO - Depositing home pheromone
2025-05-04 17:04:35,634 - INFO - Random movement: AntAction.TURN_RIGHT
2025-05-04 17:04:36,217 - INFO - Depositing home pheromone
2025-05-04 17:04:36,798 - INFO - Random movement: AntAction.MOVE_FORWARD
2025-05-04 17:04:37,327 - INFO - Depositing home pheromone
2025-05-04 17:04:37,885 - INFO - Random movement: AntAction.MOVE_FORWARD
2025-05-04 17:04:38,399 - INFO - Depositing home pheromone
2025-05-04 17:04:38,926 - INFO - Random movement: AntAction.TURN_LEFT
2025-05-04 17:04:39,447 - INFO - Depositing home pheromone
2025-05-04 17:04:39,978 - INFO - Random movement: AntAction.MOVE_FORWARD
2025-05-04 17:04:40,517 - INFO - Depositing home pheromone
2025-05-04 17:04:41,060 - INFO - Random movement: AntAction.MOVE_FORWARD
2025-05-04 17:04:41,550 - INFO - Depositing home pheromone
2025-05-04 17:04:42,078 - INFO - Random movement: AntAction.TURN_LEFT
2025-05-04 17:04:42,580 - INFO - Depositing home pheromone
2025-05-04 17:04:43,129 - INFO - Random movement: AntAction.MOVE_FORWARD
2025-05-04 17:04:43,668 - INFO - Depositing home pheromone
2025-05-04 17:04:44,173 - INFO - Random movement: AntAction.TURN_LEFT
2025-05-04 17:04:44,709 - INFO - Depositing home pheromone
2025-05-04 17:04:45,204 - INFO - Random movement: AntAction.MOVE_FORWARD
2025-05-04 17:04:45,708 - INFO - Depositing home pheromone
2025-05-04 17:04:46,198 - INFO - Random movement: AntAction.MOVE_FORWARD
2025-05-04 17:04:46,680 - INFO - Depositing home pheromone
2025-05-04 17:04:47,199 - INFO - Random movement: AntAction.MOVE_FORWARD
2025-05-04 17:04:47,688 - INFO - Depositing home pheromone
2025-05-04 17:04:48,140 - INFO - Random movement: AntAction.TURN_RIGHT
2025-05-04 17:04:48,587 - INFO - Depositing home pheromone
2025-05-04 17:04:49,005 - INFO - Random movement: AntAction.MOVE_FORWARD
2025-05-04 17:04:49,490 - INFO - Depositing home pheromone
2025-05-04 17:04:50,012 - INFO - Random movement: AntAction.MOVE_FORWARD
2025-05-04 17:04:50,520 - INFO - Depositing home pheromone
2025-05-04 17:04:51,014 - INFO - Random movement: AntAction.TURN_LEFT
2025-05-04 17:04:51,522 - INFO - Depositing home pheromone
2025-05-04 17:04:52,027 - INFO - Random movement: AntAction.MOVE_FORWARD
2025-05-04 17:04:52,613 - INFO - Bored after searching for food for 51 steps, making random move
2025-05-04 17:04:52,615 - INFO - Made random move: AntAction.MOVE_FORWARD
2025-05-04 17:04:53,210 - INFO - Depositing home pheromone
2025-05-04 17:04:53,721 - INFO - Random movement: AntAction.TURN_LEFT
2025-05-04 17:04:54,263 - INFO - Depositing home pheromone
2025-05-04 17:04:54,753 - INFO - Random movement: AntAction.TURN_LEFT
2025-05-04 17:04:55,264 - INFO - Depositing home pheromone
2025-05-04 17:04:55,799 - INFO - Random movement: AntAction.MOVE_FORWARD
2025-05-04 17:04:56,324 - INFO - Depositing home pheromone
2025-05-04 17:04:56,804 - INFO - Random movement: AntAction.TURN_LEFT
2025-05-04 17:04:57,348 - INFO - Depositing home pheromone
2025-05-04 17:04:57,852 - INFO - Random movement: AntAction.TURN_RIGHT
2025-05-04 17:04:58,372 - INFO - Depositing home pheromone
2025-05-04 17:04:58,914 - INFO - Random movement: AntAction.MOVE_FORWARD
2025-05-04 17:04:59,448 - INFO - Depositing home pheromone
2025-05-04 17:05:00,019 - INFO - Random movement: AntAction.MOVE_FORWARD
2025-05-04 17:05:00,599 - INFO - Depositing home pheromone
2025-05-04 17:05:01,182 - INFO - Random movement: AntAction.MOVE_FORWARD
2025-05-04 17:05:01,730 - INFO - Depositing home pheromone
2025-05-04 17:05:02,303 - INFO - Random movement: AntAction.MOVE_FORWARD
2025-05-04 17:05:02,952 - INFO - Depositing home pheromone
2025-05-04 17:05:03,529 - INFO - Random movement: AntAction.MOVE_FORWARD
2025-05-04 17:05:04,073 - INFO - Depositing home pheromone
