2025-05-04 17:04:26,495 - INFO - Initialized with direction Direction.SOUTHEAST
2025-05-04 17:04:26,502 - INFO - Depositing home pheromone
2025-05-04 17:04:27,332 - INFO - Random movement: AntAction.TURN_RIGHT
2025-05-04 17:04:27,949 - INFO - Depositing home pheromone
2025-05-04 17:04:28,477 - INFO - Random movement: AntAction.TURN_LEFT
2025-05-04 17:04:29,022 - INFO - Depositing home pheromone
2025-05-04 17:04:29,492 - INFO - Random movement: AntAction.MOVE_FORWARD
2025-05-04 17:04:30,085 - INFO - Depositing home pheromone
2025-05-04 17:04:30,703 - INFO - Random movement: AntAction.TURN_RIGHT
2025-05-04 17:04:31,243 - INFO - Depositing home pheromone
2025-05-04 17:04:31,690 - INFO - Random movement: AntAction.TURN_LEFT
2025-05-04 17:04:32,224 - INFO - Depositing home pheromone
2025-05-04 17:04:32,705 - INFO - Random movement: AntAction.MOVE_FORWARD
2025-05-04 17:04:33,245 - INFO - Depositing home pheromone
2025-05-04 17:04:33,723 - INFO - Random movement: AntAction.TURN_RIGHT
2025-05-04 17:04:34,249 - INFO - Depositing home pheromone
2025-05-04 17:04:34,701 - INFO - Random movement: AntAction.MOVE_FORWARD
2025-05-04 17:04:35,235 - INFO - Depositing home pheromone
2025-05-04 17:04:35,757 - INFO - Random movement: AntAction.TURN_RIGHT
2025-05-04 17:04:36,382 - INFO - Depositing home pheromone
2025-05-04 17:04:36,903 - INFO - Random movement: AntAction.MOVE_FORWARD
2025-05-04 17:04:37,509 - INFO - Depositing home pheromone
2025-05-04 17:04:38,001 - INFO - Random movement: AntAction.MOVE_FORWARD
2025-05-04 17:04:38,548 - INFO - Depositing home pheromone
2025-05-04 17:04:39,043 - INFO - Random movement: AntAction.TURN_LEFT
2025-05-04 17:04:39,600 - INFO - Depositing home pheromone
2025-05-04 17:04:40,092 - INFO - Random movement: AntAction.TURN_LEFT
2025-05-04 17:04:40,668 - INFO - Depositing home pheromone
2025-05-04 17:04:41,178 - INFO - Random movement: AntAction.MOVE_FORWARD
2025-05-04 17:04:41,689 - INFO - Depositing home pheromone
2025-05-04 17:04:42,188 - INFO - Random movement: AntAction.TURN_RIGHT
2025-05-04 17:04:42,733 - INFO - Depositing home pheromone
2025-05-04 17:04:43,254 - INFO - Random movement: AntAction.MOVE_FORWARD
2025-05-04 17:04:43,801 - INFO - Depositing home pheromone
2025-05-04 17:04:44,292 - INFO - Random movement: AntAction.MOVE_FORWARD
2025-05-04 17:04:44,836 - INFO - Depositing home pheromone
2025-05-04 17:04:45,314 - INFO - Random movement: AntAction.MOVE_FORWARD
2025-05-04 17:04:45,840 - INFO - Depositing home pheromone
2025-05-04 17:04:46,322 - INFO - Random movement: AntAction.MOVE_FORWARD
2025-05-04 17:04:46,830 - INFO - Depositing home pheromone
2025-05-04 17:04:47,319 - INFO - Random movement: AntAction.MOVE_FORWARD
2025-05-04 17:04:47,809 - INFO - Depositing home pheromone
2025-05-04 17:04:48,250 - INFO - Random movement: AntAction.TURN_RIGHT
2025-05-04 17:04:48,697 - INFO - Depositing home pheromone
2025-05-04 17:04:49,120 - INFO - Random movement: AntAction.MOVE_FORWARD
2025-05-04 17:04:49,633 - INFO - Depositing home pheromone
2025-05-04 17:04:50,140 - INFO - Random movement: AntAction.TURN_LEFT
2025-05-04 17:04:50,654 - INFO - Depositing home pheromone
2025-05-04 17:04:51,138 - INFO - Random movement: AntAction.MOVE_FORWARD
2025-05-04 17:04:51,661 - INFO - Depositing home pheromone
2025-05-04 17:04:52,146 - INFO - Random movement: AntAction.MOVE_FORWARD
2025-05-04 17:04:52,806 - INFO - Bored after searching for food for 51 steps, making random move
2025-05-04 17:04:52,808 - INFO - Made random move: AntAction.TURN_LEFT
2025-05-04 17:04:53,359 - INFO - Depositing home pheromone
2025-05-04 17:04:53,846 - INFO - Random movement: AntAction.TURN_LEFT
2025-05-04 17:04:54,393 - INFO - Depositing home pheromone
2025-05-04 17:04:54,874 - INFO - Random movement: AntAction.MOVE_FORWARD
2025-05-04 17:04:55,409 - INFO - Depositing home pheromone
2025-05-04 17:04:55,922 - INFO - Random movement: AntAction.TURN_LEFT
2025-05-04 17:04:56,444 - INFO - Depositing home pheromone
2025-05-04 17:04:56,932 - INFO - Random movement: AntAction.MOVE_FORWARD
2025-05-04 17:04:57,499 - INFO - Depositing home pheromone
2025-05-04 17:04:57,968 - INFO - Random movement: AntAction.TURN_RIGHT
2025-05-04 17:04:58,531 - INFO - Depositing home pheromone
2025-05-04 17:04:59,035 - INFO - Random movement: AntAction.MOVE_FORWARD
2025-05-04 17:04:59,605 - INFO - Depositing home pheromone
2025-05-04 17:05:00,158 - INFO - Random movement: AntAction.MOVE_FORWARD
2025-05-04 17:05:00,770 - INFO - Depositing home pheromone
2025-05-04 17:05:01,317 - INFO - Random movement: AntAction.MOVE_FORWARD
2025-05-04 17:05:01,874 - INFO - Depositing home pheromone
2025-05-04 17:05:02,461 - INFO - Random movement: AntAction.MOVE_FORWARD
2025-05-04 17:05:03,116 - INFO - Depositing home pheromone
2025-05-04 17:05:03,649 - INFO - Random movement: AntAction.MOVE_FORWARD
2025-05-04 17:05:04,237 - INFO - Depositing home pheromone
