2025-05-04 17:04:25,009 - INFO - Initialized with direction Direction.SOUTH
2025-05-04 17:04:25,011 - INFO - Depositing home pheromone
2025-05-04 17:04:27,061 - INFO - Random movement: AntAction.TURN_LEFT
2025-05-04 17:04:27,683 - INFO - Depositing home pheromone
2025-05-04 17:04:28,255 - INFO - Random movement: AntAction.MOVE_FORWARD
2025-05-04 17:04:28,774 - INFO - Depositing home pheromone
2025-05-04 17:04:29,292 - INFO - Random movement: AntAction.TURN_RIGHT
2025-05-04 17:04:29,803 - INFO - Depositing home pheromone
2025-05-04 17:04:30,390 - INFO - Random movement: AntAction.MOVE_FORWARD
2025-05-04 17:04:30,989 - INFO - Depositing home pheromone
2025-05-04 17:04:31,502 - INFO - Random movement: AntAction.MOVE_FORWARD
2025-05-04 17:04:31,975 - INFO - Depositing home pheromone
2025-05-04 17:04:32,495 - INFO - Random movement: AntAction.MOVE_FORWARD
2025-05-04 17:04:32,997 - INFO - Depositing home pheromone
2025-05-04 17:04:33,532 - INFO - Random movement: AntAction.TURN_LEFT
2025-05-04 17:04:34,000 - INFO - Depositing home pheromone
2025-05-04 17:04:34,508 - INFO - Random movement: AntAction.MOVE_FORWARD
2025-05-04 17:04:34,971 - INFO - Depositing home pheromone
2025-05-04 17:04:35,537 - INFO - Random movement: AntAction.TURN_RIGHT
2025-05-04 17:04:36,089 - INFO - Depositing home pheromone
2025-05-04 17:04:36,704 - INFO - Random movement: AntAction.MOVE_FORWARD
2025-05-04 17:04:37,202 - INFO - Depositing home pheromone
2025-05-04 17:04:37,790 - INFO - Random movement: AntAction.MOVE_FORWARD
2025-05-04 17:04:38,280 - INFO - Depositing home pheromone
2025-05-04 17:04:38,832 - INFO - Random movement: AntAction.MOVE_FORWARD
2025-05-04 17:04:39,330 - INFO - Depositing home pheromone
2025-05-04 17:04:39,890 - INFO - Random movement: AntAction.MOVE_FORWARD
2025-05-04 17:04:40,402 - INFO - Depositing home pheromone
2025-05-04 17:04:40,962 - INFO - Random movement: AntAction.TURN_RIGHT
2025-05-04 17:04:41,447 - INFO - Depositing home pheromone
2025-05-04 17:04:41,975 - INFO - Random movement: AntAction.MOVE_FORWARD
2025-05-04 17:04:42,469 - INFO - Depositing home pheromone
2025-05-04 17:04:43,035 - INFO - Random movement: AntAction.MOVE_FORWARD
2025-05-04 17:04:43,557 - INFO - Depositing home pheromone
2025-05-04 17:04:44,077 - INFO - Random movement: AntAction.TURN_LEFT
2025-05-04 17:04:44,593 - INFO - Depositing home pheromone
2025-05-04 17:04:45,113 - INFO - Random movement: AntAction.TURN_LEFT
2025-05-04 17:04:45,604 - INFO - Depositing home pheromone
2025-05-04 17:04:46,105 - INFO - Random movement: AntAction.MOVE_FORWARD
2025-05-04 17:04:46,571 - INFO - Depositing home pheromone
2025-05-04 17:04:47,102 - INFO - Random movement: AntAction.MOVE_FORWARD
2025-05-04 17:04:47,602 - INFO - Depositing home pheromone
2025-05-04 17:04:48,061 - INFO - Random movement: AntAction.MOVE_FORWARD
2025-05-04 17:04:48,513 - INFO - Depositing home pheromone
2025-05-04 17:04:48,913 - INFO - Random movement: AntAction.TURN_LEFT
2025-05-04 17:04:49,375 - INFO - Depositing home pheromone
2025-05-04 17:04:49,919 - INFO - Random movement: AntAction.MOVE_FORWARD
2025-05-04 17:04:50,417 - INFO - Depositing home pheromone
2025-05-04 17:04:50,922 - INFO - Random movement: AntAction.MOVE_FORWARD
2025-05-04 17:04:51,421 - INFO - Depositing home pheromone
2025-05-04 17:04:51,935 - INFO - Random movement: AntAction.MOVE_FORWARD
2025-05-04 17:04:52,457 - INFO - Bored after searching for food for 51 steps, making random move
2025-05-04 17:04:52,458 - INFO - Made random move: AntAction.TURN_LEFT
2025-05-04 17:04:53,105 - INFO - Depositing home pheromone
2025-05-04 17:04:53,625 - INFO - Random movement: AntAction.MOVE_FORWARD
2025-05-04 17:04:54,137 - INFO - Depositing home pheromone
2025-05-04 17:04:54,655 - INFO - Random movement: AntAction.MOVE_FORWARD
2025-05-04 17:04:55,153 - INFO - Depositing home pheromone
2025-05-04 17:04:55,700 - INFO - Random movement: AntAction.TURN_LEFT
2025-05-04 17:04:56,210 - INFO - Depositing home pheromone
2025-05-04 17:04:56,730 - INFO - Random movement: AntAction.TURN_LEFT
2025-05-04 17:04:57,238 - INFO - Depositing home pheromone
2025-05-04 17:04:57,769 - INFO - Random movement: AntAction.MOVE_FORWARD
2025-05-04 17:04:58,251 - INFO - Depositing home pheromone
2025-05-04 17:04:58,814 - INFO - Random movement: AntAction.MOVE_FORWARD
2025-05-04 17:04:59,327 - INFO - Depositing home pheromone
2025-05-04 17:04:59,912 - INFO - Random movement: AntAction.TURN_RIGHT
2025-05-04 17:05:00,480 - INFO - Depositing home pheromone
2025-05-04 17:05:01,092 - INFO - Random movement: AntAction.MOVE_FORWARD
2025-05-04 17:05:01,610 - INFO - Depositing home pheromone
2025-05-04 17:05:02,190 - INFO - Random movement: AntAction.MOVE_FORWARD
2025-05-04 17:05:02,817 - INFO - Depositing home pheromone
2025-05-04 17:05:03,417 - INFO - Random movement: AntAction.MOVE_FORWARD
2025-05-04 17:05:03,959 - INFO - Depositing home pheromone
