2025-05-04 17:04:25,529 - INFO - Initialized with direction Direction.WEST
2025-05-04 17:04:25,532 - INFO - Depositing home pheromone
2025-05-04 17:04:27,178 - INFO - Random movement: AntAction.TURN_LEFT
2025-05-04 17:04:27,803 - INFO - Depositing home pheromone
2025-05-04 17:04:28,358 - INFO - Random movement: AntAction.TURN_LEFT
2025-05-04 17:04:28,882 - INFO - Depositing home pheromone
2025-05-04 17:04:29,381 - INFO - Random movement: AntAction.MOVE_FORWARD
2025-05-04 17:04:29,929 - INFO - Depositing home pheromone
2025-05-04 17:04:30,526 - INFO - Random movement: AntAction.MOVE_FORWARD
2025-05-04 17:04:31,109 - INFO - Depositing home pheromone
2025-05-04 17:04:31,596 - INFO - Random movement: AntAction.MOVE_FORWARD
2025-05-04 17:04:32,085 - INFO - Depositing home pheromone
2025-05-04 17:04:32,597 - INFO - Random movement: AntAction.MOVE_FORWARD
2025-05-04 17:04:33,110 - INFO - Depositing home pheromone
2025-05-04 17:04:33,623 - INFO - Random movement: AntAction.MOVE_FORWARD
2025-05-04 17:04:34,102 - INFO - Depositing home pheromone
2025-05-04 17:04:34,594 - INFO - Random movement: AntAction.MOVE_FORWARD
2025-05-04 17:04:35,093 - INFO - Depositing home pheromone
2025-05-04 17:04:35,637 - INFO - Random movement: AntAction.TURN_LEFT
2025-05-04 17:04:36,220 - INFO - Depositing home pheromone
2025-05-04 17:04:36,800 - INFO - Random movement: AntAction.MOVE_FORWARD
2025-05-04 17:04:37,336 - INFO - Depositing home pheromone
2025-05-04 17:04:37,887 - INFO - Random movement: AntAction.MOVE_FORWARD
2025-05-04 17:04:38,402 - INFO - Depositing home pheromone
2025-05-04 17:04:38,930 - INFO - Random movement: AntAction.TURN_RIGHT
2025-05-04 17:04:39,451 - INFO - Depositing home pheromone
2025-05-04 17:04:39,980 - INFO - Random movement: AntAction.MOVE_FORWARD
2025-05-04 17:04:40,521 - INFO - Depositing home pheromone
2025-05-04 17:04:41,064 - INFO - Random movement: AntAction.MOVE_FORWARD
2025-05-04 17:04:41,557 - INFO - Depositing home pheromone
2025-05-04 17:04:42,081 - INFO - Random movement: AntAction.TURN_RIGHT
2025-05-04 17:04:42,584 - INFO - Depositing home pheromone
2025-05-04 17:04:43,132 - INFO - Random movement: AntAction.MOVE_FORWARD
2025-05-04 17:04:43,672 - INFO - Depositing home pheromone
2025-05-04 17:04:44,176 - INFO - Random movement: AntAction.TURN_LEFT
2025-05-04 17:04:44,712 - INFO - Depositing home pheromone
2025-05-04 17:04:45,206 - INFO - Random movement: AntAction.MOVE_FORWARD
2025-05-04 17:04:45,711 - INFO - Depositing home pheromone
2025-05-04 17:04:46,200 - INFO - Random movement: AntAction.MOVE_FORWARD
2025-05-04 17:04:46,682 - INFO - Depositing home pheromone
2025-05-04 17:04:47,203 - INFO - Random movement: AntAction.TURN_RIGHT
2025-05-04 17:04:47,690 - INFO - Depositing home pheromone
2025-05-04 17:04:48,142 - INFO - Random movement: AntAction.MOVE_FORWARD
2025-05-04 17:04:48,592 - INFO - Depositing home pheromone
2025-05-04 17:04:49,008 - INFO - Random movement: AntAction.TURN_LEFT
2025-05-04 17:04:49,494 - INFO - Depositing home pheromone
2025-05-04 17:04:50,013 - INFO - Random movement: AntAction.TURN_LEFT
2025-05-04 17:04:50,524 - INFO - Depositing home pheromone
2025-05-04 17:04:51,018 - INFO - Random movement: AntAction.TURN_LEFT
2025-05-04 17:04:51,525 - INFO - Depositing home pheromone
2025-05-04 17:04:52,028 - INFO - Random movement: AntAction.MOVE_FORWARD
2025-05-04 17:04:52,619 - INFO - Bored after searching for food for 51 steps, making random move
2025-05-04 17:04:52,620 - INFO - Made random move: AntAction.TURN_LEFT
2025-05-04 17:04:53,214 - INFO - Depositing home pheromone
2025-05-04 17:04:53,724 - INFO - Random movement: AntAction.MOVE_FORWARD
2025-05-04 17:04:54,267 - INFO - Depositing home pheromone
2025-05-04 17:04:54,755 - INFO - Random movement: AntAction.TURN_RIGHT
2025-05-04 17:04:55,267 - INFO - Depositing home pheromone
2025-05-04 17:04:55,802 - INFO - Random movement: AntAction.TURN_RIGHT
2025-05-04 17:04:56,327 - INFO - Depositing home pheromone
2025-05-04 17:04:56,806 - INFO - Random movement: AntAction.TURN_RIGHT
2025-05-04 17:04:57,352 - INFO - Depositing home pheromone
2025-05-04 17:04:57,855 - INFO - Random movement: AntAction.MOVE_FORWARD
2025-05-04 17:04:58,378 - INFO - Depositing home pheromone
2025-05-04 17:04:58,916 - INFO - Random movement: AntAction.TURN_LEFT
2025-05-04 17:04:59,451 - INFO - Depositing home pheromone
2025-05-04 17:05:00,022 - INFO - Random movement: AntAction.TURN_LEFT
2025-05-04 17:05:00,604 - INFO - Depositing home pheromone
2025-05-04 17:05:01,185 - INFO - Random movement: AntAction.MOVE_FORWARD
2025-05-04 17:05:01,734 - INFO - Depositing home pheromone
2025-05-04 17:05:02,306 - INFO - Random movement: AntAction.TURN_LEFT
2025-05-04 17:05:02,956 - INFO - Depositing home pheromone
2025-05-04 17:05:03,532 - INFO - Random movement: AntAction.MOVE_FORWARD
2025-05-04 17:05:04,077 - INFO - Depositing home pheromone
