2025-05-04 17:04:25,039 - INFO - Initialized with direction Direction.SOUTH
2025-05-04 17:04:25,041 - INFO - Depositing home pheromone
2025-05-04 17:04:27,073 - INFO - Random movement: AntAction.MOVE_FORWARD
2025-05-04 17:04:27,696 - INFO - Depositing home pheromone
2025-05-04 17:04:28,264 - INFO - Random movement: AntAction.TURN_LEFT
2025-05-04 17:04:28,784 - INFO - Depositing home pheromone
2025-05-04 17:04:29,300 - INFO - Random movement: AntAction.MOVE_FORWARD
2025-05-04 17:04:29,813 - INFO - Depositing home pheromone
2025-05-04 17:04:30,402 - INFO - Random movement: AntAction.MOVE_FORWARD
2025-05-04 17:04:31,000 - INFO - Depositing home pheromone
2025-05-04 17:04:31,509 - INFO - Random movement: AntAction.TURN_RIGHT
2025-05-04 17:04:31,985 - INFO - Depositing home pheromone
2025-05-04 17:04:32,503 - INFO - Random movement: AntAction.MOVE_FORWARD
2025-05-04 17:04:33,008 - INFO - Depositing home pheromone
2025-05-04 17:04:33,540 - INFO - Random movement: AntAction.MOVE_FORWARD
2025-05-04 17:04:34,009 - INFO - Depositing home pheromone
2025-05-04 17:04:34,515 - INFO - Random movement: AntAction.MOVE_FORWARD
2025-05-04 17:04:34,980 - INFO - Depositing home pheromone
2025-05-04 17:04:35,546 - INFO - Random movement: AntAction.MOVE_FORWARD
2025-05-04 17:04:36,103 - INFO - Depositing home pheromone
2025-05-04 17:04:36,712 - INFO - Random movement: AntAction.MOVE_FORWARD
2025-05-04 17:04:37,212 - INFO - Depositing home pheromone
2025-05-04 17:04:37,797 - INFO - Random movement: AntAction.MOVE_FORWARD
2025-05-04 17:04:38,290 - INFO - Depositing home pheromone
2025-05-04 17:04:38,840 - INFO - Random movement: AntAction.MOVE_FORWARD
2025-05-04 17:04:39,341 - INFO - Depositing home pheromone
2025-05-04 17:04:39,899 - INFO - Random movement: AntAction.TURN_RIGHT
2025-05-04 17:04:40,412 - INFO - Depositing home pheromone
2025-05-04 17:04:40,971 - INFO - Random movement: AntAction.MOVE_FORWARD
2025-05-04 17:04:41,458 - INFO - Depositing home pheromone
2025-05-04 17:04:41,988 - INFO - Random movement: AntAction.MOVE_FORWARD
2025-05-04 17:04:42,479 - INFO - Depositing home pheromone
2025-05-04 17:04:43,043 - INFO - Random movement: AntAction.TURN_LEFT
2025-05-04 17:04:43,568 - INFO - Depositing home pheromone
2025-05-04 17:04:44,086 - INFO - Random movement: AntAction.MOVE_FORWARD
2025-05-04 17:04:44,605 - INFO - Depositing home pheromone
2025-05-04 17:04:45,124 - INFO - Random movement: AntAction.TURN_LEFT
2025-05-04 17:04:45,612 - INFO - Depositing home pheromone
2025-05-04 17:04:46,113 - INFO - Random movement: AntAction.MOVE_FORWARD
2025-05-04 17:04:46,580 - INFO - Depositing home pheromone
2025-05-04 17:04:47,110 - INFO - Random movement: AntAction.TURN_LEFT
2025-05-04 17:04:47,609 - INFO - Depositing home pheromone
2025-05-04 17:04:48,068 - INFO - Random movement: AntAction.TURN_LEFT
2025-05-04 17:04:48,523 - INFO - Depositing home pheromone
2025-05-04 17:04:48,922 - INFO - Random movement: AntAction.MOVE_FORWARD
2025-05-04 17:04:49,386 - INFO - Depositing home pheromone
2025-05-04 17:04:49,926 - INFO - Random movement: AntAction.MOVE_FORWARD
2025-05-04 17:04:50,425 - INFO - Depositing home pheromone
2025-05-04 17:04:50,932 - INFO - Random movement: AntAction.TURN_RIGHT
2025-05-04 17:04:51,429 - INFO - Depositing home pheromone
2025-05-04 17:04:51,947 - INFO - Random movement: AntAction.TURN_RIGHT
2025-05-04 17:04:52,473 - INFO - Bored after searching for food for 51 steps, making random move
2025-05-04 17:04:52,475 - INFO - Made random move: AntAction.MOVE_FORWARD
2025-05-04 17:04:53,115 - INFO - Depositing home pheromone
2025-05-04 17:04:53,635 - INFO - Random movement: AntAction.TURN_RIGHT
2025-05-04 17:04:54,147 - INFO - Depositing home pheromone
2025-05-04 17:04:54,663 - INFO - Random movement: AntAction.TURN_RIGHT
2025-05-04 17:04:55,164 - INFO - Depositing home pheromone
2025-05-04 17:04:55,708 - INFO - Random movement: AntAction.MOVE_FORWARD
2025-05-04 17:04:56,222 - INFO - Depositing home pheromone
2025-05-04 17:04:56,740 - INFO - Random movement: AntAction.TURN_RIGHT
2025-05-04 17:04:57,248 - INFO - Depositing home pheromone
2025-05-04 17:04:57,776 - INFO - Random movement: AntAction.MOVE_FORWARD
2025-05-04 17:04:58,263 - INFO - Depositing home pheromone
2025-05-04 17:04:58,822 - INFO - Random movement: AntAction.MOVE_FORWARD
2025-05-04 17:04:59,340 - INFO - Depositing home pheromone
2025-05-04 17:04:59,923 - INFO - Random movement: AntAction.MOVE_FORWARD
2025-05-04 17:05:00,492 - INFO - Depositing home pheromone
2025-05-04 17:05:01,101 - INFO - Random movement: AntAction.TURN_LEFT
2025-05-04 17:05:01,624 - INFO - Depositing home pheromone
2025-05-04 17:05:02,198 - INFO - Random movement: AntAction.TURN_LEFT
2025-05-04 17:05:02,826 - INFO - Depositing home pheromone
2025-05-04 17:05:03,431 - INFO - Random movement: AntAction.TURN_LEFT
2025-05-04 17:05:03,968 - INFO - Depositing home pheromone
