2025-05-04 17:04:25,053 - INFO - Initialized with direction Direction.NORTHWEST
2025-05-04 17:04:25,059 - INFO - Depositing home pheromone
2025-05-04 17:04:27,076 - INFO - Random movement: AntAction.TURN_LEFT
2025-05-04 17:04:27,698 - INFO - Depositing home pheromone
2025-05-04 17:04:28,268 - INFO - Random movement: AntAction.TURN_LEFT
2025-05-04 17:04:28,787 - INFO - Depositing home pheromone
2025-05-04 17:04:29,302 - INFO - Random movement: AntAction.TURN_LEFT
2025-05-04 17:04:29,817 - INFO - Depositing home pheromone
2025-05-04 17:04:30,406 - INFO - Random movement: AntAction.TURN_LEFT
2025-05-04 17:04:31,003 - INFO - Depositing home pheromone
2025-05-04 17:04:31,512 - INFO - Random movement: AntAction.MOVE_FORWARD
2025-05-04 17:04:31,987 - INFO - Depositing home pheromone
2025-05-04 17:04:32,507 - INFO - Random movement: AntAction.TURN_LEFT
2025-05-04 17:04:33,012 - INFO - Depositing home pheromone
2025-05-04 17:04:33,543 - INFO - Random movement: AntAction.MOVE_FORWARD
2025-05-04 17:04:34,011 - INFO - Depositing home pheromone
2025-05-04 17:04:34,518 - INFO - Random movement: AntAction.TURN_LEFT
2025-05-04 17:04:34,984 - INFO - Depositing home pheromone
2025-05-04 17:04:35,549 - INFO - Random movement: AntAction.TURN_LEFT
2025-05-04 17:04:36,107 - INFO - Depositing home pheromone
2025-05-04 17:04:36,715 - INFO - Random movement: AntAction.MOVE_FORWARD
2025-05-04 17:04:37,219 - INFO - Depositing home pheromone
2025-05-04 17:04:37,802 - INFO - Random movement: AntAction.TURN_LEFT
2025-05-04 17:04:38,292 - INFO - Depositing home pheromone
2025-05-04 17:04:38,844 - INFO - Random movement: AntAction.TURN_LEFT
2025-05-04 17:04:39,345 - INFO - Depositing home pheromone
2025-05-04 17:04:39,902 - INFO - Random movement: AntAction.MOVE_FORWARD
2025-05-04 17:04:40,417 - INFO - Depositing home pheromone
2025-05-04 17:04:40,973 - INFO - Random movement: AntAction.MOVE_FORWARD
2025-05-04 17:04:41,460 - INFO - Depositing home pheromone
2025-05-04 17:04:41,994 - INFO - Random movement: AntAction.TURN_LEFT
2025-05-04 17:04:42,482 - INFO - Depositing home pheromone
2025-05-04 17:04:43,045 - INFO - Random movement: AntAction.TURN_LEFT
2025-05-04 17:04:43,571 - INFO - Depositing home pheromone
2025-05-04 17:04:44,088 - INFO - Random movement: AntAction.MOVE_FORWARD
2025-05-04 17:04:44,609 - INFO - Depositing home pheromone
2025-05-04 17:04:45,127 - INFO - Random movement: AntAction.MOVE_FORWARD
2025-05-04 17:04:45,615 - INFO - Depositing home pheromone
2025-05-04 17:04:46,116 - INFO - Random movement: AntAction.MOVE_FORWARD
2025-05-04 17:04:46,583 - INFO - Depositing home pheromone
2025-05-04 17:04:47,113 - INFO - Random movement: AntAction.MOVE_FORWARD
2025-05-04 17:04:47,610 - INFO - Depositing home pheromone
2025-05-04 17:04:48,069 - INFO - Random movement: AntAction.MOVE_FORWARD
2025-05-04 17:04:48,526 - INFO - Depositing home pheromone
2025-05-04 17:04:48,925 - INFO - Random movement: AntAction.MOVE_FORWARD
2025-05-04 17:04:49,390 - INFO - Depositing home pheromone
2025-05-04 17:04:49,928 - INFO - Random movement: AntAction.MOVE_FORWARD
2025-05-04 17:04:50,428 - INFO - Depositing home pheromone
2025-05-04 17:04:50,933 - INFO - Random movement: AntAction.MOVE_FORWARD
2025-05-04 17:04:51,434 - INFO - Depositing home pheromone
2025-05-04 17:04:51,950 - INFO - Random movement: AntAction.TURN_LEFT
2025-05-04 17:04:52,478 - INFO - Bored after searching for food for 51 steps, making random move
2025-05-04 17:04:52,479 - INFO - Made random move: AntAction.MOVE_FORWARD
2025-05-04 17:04:53,119 - INFO - Depositing home pheromone
2025-05-04 17:04:53,639 - INFO - Random movement: AntAction.MOVE_FORWARD
2025-05-04 17:04:54,150 - INFO - Depositing home pheromone
2025-05-04 17:04:54,667 - INFO - Random movement: AntAction.TURN_RIGHT
2025-05-04 17:04:55,169 - INFO - Depositing home pheromone
2025-05-04 17:04:55,710 - INFO - Random movement: AntAction.MOVE_FORWARD
2025-05-04 17:04:56,225 - INFO - Depositing home pheromone
2025-05-04 17:04:56,743 - INFO - Random movement: AntAction.TURN_LEFT
2025-05-04 17:04:57,250 - INFO - Depositing home pheromone
2025-05-04 17:04:57,779 - INFO - Random movement: AntAction.MOVE_FORWARD
2025-05-04 17:04:58,267 - INFO - Depositing home pheromone
2025-05-04 17:04:58,824 - INFO - Random movement: AntAction.MOVE_FORWARD
2025-05-04 17:04:59,343 - INFO - Depositing home pheromone
2025-05-04 17:04:59,925 - INFO - Random movement: AntAction.MOVE_FORWARD
2025-05-04 17:05:00,498 - INFO - Depositing home pheromone
2025-05-04 17:05:01,102 - INFO - Random movement: AntAction.TURN_LEFT
2025-05-04 17:05:01,628 - INFO - Depositing home pheromone
2025-05-04 17:05:02,203 - INFO - Random movement: AntAction.MOVE_FORWARD
2025-05-04 17:05:02,830 - INFO - Depositing home pheromone
2025-05-04 17:05:03,433 - INFO - Random movement: AntAction.MOVE_FORWARD
2025-05-04 17:05:03,970 - INFO - Depositing home pheromone
