2025-05-04 17:04:25,200 - INFO - Initialized with direction Direction.NORTHWEST
2025-05-04 17:04:25,203 - INFO - Depositing home pheromone
2025-05-04 17:04:27,117 - INFO - Random movement: AntAction.TURN_LEFT
2025-05-04 17:04:27,742 - INFO - Depositing home pheromone
2025-05-04 17:04:28,304 - INFO - Random movement: AntAction.TURN_LEFT
2025-05-04 17:04:28,825 - INFO - Depositing home pheromone
2025-05-04 17:04:29,336 - INFO - Random movement: AntAction.TURN_LEFT
2025-05-04 17:04:29,865 - INFO - Depositing home pheromone
2025-05-04 17:04:30,462 - INFO - Random movement: AntAction.MOVE_FORWARD
2025-05-04 17:04:31,040 - INFO - Depositing home pheromone
2025-05-04 17:04:31,547 - INFO - Random movement: AntAction.MOVE_FORWARD
2025-05-04 17:04:32,026 - INFO - Depositing home pheromone
2025-05-04 17:04:32,542 - INFO - Random movement: AntAction.MOVE_FORWARD
2025-05-04 17:04:33,052 - INFO - Depositing home pheromone
2025-05-04 17:04:33,576 - INFO - Random movement: AntAction.MOVE_FORWARD
2025-05-04 17:04:34,047 - INFO - Depositing home pheromone
2025-05-04 17:04:34,547 - INFO - Random movement: AntAction.MOVE_FORWARD
2025-05-04 17:04:35,028 - INFO - Depositing home pheromone
2025-05-04 17:04:35,587 - INFO - Random movement: AntAction.MOVE_FORWARD
2025-05-04 17:04:36,155 - INFO - Depositing home pheromone
2025-05-04 17:04:36,752 - INFO - Random movement: AntAction.MOVE_FORWARD
2025-05-04 17:04:37,263 - INFO - Depositing home pheromone
2025-05-04 17:04:37,833 - INFO - Random movement: AntAction.TURN_LEFT
2025-05-04 17:04:38,331 - INFO - Depositing home pheromone
2025-05-04 17:04:38,880 - INFO - Random movement: AntAction.TURN_RIGHT
2025-05-04 17:04:39,386 - INFO - Depositing home pheromone
2025-05-04 17:04:39,933 - INFO - Random movement: AntAction.MOVE_FORWARD
2025-05-04 17:04:40,460 - INFO - Depositing home pheromone
2025-05-04 17:04:41,011 - INFO - Random movement: AntAction.MOVE_FORWARD
2025-05-04 17:04:41,498 - INFO - Depositing home pheromone
2025-05-04 17:04:42,030 - INFO - Random movement: AntAction.MOVE_FORWARD
2025-05-04 17:04:42,522 - INFO - Depositing home pheromone
2025-05-04 17:04:43,083 - INFO - Random movement: AntAction.TURN_LEFT
2025-05-04 17:04:43,613 - INFO - Depositing home pheromone
2025-05-04 17:04:44,126 - INFO - Random movement: AntAction.MOVE_FORWARD
2025-05-04 17:04:44,647 - INFO - Depositing home pheromone
2025-05-04 17:04:45,159 - INFO - Random movement: AntAction.MOVE_FORWARD
2025-05-04 17:04:45,655 - INFO - Depositing home pheromone
2025-05-04 17:04:46,149 - INFO - Random movement: AntAction.TURN_LEFT
2025-05-04 17:04:46,624 - INFO - Depositing home pheromone
2025-05-04 17:04:47,146 - INFO - Random movement: AntAction.MOVE_FORWARD
2025-05-04 17:04:47,645 - INFO - Depositing home pheromone
2025-05-04 17:04:48,101 - INFO - Random movement: AntAction.MOVE_FORWARD
2025-05-04 17:04:48,550 - INFO - Depositing home pheromone
2025-05-04 17:04:48,962 - INFO - Random movement: AntAction.MOVE_FORWARD
2025-05-04 17:04:49,435 - INFO - Depositing home pheromone
2025-05-04 17:04:49,964 - INFO - Random movement: AntAction.MOVE_FORWARD
2025-05-04 17:04:50,467 - INFO - Depositing home pheromone
2025-05-04 17:04:50,968 - INFO - Random movement: AntAction.TURN_RIGHT
2025-05-04 17:04:51,469 - INFO - Depositing home pheromone
2025-05-04 17:04:51,983 - INFO - Random movement: AntAction.TURN_RIGHT
2025-05-04 17:04:52,533 - INFO - Bored after searching for food for 51 steps, making random move
2025-05-04 17:04:52,535 - INFO - Made random move: AntAction.TURN_LEFT
2025-05-04 17:04:53,162 - INFO - Depositing home pheromone
2025-05-04 17:04:53,677 - INFO - Random movement: AntAction.MOVE_FORWARD
2025-05-04 17:04:54,201 - INFO - Depositing home pheromone
2025-05-04 17:04:54,702 - INFO - Random movement: AntAction.MOVE_FORWARD
2025-05-04 17:04:55,207 - INFO - Depositing home pheromone
2025-05-04 17:04:55,744 - INFO - Random movement: AntAction.TURN_LEFT
2025-05-04 17:04:56,266 - INFO - Depositing home pheromone
2025-05-04 17:04:56,770 - INFO - Random movement: AntAction.TURN_LEFT
2025-05-04 17:04:57,290 - INFO - Depositing home pheromone
2025-05-04 17:04:57,812 - INFO - Random movement: AntAction.TURN_LEFT
2025-05-04 17:04:58,310 - INFO - Depositing home pheromone
2025-05-04 17:04:58,860 - INFO - Random movement: AntAction.MOVE_FORWARD
2025-05-04 17:04:59,385 - INFO - Depositing home pheromone
2025-05-04 17:04:59,967 - INFO - Random movement: AntAction.MOVE_FORWARD
2025-05-04 17:05:00,542 - INFO - Depositing home pheromone
2025-05-04 17:05:01,136 - INFO - Random movement: AntAction.TURN_LEFT
2025-05-04 17:05:01,669 - INFO - Depositing home pheromone
2025-05-04 17:05:02,241 - INFO - Random movement: AntAction.MOVE_FORWARD
2025-05-04 17:05:02,880 - INFO - Depositing home pheromone
2025-05-04 17:05:03,475 - INFO - Random movement: AntAction.MOVE_FORWARD
2025-05-04 17:05:04,015 - INFO - Depositing home pheromone
