2025-05-04 17:04:26,326 - INFO - Initialized with direction Direction.SOUTHEAST
2025-05-04 17:04:26,328 - INFO - Depositing home pheromone
2025-05-04 17:04:27,295 - INFO - Random movement: AntAction.MOVE_FORWARD
2025-05-04 17:04:27,915 - INFO - Depositing home pheromone
2025-05-04 17:04:28,449 - INFO - Random movement: AntAction.MOVE_FORWARD
2025-05-04 17:04:28,988 - INFO - Depositing home pheromone
2025-05-04 17:04:29,466 - INFO - Random movement: AntAction.TURN_RIGHT
2025-05-04 17:04:30,048 - INFO - Depositing home pheromone
2025-05-04 17:04:30,664 - INFO - Random movement: AntAction.TURN_RIGHT
2025-05-04 17:04:31,215 - INFO - Depositing home pheromone
2025-05-04 17:04:31,668 - INFO - Random movement: AntAction.TURN_RIGHT
2025-05-04 17:04:32,192 - INFO - Depositing home pheromone
2025-05-04 17:04:32,677 - INFO - Random movement: AntAction.MOVE_FORWARD
2025-05-04 17:04:33,212 - INFO - Depositing home pheromone
2025-05-04 17:04:33,699 - INFO - Random movement: AntAction.MOVE_FORWARD
2025-05-04 17:04:34,216 - INFO - Depositing home pheromone
2025-05-04 17:04:34,676 - INFO - Random movement: AntAction.TURN_LEFT
2025-05-04 17:04:35,200 - INFO - Depositing home pheromone
2025-05-04 17:04:35,726 - INFO - Random movement: AntAction.TURN_LEFT
2025-05-04 17:04:36,340 - INFO - Depositing home pheromone
2025-05-04 17:04:36,878 - INFO - Random movement: AntAction.TURN_LEFT
2025-05-04 17:04:37,467 - INFO - Depositing home pheromone
2025-05-04 17:04:37,972 - INFO - Random movement: AntAction.MOVE_FORWARD
2025-05-04 17:04:38,509 - INFO - Depositing home pheromone
2025-05-04 17:04:39,016 - INFO - Random movement: AntAction.TURN_LEFT
2025-05-04 17:04:39,565 - INFO - Depositing home pheromone
2025-05-04 17:04:40,065 - INFO - Random movement: AntAction.MOVE_FORWARD
2025-05-04 17:04:40,634 - INFO - Depositing home pheromone
2025-05-04 17:04:41,154 - INFO - Random movement: AntAction.TURN_LEFT
2025-05-04 17:04:41,658 - INFO - Depositing home pheromone
2025-05-04 17:04:42,160 - INFO - Random movement: AntAction.TURN_LEFT
2025-05-04 17:04:42,699 - INFO - Depositing home pheromone
2025-05-04 17:04:43,227 - INFO - Random movement: AntAction.MOVE_FORWARD
2025-05-04 17:04:43,768 - INFO - Depositing home pheromone
2025-05-04 17:04:44,266 - INFO - Random movement: AntAction.MOVE_FORWARD
2025-05-04 17:04:44,808 - INFO - Depositing home pheromone
2025-05-04 17:04:45,288 - INFO - Random movement: AntAction.MOVE_FORWARD
2025-05-04 17:04:45,809 - INFO - Depositing home pheromone
2025-05-04 17:04:46,296 - INFO - Random movement: AntAction.TURN_LEFT
2025-05-04 17:04:46,799 - INFO - Depositing home pheromone
2025-05-04 17:04:47,290 - INFO - Random movement: AntAction.TURN_LEFT
2025-05-04 17:04:47,779 - INFO - Depositing home pheromone
2025-05-04 17:04:48,222 - INFO - Random movement: AntAction.TURN_LEFT
2025-05-04 17:04:48,670 - INFO - Depositing home pheromone
2025-05-04 17:04:49,095 - INFO - Random movement: AntAction.TURN_LEFT
2025-05-04 17:04:49,603 - INFO - Depositing home pheromone
2025-05-04 17:04:50,107 - INFO - Random movement: AntAction.MOVE_FORWARD
2025-05-04 17:04:50,622 - INFO - Depositing home pheromone
2025-05-04 17:04:51,110 - INFO - Random movement: AntAction.MOVE_FORWARD
2025-05-04 17:04:51,626 - INFO - Depositing home pheromone
2025-05-04 17:04:52,118 - INFO - Random movement: AntAction.MOVE_FORWARD
2025-05-04 17:04:52,761 - INFO - Bored after searching for food for 51 steps, making random move
2025-05-04 17:04:52,762 - INFO - Made random move: AntAction.TURN_RIGHT
2025-05-04 17:04:53,325 - INFO - Depositing home pheromone
2025-05-04 17:04:53,818 - INFO - Random movement: AntAction.MOVE_FORWARD
2025-05-04 17:04:54,363 - INFO - Depositing home pheromone
2025-05-04 17:04:54,846 - INFO - Random movement: AntAction.TURN_RIGHT
2025-05-04 17:04:55,377 - INFO - Depositing home pheromone
2025-05-04 17:04:55,892 - INFO - Random movement: AntAction.MOVE_FORWARD
2025-05-04 17:04:56,414 - INFO - Depositing home pheromone
2025-05-04 17:04:56,897 - INFO - Random movement: AntAction.TURN_LEFT
2025-05-04 17:04:57,466 - INFO - Depositing home pheromone
2025-05-04 17:04:57,944 - INFO - Random movement: AntAction.TURN_LEFT
2025-05-04 17:04:58,490 - INFO - Depositing home pheromone
2025-05-04 17:04:59,007 - INFO - Random movement: AntAction.TURN_LEFT
2025-05-04 17:04:59,568 - INFO - Depositing home pheromone
2025-05-04 17:05:00,127 - INFO - Random movement: AntAction.MOVE_FORWARD
2025-05-04 17:05:00,735 - INFO - Depositing home pheromone
2025-05-04 17:05:01,283 - INFO - Random movement: AntAction.TURN_RIGHT
2025-05-04 17:05:01,840 - INFO - Depositing home pheromone
2025-05-04 17:05:02,424 - INFO - Random movement: AntAction.MOVE_FORWARD
2025-05-04 17:05:03,076 - INFO - Depositing home pheromone
2025-05-04 17:05:03,621 - INFO - Random movement: AntAction.MOVE_FORWARD
2025-05-04 17:05:04,196 - INFO - Depositing home pheromone
