2025-05-04 17:04:25,972 - INFO - Initialized with direction Direction.WEST
2025-05-04 17:04:25,975 - INFO - Depositing home pheromone
2025-05-04 17:04:27,247 - INFO - Random movement: AntAction.TURN_LEFT
2025-05-04 17:04:27,859 - INFO - Depositing home pheromone
2025-05-04 17:04:28,407 - INFO - Random movement: AntAction.TURN_LEFT
2025-05-04 17:04:28,937 - INFO - Depositing home pheromone
2025-05-04 17:04:29,425 - INFO - Random movement: AntAction.MOVE_FORWARD
2025-05-04 17:04:29,995 - INFO - Depositing home pheromone
2025-05-04 17:04:30,602 - INFO - Random movement: AntAction.TURN_LEFT
2025-05-04 17:04:31,164 - INFO - Depositing home pheromone
2025-05-04 17:04:31,635 - INFO - Random movement: AntAction.TURN_RIGHT
2025-05-04 17:04:32,140 - INFO - Depositing home pheromone
2025-05-04 17:04:32,638 - INFO - Random movement: AntAction.MOVE_FORWARD
2025-05-04 17:04:33,159 - INFO - Depositing home pheromone
2025-05-04 17:04:33,664 - INFO - Random movement: AntAction.MOVE_FORWARD
2025-05-04 17:04:34,157 - INFO - Depositing home pheromone
2025-05-04 17:04:34,636 - INFO - Random movement: AntAction.TURN_LEFT
2025-05-04 17:04:35,150 - INFO - Depositing home pheromone
2025-05-04 17:04:35,685 - INFO - Random movement: AntAction.MOVE_FORWARD
2025-05-04 17:04:36,283 - INFO - Depositing home pheromone
2025-05-04 17:04:36,842 - INFO - Random movement: AntAction.MOVE_FORWARD
2025-05-04 17:04:37,406 - INFO - Depositing home pheromone
2025-05-04 17:04:37,931 - INFO - Random movement: AntAction.TURN_RIGHT
2025-05-04 17:04:38,458 - INFO - Depositing home pheromone
2025-05-04 17:04:38,976 - INFO - Random movement: AntAction.MOVE_FORWARD
2025-05-04 17:04:39,510 - INFO - Depositing home pheromone
2025-05-04 17:04:40,025 - INFO - Random movement: AntAction.TURN_RIGHT
2025-05-04 17:04:40,578 - INFO - Depositing home pheromone
2025-05-04 17:04:41,111 - INFO - Random movement: AntAction.TURN_LEFT
2025-05-04 17:04:41,612 - INFO - Depositing home pheromone
2025-05-04 17:04:42,123 - INFO - Random movement: AntAction.MOVE_FORWARD
2025-05-04 17:04:42,640 - INFO - Depositing home pheromone
2025-05-04 17:04:43,179 - INFO - Random movement: AntAction.MOVE_FORWARD
2025-05-04 17:04:43,722 - INFO - Depositing home pheromone
2025-05-04 17:04:44,223 - INFO - Random movement: AntAction.MOVE_FORWARD
2025-05-04 17:04:44,763 - INFO - Depositing home pheromone
2025-05-04 17:04:45,248 - INFO - Random movement: AntAction.TURN_RIGHT
2025-05-04 17:04:45,759 - INFO - Depositing home pheromone
2025-05-04 17:04:46,247 - INFO - Random movement: AntAction.MOVE_FORWARD
2025-05-04 17:04:46,742 - INFO - Depositing home pheromone
2025-05-04 17:04:47,250 - INFO - Random movement: AntAction.TURN_LEFT
2025-05-04 17:04:47,736 - INFO - Depositing home pheromone
2025-05-04 17:04:48,183 - INFO - Random movement: AntAction.MOVE_FORWARD
2025-05-04 17:04:48,635 - INFO - Depositing home pheromone
2025-05-04 17:04:49,056 - INFO - Random movement: AntAction.MOVE_FORWARD
2025-05-04 17:04:49,548 - INFO - Depositing home pheromone
2025-05-04 17:04:50,060 - INFO - Random movement: AntAction.MOVE_FORWARD
2025-05-04 17:04:50,576 - INFO - Depositing home pheromone
2025-05-04 17:04:51,065 - INFO - Random movement: AntAction.MOVE_FORWARD
2025-05-04 17:04:51,578 - INFO - Depositing home pheromone
2025-05-04 17:04:52,075 - INFO - Random movement: AntAction.TURN_LEFT
2025-05-04 17:04:52,692 - INFO - Bored after searching for food for 51 steps, making random move
2025-05-04 17:04:52,692 - INFO - Made random move: AntAction.TURN_LEFT
2025-05-04 17:04:53,273 - INFO - Depositing home pheromone
2025-05-04 17:04:53,773 - INFO - Random movement: AntAction.MOVE_FORWARD
2025-05-04 17:04:54,314 - INFO - Depositing home pheromone
2025-05-04 17:04:54,800 - INFO - Random movement: AntAction.MOVE_FORWARD
2025-05-04 17:04:55,320 - INFO - Depositing home pheromone
2025-05-04 17:04:55,850 - INFO - Random movement: AntAction.TURN_LEFT
2025-05-04 17:04:56,369 - INFO - Depositing home pheromone
2025-05-04 17:04:56,850 - INFO - Random movement: AntAction.MOVE_FORWARD
2025-05-04 17:04:57,412 - INFO - Depositing home pheromone
2025-05-04 17:04:57,898 - INFO - Random movement: AntAction.TURN_LEFT
2025-05-04 17:04:58,433 - INFO - Depositing home pheromone
2025-05-04 17:04:58,963 - INFO - Random movement: AntAction.MOVE_FORWARD
2025-05-04 17:04:59,515 - INFO - Depositing home pheromone
2025-05-04 17:05:00,076 - INFO - Random movement: AntAction.TURN_LEFT
2025-05-04 17:05:00,673 - INFO - Depositing home pheromone
2025-05-04 17:05:01,236 - INFO - Random movement: AntAction.TURN_LEFT
2025-05-04 17:05:01,787 - INFO - Depositing home pheromone
2025-05-04 17:05:02,363 - INFO - Random movement: AntAction.TURN_LEFT
2025-05-04 17:05:03,019 - INFO - Depositing home pheromone
2025-05-04 17:05:03,575 - INFO - Random movement: AntAction.MOVE_FORWARD
2025-05-04 17:05:04,140 - INFO - Depositing home pheromone
