2025-05-04 17:04:25,018 - INFO - Initialized with direction Direction.SOUTH
2025-05-04 17:04:25,020 - INFO - Depositing home pheromone
2025-05-04 17:04:27,066 - INFO - Random movement: AntAction.TURN_LEFT
2025-05-04 17:04:27,688 - INFO - Depositing home pheromone
2025-05-04 17:04:28,258 - INFO - Random movement: AntAction.TURN_RIGHT
2025-05-04 17:04:28,778 - INFO - Depositing home pheromone
2025-05-04 17:04:29,294 - INFO - Random movement: AntAction.MOVE_FORWARD
2025-05-04 17:04:29,807 - INFO - Depositing home pheromone
2025-05-04 17:04:30,395 - INFO - Random movement: AntAction.TURN_LEFT
2025-05-04 17:04:30,993 - INFO - Depositing home pheromone
2025-05-04 17:04:31,505 - INFO - Random movement: AntAction.TURN_LEFT
2025-05-04 17:04:31,979 - INFO - Depositing home pheromone
2025-05-04 17:04:32,498 - INFO - Random movement: AntAction.MOVE_FORWARD
2025-05-04 17:04:32,999 - INFO - Depositing home pheromone
2025-05-04 17:04:33,535 - INFO - Random movement: AntAction.MOVE_FORWARD
2025-05-04 17:04:34,002 - INFO - Depositing home pheromone
2025-05-04 17:04:34,511 - INFO - Random movement: AntAction.TURN_LEFT
2025-05-04 17:04:34,973 - INFO - Depositing home pheromone
2025-05-04 17:04:35,540 - INFO - Random movement: AntAction.TURN_LEFT
2025-05-04 17:04:36,092 - INFO - Depositing home pheromone
2025-05-04 17:04:36,706 - INFO - Random movement: AntAction.MOVE_FORWARD
2025-05-04 17:04:37,205 - INFO - Depositing home pheromone
2025-05-04 17:04:37,793 - INFO - Random movement: AntAction.TURN_LEFT
2025-05-04 17:04:38,283 - INFO - Depositing home pheromone
2025-05-04 17:04:38,835 - INFO - Random movement: AntAction.TURN_LEFT
2025-05-04 17:04:39,333 - INFO - Depositing home pheromone
2025-05-04 17:04:39,894 - INFO - Random movement: AntAction.TURN_LEFT
2025-05-04 17:04:40,405 - INFO - Depositing home pheromone
2025-05-04 17:04:40,965 - INFO - Random movement: AntAction.TURN_RIGHT
2025-05-04 17:04:41,450 - INFO - Depositing home pheromone
2025-05-04 17:04:41,979 - INFO - Random movement: AntAction.MOVE_FORWARD
2025-05-04 17:04:42,473 - INFO - Depositing home pheromone
2025-05-04 17:04:43,038 - INFO - Random movement: AntAction.TURN_LEFT
2025-05-04 17:04:43,560 - INFO - Depositing home pheromone
2025-05-04 17:04:44,081 - INFO - Random movement: AntAction.MOVE_FORWARD
2025-05-04 17:04:44,596 - INFO - Depositing home pheromone
2025-05-04 17:04:45,116 - INFO - Random movement: AntAction.TURN_LEFT
2025-05-04 17:04:45,606 - INFO - Depositing home pheromone
2025-05-04 17:04:46,108 - INFO - Random movement: AntAction.MOVE_FORWARD
2025-05-04 17:04:46,575 - INFO - Depositing home pheromone
2025-05-04 17:04:47,105 - INFO - Random movement: AntAction.TURN_LEFT
2025-05-04 17:04:47,605 - INFO - Depositing home pheromone
2025-05-04 17:04:48,063 - INFO - Random movement: AntAction.MOVE_FORWARD
2025-05-04 17:04:48,517 - INFO - Depositing home pheromone
2025-05-04 17:04:48,917 - INFO - Random movement: AntAction.MOVE_FORWARD
2025-05-04 17:04:49,378 - INFO - Depositing home pheromone
2025-05-04 17:04:49,921 - INFO - Random movement: AntAction.TURN_RIGHT
2025-05-04 17:04:50,420 - INFO - Depositing home pheromone
2025-05-04 17:04:50,925 - INFO - Random movement: AntAction.TURN_RIGHT
2025-05-04 17:04:51,425 - INFO - Depositing home pheromone
2025-05-04 17:04:51,938 - INFO - Random movement: AntAction.MOVE_FORWARD
2025-05-04 17:04:52,461 - INFO - Bored after searching for food for 51 steps, making random move
2025-05-04 17:04:52,462 - INFO - Made random move: AntAction.TURN_LEFT
2025-05-04 17:04:53,108 - INFO - Depositing home pheromone
2025-05-04 17:04:53,628 - INFO - Random movement: AntAction.TURN_LEFT
2025-05-04 17:04:54,141 - INFO - Depositing home pheromone
2025-05-04 17:04:54,659 - INFO - Random movement: AntAction.MOVE_FORWARD
2025-05-04 17:04:55,158 - INFO - Depositing home pheromone
2025-05-04 17:04:55,703 - INFO - Random movement: AntAction.TURN_RIGHT
2025-05-04 17:04:56,215 - INFO - Depositing home pheromone
2025-05-04 17:04:56,733 - INFO - Random movement: AntAction.MOVE_FORWARD
2025-05-04 17:04:57,242 - INFO - Depositing home pheromone
2025-05-04 17:04:57,771 - INFO - Random movement: AntAction.MOVE_FORWARD
2025-05-04 17:04:58,254 - INFO - Depositing home pheromone
2025-05-04 17:04:58,817 - INFO - Random movement: AntAction.TURN_RIGHT
2025-05-04 17:04:59,333 - INFO - Depositing home pheromone
2025-05-04 17:04:59,916 - INFO - Random movement: AntAction.MOVE_FORWARD
2025-05-04 17:05:00,483 - INFO - Depositing home pheromone
2025-05-04 17:05:01,095 - INFO - Random movement: AntAction.TURN_RIGHT
2025-05-04 17:05:01,617 - INFO - Depositing home pheromone
2025-05-04 17:05:02,193 - INFO - Random movement: AntAction.MOVE_FORWARD
2025-05-04 17:05:02,819 - INFO - Depositing home pheromone
2025-05-04 17:05:03,420 - INFO - Random movement: AntAction.TURN_LEFT
2025-05-04 17:05:03,962 - INFO - Depositing home pheromone
