2025-05-04 17:04:26,368 - INFO - Initialized with direction Direction.SOUTH
2025-05-04 17:04:26,370 - INFO - Depositing home pheromone
2025-05-04 17:04:27,308 - INFO - Random movement: AntAction.MOVE_FORWARD
2025-05-04 17:04:27,925 - INFO - Depositing home pheromone
2025-05-04 17:04:28,459 - INFO - Random movement: AntAction.MOVE_FORWARD
2025-05-04 17:04:28,998 - INFO - Depositing home pheromone
2025-05-04 17:04:29,473 - INFO - Random movement: AntAction.MOVE_FORWARD
2025-05-04 17:04:30,061 - INFO - Depositing home pheromone
2025-05-04 17:04:30,674 - INFO - Random movement: AntAction.MOVE_FORWARD
2025-05-04 17:04:31,224 - INFO - Depositing home pheromone
2025-05-04 17:04:31,673 - INFO - Random movement: AntAction.MOVE_FORWARD
2025-05-04 17:04:32,202 - INFO - Depositing home pheromone
2025-05-04 17:04:32,687 - INFO - Random movement: AntAction.MOVE_FORWARD
2025-05-04 17:04:33,222 - INFO - Depositing home pheromone
2025-05-04 17:04:33,705 - INFO - Random movement: AntAction.MOVE_FORWARD
2025-05-04 17:04:34,229 - INFO - Depositing home pheromone
2025-05-04 17:04:34,684 - INFO - Random movement: AntAction.MOVE_FORWARD
2025-05-04 17:04:35,210 - INFO - Depositing home pheromone
2025-05-04 17:04:35,733 - INFO - Random movement: AntAction.MOVE_FORWARD
2025-05-04 17:04:36,356 - INFO - Depositing home pheromone
2025-05-04 17:04:36,886 - INFO - Random movement: AntAction.TURN_LEFT
2025-05-04 17:04:37,477 - INFO - Depositing home pheromone
2025-05-04 17:04:37,983 - INFO - Random movement: AntAction.MOVE_FORWARD
2025-05-04 17:04:38,522 - INFO - Depositing home pheromone
2025-05-04 17:04:39,025 - INFO - Random movement: AntAction.MOVE_FORWARD
2025-05-04 17:04:39,575 - INFO - Depositing home pheromone
2025-05-04 17:04:40,072 - INFO - Random movement: AntAction.MOVE_FORWARD
2025-05-04 17:04:40,644 - INFO - Depositing home pheromone
2025-05-04 17:04:41,160 - INFO - Random movement: AntAction.MOVE_FORWARD
2025-05-04 17:04:41,667 - INFO - Depositing home pheromone
2025-05-04 17:04:42,169 - INFO - Random movement: AntAction.TURN_RIGHT
2025-05-04 17:04:42,709 - INFO - Depositing home pheromone
2025-05-04 17:04:43,237 - INFO - Random movement: AntAction.MOVE_FORWARD
2025-05-04 17:04:43,778 - INFO - Depositing home pheromone
2025-05-04 17:04:44,275 - INFO - Random movement: AntAction.TURN_LEFT
2025-05-04 17:04:44,817 - INFO - Depositing home pheromone
2025-05-04 17:04:45,295 - INFO - Random movement: AntAction.TURN_LEFT
2025-05-04 17:04:45,820 - INFO - Depositing home pheromone
2025-05-04 17:04:46,304 - INFO - Random movement: AntAction.MOVE_FORWARD
2025-05-04 17:04:46,808 - INFO - Depositing home pheromone
2025-05-04 17:04:47,299 - INFO - Random movement: AntAction.MOVE_FORWARD
2025-05-04 17:04:47,789 - INFO - Depositing home pheromone
2025-05-04 17:04:48,230 - INFO - Random movement: AntAction.MOVE_FORWARD
2025-05-04 17:04:48,679 - INFO - Depositing home pheromone
2025-05-04 17:04:49,103 - INFO - Random movement: AntAction.MOVE_FORWARD
2025-05-04 17:04:49,610 - INFO - Depositing home pheromone
2025-05-04 17:04:50,113 - INFO - Random movement: AntAction.TURN_LEFT
2025-05-04 17:04:50,630 - INFO - Depositing home pheromone
2025-05-04 17:04:51,120 - INFO - Random movement: AntAction.TURN_LEFT
2025-05-04 17:04:51,635 - INFO - Depositing home pheromone
2025-05-04 17:04:52,127 - INFO - Random movement: AntAction.MOVE_FORWARD
2025-05-04 17:04:52,773 - INFO - Bored after searching for food for 51 steps, making random move
2025-05-04 17:04:52,775 - INFO - Made random move: AntAction.TURN_LEFT
2025-05-04 17:04:53,337 - INFO - Depositing home pheromone
2025-05-04 17:04:53,827 - INFO - Random movement: AntAction.TURN_RIGHT
2025-05-04 17:04:54,371 - INFO - Depositing home pheromone
2025-05-04 17:04:54,854 - INFO - Random movement: AntAction.MOVE_FORWARD
2025-05-04 17:04:55,383 - INFO - Depositing home pheromone
2025-05-04 17:04:55,902 - INFO - Random movement: AntAction.MOVE_FORWARD
2025-05-04 17:04:56,424 - INFO - Depositing home pheromone
2025-05-04 17:04:56,906 - INFO - Random movement: AntAction.MOVE_FORWARD
2025-05-04 17:04:57,475 - INFO - Depositing home pheromone
2025-05-04 17:04:57,950 - INFO - Random movement: AntAction.MOVE_FORWARD
2025-05-04 17:04:58,502 - INFO - Depositing home pheromone
2025-05-04 17:04:59,017 - INFO - Random movement: AntAction.TURN_LEFT
2025-05-04 17:04:59,578 - INFO - Depositing home pheromone
2025-05-04 17:05:00,136 - INFO - Random movement: AntAction.MOVE_FORWARD
2025-05-04 17:05:00,745 - INFO - Depositing home pheromone
2025-05-04 17:05:01,292 - INFO - Random movement: AntAction.TURN_RIGHT
2025-05-04 17:05:01,849 - INFO - Depositing home pheromone
2025-05-04 17:05:02,438 - INFO - Random movement: AntAction.MOVE_FORWARD
2025-05-04 17:05:03,087 - INFO - Depositing home pheromone
2025-05-04 17:05:03,630 - INFO - Random movement: AntAction.TURN_LEFT
2025-05-04 17:05:04,208 - INFO - Depositing home pheromone
