2025-05-04 17:04:24,789 - INFO - Initialized with direction Direction.SOUTHWEST
2025-05-04 17:04:24,792 - INFO - Depositing home pheromone
2025-05-04 17:04:26,986 - INFO - Random movement: AntAction.TURN_LEFT
2025-05-04 17:04:27,610 - INFO - Depositing home pheromone
2025-05-04 17:04:28,185 - INFO - Random movement: AntAction.TURN_LEFT
2025-05-04 17:04:28,707 - INFO - Depositing home pheromone
2025-05-04 17:04:29,242 - INFO - Random movement: AntAction.TURN_LEFT
2025-05-04 17:04:29,721 - INFO - Depositing home pheromone
2025-05-04 17:04:30,310 - INFO - Random movement: AntAction.TURN_RIGHT
2025-05-04 17:04:30,920 - INFO - Depositing home pheromone
2025-05-04 17:04:31,447 - INFO - Random movement: AntAction.MOVE_FORWARD
2025-05-04 17:04:31,915 - INFO - Depositing home pheromone
2025-05-04 17:04:32,448 - INFO - Random movement: AntAction.MOVE_FORWARD
2025-05-04 17:04:32,937 - INFO - Depositing home pheromone
2025-05-04 17:04:33,478 - INFO - Random movement: AntAction.TURN_RIGHT
2025-05-04 17:04:33,948 - INFO - Depositing home pheromone
2025-05-04 17:04:34,462 - INFO - Random movement: AntAction.MOVE_FORWARD
2025-05-04 17:04:34,908 - INFO - Depositing home pheromone
2025-05-04 17:04:35,480 - INFO - Random movement: AntAction.MOVE_FORWARD
2025-05-04 17:04:36,025 - INFO - Depositing home pheromone
2025-05-04 17:04:36,649 - INFO - Random movement: AntAction.MOVE_FORWARD
2025-05-04 17:04:37,136 - INFO - Depositing home pheromone
2025-05-04 17:04:37,746 - INFO - Random movement: AntAction.MOVE_FORWARD
2025-05-04 17:04:38,226 - INFO - Depositing home pheromone
2025-05-04 17:04:38,783 - INFO - Random movement: AntAction.MOVE_FORWARD
2025-05-04 17:04:39,268 - INFO - Depositing home pheromone
2025-05-04 17:04:39,846 - INFO - Random movement: AntAction.MOVE_FORWARD
2025-05-04 17:04:40,331 - INFO - Depositing home pheromone
2025-05-04 17:04:40,910 - INFO - Random movement: AntAction.MOVE_FORWARD
2025-05-04 17:04:41,395 - INFO - Depositing home pheromone
2025-05-04 17:04:41,914 - INFO - Random movement: AntAction.MOVE_FORWARD
2025-05-04 17:04:42,409 - INFO - Depositing home pheromone
2025-05-04 17:04:42,979 - INFO - Random movement: AntAction.MOVE_FORWARD
2025-05-04 17:04:43,501 - INFO - Depositing home pheromone
2025-05-04 17:04:44,025 - INFO - Random movement: AntAction.TURN_RIGHT
2025-05-04 17:04:44,534 - INFO - Depositing home pheromone
2025-05-04 17:04:45,065 - INFO - Random movement: AntAction.MOVE_FORWARD
2025-05-04 17:04:45,545 - INFO - Depositing home pheromone
2025-05-04 17:04:46,056 - INFO - Random movement: AntAction.TURN_LEFT
2025-05-04 17:04:46,520 - INFO - Depositing home pheromone
2025-05-04 17:04:47,051 - INFO - Random movement: AntAction.MOVE_FORWARD
2025-05-04 17:04:47,551 - INFO - Depositing home pheromone
2025-05-04 17:04:48,015 - INFO - Random movement: AntAction.MOVE_FORWARD
2025-05-04 17:04:48,459 - INFO - Depositing home pheromone
2025-05-04 17:04:48,871 - INFO - Random movement: AntAction.TURN_LEFT
2025-05-04 17:04:49,315 - INFO - Depositing home pheromone
2025-05-04 17:04:49,872 - INFO - Random movement: AntAction.TURN_LEFT
2025-05-04 17:04:50,365 - INFO - Depositing home pheromone
2025-05-04 17:04:50,868 - INFO - Random movement: AntAction.MOVE_FORWARD
2025-05-04 17:04:51,362 - INFO - Depositing home pheromone
2025-05-04 17:04:51,882 - INFO - Random movement: AntAction.MOVE_FORWARD
2025-05-04 17:04:52,379 - INFO - Bored after searching for food for 51 steps, making random move
2025-05-04 17:04:52,381 - INFO - Made random move: AntAction.TURN_LEFT
2025-05-04 17:04:53,046 - INFO - Depositing home pheromone
2025-05-04 17:04:53,582 - INFO - Random movement: AntAction.MOVE_FORWARD
2025-05-04 17:04:54,073 - INFO - Depositing home pheromone
2025-05-04 17:04:54,604 - INFO - Random movement: AntAction.TURN_LEFT
2025-05-04 17:04:55,092 - INFO - Depositing home pheromone
2025-05-04 17:04:55,647 - INFO - Random movement: AntAction.TURN_LEFT
2025-05-04 17:04:56,147 - INFO - Depositing home pheromone
2025-05-04 17:04:56,678 - INFO - Random movement: AntAction.MOVE_FORWARD
2025-05-04 17:04:57,174 - INFO - Depositing home pheromone
2025-05-04 17:04:57,720 - INFO - Random movement: AntAction.MOVE_FORWARD
2025-05-04 17:04:58,185 - INFO - Depositing home pheromone
2025-05-04 17:04:58,761 - INFO - Random movement: AntAction.MOVE_FORWARD
2025-05-04 17:04:59,262 - INFO - Depositing home pheromone
2025-05-04 17:04:59,850 - INFO - Random movement: AntAction.MOVE_FORWARD
2025-05-04 17:05:00,413 - INFO - Depositing home pheromone
2025-05-04 17:05:01,027 - INFO - Random movement: AntAction.TURN_RIGHT
2025-05-04 17:05:01,550 - INFO - Depositing home pheromone
2025-05-04 17:05:02,133 - INFO - Random movement: AntAction.MOVE_FORWARD
2025-05-04 17:05:02,746 - INFO - Depositing home pheromone
2025-05-04 17:05:03,353 - INFO - Random movement: AntAction.MOVE_FORWARD
2025-05-04 17:05:03,893 - INFO - Depositing home pheromone
