2025-05-04 17:04:25,438 - INFO - Initialized with direction Direction.NORTHEAST
2025-05-04 17:04:25,439 - INFO - Depositing home pheromone
2025-05-04 17:04:27,162 - INFO - Random movement: AntAction.TURN_RIGHT
2025-05-04 17:04:27,786 - INFO - Depositing home pheromone
2025-05-04 17:04:28,343 - INFO - Random movement: AntAction.MOVE_FORWARD
2025-05-04 17:04:28,865 - INFO - Depositing home pheromone
2025-05-04 17:04:29,368 - INFO - Random movement: AntAction.MOVE_FORWARD
2025-05-04 17:04:29,907 - INFO - Depositing home pheromone
2025-05-04 17:04:30,505 - INFO - Random movement: AntAction.TURN_LEFT
2025-05-04 17:04:31,089 - INFO - Depositing home pheromone
2025-05-04 17:04:31,585 - INFO - Random movement: AntAction.TURN_LEFT
2025-05-04 17:04:32,067 - INFO - Depositing home pheromone
2025-05-04 17:04:32,582 - INFO - Random movement: AntAction.TURN_LEFT
2025-05-04 17:04:33,092 - INFO - Depositing home pheromone
2025-05-04 17:04:33,609 - INFO - Random movement: AntAction.TURN_LEFT
2025-05-04 17:04:34,083 - INFO - Depositing home pheromone
2025-05-04 17:04:34,580 - INFO - Random movement: AntAction.MOVE_FORWARD
2025-05-04 17:04:35,073 - INFO - Depositing home pheromone
2025-05-04 17:04:35,622 - INFO - Random movement: AntAction.MOVE_FORWARD
2025-05-04 17:04:36,203 - INFO - Depositing home pheromone
2025-05-04 17:04:36,786 - INFO - Random movement: AntAction.TURN_LEFT
2025-05-04 17:04:37,312 - INFO - Depositing home pheromone
2025-05-04 17:04:37,874 - INFO - Random movement: AntAction.TURN_LEFT
2025-05-04 17:04:38,382 - INFO - Depositing home pheromone
2025-05-04 17:04:38,915 - INFO - Random movement: AntAction.MOVE_FORWARD
2025-05-04 17:04:39,433 - INFO - Depositing home pheromone
2025-05-04 17:04:39,968 - INFO - Random movement: AntAction.MOVE_FORWARD
2025-05-04 17:04:40,505 - INFO - Depositing home pheromone
2025-05-04 17:04:41,048 - INFO - Random movement: AntAction.MOVE_FORWARD
2025-05-04 17:04:41,538 - INFO - Depositing home pheromone
2025-05-04 17:04:42,062 - INFO - Random movement: AntAction.MOVE_FORWARD
2025-05-04 17:04:42,567 - INFO - Depositing home pheromone
2025-05-04 17:04:43,117 - INFO - Random movement: AntAction.TURN_LEFT
2025-05-04 17:04:43,655 - INFO - Depositing home pheromone
2025-05-04 17:04:44,160 - INFO - Random movement: AntAction.MOVE_FORWARD
2025-05-04 17:04:44,694 - INFO - Depositing home pheromone
2025-05-04 17:04:45,195 - INFO - Random movement: AntAction.TURN_LEFT
2025-05-04 17:04:45,697 - INFO - Depositing home pheromone
2025-05-04 17:04:46,183 - INFO - Random movement: AntAction.MOVE_FORWARD
2025-05-04 17:04:46,667 - INFO - Depositing home pheromone
2025-05-04 17:04:47,188 - INFO - Random movement: AntAction.TURN_LEFT
2025-05-04 17:04:47,676 - INFO - Depositing home pheromone
2025-05-04 17:04:48,131 - INFO - Random movement: AntAction.TURN_LEFT
2025-05-04 17:04:48,578 - INFO - Depositing home pheromone
2025-05-04 17:04:48,995 - INFO - Random movement: AntAction.MOVE_FORWARD
2025-05-04 17:04:49,477 - INFO - Depositing home pheromone
2025-05-04 17:04:50,002 - INFO - Random movement: AntAction.MOVE_FORWARD
2025-05-04 17:04:50,509 - INFO - Depositing home pheromone
2025-05-04 17:04:51,002 - INFO - Random movement: AntAction.TURN_LEFT
2025-05-04 17:04:51,510 - INFO - Depositing home pheromone
2025-05-04 17:04:52,018 - INFO - Random movement: AntAction.MOVE_FORWARD
2025-05-04 17:04:52,593 - INFO - Bored after searching for food for 51 steps, making random move
2025-05-04 17:04:52,595 - INFO - Made random move: AntAction.MOVE_FORWARD
2025-05-04 17:04:53,201 - INFO - Depositing home pheromone
2025-05-04 17:04:53,712 - INFO - Random movement: AntAction.TURN_RIGHT
2025-05-04 17:04:54,247 - INFO - Depositing home pheromone
2025-05-04 17:04:54,740 - INFO - Random movement: AntAction.MOVE_FORWARD
2025-05-04 17:04:55,250 - INFO - Depositing home pheromone
2025-05-04 17:04:55,782 - INFO - Random movement: AntAction.TURN_LEFT
2025-05-04 17:04:56,304 - INFO - Depositing home pheromone
2025-05-04 17:04:56,791 - INFO - Random movement: AntAction.TURN_LEFT
2025-05-04 17:04:57,336 - INFO - Depositing home pheromone
2025-05-04 17:04:57,841 - INFO - Random movement: AntAction.TURN_LEFT
2025-05-04 17:04:58,359 - INFO - Depositing home pheromone
2025-05-04 17:04:58,902 - INFO - Random movement: AntAction.TURN_LEFT
2025-05-04 17:04:59,432 - INFO - Depositing home pheromone
2025-05-04 17:05:00,005 - INFO - Random movement: AntAction.MOVE_FORWARD
2025-05-04 17:05:00,584 - INFO - Depositing home pheromone
2025-05-04 17:05:01,172 - INFO - Random movement: AntAction.MOVE_FORWARD
2025-05-04 17:05:01,712 - INFO - Depositing home pheromone
2025-05-04 17:05:02,280 - INFO - Random movement: AntAction.TURN_LEFT
2025-05-04 17:05:02,936 - INFO - Depositing home pheromone
2025-05-04 17:05:03,515 - INFO - Random movement: AntAction.MOVE_FORWARD
2025-05-04 17:05:04,056 - INFO - Depositing home pheromone
