2025-05-04 17:04:25,380 - INFO - Initialized with direction Direction.NORTHWEST
2025-05-04 17:04:25,383 - INFO - Depositing home pheromone
2025-05-04 17:04:27,148 - INFO - Random movement: AntAction.TURN_LEFT
2025-05-04 17:04:27,772 - INFO - Depositing home pheromone
2025-05-04 17:04:28,331 - INFO - Random movement: AntAction.TURN_LEFT
2025-05-04 17:04:28,852 - INFO - Depositing home pheromone
2025-05-04 17:04:29,357 - INFO - Random movement: AntAction.TURN_LEFT
2025-05-04 17:04:29,895 - INFO - Depositing home pheromone
2025-05-04 17:04:30,489 - INFO - Random movement: AntAction.MOVE_FORWARD
2025-05-04 17:04:31,076 - INFO - Depositing home pheromone
2025-05-04 17:04:31,573 - INFO - Random movement: AntAction.MOVE_FORWARD
2025-05-04 17:04:32,054 - INFO - Depositing home pheromone
2025-05-04 17:04:32,570 - INFO - Random movement: AntAction.MOVE_FORWARD
2025-05-04 17:04:33,080 - INFO - Depositing home pheromone
2025-05-04 17:04:33,597 - INFO - Random movement: AntAction.MOVE_FORWARD
2025-05-04 17:04:34,071 - INFO - Depositing home pheromone
2025-05-04 17:04:34,568 - INFO - Random movement: AntAction.MOVE_FORWARD
2025-05-04 17:04:35,059 - INFO - Depositing home pheromone
2025-05-04 17:04:35,612 - INFO - Random movement: AntAction.MOVE_FORWARD
2025-05-04 17:04:36,185 - INFO - Depositing home pheromone
2025-05-04 17:04:36,773 - INFO - Random movement: AntAction.MOVE_FORWARD
2025-05-04 17:04:37,293 - INFO - Depositing home pheromone
2025-05-04 17:04:37,855 - INFO - Random movement: AntAction.TURN_LEFT
2025-05-04 17:04:38,370 - INFO - Depositing home pheromone
2025-05-04 17:04:38,904 - INFO - Random movement: AntAction.TURN_RIGHT
2025-05-04 17:04:39,415 - INFO - Depositing home pheromone
2025-05-04 17:04:39,956 - INFO - Random movement: AntAction.TURN_LEFT
2025-05-04 17:04:40,487 - INFO - Depositing home pheromone
2025-05-04 17:04:41,037 - INFO - Random movement: AntAction.MOVE_FORWARD
2025-05-04 17:04:41,525 - INFO - Depositing home pheromone
2025-05-04 17:04:42,052 - INFO - Random movement: AntAction.MOVE_FORWARD
2025-05-04 17:04:42,550 - INFO - Depositing home pheromone
2025-05-04 17:04:43,106 - INFO - Random movement: AntAction.TURN_RIGHT
2025-05-04 17:04:43,640 - INFO - Depositing home pheromone
2025-05-04 17:04:44,149 - INFO - Random movement: AntAction.MOVE_FORWARD
2025-05-04 17:04:44,673 - INFO - Depositing home pheromone
2025-05-04 17:04:45,180 - INFO - Random movement: AntAction.MOVE_FORWARD
2025-05-04 17:04:45,684 - INFO - Depositing home pheromone
2025-05-04 17:04:46,174 - INFO - Random movement: AntAction.MOVE_FORWARD
2025-05-04 17:04:46,650 - INFO - Depositing home pheromone
2025-05-04 17:04:47,175 - INFO - Random movement: AntAction.MOVE_FORWARD
2025-05-04 17:04:47,666 - INFO - Depositing home pheromone
2025-05-04 17:04:48,123 - INFO - Random movement: AntAction.MOVE_FORWARD
2025-05-04 17:04:48,569 - INFO - Depositing home pheromone
2025-05-04 17:04:48,983 - INFO - Random movement: AntAction.TURN_LEFT
2025-05-04 17:04:49,463 - INFO - Depositing home pheromone
2025-05-04 17:04:49,990 - INFO - Random movement: AntAction.TURN_LEFT
2025-05-04 17:04:50,495 - INFO - Depositing home pheromone
2025-05-04 17:04:50,992 - INFO - Random movement: AntAction.MOVE_FORWARD
2025-05-04 17:04:51,497 - INFO - Depositing home pheromone
2025-05-04 17:04:52,007 - INFO - Random movement: AntAction.TURN_LEFT
2025-05-04 17:04:52,573 - INFO - Bored after searching for food for 51 steps, making random move
2025-05-04 17:04:52,575 - INFO - Made random move: AntAction.MOVE_FORWARD
2025-05-04 17:04:53,189 - INFO - Depositing home pheromone
2025-05-04 17:04:53,700 - INFO - Random movement: AntAction.TURN_LEFT
2025-05-04 17:04:54,232 - INFO - Depositing home pheromone
2025-05-04 17:04:54,727 - INFO - Random movement: AntAction.MOVE_FORWARD
2025-05-04 17:04:55,237 - INFO - Depositing home pheromone
2025-05-04 17:04:55,769 - INFO - Random movement: AntAction.TURN_LEFT
2025-05-04 17:04:56,290 - INFO - Depositing home pheromone
2025-05-04 17:04:56,783 - INFO - Random movement: AntAction.TURN_LEFT
2025-05-04 17:04:57,320 - INFO - Depositing home pheromone
2025-05-04 17:04:57,830 - INFO - Random movement: AntAction.MOVE_FORWARD
2025-05-04 17:04:58,342 - INFO - Depositing home pheromone
2025-05-04 17:04:58,886 - INFO - Random movement: AntAction.TURN_RIGHT
2025-05-04 17:04:59,417 - INFO - Depositing home pheromone
2025-05-04 17:04:59,994 - INFO - Random movement: AntAction.TURN_LEFT
2025-05-04 17:05:00,570 - INFO - Depositing home pheromone
2025-05-04 17:05:01,161 - INFO - Random movement: AntAction.TURN_RIGHT
2025-05-04 17:05:01,698 - INFO - Depositing home pheromone
2025-05-04 17:05:02,269 - INFO - Random movement: AntAction.MOVE_FORWARD
2025-05-04 17:05:02,912 - INFO - Depositing home pheromone
2025-05-04 17:05:03,500 - INFO - Random movement: AntAction.MOVE_FORWARD
2025-05-04 17:05:04,043 - INFO - Depositing home pheromone
