2025-05-04 17:04:25,335 - INFO - Initialized with direction Direction.SOUTHEAST
2025-05-04 17:04:25,338 - INFO - Depositing home pheromone
2025-05-04 17:04:27,145 - INFO - Random movement: AntAction.TURN_LEFT
2025-05-04 17:04:27,771 - INFO - Depositing home pheromone
2025-05-04 17:04:28,328 - INFO - Random movement: AntAction.MOVE_FORWARD
2025-05-04 17:04:28,849 - INFO - Depositing home pheromone
2025-05-04 17:04:29,355 - INFO - Random movement: AntAction.MOVE_FORWARD
2025-05-04 17:04:29,892 - INFO - Depositing home pheromone
2025-05-04 17:04:30,487 - INFO - Random movement: AntAction.TURN_LEFT
2025-05-04 17:04:31,074 - INFO - Depositing home pheromone
2025-05-04 17:04:31,571 - INFO - Random movement: AntAction.TURN_LEFT
2025-05-04 17:04:32,050 - INFO - Depositing home pheromone
2025-05-04 17:04:32,569 - INFO - Random movement: AntAction.TURN_LEFT
2025-05-04 17:04:33,076 - INFO - Depositing home pheromone
2025-05-04 17:04:33,595 - INFO - Random movement: AntAction.TURN_LEFT
2025-05-04 17:04:34,068 - INFO - Depositing home pheromone
2025-05-04 17:04:34,566 - INFO - Random movement: AntAction.MOVE_FORWARD
2025-05-04 17:04:35,052 - INFO - Depositing home pheromone
2025-05-04 17:04:35,609 - INFO - Random movement: AntAction.TURN_LEFT
2025-05-04 17:04:36,182 - INFO - Depositing home pheromone
2025-05-04 17:04:36,770 - INFO - Random movement: AntAction.TURN_RIGHT
2025-05-04 17:04:37,291 - INFO - Depositing home pheromone
2025-05-04 17:04:37,852 - INFO - Random movement: AntAction.TURN_LEFT
2025-05-04 17:04:38,367 - INFO - Depositing home pheromone
2025-05-04 17:04:38,900 - INFO - Random movement: AntAction.MOVE_FORWARD
2025-05-04 17:04:39,412 - INFO - Depositing home pheromone
2025-05-04 17:04:39,954 - INFO - Random movement: AntAction.TURN_LEFT
2025-05-04 17:04:40,483 - INFO - Depositing home pheromone
2025-05-04 17:04:41,033 - INFO - Random movement: AntAction.MOVE_FORWARD
2025-05-04 17:04:41,523 - INFO - Depositing home pheromone
2025-05-04 17:04:42,049 - INFO - Random movement: AntAction.TURN_LEFT
2025-05-04 17:04:42,548 - INFO - Depositing home pheromone
2025-05-04 17:04:43,103 - INFO - Random movement: AntAction.MOVE_FORWARD
2025-05-04 17:04:43,637 - INFO - Depositing home pheromone
2025-05-04 17:04:44,145 - INFO - Random movement: AntAction.MOVE_FORWARD
2025-05-04 17:04:44,671 - INFO - Depositing home pheromone
2025-05-04 17:04:45,178 - INFO - Random movement: AntAction.TURN_RIGHT
2025-05-04 17:04:45,680 - INFO - Depositing home pheromone
2025-05-04 17:04:46,172 - INFO - Random movement: AntAction.MOVE_FORWARD
2025-05-04 17:04:46,648 - INFO - Depositing home pheromone
2025-05-04 17:04:47,172 - INFO - Random movement: AntAction.TURN_RIGHT
2025-05-04 17:04:47,664 - INFO - Depositing home pheromone
2025-05-04 17:04:48,121 - INFO - Random movement: AntAction.MOVE_FORWARD
2025-05-04 17:04:48,568 - INFO - Depositing home pheromone
2025-05-04 17:04:48,981 - INFO - Random movement: AntAction.TURN_RIGHT
2025-05-04 17:04:49,460 - INFO - Depositing home pheromone
2025-05-04 17:04:49,988 - INFO - Random movement: AntAction.MOVE_FORWARD
2025-05-04 17:04:50,492 - INFO - Depositing home pheromone
2025-05-04 17:04:50,989 - INFO - Random movement: AntAction.TURN_LEFT
2025-05-04 17:04:51,491 - INFO - Depositing home pheromone
2025-05-04 17:04:52,004 - INFO - Random movement: AntAction.TURN_LEFT
2025-05-04 17:04:52,569 - INFO - Bored after searching for food for 51 steps, making random move
2025-05-04 17:04:52,570 - INFO - Made random move: AntAction.MOVE_FORWARD
2025-05-04 17:04:53,186 - INFO - Depositing home pheromone
2025-05-04 17:04:53,697 - INFO - Random movement: AntAction.MOVE_FORWARD
2025-05-04 17:04:54,228 - INFO - Depositing home pheromone
2025-05-04 17:04:54,724 - INFO - Random movement: AntAction.MOVE_FORWARD
2025-05-04 17:04:55,233 - INFO - Depositing home pheromone
2025-05-04 17:04:55,765 - INFO - Random movement: AntAction.MOVE_FORWARD
2025-05-04 17:04:56,287 - INFO - Depositing home pheromone
2025-05-04 17:04:56,781 - INFO - Random movement: AntAction.TURN_LEFT
2025-05-04 17:04:57,317 - INFO - Depositing home pheromone
2025-05-04 17:04:57,829 - INFO - Random movement: AntAction.TURN_RIGHT
2025-05-04 17:04:58,339 - INFO - Depositing home pheromone
2025-05-04 17:04:58,883 - INFO - Random movement: AntAction.MOVE_FORWARD
2025-05-04 17:04:59,412 - INFO - Depositing home pheromone
2025-05-04 17:04:59,990 - INFO - Random movement: AntAction.MOVE_FORWARD
2025-05-04 17:05:00,567 - INFO - Depositing home pheromone
2025-05-04 17:05:01,158 - INFO - Random movement: AntAction.TURN_LEFT
2025-05-04 17:05:01,692 - INFO - Depositing home pheromone
2025-05-04 17:05:02,263 - INFO - Random movement: AntAction.MOVE_FORWARD
2025-05-04 17:05:02,909 - INFO - Depositing home pheromone
2025-05-04 17:05:03,498 - INFO - Random movement: AntAction.MOVE_FORWARD
2025-05-04 17:05:04,039 - INFO - Depositing home pheromone
