2025-05-04 17:04:25,756 - INFO - Initialized with direction Direction.WEST
2025-05-04 17:04:25,762 - INFO - Depositing home pheromone
2025-05-04 17:04:27,222 - INFO - Random movement: AntAction.TURN_LEFT
2025-05-04 17:04:27,832 - INFO - Depositing home pheromone
2025-05-04 17:04:28,383 - INFO - Random movement: AntAction.TURN_LEFT
2025-05-04 17:04:28,916 - INFO - Depositing home pheromone
2025-05-04 17:04:29,407 - INFO - Random movement: AntAction.TURN_LEFT
2025-05-04 17:04:29,968 - INFO - Depositing home pheromone
2025-05-04 17:04:30,570 - INFO - Random movement: AntAction.MOVE_FORWARD
2025-05-04 17:04:31,142 - INFO - Depositing home pheromone
2025-05-04 17:04:31,621 - INFO - Random movement: AntAction.MOVE_FORWARD
2025-05-04 17:04:32,115 - INFO - Depositing home pheromone
2025-05-04 17:04:32,619 - INFO - Random movement: AntAction.TURN_RIGHT
2025-05-04 17:04:33,139 - INFO - Depositing home pheromone
2025-05-04 17:04:33,649 - INFO - Random movement: AntAction.MOVE_FORWARD
2025-05-04 17:04:34,135 - INFO - Depositing home pheromone
2025-05-04 17:04:34,618 - INFO - Random movement: AntAction.MOVE_FORWARD
2025-05-04 17:04:35,124 - INFO - Depositing home pheromone
2025-05-04 17:04:35,663 - INFO - Random movement: AntAction.TURN_RIGHT
2025-05-04 17:04:36,261 - INFO - Depositing home pheromone
2025-05-04 17:04:36,823 - INFO - Random movement: AntAction.MOVE_FORWARD
2025-05-04 17:04:37,377 - INFO - Depositing home pheromone
2025-05-04 17:04:37,910 - INFO - Random movement: AntAction.MOVE_FORWARD
2025-05-04 17:04:38,433 - INFO - Depositing home pheromone
2025-05-04 17:04:38,953 - INFO - Random movement: AntAction.TURN_LEFT
2025-05-04 17:04:39,487 - INFO - Depositing home pheromone
2025-05-04 17:04:40,008 - INFO - Random movement: AntAction.TURN_LEFT
2025-05-04 17:04:40,551 - INFO - Depositing home pheromone
2025-05-04 17:04:41,091 - INFO - Random movement: AntAction.MOVE_FORWARD
2025-05-04 17:04:41,588 - INFO - Depositing home pheromone
2025-05-04 17:04:42,105 - INFO - Random movement: AntAction.MOVE_FORWARD
2025-05-04 17:04:42,615 - INFO - Depositing home pheromone
2025-05-04 17:04:43,160 - INFO - Random movement: AntAction.TURN_RIGHT
2025-05-04 17:04:43,700 - INFO - Depositing home pheromone
2025-05-04 17:04:44,202 - INFO - Random movement: AntAction.TURN_RIGHT
2025-05-04 17:04:44,742 - INFO - Depositing home pheromone
2025-05-04 17:04:45,230 - INFO - Random movement: AntAction.TURN_LEFT
2025-05-04 17:04:45,738 - INFO - Depositing home pheromone
2025-05-04 17:04:46,229 - INFO - Random movement: AntAction.MOVE_FORWARD
2025-05-04 17:04:46,718 - INFO - Depositing home pheromone
2025-05-04 17:04:47,229 - INFO - Random movement: AntAction.MOVE_FORWARD
2025-05-04 17:04:47,711 - INFO - Depositing home pheromone
2025-05-04 17:04:48,165 - INFO - Random movement: AntAction.TURN_RIGHT
2025-05-04 17:04:48,616 - INFO - Depositing home pheromone
2025-05-04 17:04:49,033 - INFO - Random movement: AntAction.MOVE_FORWARD
2025-05-04 17:04:49,526 - INFO - Depositing home pheromone
2025-05-04 17:04:50,041 - INFO - Random movement: AntAction.TURN_RIGHT
2025-05-04 17:04:50,553 - INFO - Depositing home pheromone
2025-05-04 17:04:51,042 - INFO - Random movement: AntAction.MOVE_FORWARD
2025-05-04 17:04:51,556 - INFO - Depositing home pheromone
2025-05-04 17:04:52,054 - INFO - Random movement: AntAction.TURN_LEFT
2025-05-04 17:04:52,660 - INFO - Bored after searching for food for 51 steps, making random move
2025-05-04 17:04:52,660 - INFO - Made random move: AntAction.TURN_LEFT
2025-05-04 17:04:53,245 - INFO - Depositing home pheromone
2025-05-04 17:04:53,750 - INFO - Random movement: AntAction.MOVE_FORWARD
2025-05-04 17:04:54,296 - INFO - Depositing home pheromone
2025-05-04 17:04:54,782 - INFO - Random movement: AntAction.MOVE_FORWARD
2025-05-04 17:04:55,298 - INFO - Depositing home pheromone
2025-05-04 17:04:55,830 - INFO - Random movement: AntAction.MOVE_FORWARD
2025-05-04 17:04:56,353 - INFO - Depositing home pheromone
2025-05-04 17:04:56,832 - INFO - Random movement: AntAction.TURN_LEFT
2025-05-04 17:04:57,386 - INFO - Depositing home pheromone
2025-05-04 17:04:57,879 - INFO - Random movement: AntAction.TURN_LEFT
2025-05-04 17:04:58,410 - INFO - Depositing home pheromone
2025-05-04 17:04:58,942 - INFO - Random movement: AntAction.TURN_LEFT
2025-05-04 17:04:59,489 - INFO - Depositing home pheromone
2025-05-04 17:05:00,051 - INFO - Random movement: AntAction.MOVE_FORWARD
2025-05-04 17:05:00,645 - INFO - Depositing home pheromone
2025-05-04 17:05:01,212 - INFO - Random movement: AntAction.MOVE_FORWARD
2025-05-04 17:05:01,763 - INFO - Depositing home pheromone
2025-05-04 17:05:02,339 - INFO - Random movement: AntAction.TURN_RIGHT
2025-05-04 17:05:02,990 - INFO - Depositing home pheromone
2025-05-04 17:05:03,555 - INFO - Random movement: AntAction.MOVE_FORWARD
2025-05-04 17:05:04,110 - INFO - Depositing home pheromone
