2025-05-04 17:04:25,180 - INFO - Initialized with direction Direction.EAST
2025-05-04 17:04:25,183 - INFO - Depositing home pheromone
2025-05-04 17:04:27,115 - INFO - Random movement: AntAction.MOVE_FORWARD
2025-05-04 17:04:27,740 - INFO - Depositing home pheromone
2025-05-04 17:04:28,300 - INFO - Random movement: AntAction.MOVE_FORWARD
2025-05-04 17:04:28,820 - INFO - Depositing home pheromone
2025-05-04 17:04:29,334 - INFO - Random movement: AntAction.TURN_LEFT
2025-05-04 17:04:29,862 - INFO - Depositing home pheromone
2025-05-04 17:04:30,459 - INFO - Random movement: AntAction.TURN_LEFT
2025-05-04 17:04:31,037 - INFO - Depositing home pheromone
2025-05-04 17:04:31,545 - INFO - Random movement: AntAction.TURN_LEFT
2025-05-04 17:04:32,023 - INFO - Depositing home pheromone
2025-05-04 17:04:32,540 - INFO - Random movement: AntAction.TURN_LEFT
2025-05-04 17:04:33,050 - INFO - Depositing home pheromone
2025-05-04 17:04:33,573 - INFO - Random movement: AntAction.MOVE_FORWARD
2025-05-04 17:04:34,045 - INFO - Depositing home pheromone
2025-05-04 17:04:34,545 - INFO - Random movement: AntAction.TURN_LEFT
2025-05-04 17:04:35,022 - INFO - Depositing home pheromone
2025-05-04 17:04:35,585 - INFO - Random movement: AntAction.TURN_RIGHT
2025-05-04 17:04:36,150 - INFO - Depositing home pheromone
2025-05-04 17:04:36,749 - INFO - Random movement: AntAction.MOVE_FORWARD
2025-05-04 17:04:37,259 - INFO - Depositing home pheromone
2025-05-04 17:04:37,831 - INFO - Random movement: AntAction.TURN_LEFT
2025-05-04 17:04:38,327 - INFO - Depositing home pheromone
2025-05-04 17:04:38,877 - INFO - Random movement: AntAction.TURN_LEFT
2025-05-04 17:04:39,382 - INFO - Depositing home pheromone
2025-05-04 17:04:39,930 - INFO - Random movement: AntAction.MOVE_FORWARD
2025-05-04 17:04:40,457 - INFO - Depositing home pheromone
2025-05-04 17:04:41,009 - INFO - Random movement: AntAction.MOVE_FORWARD
2025-05-04 17:04:41,495 - INFO - Depositing home pheromone
2025-05-04 17:04:42,028 - INFO - Random movement: AntAction.TURN_LEFT
2025-05-04 17:04:42,519 - INFO - Depositing home pheromone
2025-05-04 17:04:43,080 - INFO - Random movement: AntAction.MOVE_FORWARD
2025-05-04 17:04:43,609 - INFO - Depositing home pheromone
2025-05-04 17:04:44,123 - INFO - Random movement: AntAction.MOVE_FORWARD
2025-05-04 17:04:44,643 - INFO - Depositing home pheromone
2025-05-04 17:04:45,157 - INFO - Random movement: AntAction.TURN_RIGHT
2025-05-04 17:04:45,652 - INFO - Depositing home pheromone
2025-05-04 17:04:46,147 - INFO - Random movement: AntAction.MOVE_FORWARD
2025-05-04 17:04:46,620 - INFO - Depositing home pheromone
2025-05-04 17:04:47,142 - INFO - Random movement: AntAction.MOVE_FORWARD
2025-05-04 17:04:47,640 - INFO - Depositing home pheromone
2025-05-04 17:04:48,101 - INFO - Random movement: AntAction.MOVE_FORWARD
2025-05-04 17:04:48,550 - INFO - Depositing home pheromone
2025-05-04 17:04:48,958 - INFO - Random movement: AntAction.MOVE_FORWARD
2025-05-04 17:04:49,430 - INFO - Depositing home pheromone
2025-05-04 17:04:49,961 - INFO - Random movement: AntAction.TURN_RIGHT
2025-05-04 17:04:50,464 - INFO - Depositing home pheromone
2025-05-04 17:04:50,965 - INFO - Random movement: AntAction.MOVE_FORWARD
2025-05-04 17:04:51,466 - INFO - Depositing home pheromone
2025-05-04 17:04:51,980 - INFO - Random movement: AntAction.MOVE_FORWARD
2025-05-04 17:04:52,527 - INFO - Bored after searching for food for 51 steps, making random move
2025-05-04 17:04:52,530 - INFO - Made random move: AntAction.TURN_LEFT
2025-05-04 17:04:53,159 - INFO - Depositing home pheromone
2025-05-04 17:04:53,673 - INFO - Random movement: AntAction.TURN_LEFT
2025-05-04 17:04:54,197 - INFO - Depositing home pheromone
2025-05-04 17:04:54,699 - INFO - Random movement: AntAction.TURN_LEFT
2025-05-04 17:04:55,204 - INFO - Depositing home pheromone
2025-05-04 17:04:55,740 - INFO - Random movement: AntAction.MOVE_FORWARD
2025-05-04 17:04:56,263 - INFO - Depositing home pheromone
2025-05-04 17:04:56,768 - INFO - Random movement: AntAction.MOVE_FORWARD
2025-05-04 17:04:57,288 - INFO - Depositing home pheromone
2025-05-04 17:04:57,810 - INFO - Random movement: AntAction.TURN_LEFT
2025-05-04 17:04:58,306 - INFO - Depositing home pheromone
2025-05-04 17:04:58,857 - INFO - Random movement: AntAction.TURN_LEFT
2025-05-04 17:04:59,381 - INFO - Depositing home pheromone
2025-05-04 17:04:59,963 - INFO - Random movement: AntAction.MOVE_FORWARD
2025-05-04 17:05:00,539 - INFO - Depositing home pheromone
2025-05-04 17:05:01,134 - INFO - Random movement: AntAction.TURN_LEFT
2025-05-04 17:05:01,666 - INFO - Depositing home pheromone
2025-05-04 17:05:02,238 - INFO - Random movement: AntAction.MOVE_FORWARD
2025-05-04 17:05:02,877 - INFO - Depositing home pheromone
2025-05-04 17:05:03,472 - INFO - Random movement: AntAction.MOVE_FORWARD
2025-05-04 17:05:04,012 - INFO - Depositing home pheromone
