2025-05-04 17:04:25,396 - INFO - Initialized with direction Direction.NORTH
2025-05-04 17:04:25,399 - INFO - Depositing home pheromone
2025-05-04 17:04:27,152 - INFO - Random movement: AntAction.TURN_LEFT
2025-05-04 17:04:27,776 - INFO - Depositing home pheromone
2025-05-04 17:04:28,333 - INFO - Random movement: AntAction.TURN_LEFT
2025-05-04 17:04:28,855 - INFO - Depositing home pheromone
2025-05-04 17:04:29,360 - INFO - Random movement: AntAction.TURN_LEFT
2025-05-04 17:04:29,898 - INFO - Depositing home pheromone
2025-05-04 17:04:30,492 - INFO - Random movement: AntAction.TURN_LEFT
2025-05-04 17:04:31,080 - INFO - Depositing home pheromone
2025-05-04 17:04:31,575 - INFO - Random movement: AntAction.MOVE_FORWARD
2025-05-04 17:04:32,057 - INFO - Depositing home pheromone
2025-05-04 17:04:32,574 - INFO - Random movement: AntAction.MOVE_FORWARD
2025-05-04 17:04:33,082 - INFO - Depositing home pheromone
2025-05-04 17:04:33,600 - INFO - Random movement: AntAction.MOVE_FORWARD
2025-05-04 17:04:34,074 - INFO - Depositing home pheromone
2025-05-04 17:04:34,571 - INFO - Random movement: AntAction.TURN_LEFT
2025-05-04 17:04:35,062 - INFO - Depositing home pheromone
2025-05-04 17:04:35,614 - INFO - Random movement: AntAction.MOVE_FORWARD
2025-05-04 17:04:36,187 - INFO - Depositing home pheromone
2025-05-04 17:04:36,777 - INFO - Random movement: AntAction.TURN_LEFT
2025-05-04 17:04:37,302 - INFO - Depositing home pheromone
2025-05-04 17:04:37,858 - INFO - Random movement: AntAction.MOVE_FORWARD
2025-05-04 17:04:38,372 - INFO - Depositing home pheromone
2025-05-04 17:04:38,906 - INFO - Random movement: AntAction.TURN_LEFT
2025-05-04 17:04:39,419 - INFO - Depositing home pheromone
2025-05-04 17:04:39,958 - INFO - Random movement: AntAction.TURN_LEFT
2025-05-04 17:04:40,490 - INFO - Depositing home pheromone
2025-05-04 17:04:41,040 - INFO - Random movement: AntAction.MOVE_FORWARD
2025-05-04 17:04:41,528 - INFO - Depositing home pheromone
2025-05-04 17:04:42,054 - INFO - Random movement: AntAction.MOVE_FORWARD
2025-05-04 17:04:42,554 - INFO - Depositing home pheromone
2025-05-04 17:04:43,109 - INFO - Random movement: AntAction.MOVE_FORWARD
2025-05-04 17:04:43,644 - INFO - Depositing home pheromone
2025-05-04 17:04:44,152 - INFO - Random movement: AntAction.MOVE_FORWARD
2025-05-04 17:04:44,680 - INFO - Depositing home pheromone
2025-05-04 17:04:45,184 - INFO - Random movement: AntAction.TURN_LEFT
2025-05-04 17:04:45,686 - INFO - Depositing home pheromone
2025-05-04 17:04:46,176 - INFO - Random movement: AntAction.TURN_LEFT
2025-05-04 17:04:46,655 - INFO - Depositing home pheromone
2025-05-04 17:04:47,178 - INFO - Random movement: AntAction.MOVE_FORWARD
2025-05-04 17:04:47,668 - INFO - Depositing home pheromone
2025-05-04 17:04:48,125 - INFO - Random movement: AntAction.TURN_LEFT
2025-05-04 17:04:48,572 - INFO - Depositing home pheromone
2025-05-04 17:04:48,986 - INFO - Random movement: AntAction.MOVE_FORWARD
2025-05-04 17:04:49,467 - INFO - Depositing home pheromone
2025-05-04 17:04:49,993 - INFO - Random movement: AntAction.TURN_LEFT
2025-05-04 17:04:50,499 - INFO - Depositing home pheromone
2025-05-04 17:04:50,994 - INFO - Random movement: AntAction.MOVE_FORWARD
2025-05-04 17:04:51,500 - INFO - Depositing home pheromone
2025-05-04 17:04:52,009 - INFO - Random movement: AntAction.MOVE_FORWARD
2025-05-04 17:04:52,577 - INFO - Bored after searching for food for 51 steps, making random move
2025-05-04 17:04:52,579 - INFO - Made random move: AntAction.TURN_LEFT
2025-05-04 17:04:53,194 - INFO - Depositing home pheromone
2025-05-04 17:04:53,705 - INFO - Random movement: AntAction.MOVE_FORWARD
2025-05-04 17:04:54,238 - INFO - Depositing home pheromone
2025-05-04 17:04:54,731 - INFO - Random movement: AntAction.TURN_RIGHT
2025-05-04 17:04:55,241 - INFO - Depositing home pheromone
2025-05-04 17:04:55,773 - INFO - Random movement: AntAction.MOVE_FORWARD
2025-05-04 17:04:56,294 - INFO - Depositing home pheromone
2025-05-04 17:04:56,786 - INFO - Random movement: AntAction.MOVE_FORWARD
2025-05-04 17:04:57,323 - INFO - Depositing home pheromone
2025-05-04 17:04:57,833 - INFO - Random movement: AntAction.MOVE_FORWARD
2025-05-04 17:04:58,345 - INFO - Depositing home pheromone
2025-05-04 17:04:58,890 - INFO - Random movement: AntAction.MOVE_FORWARD
2025-05-04 17:04:59,420 - INFO - Depositing home pheromone
2025-05-04 17:04:59,997 - INFO - Random movement: AntAction.MOVE_FORWARD
2025-05-04 17:05:00,574 - INFO - Depositing home pheromone
2025-05-04 17:05:01,164 - INFO - Random movement: AntAction.MOVE_FORWARD
2025-05-04 17:05:01,702 - INFO - Depositing home pheromone
2025-05-04 17:05:02,272 - INFO - Random movement: AntAction.MOVE_FORWARD
2025-05-04 17:05:02,919 - INFO - Depositing home pheromone
2025-05-04 17:05:03,504 - INFO - Random movement: AntAction.MOVE_FORWARD
2025-05-04 17:05:04,047 - INFO - Depositing home pheromone
