2025-05-04 17:04:25,118 - INFO - Initialized with direction Direction.SOUTHEAST
2025-05-04 17:04:25,122 - INFO - Depositing home pheromone
2025-05-04 17:04:27,100 - INFO - Random movement: AntAction.MOVE_FORWARD
2025-05-04 17:04:27,721 - INFO - Depositing home pheromone
2025-05-04 17:04:28,286 - INFO - Random movement: AntAction.MOVE_FORWARD
2025-05-04 17:04:28,806 - INFO - Depositing home pheromone
2025-05-04 17:04:29,319 - INFO - Random movement: AntAction.TURN_RIGHT
2025-05-04 17:04:29,841 - INFO - Depositing home pheromone
2025-05-04 17:04:30,435 - INFO - Random movement: AntAction.TURN_RIGHT
2025-05-04 17:04:31,021 - INFO - Depositing home pheromone
2025-05-04 17:04:31,533 - INFO - Random movement: AntAction.TURN_LEFT
2025-05-04 17:04:32,008 - INFO - Depositing home pheromone
2025-05-04 17:04:32,524 - INFO - Random movement: AntAction.MOVE_FORWARD
2025-05-04 17:04:33,032 - INFO - Depositing home pheromone
2025-05-04 17:04:33,561 - INFO - Random movement: AntAction.MOVE_FORWARD
2025-05-04 17:04:34,029 - INFO - Depositing home pheromone
2025-05-04 17:04:34,533 - INFO - Random movement: AntAction.MOVE_FORWARD
2025-05-04 17:04:35,006 - INFO - Depositing home pheromone
2025-05-04 17:04:35,570 - INFO - Random movement: AntAction.MOVE_FORWARD
2025-05-04 17:04:36,134 - INFO - Depositing home pheromone
2025-05-04 17:04:36,733 - INFO - Random movement: AntAction.MOVE_FORWARD
2025-05-04 17:04:37,243 - INFO - Depositing home pheromone
2025-05-04 17:04:37,818 - INFO - Random movement: AntAction.MOVE_FORWARD
2025-05-04 17:04:38,312 - INFO - Depositing home pheromone
2025-05-04 17:04:38,863 - INFO - Random movement: AntAction.MOVE_FORWARD
2025-05-04 17:04:39,366 - INFO - Depositing home pheromone
2025-05-04 17:04:39,918 - INFO - Random movement: AntAction.TURN_RIGHT
2025-05-04 17:04:40,437 - INFO - Depositing home pheromone
2025-05-04 17:04:40,991 - INFO - Random movement: AntAction.MOVE_FORWARD
2025-05-04 17:04:41,480 - INFO - Depositing home pheromone
2025-05-04 17:04:42,010 - INFO - Random movement: AntAction.MOVE_FORWARD
2025-05-04 17:04:42,504 - INFO - Depositing home pheromone
2025-05-04 17:04:43,065 - INFO - Random movement: AntAction.TURN_LEFT
2025-05-04 17:04:43,590 - INFO - Depositing home pheromone
2025-05-04 17:04:44,106 - INFO - Random movement: AntAction.MOVE_FORWARD
2025-05-04 17:04:44,628 - INFO - Depositing home pheromone
2025-05-04 17:04:45,142 - INFO - Random movement: AntAction.TURN_LEFT
2025-05-04 17:04:45,635 - INFO - Depositing home pheromone
2025-05-04 17:04:46,132 - INFO - Random movement: AntAction.MOVE_FORWARD
2025-05-04 17:04:46,603 - INFO - Depositing home pheromone
2025-05-04 17:04:47,129 - INFO - Random movement: AntAction.MOVE_FORWARD
2025-05-04 17:04:47,627 - INFO - Depositing home pheromone
2025-05-04 17:04:48,086 - INFO - Random movement: AntAction.TURN_LEFT
2025-05-04 17:04:48,539 - INFO - Depositing home pheromone
2025-05-04 17:04:48,940 - INFO - Random movement: AntAction.TURN_LEFT
2025-05-04 17:04:49,414 - INFO - Depositing home pheromone
2025-05-04 17:04:49,942 - INFO - Random movement: AntAction.MOVE_FORWARD
2025-05-04 17:04:50,448 - INFO - Depositing home pheromone
2025-05-04 17:04:50,951 - INFO - Random movement: AntAction.MOVE_FORWARD
2025-05-04 17:04:51,450 - INFO - Depositing home pheromone
2025-05-04 17:04:51,965 - INFO - Random movement: AntAction.TURN_RIGHT
2025-05-04 17:04:52,505 - INFO - Bored after searching for food for 51 steps, making random move
2025-05-04 17:04:52,507 - INFO - Made random move: AntAction.TURN_RIGHT
2025-05-04 17:04:53,142 - INFO - Depositing home pheromone
2025-05-04 17:04:53,657 - INFO - Random movement: AntAction.MOVE_FORWARD
2025-05-04 17:04:54,176 - INFO - Depositing home pheromone
2025-05-04 17:04:54,685 - INFO - Random movement: AntAction.MOVE_FORWARD
2025-05-04 17:04:55,189 - INFO - Depositing home pheromone
2025-05-04 17:04:55,727 - INFO - Random movement: AntAction.TURN_LEFT
2025-05-04 17:04:56,245 - INFO - Depositing home pheromone
2025-05-04 17:04:56,759 - INFO - Random movement: AntAction.MOVE_FORWARD
2025-05-04 17:04:57,270 - INFO - Depositing home pheromone
2025-05-04 17:04:57,794 - INFO - Random movement: AntAction.MOVE_FORWARD
2025-05-04 17:04:58,289 - INFO - Depositing home pheromone
2025-05-04 17:04:58,843 - INFO - Random movement: AntAction.TURN_LEFT
2025-05-04 17:04:59,365 - INFO - Depositing home pheromone
2025-05-04 17:04:59,950 - INFO - Random movement: AntAction.TURN_LEFT
2025-05-04 17:05:00,519 - INFO - Depositing home pheromone
2025-05-04 17:05:01,118 - INFO - Random movement: AntAction.TURN_LEFT
2025-05-04 17:05:01,649 - INFO - Depositing home pheromone
2025-05-04 17:05:02,222 - INFO - Random movement: AntAction.MOVE_FORWARD
2025-05-04 17:05:02,854 - INFO - Depositing home pheromone
2025-05-04 17:05:03,450 - INFO - Random movement: AntAction.MOVE_FORWARD
2025-05-04 17:05:03,990 - INFO - Depositing home pheromone
