2025-05-04 17:04:26,382 - INFO - Initialized with direction Direction.SOUTHWEST
2025-05-04 17:04:26,383 - INFO - Depositing home pheromone
2025-05-04 17:04:27,311 - INFO - Random movement: AntAction.TURN_LEFT
2025-05-04 17:04:27,928 - INFO - Depositing home pheromone
2025-05-04 17:04:28,462 - INFO - Random movement: AntAction.MOVE_FORWARD
2025-05-04 17:04:29,002 - INFO - Depositing home pheromone
2025-05-04 17:04:29,477 - INFO - Random movement: AntAction.MOVE_FORWARD
2025-05-04 17:04:30,065 - INFO - Depositing home pheromone
2025-05-04 17:04:30,679 - INFO - Random movement: AntAction.MOVE_FORWARD
2025-05-04 17:04:31,226 - INFO - Depositing home pheromone
2025-05-04 17:04:31,676 - INFO - Random movement: AntAction.MOVE_FORWARD
2025-05-04 17:04:32,205 - INFO - Depositing home pheromone
2025-05-04 17:04:32,690 - INFO - Random movement: AntAction.MOVE_FORWARD
2025-05-04 17:04:33,225 - INFO - Depositing home pheromone
2025-05-04 17:04:33,709 - INFO - Random movement: AntAction.TURN_LEFT
2025-05-04 17:04:34,233 - INFO - Depositing home pheromone
2025-05-04 17:04:34,687 - INFO - Random movement: AntAction.MOVE_FORWARD
2025-05-04 17:04:35,215 - INFO - Depositing home pheromone
2025-05-04 17:04:35,737 - INFO - Random movement: AntAction.MOVE_FORWARD
2025-05-04 17:04:36,359 - INFO - Depositing home pheromone
2025-05-04 17:04:36,889 - INFO - Random movement: AntAction.TURN_RIGHT
2025-05-04 17:04:37,480 - INFO - Depositing home pheromone
2025-05-04 17:04:37,986 - INFO - Random movement: AntAction.MOVE_FORWARD
2025-05-04 17:04:38,526 - INFO - Depositing home pheromone
2025-05-04 17:04:39,027 - INFO - Random movement: AntAction.TURN_RIGHT
2025-05-04 17:04:39,578 - INFO - Depositing home pheromone
2025-05-04 17:04:40,075 - INFO - Random movement: AntAction.MOVE_FORWARD
2025-05-04 17:04:40,647 - INFO - Depositing home pheromone
2025-05-04 17:04:41,163 - INFO - Random movement: AntAction.MOVE_FORWARD
2025-05-04 17:04:41,669 - INFO - Depositing home pheromone
2025-05-04 17:04:42,172 - INFO - Random movement: AntAction.TURN_LEFT
2025-05-04 17:04:42,711 - INFO - Depositing home pheromone
2025-05-04 17:04:43,239 - INFO - Random movement: AntAction.TURN_LEFT
2025-05-04 17:04:43,781 - INFO - Depositing home pheromone
2025-05-04 17:04:44,277 - INFO - Random movement: AntAction.MOVE_FORWARD
2025-05-04 17:04:44,820 - INFO - Depositing home pheromone
2025-05-04 17:04:45,297 - INFO - Random movement: AntAction.MOVE_FORWARD
2025-05-04 17:04:45,822 - INFO - Depositing home pheromone
2025-05-04 17:04:46,306 - INFO - Random movement: AntAction.MOVE_FORWARD
2025-05-04 17:04:46,811 - INFO - Depositing home pheromone
2025-05-04 17:04:47,302 - INFO - Random movement: AntAction.MOVE_FORWARD
2025-05-04 17:04:47,792 - INFO - Depositing home pheromone
2025-05-04 17:04:48,233 - INFO - Random movement: AntAction.TURN_LEFT
2025-05-04 17:04:48,681 - INFO - Depositing home pheromone
2025-05-04 17:04:49,106 - INFO - Random movement: AntAction.TURN_LEFT
2025-05-04 17:04:49,613 - INFO - Depositing home pheromone
2025-05-04 17:04:50,116 - INFO - Random movement: AntAction.MOVE_FORWARD
2025-05-04 17:04:50,632 - INFO - Depositing home pheromone
2025-05-04 17:04:51,122 - INFO - Random movement: AntAction.MOVE_FORWARD
2025-05-04 17:04:51,639 - INFO - Depositing home pheromone
2025-05-04 17:04:52,130 - INFO - Random movement: AntAction.MOVE_FORWARD
2025-05-04 17:04:52,778 - INFO - Bored after searching for food for 51 steps, making random move
2025-05-04 17:04:52,780 - INFO - Made random move: AntAction.MOVE_FORWARD
2025-05-04 17:04:53,340 - INFO - Depositing home pheromone
2025-05-04 17:04:53,830 - INFO - Random movement: AntAction.TURN_LEFT
2025-05-04 17:04:54,376 - INFO - Depositing home pheromone
2025-05-04 17:04:54,857 - INFO - Random movement: AntAction.MOVE_FORWARD
2025-05-04 17:04:55,386 - INFO - Depositing home pheromone
2025-05-04 17:04:55,904 - INFO - Random movement: AntAction.TURN_LEFT
2025-05-04 17:04:56,428 - INFO - Depositing home pheromone
2025-05-04 17:04:56,909 - INFO - Random movement: AntAction.MOVE_FORWARD
2025-05-04 17:04:57,479 - INFO - Depositing home pheromone
2025-05-04 17:04:57,953 - INFO - Random movement: AntAction.MOVE_FORWARD
2025-05-04 17:04:58,506 - INFO - Depositing home pheromone
2025-05-04 17:04:59,019 - INFO - Random movement: AntAction.TURN_RIGHT
2025-05-04 17:04:59,581 - INFO - Depositing home pheromone
2025-05-04 17:05:00,139 - INFO - Random movement: AntAction.MOVE_FORWARD
2025-05-04 17:05:00,749 - INFO - Depositing home pheromone
2025-05-04 17:05:01,296 - INFO - Random movement: AntAction.MOVE_FORWARD
2025-05-04 17:05:01,851 - INFO - Depositing home pheromone
2025-05-04 17:05:02,442 - INFO - Random movement: AntAction.MOVE_FORWARD
2025-05-04 17:05:03,092 - INFO - Depositing home pheromone
2025-05-04 17:05:03,633 - INFO - Random movement: AntAction.MOVE_FORWARD
2025-05-04 17:05:04,211 - INFO - Depositing home pheromone
