2025-05-04 17:04:25,739 - INFO - Initialized with direction Direction.NORTHEAST
2025-05-04 17:04:25,740 - INFO - Depositing home pheromone
2025-05-04 17:04:27,210 - INFO - Random movement: AntAction.TURN_RIGHT
2025-05-04 17:04:27,829 - INFO - Depositing home pheromone
2025-05-04 17:04:28,381 - INFO - Random movement: AntAction.MOVE_FORWARD
2025-05-04 17:04:28,910 - INFO - Depositing home pheromone
2025-05-04 17:04:29,402 - INFO - Random movement: AntAction.TURN_RIGHT
2025-05-04 17:04:29,966 - INFO - Depositing home pheromone
2025-05-04 17:04:30,566 - INFO - Random movement: AntAction.MOVE_FORWARD
2025-05-04 17:04:31,139 - INFO - Depositing home pheromone
2025-05-04 17:04:31,618 - INFO - Random movement: AntAction.TURN_RIGHT
2025-05-04 17:04:32,111 - INFO - Depositing home pheromone
2025-05-04 17:04:32,617 - INFO - Random movement: AntAction.TURN_RIGHT
2025-05-04 17:04:33,135 - INFO - Depositing home pheromone
2025-05-04 17:04:33,643 - INFO - Random movement: AntAction.MOVE_FORWARD
2025-05-04 17:04:34,132 - INFO - Depositing home pheromone
2025-05-04 17:04:34,615 - INFO - Random movement: AntAction.MOVE_FORWARD
2025-05-04 17:04:35,120 - INFO - Depositing home pheromone
2025-05-04 17:04:35,661 - INFO - Random movement: AntAction.TURN_LEFT
2025-05-04 17:04:36,258 - INFO - Depositing home pheromone
2025-05-04 17:04:36,822 - INFO - Random movement: AntAction.MOVE_FORWARD
2025-05-04 17:04:37,373 - INFO - Depositing home pheromone
2025-05-04 17:04:37,908 - INFO - Random movement: AntAction.TURN_LEFT
2025-05-04 17:04:38,431 - INFO - Depositing home pheromone
2025-05-04 17:04:38,952 - INFO - Random movement: AntAction.TURN_LEFT
2025-05-04 17:04:39,484 - INFO - Depositing home pheromone
2025-05-04 17:04:40,005 - INFO - Random movement: AntAction.MOVE_FORWARD
2025-05-04 17:04:40,548 - INFO - Depositing home pheromone
2025-05-04 17:04:41,088 - INFO - Random movement: AntAction.MOVE_FORWARD
2025-05-04 17:04:41,581 - INFO - Depositing home pheromone
2025-05-04 17:04:42,102 - INFO - Random movement: AntAction.TURN_LEFT
2025-05-04 17:04:42,612 - INFO - Depositing home pheromone
2025-05-04 17:04:43,157 - INFO - Random movement: AntAction.TURN_LEFT
2025-05-04 17:04:43,697 - INFO - Depositing home pheromone
2025-05-04 17:04:44,199 - INFO - Random movement: AntAction.MOVE_FORWARD
2025-05-04 17:04:44,738 - INFO - Depositing home pheromone
2025-05-04 17:04:45,228 - INFO - Random movement: AntAction.TURN_LEFT
2025-05-04 17:04:45,735 - INFO - Depositing home pheromone
2025-05-04 17:04:46,223 - INFO - Random movement: AntAction.MOVE_FORWARD
2025-05-04 17:04:46,715 - INFO - Depositing home pheromone
2025-05-04 17:04:47,225 - INFO - Random movement: AntAction.MOVE_FORWARD
2025-05-04 17:04:47,710 - INFO - Depositing home pheromone
2025-05-04 17:04:48,162 - INFO - Random movement: AntAction.TURN_RIGHT
2025-05-04 17:04:48,613 - INFO - Depositing home pheromone
2025-05-04 17:04:49,030 - INFO - Random movement: AntAction.TURN_RIGHT
2025-05-04 17:04:49,523 - INFO - Depositing home pheromone
2025-05-04 17:04:50,038 - INFO - Random movement: AntAction.MOVE_FORWARD
2025-05-04 17:04:50,550 - INFO - Depositing home pheromone
2025-05-04 17:04:51,040 - INFO - Random movement: AntAction.TURN_RIGHT
2025-05-04 17:04:51,553 - INFO - Depositing home pheromone
2025-05-04 17:04:52,052 - INFO - Random movement: AntAction.MOVE_FORWARD
2025-05-04 17:04:52,655 - INFO - Bored after searching for food for 51 steps, making random move
2025-05-04 17:04:52,656 - INFO - Made random move: AntAction.TURN_LEFT
2025-05-04 17:04:53,242 - INFO - Depositing home pheromone
2025-05-04 17:04:53,749 - INFO - Random movement: AntAction.TURN_LEFT
2025-05-04 17:04:54,293 - INFO - Depositing home pheromone
2025-05-04 17:04:54,779 - INFO - Random movement: AntAction.TURN_LEFT
2025-05-04 17:04:55,293 - INFO - Depositing home pheromone
2025-05-04 17:04:55,829 - INFO - Random movement: AntAction.TURN_LEFT
2025-05-04 17:04:56,351 - INFO - Depositing home pheromone
2025-05-04 17:04:56,829 - INFO - Random movement: AntAction.MOVE_FORWARD
2025-05-04 17:04:57,382 - INFO - Depositing home pheromone
2025-05-04 17:04:57,876 - INFO - Random movement: AntAction.MOVE_FORWARD
2025-05-04 17:04:58,407 - INFO - Depositing home pheromone
2025-05-04 17:04:58,940 - INFO - Random movement: AntAction.TURN_LEFT
2025-05-04 17:04:59,485 - INFO - Depositing home pheromone
2025-05-04 17:05:00,048 - INFO - Random movement: AntAction.TURN_LEFT
2025-05-04 17:05:00,638 - INFO - Depositing home pheromone
2025-05-04 17:05:01,210 - INFO - Random movement: AntAction.MOVE_FORWARD
2025-05-04 17:05:01,758 - INFO - Depositing home pheromone
2025-05-04 17:05:02,336 - INFO - Random movement: AntAction.MOVE_FORWARD
2025-05-04 17:05:02,987 - INFO - Depositing home pheromone
2025-05-04 17:05:03,552 - INFO - Random movement: AntAction.MOVE_FORWARD
2025-05-04 17:05:04,107 - INFO - Depositing home pheromone
