2025-05-04 17:04:26,173 - INFO - Initialized with direction Direction.SOUTH
2025-05-04 17:04:26,175 - INFO - Depositing home pheromone
2025-05-04 17:04:27,273 - INFO - Random movement: AntAction.MOVE_FORWARD
2025-05-04 17:04:27,890 - INFO - Depositing home pheromone
2025-05-04 17:04:28,430 - INFO - Random movement: AntAction.TURN_LEFT
2025-05-04 17:04:28,962 - INFO - Depositing home pheromone
2025-05-04 17:04:29,446 - INFO - Random movement: AntAction.TURN_LEFT
2025-05-04 17:04:30,023 - INFO - Depositing home pheromone
2025-05-04 17:04:30,636 - INFO - Random movement: AntAction.MOVE_FORWARD
2025-05-04 17:04:31,190 - INFO - Depositing home pheromone
2025-05-04 17:04:31,654 - INFO - Random movement: AntAction.MOVE_FORWARD
2025-05-04 17:04:32,170 - INFO - Depositing home pheromone
2025-05-04 17:04:32,660 - INFO - Random movement: AntAction.TURN_LEFT
2025-05-04 17:04:33,186 - INFO - Depositing home pheromone
2025-05-04 17:04:33,680 - INFO - Random movement: AntAction.TURN_LEFT
2025-05-04 17:04:34,188 - INFO - Depositing home pheromone
2025-05-04 17:04:34,657 - INFO - Random movement: AntAction.MOVE_FORWARD
2025-05-04 17:04:35,176 - INFO - Depositing home pheromone
2025-05-04 17:04:35,706 - INFO - Random movement: AntAction.TURN_LEFT
2025-05-04 17:04:36,312 - INFO - Depositing home pheromone
2025-05-04 17:04:36,860 - INFO - Random movement: AntAction.TURN_LEFT
2025-05-04 17:04:37,436 - INFO - Depositing home pheromone
2025-05-04 17:04:37,953 - INFO - Random movement: AntAction.MOVE_FORWARD
2025-05-04 17:04:38,484 - INFO - Depositing home pheromone
2025-05-04 17:04:38,999 - INFO - Random movement: AntAction.MOVE_FORWARD
2025-05-04 17:04:39,538 - INFO - Depositing home pheromone
2025-05-04 17:04:40,048 - INFO - Random movement: AntAction.TURN_LEFT
2025-05-04 17:04:40,608 - INFO - Depositing home pheromone
2025-05-04 17:04:41,133 - INFO - Random movement: AntAction.TURN_LEFT
2025-05-04 17:04:41,634 - INFO - Depositing home pheromone
2025-05-04 17:04:42,143 - INFO - Random movement: AntAction.TURN_LEFT
2025-05-04 17:04:42,672 - INFO - Depositing home pheromone
2025-05-04 17:04:43,205 - INFO - Random movement: AntAction.MOVE_FORWARD
2025-05-04 17:04:43,747 - INFO - Depositing home pheromone
2025-05-04 17:04:44,247 - INFO - Random movement: AntAction.MOVE_FORWARD
2025-05-04 17:04:44,787 - INFO - Depositing home pheromone
2025-05-04 17:04:45,269 - INFO - Random movement: AntAction.TURN_RIGHT
2025-05-04 17:04:45,789 - INFO - Depositing home pheromone
2025-05-04 17:04:46,275 - INFO - Random movement: AntAction.MOVE_FORWARD
2025-05-04 17:04:46,773 - INFO - Depositing home pheromone
2025-05-04 17:04:47,270 - INFO - Random movement: AntAction.MOVE_FORWARD
2025-05-04 17:04:47,757 - INFO - Depositing home pheromone
2025-05-04 17:04:48,204 - INFO - Random movement: AntAction.MOVE_FORWARD
2025-05-04 17:04:48,655 - INFO - Depositing home pheromone
2025-05-04 17:04:49,075 - INFO - Random movement: AntAction.MOVE_FORWARD
2025-05-04 17:04:49,580 - INFO - Depositing home pheromone
2025-05-04 17:04:50,085 - INFO - Random movement: AntAction.MOVE_FORWARD
2025-05-04 17:04:50,602 - INFO - Depositing home pheromone
2025-05-04 17:04:51,086 - INFO - Random movement: AntAction.MOVE_FORWARD
2025-05-04 17:04:51,602 - INFO - Depositing home pheromone
2025-05-04 17:04:52,097 - INFO - Random movement: AntAction.MOVE_FORWARD
2025-05-04 17:04:52,727 - INFO - Bored after searching for food for 51 steps, making random move
2025-05-04 17:04:52,729 - INFO - Made random move: AntAction.MOVE_FORWARD
2025-05-04 17:04:53,299 - INFO - Depositing home pheromone
2025-05-04 17:04:53,797 - INFO - Random movement: AntAction.TURN_RIGHT
2025-05-04 17:04:54,341 - INFO - Depositing home pheromone
2025-05-04 17:04:54,821 - INFO - Random movement: AntAction.MOVE_FORWARD
2025-05-04 17:04:55,348 - INFO - Depositing home pheromone
2025-05-04 17:04:55,873 - INFO - Random movement: AntAction.MOVE_FORWARD
2025-05-04 17:04:56,390 - INFO - Depositing home pheromone
2025-05-04 17:04:56,875 - INFO - Random movement: AntAction.TURN_LEFT
2025-05-04 17:04:57,442 - INFO - Depositing home pheromone
2025-05-04 17:04:57,925 - INFO - Random movement: AntAction.TURN_LEFT
2025-05-04 17:04:58,464 - INFO - Depositing home pheromone
2025-05-04 17:04:58,988 - INFO - Random movement: AntAction.MOVE_FORWARD
2025-05-04 17:04:59,543 - INFO - Depositing home pheromone
2025-05-04 17:05:00,102 - INFO - Random movement: AntAction.MOVE_FORWARD
2025-05-04 17:05:00,709 - INFO - Depositing home pheromone
2025-05-04 17:05:01,259 - INFO - Random movement: AntAction.TURN_LEFT
2025-05-04 17:05:01,813 - INFO - Depositing home pheromone
2025-05-04 17:05:02,392 - INFO - Random movement: AntAction.MOVE_FORWARD
2025-05-04 17:05:03,050 - INFO - Depositing home pheromone
2025-05-04 17:05:03,598 - INFO - Random movement: AntAction.MOVE_FORWARD
2025-05-04 17:05:04,169 - INFO - Depositing home pheromone
