2025-05-04 17:04:25,163 - INFO - Initialized with direction Direction.NORTH
2025-05-04 17:04:25,165 - INFO - Depositing home pheromone
2025-05-04 17:04:27,109 - INFO - Random movement: AntAction.TURN_LEFT
2025-05-04 17:04:27,733 - INFO - Depositing home pheromone
2025-05-04 17:04:28,295 - INFO - Random movement: AntAction.TURN_LEFT
2025-05-04 17:04:28,815 - INFO - Depositing home pheromone
2025-05-04 17:04:29,329 - INFO - Random movement: AntAction.TURN_LEFT
2025-05-04 17:04:29,850 - INFO - Depositing home pheromone
2025-05-04 17:04:30,446 - INFO - Random movement: AntAction.TURN_LEFT
2025-05-04 17:04:31,030 - INFO - Depositing home pheromone
2025-05-04 17:04:31,539 - INFO - Random movement: AntAction.MOVE_FORWARD
2025-05-04 17:04:32,017 - INFO - Depositing home pheromone
2025-05-04 17:04:32,533 - INFO - Random movement: AntAction.MOVE_FORWARD
2025-05-04 17:04:33,042 - INFO - Depositing home pheromone
2025-05-04 17:04:33,567 - INFO - Random movement: AntAction.MOVE_FORWARD
2025-05-04 17:04:34,039 - INFO - Depositing home pheromone
2025-05-04 17:04:34,540 - INFO - Random movement: AntAction.MOVE_FORWARD
2025-05-04 17:04:35,015 - INFO - Depositing home pheromone
2025-05-04 17:04:35,579 - INFO - Random movement: AntAction.TURN_LEFT
2025-05-04 17:04:36,145 - INFO - Depositing home pheromone
2025-05-04 17:04:36,744 - INFO - Random movement: AntAction.MOVE_FORWARD
2025-05-04 17:04:37,253 - INFO - Depositing home pheromone
2025-05-04 17:04:37,825 - INFO - Random movement: AntAction.MOVE_FORWARD
2025-05-04 17:04:38,321 - INFO - Depositing home pheromone
2025-05-04 17:04:38,872 - INFO - Random movement: AntAction.TURN_RIGHT
2025-05-04 17:04:39,377 - INFO - Depositing home pheromone
2025-05-04 17:04:39,925 - INFO - Random movement: AntAction.MOVE_FORWARD
2025-05-04 17:04:40,449 - INFO - Depositing home pheromone
2025-05-04 17:04:41,004 - INFO - Random movement: AntAction.MOVE_FORWARD
2025-05-04 17:04:41,489 - INFO - Depositing home pheromone
2025-05-04 17:04:42,023 - INFO - Random movement: AntAction.MOVE_FORWARD
2025-05-04 17:04:42,513 - INFO - Depositing home pheromone
2025-05-04 17:04:43,074 - INFO - Random movement: AntAction.TURN_RIGHT
2025-05-04 17:04:43,603 - INFO - Depositing home pheromone
2025-05-04 17:04:44,118 - INFO - Random movement: AntAction.MOVE_FORWARD
2025-05-04 17:04:44,637 - INFO - Depositing home pheromone
2025-05-04 17:04:45,150 - INFO - Random movement: AntAction.TURN_LEFT
2025-05-04 17:04:45,645 - INFO - Depositing home pheromone
2025-05-04 17:04:46,141 - INFO - Random movement: AntAction.MOVE_FORWARD
2025-05-04 17:04:46,612 - INFO - Depositing home pheromone
2025-05-04 17:04:47,137 - INFO - Random movement: AntAction.MOVE_FORWARD
2025-05-04 17:04:47,634 - INFO - Depositing home pheromone
2025-05-04 17:04:48,094 - INFO - Random movement: AntAction.TURN_LEFT
2025-05-04 17:04:48,546 - INFO - Depositing home pheromone
2025-05-04 17:04:48,951 - INFO - Random movement: AntAction.MOVE_FORWARD
2025-05-04 17:04:49,425 - INFO - Depositing home pheromone
2025-05-04 17:04:49,953 - INFO - Random movement: AntAction.MOVE_FORWARD
2025-05-04 17:04:50,456 - INFO - Depositing home pheromone
2025-05-04 17:04:50,959 - INFO - Random movement: AntAction.TURN_LEFT
2025-05-04 17:04:51,459 - INFO - Depositing home pheromone
2025-05-04 17:04:51,973 - INFO - Random movement: AntAction.TURN_LEFT
2025-05-04 17:04:52,519 - INFO - Bored after searching for food for 51 steps, making random move
2025-05-04 17:04:52,520 - INFO - Made random move: AntAction.TURN_RIGHT
2025-05-04 17:04:53,152 - INFO - Depositing home pheromone
2025-05-04 17:04:53,667 - INFO - Random movement: AntAction.MOVE_FORWARD
2025-05-04 17:04:54,186 - INFO - Depositing home pheromone
2025-05-04 17:04:54,693 - INFO - Random movement: AntAction.MOVE_FORWARD
2025-05-04 17:04:55,198 - INFO - Depositing home pheromone
2025-05-04 17:04:55,736 - INFO - Random movement: AntAction.TURN_LEFT
2025-05-04 17:04:56,254 - INFO - Depositing home pheromone
2025-05-04 17:04:56,765 - INFO - Random movement: AntAction.MOVE_FORWARD
2025-05-04 17:04:57,282 - INFO - Depositing home pheromone
2025-05-04 17:04:57,803 - INFO - Random movement: AntAction.MOVE_FORWARD
2025-05-04 17:04:58,300 - INFO - Depositing home pheromone
2025-05-04 17:04:58,852 - INFO - Random movement: AntAction.MOVE_FORWARD
2025-05-04 17:04:59,375 - INFO - Depositing home pheromone
2025-05-04 17:04:59,959 - INFO - Random movement: AntAction.TURN_LEFT
2025-05-04 17:05:00,531 - INFO - Depositing home pheromone
2025-05-04 17:05:01,128 - INFO - Random movement: AntAction.TURN_LEFT
2025-05-04 17:05:01,658 - INFO - Depositing home pheromone
2025-05-04 17:05:02,231 - INFO - Random movement: AntAction.MOVE_FORWARD
2025-05-04 17:05:02,867 - INFO - Depositing home pheromone
2025-05-04 17:05:03,465 - INFO - Random movement: AntAction.TURN_RIGHT
2025-05-04 17:05:04,005 - INFO - Depositing home pheromone
