2025-05-04 17:04:25,067 - INFO - Initialized with direction Direction.NORTH
2025-05-04 17:04:25,069 - INFO - Depositing home pheromone
2025-05-04 17:04:27,079 - INFO - Random movement: AntAction.TURN_LEFT
2025-05-04 17:04:27,702 - INFO - Depositing home pheromone
2025-05-04 17:04:28,271 - INFO - Random movement: AntAction.TURN_LEFT
2025-05-04 17:04:28,789 - INFO - Depositing home pheromone
2025-05-04 17:04:29,306 - INFO - Random movement: AntAction.TURN_LEFT
2025-05-04 17:04:29,820 - INFO - Depositing home pheromone
2025-05-04 17:04:30,410 - INFO - Random movement: AntAction.TURN_LEFT
2025-05-04 17:04:31,005 - INFO - Depositing home pheromone
2025-05-04 17:04:31,515 - INFO - Random movement: AntAction.MOVE_FORWARD
2025-05-04 17:04:31,991 - INFO - Depositing home pheromone
2025-05-04 17:04:32,510 - INFO - Random movement: AntAction.MOVE_FORWARD
2025-05-04 17:04:33,015 - INFO - Depositing home pheromone
2025-05-04 17:04:33,545 - INFO - Random movement: AntAction.TURN_LEFT
2025-05-04 17:04:34,014 - INFO - Depositing home pheromone
2025-05-04 17:04:34,520 - INFO - Random movement: AntAction.MOVE_FORWARD
2025-05-04 17:04:34,986 - INFO - Depositing home pheromone
2025-05-04 17:04:35,551 - INFO - Random movement: AntAction.MOVE_FORWARD
2025-05-04 17:04:36,110 - INFO - Depositing home pheromone
2025-05-04 17:04:36,717 - INFO - Random movement: AntAction.TURN_RIGHT
2025-05-04 17:04:37,222 - INFO - Depositing home pheromone
2025-05-04 17:04:37,804 - INFO - Random movement: AntAction.TURN_RIGHT
2025-05-04 17:04:38,296 - INFO - Depositing home pheromone
2025-05-04 17:04:38,847 - INFO - Random movement: AntAction.MOVE_FORWARD
2025-05-04 17:04:39,347 - INFO - Depositing home pheromone
2025-05-04 17:04:39,904 - INFO - Random movement: AntAction.MOVE_FORWARD
2025-05-04 17:04:40,420 - INFO - Depositing home pheromone
2025-05-04 17:04:40,976 - INFO - Random movement: AntAction.TURN_LEFT
2025-05-04 17:04:41,463 - INFO - Depositing home pheromone
2025-05-04 17:04:41,997 - INFO - Random movement: AntAction.MOVE_FORWARD
2025-05-04 17:04:42,484 - INFO - Depositing home pheromone
2025-05-04 17:04:43,048 - INFO - Random movement: AntAction.MOVE_FORWARD
2025-05-04 17:04:43,573 - INFO - Depositing home pheromone
2025-05-04 17:04:44,091 - INFO - Random movement: AntAction.MOVE_FORWARD
2025-05-04 17:04:44,611 - INFO - Depositing home pheromone
2025-05-04 17:04:45,129 - INFO - Random movement: AntAction.TURN_LEFT
2025-05-04 17:04:45,618 - INFO - Depositing home pheromone
2025-05-04 17:04:46,118 - INFO - Random movement: AntAction.MOVE_FORWARD
2025-05-04 17:04:46,587 - INFO - Depositing home pheromone
2025-05-04 17:04:47,115 - INFO - Random movement: AntAction.MOVE_FORWARD
2025-05-04 17:04:47,612 - INFO - Depositing home pheromone
2025-05-04 17:04:48,071 - INFO - Random movement: AntAction.TURN_RIGHT
2025-05-04 17:04:48,529 - INFO - Depositing home pheromone
2025-05-04 17:04:48,927 - INFO - Random movement: AntAction.MOVE_FORWARD
2025-05-04 17:04:49,396 - INFO - Depositing home pheromone
2025-05-04 17:04:49,929 - INFO - Random movement: AntAction.MOVE_FORWARD
2025-05-04 17:04:50,431 - INFO - Depositing home pheromone
2025-05-04 17:04:50,937 - INFO - Random movement: AntAction.MOVE_FORWARD
2025-05-04 17:04:51,436 - INFO - Depositing home pheromone
2025-05-04 17:04:51,952 - INFO - Random movement: AntAction.TURN_LEFT
2025-05-04 17:04:52,482 - INFO - Bored after searching for food for 51 steps, making random move
2025-05-04 17:04:52,483 - INFO - Made random move: AntAction.TURN_LEFT
2025-05-04 17:04:53,122 - INFO - Depositing home pheromone
2025-05-04 17:04:53,642 - INFO - Random movement: AntAction.TURN_LEFT
2025-05-04 17:04:54,155 - INFO - Depositing home pheromone
2025-05-04 17:04:54,670 - INFO - Random movement: AntAction.TURN_RIGHT
2025-05-04 17:04:55,172 - INFO - Depositing home pheromone
2025-05-04 17:04:55,714 - INFO - Random movement: AntAction.MOVE_FORWARD
2025-05-04 17:04:56,229 - INFO - Depositing home pheromone
2025-05-04 17:04:56,746 - INFO - Random movement: AntAction.MOVE_FORWARD
2025-05-04 17:04:57,253 - INFO - Depositing home pheromone
2025-05-04 17:04:57,780 - INFO - Random movement: AntAction.MOVE_FORWARD
2025-05-04 17:04:58,270 - INFO - Depositing home pheromone
2025-05-04 17:04:58,828 - INFO - Random movement: AntAction.TURN_LEFT
2025-05-04 17:04:59,348 - INFO - Depositing home pheromone
2025-05-04 17:04:59,927 - INFO - Random movement: AntAction.MOVE_FORWARD
2025-05-04 17:05:00,502 - INFO - Depositing home pheromone
2025-05-04 17:05:01,105 - INFO - Random movement: AntAction.MOVE_FORWARD
2025-05-04 17:05:01,631 - INFO - Depositing home pheromone
2025-05-04 17:05:02,207 - INFO - Random movement: AntAction.MOVE_FORWARD
2025-05-04 17:05:02,835 - INFO - Depositing home pheromone
2025-05-04 17:05:03,436 - INFO - Random movement: AntAction.TURN_LEFT
2025-05-04 17:05:03,972 - INFO - Depositing home pheromone
