2025-05-04 17:04:24,742 - INFO - Initialized with direction Direction.EAST
2025-05-04 17:04:24,774 - INFO - Depositing home pheromone
2025-05-04 17:04:26,983 - INFO - Random movement: AntAction.TURN_RIGHT
2025-05-04 17:04:27,606 - INFO - Depositing home pheromone
2025-05-04 17:04:28,181 - INFO - Random movement: AntAction.MOVE_FORWARD
2025-05-04 17:04:28,705 - INFO - Depositing home pheromone
2025-05-04 17:04:29,239 - INFO - Random movement: AntAction.TURN_RIGHT
2025-05-04 17:04:29,717 - INFO - Depositing home pheromone
2025-05-04 17:04:30,306 - INFO - Random movement: AntAction.MOVE_FORWARD
2025-05-04 17:04:30,917 - INFO - Depositing home pheromone
2025-05-04 17:04:31,445 - INFO - Random movement: AntAction.TURN_LEFT
2025-05-04 17:04:31,912 - INFO - Depositing home pheromone
2025-05-04 17:04:32,445 - INFO - Random movement: AntAction.MOVE_FORWARD
2025-05-04 17:04:32,934 - INFO - Depositing home pheromone
2025-05-04 17:04:33,475 - INFO - Random movement: AntAction.TURN_RIGHT
2025-05-04 17:04:33,945 - INFO - Depositing home pheromone
2025-05-04 17:04:34,459 - INFO - Random movement: AntAction.MOVE_FORWARD
2025-05-04 17:04:34,906 - INFO - Depositing home pheromone
2025-05-04 17:04:35,478 - INFO - Random movement: AntAction.MOVE_FORWARD
2025-05-04 17:04:36,021 - INFO - Depositing home pheromone
2025-05-04 17:04:36,646 - INFO - Random movement: AntAction.TURN_RIGHT
2025-05-04 17:04:37,134 - INFO - Depositing home pheromone
2025-05-04 17:04:37,744 - INFO - Random movement: AntAction.MOVE_FORWARD
2025-05-04 17:04:38,224 - INFO - Depositing home pheromone
2025-05-04 17:04:38,780 - INFO - Random movement: AntAction.MOVE_FORWARD
2025-05-04 17:04:39,264 - INFO - Depositing home pheromone
2025-05-04 17:04:39,843 - INFO - Random movement: AntAction.TURN_LEFT
2025-05-04 17:04:40,328 - INFO - Depositing home pheromone
2025-05-04 17:04:40,908 - INFO - Random movement: AntAction.MOVE_FORWARD
2025-05-04 17:04:41,392 - INFO - Depositing home pheromone
2025-05-04 17:04:41,912 - INFO - Random movement: AntAction.MOVE_FORWARD
2025-05-04 17:04:42,405 - INFO - Depositing home pheromone
2025-05-04 17:04:42,976 - INFO - Random movement: AntAction.MOVE_FORWARD
2025-05-04 17:04:43,498 - INFO - Depositing home pheromone
2025-05-04 17:04:44,022 - INFO - Random movement: AntAction.TURN_LEFT
2025-05-04 17:04:44,530 - INFO - Depositing home pheromone
2025-05-04 17:04:45,060 - INFO - Random movement: AntAction.MOVE_FORWARD
2025-05-04 17:04:45,540 - INFO - Depositing home pheromone
2025-05-04 17:04:46,052 - INFO - Random movement: AntAction.MOVE_FORWARD
2025-05-04 17:04:46,517 - INFO - Depositing home pheromone
2025-05-04 17:04:47,049 - INFO - Random movement: AntAction.TURN_RIGHT
2025-05-04 17:04:47,547 - INFO - Depositing home pheromone
2025-05-04 17:04:48,012 - INFO - Random movement: AntAction.MOVE_FORWARD
2025-05-04 17:04:48,457 - INFO - Depositing home pheromone
2025-05-04 17:04:48,868 - INFO - Random movement: AntAction.MOVE_FORWARD
2025-05-04 17:04:49,313 - INFO - Depositing home pheromone
2025-05-04 17:04:49,870 - INFO - Random movement: AntAction.TURN_LEFT
2025-05-04 17:04:50,362 - INFO - Depositing home pheromone
2025-05-04 17:04:50,867 - INFO - Random movement: AntAction.TURN_LEFT
2025-05-04 17:04:51,359 - INFO - Depositing home pheromone
2025-05-04 17:04:51,880 - INFO - Random movement: AntAction.MOVE_FORWARD
2025-05-04 17:04:52,375 - INFO - Bored after searching for food for 51 steps, making random move
2025-05-04 17:04:52,376 - INFO - Made random move: AntAction.TURN_LEFT
2025-05-04 17:04:53,042 - INFO - Depositing home pheromone
2025-05-04 17:04:53,578 - INFO - Random movement: AntAction.MOVE_FORWARD
2025-05-04 17:04:54,069 - INFO - Depositing home pheromone
2025-05-04 17:04:54,602 - INFO - Random movement: AntAction.MOVE_FORWARD
2025-05-04 17:04:55,089 - INFO - Depositing home pheromone
2025-05-04 17:04:55,644 - INFO - Random movement: AntAction.MOVE_FORWARD
2025-05-04 17:04:56,142 - INFO - Depositing home pheromone
2025-05-04 17:04:56,674 - INFO - Random movement: AntAction.MOVE_FORWARD
2025-05-04 17:04:57,170 - INFO - Depositing home pheromone
2025-05-04 17:04:57,718 - INFO - Random movement: AntAction.MOVE_FORWARD
2025-05-04 17:04:58,182 - INFO - Depositing home pheromone
2025-05-04 17:04:58,758 - INFO - Random movement: AntAction.TURN_LEFT
2025-05-04 17:04:59,259 - INFO - Depositing home pheromone
2025-05-04 17:04:59,845 - INFO - Random movement: AntAction.MOVE_FORWARD
2025-05-04 17:05:00,410 - INFO - Depositing home pheromone
2025-05-04 17:05:01,025 - INFO - Random movement: AntAction.MOVE_FORWARD
2025-05-04 17:05:01,547 - INFO - Depositing home pheromone
2025-05-04 17:05:02,130 - INFO - Random movement: AntAction.MOVE_FORWARD
2025-05-04 17:05:02,744 - INFO - Depositing home pheromone
2025-05-04 17:05:03,350 - INFO - Random movement: AntAction.MOVE_FORWARD
2025-05-04 17:05:03,888 - INFO - Depositing home pheromone
