2025-05-04 17:04:24,899 - INFO - Initialized with direction Direction.NORTH
2025-05-04 17:04:24,900 - INFO - Depositing home pheromone
2025-05-04 17:04:27,026 - INFO - Random movement: AntAction.TURN_LEFT
2025-05-04 17:04:27,650 - INFO - Depositing home pheromone
2025-05-04 17:04:28,220 - INFO - Random movement: AntAction.TURN_LEFT
2025-05-04 17:04:28,740 - INFO - Depositing home pheromone
2025-05-04 17:04:29,268 - INFO - Random movement: AntAction.TURN_LEFT
2025-05-04 17:04:29,757 - INFO - Depositing home pheromone
2025-05-04 17:04:30,348 - INFO - Random movement: AntAction.TURN_LEFT
2025-05-04 17:04:30,958 - INFO - Depositing home pheromone
2025-05-04 17:04:31,475 - INFO - Random movement: AntAction.TURN_LEFT
2025-05-04 17:04:31,943 - INFO - Depositing home pheromone
2025-05-04 17:04:32,471 - INFO - Random movement: AntAction.MOVE_FORWARD
2025-05-04 17:04:32,966 - INFO - Depositing home pheromone
2025-05-04 17:04:33,507 - INFO - Random movement: AntAction.MOVE_FORWARD
2025-05-04 17:04:33,974 - INFO - Depositing home pheromone
2025-05-04 17:04:34,482 - INFO - Random movement: AntAction.TURN_RIGHT
2025-05-04 17:04:34,935 - INFO - Depositing home pheromone
2025-05-04 17:04:35,508 - INFO - Random movement: AntAction.MOVE_FORWARD
2025-05-04 17:04:36,054 - INFO - Depositing home pheromone
2025-05-04 17:04:36,677 - INFO - Random movement: AntAction.MOVE_FORWARD
2025-05-04 17:04:37,170 - INFO - Depositing home pheromone
2025-05-04 17:04:37,768 - INFO - Random movement: AntAction.MOVE_FORWARD
2025-05-04 17:04:38,252 - INFO - Depositing home pheromone
2025-05-04 17:04:38,809 - INFO - Random movement: AntAction.MOVE_FORWARD
2025-05-04 17:04:39,299 - INFO - Depositing home pheromone
2025-05-04 17:04:39,868 - INFO - Random movement: AntAction.TURN_RIGHT
2025-05-04 17:04:40,369 - INFO - Depositing home pheromone
2025-05-04 17:04:40,937 - INFO - Random movement: AntAction.MOVE_FORWARD
2025-05-04 17:04:41,420 - INFO - Depositing home pheromone
2025-05-04 17:04:41,943 - INFO - Random movement: AntAction.MOVE_FORWARD
2025-05-04 17:04:42,438 - INFO - Depositing home pheromone
2025-05-04 17:04:43,005 - INFO - Random movement: AntAction.TURN_LEFT
2025-05-04 17:04:43,529 - INFO - Depositing home pheromone
2025-05-04 17:04:44,048 - INFO - Random movement: AntAction.MOVE_FORWARD
2025-05-04 17:04:44,563 - INFO - Depositing home pheromone
2025-05-04 17:04:45,089 - INFO - Random movement: AntAction.MOVE_FORWARD
2025-05-04 17:04:45,574 - INFO - Depositing home pheromone
2025-05-04 17:04:46,079 - INFO - Random movement: AntAction.TURN_LEFT
2025-05-04 17:04:46,545 - INFO - Depositing home pheromone
2025-05-04 17:04:47,077 - INFO - Random movement: AntAction.MOVE_FORWARD
2025-05-04 17:04:47,577 - INFO - Depositing home pheromone
2025-05-04 17:04:48,038 - INFO - Random movement: AntAction.MOVE_FORWARD
2025-05-04 17:04:48,485 - INFO - Depositing home pheromone
2025-05-04 17:04:48,888 - INFO - Random movement: AntAction.TURN_RIGHT
2025-05-04 17:04:49,344 - INFO - Depositing home pheromone
2025-05-04 17:04:49,894 - INFO - Random movement: AntAction.MOVE_FORWARD
2025-05-04 17:04:50,390 - INFO - Depositing home pheromone
2025-05-04 17:04:50,896 - INFO - Random movement: AntAction.TURN_RIGHT
2025-05-04 17:04:51,392 - INFO - Depositing home pheromone
2025-05-04 17:04:51,909 - INFO - Random movement: AntAction.MOVE_FORWARD
2025-05-04 17:04:52,417 - INFO - Bored after searching for food for 51 steps, making random move
2025-05-04 17:04:52,418 - INFO - Made random move: AntAction.TURN_RIGHT
2025-05-04 17:04:53,075 - INFO - Depositing home pheromone
2025-05-04 17:04:53,603 - INFO - Random movement: AntAction.MOVE_FORWARD
2025-05-04 17:04:54,105 - INFO - Depositing home pheromone
2025-05-04 17:04:54,631 - INFO - Random movement: AntAction.TURN_LEFT
2025-05-04 17:04:55,121 - INFO - Depositing home pheromone
2025-05-04 17:04:55,673 - INFO - Random movement: AntAction.TURN_LEFT
2025-05-04 17:04:56,178 - INFO - Depositing home pheromone
2025-05-04 17:04:56,709 - INFO - Random movement: AntAction.TURN_LEFT
2025-05-04 17:04:57,206 - INFO - Depositing home pheromone
2025-05-04 17:04:57,743 - INFO - Random movement: AntAction.TURN_LEFT
2025-05-04 17:04:58,217 - INFO - Depositing home pheromone
2025-05-04 17:04:58,784 - INFO - Random movement: AntAction.MOVE_FORWARD
2025-05-04 17:04:59,293 - INFO - Depositing home pheromone
2025-05-04 17:04:59,882 - INFO - Random movement: AntAction.MOVE_FORWARD
2025-05-04 17:05:00,446 - INFO - Depositing home pheromone
2025-05-04 17:05:01,062 - INFO - Random movement: AntAction.MOVE_FORWARD
2025-05-04 17:05:01,581 - INFO - Depositing home pheromone
2025-05-04 17:05:02,160 - INFO - Random movement: AntAction.MOVE_FORWARD
2025-05-04 17:05:02,778 - INFO - Depositing home pheromone
2025-05-04 17:05:03,383 - INFO - Random movement: AntAction.MOVE_FORWARD
2025-05-04 17:05:03,925 - INFO - Depositing home pheromone
