2025-05-04 17:04:25,960 - INFO - Initialized with direction Direction.EAST
2025-05-04 17:04:25,963 - INFO - Depositing home pheromone
2025-05-04 17:04:27,242 - INFO - Random movement: AntAction.MOVE_FORWARD
2025-05-04 17:04:27,856 - INFO - Depositing home pheromone
2025-05-04 17:04:28,403 - INFO - Random movement: AntAction.MOVE_FORWARD
2025-05-04 17:04:28,933 - INFO - Depositing home pheromone
2025-05-04 17:04:29,422 - INFO - Random movement: AntAction.TURN_LEFT
2025-05-04 17:04:29,992 - INFO - Depositing home pheromone
2025-05-04 17:04:30,598 - INFO - Random movement: AntAction.TURN_LEFT
2025-05-04 17:04:31,162 - INFO - Depositing home pheromone
2025-05-04 17:04:31,634 - INFO - Random movement: AntAction.TURN_LEFT
2025-05-04 17:04:32,138 - INFO - Depositing home pheromone
2025-05-04 17:04:32,636 - INFO - Random movement: AntAction.TURN_LEFT
2025-05-04 17:04:33,156 - INFO - Depositing home pheromone
2025-05-04 17:04:33,662 - INFO - Random movement: AntAction.MOVE_FORWARD
2025-05-04 17:04:34,155 - INFO - Depositing home pheromone
2025-05-04 17:04:34,633 - INFO - Random movement: AntAction.MOVE_FORWARD
2025-05-04 17:04:35,148 - INFO - Depositing home pheromone
2025-05-04 17:04:35,682 - INFO - Random movement: AntAction.TURN_LEFT
2025-05-04 17:04:36,281 - INFO - Depositing home pheromone
2025-05-04 17:04:36,840 - INFO - Random movement: AntAction.TURN_LEFT
2025-05-04 17:04:37,402 - INFO - Depositing home pheromone
2025-05-04 17:04:37,929 - INFO - Random movement: AntAction.MOVE_FORWARD
2025-05-04 17:04:38,454 - INFO - Depositing home pheromone
2025-05-04 17:04:38,973 - INFO - Random movement: AntAction.MOVE_FORWARD
2025-05-04 17:04:39,508 - INFO - Depositing home pheromone
2025-05-04 17:04:40,023 - INFO - Random movement: AntAction.TURN_LEFT
2025-05-04 17:04:40,573 - INFO - Depositing home pheromone
2025-05-04 17:04:41,109 - INFO - Random movement: AntAction.MOVE_FORWARD
2025-05-04 17:04:41,608 - INFO - Depositing home pheromone
2025-05-04 17:04:42,121 - INFO - Random movement: AntAction.TURN_RIGHT
2025-05-04 17:04:42,637 - INFO - Depositing home pheromone
2025-05-04 17:04:43,177 - INFO - Random movement: AntAction.MOVE_FORWARD
2025-05-04 17:04:43,718 - INFO - Depositing home pheromone
2025-05-04 17:04:44,221 - INFO - Random movement: AntAction.MOVE_FORWARD
2025-05-04 17:04:44,759 - INFO - Depositing home pheromone
2025-05-04 17:04:45,246 - INFO - Random movement: AntAction.MOVE_FORWARD
2025-05-04 17:04:45,756 - INFO - Depositing home pheromone
2025-05-04 17:04:46,245 - INFO - Random movement: AntAction.MOVE_FORWARD
2025-05-04 17:04:46,739 - INFO - Depositing home pheromone
2025-05-04 17:04:47,246 - INFO - Random movement: AntAction.MOVE_FORWARD
2025-05-04 17:04:47,732 - INFO - Depositing home pheromone
2025-05-04 17:04:48,181 - INFO - Random movement: AntAction.MOVE_FORWARD
2025-05-04 17:04:48,632 - INFO - Depositing home pheromone
2025-05-04 17:04:49,050 - INFO - Random movement: AntAction.TURN_LEFT
2025-05-04 17:04:49,545 - INFO - Depositing home pheromone
2025-05-04 17:04:50,059 - INFO - Random movement: AntAction.MOVE_FORWARD
2025-05-04 17:04:50,572 - INFO - Depositing home pheromone
2025-05-04 17:04:51,062 - INFO - Random movement: AntAction.TURN_RIGHT
2025-05-04 17:04:51,574 - INFO - Depositing home pheromone
2025-05-04 17:04:52,072 - INFO - Random movement: AntAction.TURN_RIGHT
2025-05-04 17:04:52,688 - INFO - Bored after searching for food for 51 steps, making random move
2025-05-04 17:04:52,688 - INFO - Made random move: AntAction.MOVE_FORWARD
2025-05-04 17:04:53,270 - INFO - Depositing home pheromone
2025-05-04 17:04:53,770 - INFO - Random movement: AntAction.MOVE_FORWARD
2025-05-04 17:04:54,310 - INFO - Depositing home pheromone
2025-05-04 17:04:54,798 - INFO - Random movement: AntAction.TURN_LEFT
2025-05-04 17:04:55,317 - INFO - Depositing home pheromone
2025-05-04 17:04:55,847 - INFO - Random movement: AntAction.TURN_LEFT
2025-05-04 17:04:56,367 - INFO - Depositing home pheromone
2025-05-04 17:04:56,848 - INFO - Random movement: AntAction.MOVE_FORWARD
2025-05-04 17:04:57,408 - INFO - Depositing home pheromone
2025-05-04 17:04:57,895 - INFO - Random movement: AntAction.MOVE_FORWARD
2025-05-04 17:04:58,428 - INFO - Depositing home pheromone
2025-05-04 17:04:58,962 - INFO - Random movement: AntAction.TURN_LEFT
2025-05-04 17:04:59,512 - INFO - Depositing home pheromone
2025-05-04 17:05:00,073 - INFO - Random movement: AntAction.MOVE_FORWARD
2025-05-04 17:05:00,670 - INFO - Depositing home pheromone
2025-05-04 17:05:01,230 - INFO - Random movement: AntAction.TURN_LEFT
2025-05-04 17:05:01,783 - INFO - Depositing home pheromone
2025-05-04 17:05:02,361 - INFO - Random movement: AntAction.MOVE_FORWARD
2025-05-04 17:05:03,016 - INFO - Depositing home pheromone
2025-05-04 17:05:03,573 - INFO - Random movement: AntAction.MOVE_FORWARD
2025-05-04 17:05:04,137 - INFO - Depositing home pheromone
