2025-05-04 17:04:26,231 - INFO - Initialized with direction Direction.SOUTHEAST
2025-05-04 17:04:26,234 - INFO - Depositing home pheromone
2025-05-04 17:04:27,283 - INFO - Random movement: AntAction.TURN_RIGHT
2025-05-04 17:04:27,900 - INFO - Depositing home pheromone
2025-05-04 17:04:28,438 - INFO - Random movement: AntAction.MOVE_FORWARD
2025-05-04 17:04:28,972 - INFO - Depositing home pheromone
2025-05-04 17:04:29,454 - INFO - Random movement: AntAction.MOVE_FORWARD
2025-05-04 17:04:30,032 - INFO - Depositing home pheromone
2025-05-04 17:04:30,646 - INFO - Random movement: AntAction.MOVE_FORWARD
2025-05-04 17:04:31,200 - INFO - Depositing home pheromone
2025-05-04 17:04:31,660 - INFO - Random movement: AntAction.MOVE_FORWARD
2025-05-04 17:04:32,180 - INFO - Depositing home pheromone
2025-05-04 17:04:32,667 - INFO - Random movement: AntAction.TURN_LEFT
2025-05-04 17:04:33,198 - INFO - Depositing home pheromone
2025-05-04 17:04:33,689 - INFO - Random movement: AntAction.MOVE_FORWARD
2025-05-04 17:04:34,203 - INFO - Depositing home pheromone
2025-05-04 17:04:34,665 - INFO - Random movement: AntAction.MOVE_FORWARD
2025-05-04 17:04:35,185 - INFO - Depositing home pheromone
2025-05-04 17:04:35,713 - INFO - Random movement: AntAction.TURN_RIGHT
2025-05-04 17:04:36,323 - INFO - Depositing home pheromone
2025-05-04 17:04:36,867 - INFO - Random movement: AntAction.MOVE_FORWARD
2025-05-04 17:04:37,448 - INFO - Depositing home pheromone
2025-05-04 17:04:37,962 - INFO - Random movement: AntAction.TURN_RIGHT
2025-05-04 17:04:38,495 - INFO - Depositing home pheromone
2025-05-04 17:04:39,007 - INFO - Random movement: AntAction.MOVE_FORWARD
2025-05-04 17:04:39,548 - INFO - Depositing home pheromone
2025-05-04 17:04:40,055 - INFO - Random movement: AntAction.MOVE_FORWARD
2025-05-04 17:04:40,620 - INFO - Depositing home pheromone
2025-05-04 17:04:41,143 - INFO - Random movement: AntAction.TURN_LEFT
2025-05-04 17:04:41,643 - INFO - Depositing home pheromone
2025-05-04 17:04:42,150 - INFO - Random movement: AntAction.TURN_LEFT
2025-05-04 17:04:42,680 - INFO - Depositing home pheromone
2025-05-04 17:04:43,215 - INFO - Random movement: AntAction.TURN_LEFT
2025-05-04 17:04:43,756 - INFO - Depositing home pheromone
2025-05-04 17:04:44,256 - INFO - Random movement: AntAction.MOVE_FORWARD
2025-05-04 17:04:44,796 - INFO - Depositing home pheromone
2025-05-04 17:04:45,277 - INFO - Random movement: AntAction.TURN_LEFT
2025-05-04 17:04:45,798 - INFO - Depositing home pheromone
2025-05-04 17:04:46,282 - INFO - Random movement: AntAction.MOVE_FORWARD
2025-05-04 17:04:46,782 - INFO - Depositing home pheromone
2025-05-04 17:04:47,279 - INFO - Random movement: AntAction.TURN_LEFT
2025-05-04 17:04:47,767 - INFO - Depositing home pheromone
2025-05-04 17:04:48,212 - INFO - Random movement: AntAction.MOVE_FORWARD
2025-05-04 17:04:48,661 - INFO - Depositing home pheromone
2025-05-04 17:04:49,087 - INFO - Random movement: AntAction.MOVE_FORWARD
2025-05-04 17:04:49,592 - INFO - Depositing home pheromone
2025-05-04 17:04:50,097 - INFO - Random movement: AntAction.MOVE_FORWARD
2025-05-04 17:04:50,611 - INFO - Depositing home pheromone
2025-05-04 17:04:51,098 - INFO - Random movement: AntAction.MOVE_FORWARD
2025-05-04 17:04:51,610 - INFO - Depositing home pheromone
2025-05-04 17:04:52,107 - INFO - Random movement: AntAction.TURN_LEFT
2025-05-04 17:04:52,743 - INFO - Bored after searching for food for 51 steps, making random move
2025-05-04 17:04:52,743 - INFO - Made random move: AntAction.MOVE_FORWARD
2025-05-04 17:04:53,311 - INFO - Depositing home pheromone
2025-05-04 17:04:53,807 - INFO - Random movement: AntAction.TURN_LEFT
2025-05-04 17:04:54,352 - INFO - Depositing home pheromone
2025-05-04 17:04:54,833 - INFO - Random movement: AntAction.MOVE_FORWARD
2025-05-04 17:04:55,357 - INFO - Depositing home pheromone
2025-05-04 17:04:55,882 - INFO - Random movement: AntAction.TURN_LEFT
2025-05-04 17:04:56,397 - INFO - Depositing home pheromone
2025-05-04 17:04:56,884 - INFO - Random movement: AntAction.TURN_LEFT
2025-05-04 17:04:57,453 - INFO - Depositing home pheromone
2025-05-04 17:04:57,932 - INFO - Random movement: AntAction.TURN_LEFT
2025-05-04 17:04:58,478 - INFO - Depositing home pheromone
2025-05-04 17:04:58,996 - INFO - Random movement: AntAction.MOVE_FORWARD
2025-05-04 17:04:59,555 - INFO - Depositing home pheromone
2025-05-04 17:05:00,110 - INFO - Random movement: AntAction.MOVE_FORWARD
2025-05-04 17:05:00,722 - INFO - Depositing home pheromone
2025-05-04 17:05:01,270 - INFO - Random movement: AntAction.TURN_RIGHT
2025-05-04 17:05:01,823 - INFO - Depositing home pheromone
2025-05-04 17:05:02,406 - INFO - Random movement: AntAction.MOVE_FORWARD
2025-05-04 17:05:03,062 - INFO - Depositing home pheromone
2025-05-04 17:05:03,608 - INFO - Random movement: AntAction.TURN_RIGHT
2025-05-04 17:05:04,180 - INFO - Depositing home pheromone
