2025-05-04 17:04:25,129 - INFO - Initialized with direction Direction.NORTH
2025-05-04 17:04:25,130 - INFO - Depositing home pheromone
2025-05-04 17:04:27,103 - INFO - Random movement: AntAction.TURN_LEFT
2025-05-04 17:04:27,727 - INFO - Depositing home pheromone
2025-05-04 17:04:28,289 - INFO - Random movement: AntAction.TURN_LEFT
2025-05-04 17:04:28,808 - INFO - Depositing home pheromone
2025-05-04 17:04:29,323 - INFO - Random movement: AntAction.TURN_LEFT
2025-05-04 17:04:29,845 - INFO - Depositing home pheromone
2025-05-04 17:04:30,439 - INFO - Random movement: AntAction.TURN_LEFT
2025-05-04 17:04:31,023 - INFO - Depositing home pheromone
2025-05-04 17:04:31,535 - INFO - Random movement: AntAction.MOVE_FORWARD
2025-05-04 17:04:32,010 - INFO - Depositing home pheromone
2025-05-04 17:04:32,527 - INFO - Random movement: AntAction.MOVE_FORWARD
2025-05-04 17:04:33,037 - INFO - Depositing home pheromone
2025-05-04 17:04:33,563 - INFO - Random movement: AntAction.MOVE_FORWARD
2025-05-04 17:04:34,032 - INFO - Depositing home pheromone
2025-05-04 17:04:34,535 - INFO - Random movement: AntAction.MOVE_FORWARD
2025-05-04 17:04:35,009 - INFO - Depositing home pheromone
2025-05-04 17:04:35,575 - INFO - Random movement: AntAction.MOVE_FORWARD
2025-05-04 17:04:36,138 - INFO - Depositing home pheromone
2025-05-04 17:04:36,738 - INFO - Random movement: AntAction.TURN_LEFT
2025-05-04 17:04:37,247 - INFO - Depositing home pheromone
2025-05-04 17:04:37,820 - INFO - Random movement: AntAction.TURN_LEFT
2025-05-04 17:04:38,315 - INFO - Depositing home pheromone
2025-05-04 17:04:38,866 - INFO - Random movement: AntAction.MOVE_FORWARD
2025-05-04 17:04:39,369 - INFO - Depositing home pheromone
2025-05-04 17:04:39,920 - INFO - Random movement: AntAction.MOVE_FORWARD
2025-05-04 17:04:40,442 - INFO - Depositing home pheromone
2025-05-04 17:04:40,997 - INFO - Random movement: AntAction.TURN_LEFT
2025-05-04 17:04:41,482 - INFO - Depositing home pheromone
2025-05-04 17:04:42,013 - INFO - Random movement: AntAction.TURN_LEFT
2025-05-04 17:04:42,507 - INFO - Depositing home pheromone
2025-05-04 17:04:43,069 - INFO - Random movement: AntAction.MOVE_FORWARD
2025-05-04 17:04:43,595 - INFO - Depositing home pheromone
2025-05-04 17:04:44,109 - INFO - Random movement: AntAction.TURN_LEFT
2025-05-04 17:04:44,631 - INFO - Depositing home pheromone
2025-05-04 17:04:45,145 - INFO - Random movement: AntAction.MOVE_FORWARD
2025-05-04 17:04:45,639 - INFO - Depositing home pheromone
2025-05-04 17:04:46,136 - INFO - Random movement: AntAction.MOVE_FORWARD
2025-05-04 17:04:46,607 - INFO - Depositing home pheromone
2025-05-04 17:04:47,130 - INFO - Random movement: AntAction.TURN_RIGHT
2025-05-04 17:04:47,628 - INFO - Depositing home pheromone
2025-05-04 17:04:48,089 - INFO - Random movement: AntAction.MOVE_FORWARD
2025-05-04 17:04:48,542 - INFO - Depositing home pheromone
2025-05-04 17:04:48,945 - INFO - Random movement: AntAction.MOVE_FORWARD
2025-05-04 17:04:49,418 - INFO - Depositing home pheromone
2025-05-04 17:04:49,946 - INFO - Random movement: AntAction.TURN_LEFT
2025-05-04 17:04:50,450 - INFO - Depositing home pheromone
2025-05-04 17:04:50,955 - INFO - Random movement: AntAction.TURN_LEFT
2025-05-04 17:04:51,453 - INFO - Depositing home pheromone
2025-05-04 17:04:51,968 - INFO - Random movement: AntAction.TURN_LEFT
2025-05-04 17:04:52,510 - INFO - Bored after searching for food for 51 steps, making random move
2025-05-04 17:04:52,510 - INFO - Made random move: AntAction.TURN_LEFT
2025-05-04 17:04:53,146 - INFO - Depositing home pheromone
2025-05-04 17:04:53,659 - INFO - Random movement: AntAction.MOVE_FORWARD
2025-05-04 17:04:54,180 - INFO - Depositing home pheromone
2025-05-04 17:04:54,687 - INFO - Random movement: AntAction.MOVE_FORWARD
2025-05-04 17:04:55,193 - INFO - Depositing home pheromone
2025-05-04 17:04:55,730 - INFO - Random movement: AntAction.MOVE_FORWARD
2025-05-04 17:04:56,247 - INFO - Depositing home pheromone
2025-05-04 17:04:56,761 - INFO - Random movement: AntAction.TURN_LEFT
2025-05-04 17:04:57,275 - INFO - Depositing home pheromone
2025-05-04 17:04:57,798 - INFO - Random movement: AntAction.MOVE_FORWARD
2025-05-04 17:04:58,293 - INFO - Depositing home pheromone
2025-05-04 17:04:58,846 - INFO - Random movement: AntAction.TURN_LEFT
2025-05-04 17:04:59,369 - INFO - Depositing home pheromone
2025-05-04 17:04:59,953 - INFO - Random movement: AntAction.TURN_LEFT
2025-05-04 17:05:00,523 - INFO - Depositing home pheromone
2025-05-04 17:05:01,122 - INFO - Random movement: AntAction.MOVE_FORWARD
2025-05-04 17:05:01,652 - INFO - Depositing home pheromone
2025-05-04 17:05:02,225 - INFO - Random movement: AntAction.TURN_LEFT
2025-05-04 17:05:02,859 - INFO - Depositing home pheromone
2025-05-04 17:05:03,453 - INFO - Random movement: AntAction.MOVE_FORWARD
2025-05-04 17:05:03,993 - INFO - Depositing home pheromone
