2025-05-04 17:04:25,429 - INFO - Initialized with direction Direction.NORTHWEST
2025-05-04 17:04:25,431 - INFO - Depositing home pheromone
2025-05-04 17:04:27,159 - INFO - Random movement: AntAction.TURN_LEFT
2025-05-04 17:04:27,782 - INFO - Depositing home pheromone
2025-05-04 17:04:28,340 - INFO - Random movement: AntAction.TURN_LEFT
2025-05-04 17:04:28,862 - INFO - Depositing home pheromone
2025-05-04 17:04:29,365 - INFO - Random movement: AntAction.TURN_LEFT
2025-05-04 17:04:29,905 - INFO - Depositing home pheromone
2025-05-04 17:04:30,500 - INFO - Random movement: AntAction.MOVE_FORWARD
2025-05-04 17:04:31,086 - INFO - Depositing home pheromone
2025-05-04 17:04:31,580 - INFO - Random movement: AntAction.MOVE_FORWARD
2025-05-04 17:04:32,064 - INFO - Depositing home pheromone
2025-05-04 17:04:32,579 - INFO - Random movement: AntAction.MOVE_FORWARD
2025-05-04 17:04:33,090 - INFO - Depositing home pheromone
2025-05-04 17:04:33,606 - INFO - Random movement: AntAction.MOVE_FORWARD
2025-05-04 17:04:34,080 - INFO - Depositing home pheromone
2025-05-04 17:04:34,577 - INFO - Random movement: AntAction.MOVE_FORWARD
2025-05-04 17:04:35,070 - INFO - Depositing home pheromone
2025-05-04 17:04:35,619 - INFO - Random movement: AntAction.MOVE_FORWARD
2025-05-04 17:04:36,200 - INFO - Depositing home pheromone
2025-05-04 17:04:36,783 - INFO - Random movement: AntAction.TURN_LEFT
2025-05-04 17:04:37,308 - INFO - Depositing home pheromone
2025-05-04 17:04:37,870 - INFO - Random movement: AntAction.MOVE_FORWARD
2025-05-04 17:04:38,380 - INFO - Depositing home pheromone
2025-05-04 17:04:38,912 - INFO - Random movement: AntAction.MOVE_FORWARD
2025-05-04 17:04:39,430 - INFO - Depositing home pheromone
2025-05-04 17:04:39,965 - INFO - Random movement: AntAction.TURN_RIGHT
2025-05-04 17:04:40,501 - INFO - Depositing home pheromone
2025-05-04 17:04:41,046 - INFO - Random movement: AntAction.MOVE_FORWARD
2025-05-04 17:04:41,535 - INFO - Depositing home pheromone
2025-05-04 17:04:42,059 - INFO - Random movement: AntAction.MOVE_FORWARD
2025-05-04 17:04:42,563 - INFO - Depositing home pheromone
2025-05-04 17:04:43,114 - INFO - Random movement: AntAction.MOVE_FORWARD
2025-05-04 17:04:43,650 - INFO - Depositing home pheromone
2025-05-04 17:04:44,158 - INFO - Random movement: AntAction.MOVE_FORWARD
2025-05-04 17:04:44,686 - INFO - Depositing home pheromone
2025-05-04 17:04:45,192 - INFO - Random movement: AntAction.TURN_RIGHT
2025-05-04 17:04:45,692 - INFO - Depositing home pheromone
2025-05-04 17:04:46,182 - INFO - Random movement: AntAction.TURN_LEFT
2025-05-04 17:04:46,663 - INFO - Depositing home pheromone
2025-05-04 17:04:47,182 - INFO - Random movement: AntAction.MOVE_FORWARD
2025-05-04 17:04:47,672 - INFO - Depositing home pheromone
2025-05-04 17:04:48,129 - INFO - Random movement: AntAction.TURN_RIGHT
2025-05-04 17:04:48,576 - INFO - Depositing home pheromone
2025-05-04 17:04:48,992 - INFO - Random movement: AntAction.MOVE_FORWARD
2025-05-04 17:04:49,474 - INFO - Depositing home pheromone
2025-05-04 17:04:49,998 - INFO - Random movement: AntAction.TURN_RIGHT
2025-05-04 17:04:50,506 - INFO - Depositing home pheromone
2025-05-04 17:04:50,999 - INFO - Random movement: AntAction.MOVE_FORWARD
2025-05-04 17:04:51,506 - INFO - Depositing home pheromone
2025-05-04 17:04:52,015 - INFO - Random movement: AntAction.TURN_LEFT
2025-05-04 17:04:52,586 - INFO - Bored after searching for food for 51 steps, making random move
2025-05-04 17:04:52,588 - INFO - Made random move: AntAction.TURN_LEFT
2025-05-04 17:04:53,198 - INFO - Depositing home pheromone
2025-05-04 17:04:53,710 - INFO - Random movement: AntAction.TURN_LEFT
2025-05-04 17:04:54,243 - INFO - Depositing home pheromone
2025-05-04 17:04:54,739 - INFO - Random movement: AntAction.TURN_LEFT
2025-05-04 17:04:55,248 - INFO - Depositing home pheromone
2025-05-04 17:04:55,779 - INFO - Random movement: AntAction.MOVE_FORWARD
2025-05-04 17:04:56,301 - INFO - Depositing home pheromone
2025-05-04 17:04:56,789 - INFO - Random movement: AntAction.MOVE_FORWARD
2025-05-04 17:04:57,332 - INFO - Depositing home pheromone
2025-05-04 17:04:57,839 - INFO - Random movement: AntAction.TURN_LEFT
2025-05-04 17:04:58,355 - INFO - Depositing home pheromone
2025-05-04 17:04:58,899 - INFO - Random movement: AntAction.MOVE_FORWARD
2025-05-04 17:04:59,428 - INFO - Depositing home pheromone
2025-05-04 17:05:00,003 - INFO - Random movement: AntAction.MOVE_FORWARD
2025-05-04 17:05:00,580 - INFO - Depositing home pheromone
2025-05-04 17:05:01,168 - INFO - Random movement: AntAction.TURN_RIGHT
2025-05-04 17:05:01,709 - INFO - Depositing home pheromone
2025-05-04 17:05:02,278 - INFO - Random movement: AntAction.MOVE_FORWARD
2025-05-04 17:05:02,930 - INFO - Depositing home pheromone
2025-05-04 17:05:03,510 - INFO - Random movement: AntAction.MOVE_FORWARD
2025-05-04 17:05:04,053 - INFO - Depositing home pheromone
