2025-05-04 17:04:25,659 - INFO - Initialized with direction Direction.SOUTH
2025-05-04 17:04:25,661 - INFO - Depositing home pheromone
2025-05-04 17:04:27,202 - INFO - Random movement: AntAction.MOVE_FORWARD
2025-05-04 17:04:27,824 - INFO - Depositing home pheromone
2025-05-04 17:04:28,376 - INFO - Random movement: AntAction.TURN_LEFT
2025-05-04 17:04:28,904 - INFO - Depositing home pheromone
2025-05-04 17:04:29,397 - INFO - Random movement: AntAction.MOVE_FORWARD
2025-05-04 17:04:29,952 - INFO - Depositing home pheromone
2025-05-04 17:04:30,556 - INFO - Random movement: AntAction.TURN_RIGHT
2025-05-04 17:04:31,133 - INFO - Depositing home pheromone
2025-05-04 17:04:31,612 - INFO - Random movement: AntAction.TURN_LEFT
2025-05-04 17:04:32,105 - INFO - Depositing home pheromone
2025-05-04 17:04:32,613 - INFO - Random movement: AntAction.MOVE_FORWARD
2025-05-04 17:04:33,128 - INFO - Depositing home pheromone
2025-05-04 17:04:33,639 - INFO - Random movement: AntAction.TURN_RIGHT
2025-05-04 17:04:34,122 - INFO - Depositing home pheromone
2025-05-04 17:04:34,610 - INFO - Random movement: AntAction.MOVE_FORWARD
2025-05-04 17:04:35,111 - INFO - Depositing home pheromone
2025-05-04 17:04:35,656 - INFO - Random movement: AntAction.MOVE_FORWARD
2025-05-04 17:04:36,247 - INFO - Depositing home pheromone
2025-05-04 17:04:36,817 - INFO - Random movement: AntAction.MOVE_FORWARD
2025-05-04 17:04:37,365 - INFO - Depositing home pheromone
2025-05-04 17:04:37,903 - INFO - Random movement: AntAction.MOVE_FORWARD
2025-05-04 17:04:38,423 - INFO - Depositing home pheromone
2025-05-04 17:04:38,947 - INFO - Random movement: AntAction.TURN_RIGHT
2025-05-04 17:04:39,477 - INFO - Depositing home pheromone
2025-05-04 17:04:39,999 - INFO - Random movement: AntAction.TURN_RIGHT
2025-05-04 17:04:40,540 - INFO - Depositing home pheromone
2025-05-04 17:04:41,082 - INFO - Random movement: AntAction.TURN_LEFT
2025-05-04 17:04:41,575 - INFO - Depositing home pheromone
2025-05-04 17:04:42,097 - INFO - Random movement: AntAction.MOVE_FORWARD
2025-05-04 17:04:42,605 - INFO - Depositing home pheromone
2025-05-04 17:04:43,147 - INFO - Random movement: AntAction.MOVE_FORWARD
2025-05-04 17:04:43,690 - INFO - Depositing home pheromone
2025-05-04 17:04:44,194 - INFO - Random movement: AntAction.TURN_LEFT
2025-05-04 17:04:44,730 - INFO - Depositing home pheromone
2025-05-04 17:04:45,223 - INFO - Random movement: AntAction.TURN_LEFT
2025-05-04 17:04:45,728 - INFO - Depositing home pheromone
2025-05-04 17:04:46,217 - INFO - Random movement: AntAction.MOVE_FORWARD
2025-05-04 17:04:46,705 - INFO - Depositing home pheromone
2025-05-04 17:04:47,220 - INFO - Random movement: AntAction.MOVE_FORWARD
2025-05-04 17:04:47,706 - INFO - Depositing home pheromone
2025-05-04 17:04:48,157 - INFO - Random movement: AntAction.MOVE_FORWARD
2025-05-04 17:04:48,607 - INFO - Depositing home pheromone
2025-05-04 17:04:49,026 - INFO - Random movement: AntAction.MOVE_FORWARD
2025-05-04 17:04:49,514 - INFO - Depositing home pheromone
2025-05-04 17:04:50,029 - INFO - Random movement: AntAction.MOVE_FORWARD
2025-05-04 17:04:50,547 - INFO - Depositing home pheromone
2025-05-04 17:04:51,035 - INFO - Random movement: AntAction.TURN_LEFT
2025-05-04 17:04:51,546 - INFO - Depositing home pheromone
2025-05-04 17:04:52,046 - INFO - Random movement: AntAction.MOVE_FORWARD
2025-05-04 17:04:52,646 - INFO - Bored after searching for food for 51 steps, making random move
2025-05-04 17:04:52,648 - INFO - Made random move: AntAction.TURN_LEFT
2025-05-04 17:04:53,235 - INFO - Depositing home pheromone
2025-05-04 17:04:53,743 - INFO - Random movement: AntAction.TURN_LEFT
2025-05-04 17:04:54,286 - INFO - Depositing home pheromone
2025-05-04 17:04:54,773 - INFO - Random movement: AntAction.MOVE_FORWARD
2025-05-04 17:04:55,287 - INFO - Depositing home pheromone
2025-05-04 17:04:55,820 - INFO - Random movement: AntAction.MOVE_FORWARD
2025-05-04 17:04:56,345 - INFO - Depositing home pheromone
2025-05-04 17:04:56,820 - INFO - Random movement: AntAction.MOVE_FORWARD
2025-05-04 17:04:57,376 - INFO - Depositing home pheromone
2025-05-04 17:04:57,872 - INFO - Random movement: AntAction.MOVE_FORWARD
2025-05-04 17:04:58,398 - INFO - Depositing home pheromone
2025-05-04 17:04:58,933 - INFO - Random movement: AntAction.MOVE_FORWARD
2025-05-04 17:04:59,478 - INFO - Depositing home pheromone
2025-05-04 17:05:00,043 - INFO - Random movement: AntAction.TURN_RIGHT
2025-05-04 17:05:00,630 - INFO - Depositing home pheromone
2025-05-04 17:05:01,204 - INFO - Random movement: AntAction.MOVE_FORWARD
2025-05-04 17:05:01,752 - INFO - Depositing home pheromone
2025-05-04 17:05:02,329 - INFO - Random movement: AntAction.TURN_RIGHT
2025-05-04 17:05:02,980 - INFO - Depositing home pheromone
2025-05-04 17:05:03,547 - INFO - Random movement: AntAction.MOVE_FORWARD
2025-05-04 17:05:04,100 - INFO - Depositing home pheromone
