2025-05-04 17:04:25,540 - INFO - Initialized with direction Direction.SOUTH
2025-05-04 17:04:25,543 - INFO - Depositing home pheromone
2025-05-04 17:04:27,181 - INFO - Random movement: AntAction.MOVE_FORWARD
2025-05-04 17:04:27,806 - INFO - Depositing home pheromone
2025-05-04 17:04:28,362 - INFO - Random movement: AntAction.MOVE_FORWARD
2025-05-04 17:04:28,886 - INFO - Depositing home pheromone
2025-05-04 17:04:29,383 - INFO - Random movement: AntAction.TURN_LEFT
2025-05-04 17:04:29,934 - INFO - Depositing home pheromone
2025-05-04 17:04:30,532 - INFO - Random movement: AntAction.TURN_LEFT
2025-05-04 17:04:31,112 - INFO - Depositing home pheromone
2025-05-04 17:04:31,599 - INFO - Random movement: AntAction.MOVE_FORWARD
2025-05-04 17:04:32,089 - INFO - Depositing home pheromone
2025-05-04 17:04:32,600 - INFO - Random movement: AntAction.MOVE_FORWARD
2025-05-04 17:04:33,112 - INFO - Depositing home pheromone
2025-05-04 17:04:33,627 - INFO - Random movement: AntAction.TURN_LEFT
2025-05-04 17:04:34,105 - INFO - Depositing home pheromone
2025-05-04 17:04:34,596 - INFO - Random movement: AntAction.TURN_LEFT
2025-05-04 17:04:35,096 - INFO - Depositing home pheromone
2025-05-04 17:04:35,640 - INFO - Random movement: AntAction.TURN_LEFT
2025-05-04 17:04:36,229 - INFO - Depositing home pheromone
2025-05-04 17:04:36,803 - INFO - Random movement: AntAction.MOVE_FORWARD
2025-05-04 17:04:37,342 - INFO - Depositing home pheromone
2025-05-04 17:04:37,890 - INFO - Random movement: AntAction.MOVE_FORWARD
2025-05-04 17:04:38,407 - INFO - Depositing home pheromone
2025-05-04 17:04:38,933 - INFO - Random movement: AntAction.TURN_LEFT
2025-05-04 17:04:39,455 - INFO - Depositing home pheromone
2025-05-04 17:04:39,984 - INFO - Random movement: AntAction.TURN_LEFT
2025-05-04 17:04:40,523 - INFO - Depositing home pheromone
2025-05-04 17:04:41,068 - INFO - Random movement: AntAction.TURN_LEFT
2025-05-04 17:04:41,560 - INFO - Depositing home pheromone
2025-05-04 17:04:42,083 - INFO - Random movement: AntAction.MOVE_FORWARD
2025-05-04 17:04:42,587 - INFO - Depositing home pheromone
2025-05-04 17:04:43,135 - INFO - Random movement: AntAction.MOVE_FORWARD
2025-05-04 17:04:43,674 - INFO - Depositing home pheromone
2025-05-04 17:04:44,179 - INFO - Random movement: AntAction.MOVE_FORWARD
2025-05-04 17:04:44,716 - INFO - Depositing home pheromone
2025-05-04 17:04:45,209 - INFO - Random movement: AntAction.TURN_LEFT
2025-05-04 17:04:45,714 - INFO - Depositing home pheromone
2025-05-04 17:04:46,203 - INFO - Random movement: AntAction.MOVE_FORWARD
2025-05-04 17:04:46,686 - INFO - Depositing home pheromone
2025-05-04 17:04:47,206 - INFO - Random movement: AntAction.MOVE_FORWARD
2025-05-04 17:04:47,692 - INFO - Depositing home pheromone
2025-05-04 17:04:48,145 - INFO - Random movement: AntAction.TURN_RIGHT
2025-05-04 17:04:48,594 - INFO - Depositing home pheromone
2025-05-04 17:04:49,010 - INFO - Random movement: AntAction.MOVE_FORWARD
2025-05-04 17:04:49,497 - INFO - Depositing home pheromone
2025-05-04 17:04:50,016 - INFO - Random movement: AntAction.TURN_RIGHT
2025-05-04 17:04:50,530 - INFO - Depositing home pheromone
2025-05-04 17:04:51,020 - INFO - Random movement: AntAction.MOVE_FORWARD
2025-05-04 17:04:51,528 - INFO - Depositing home pheromone
2025-05-04 17:04:52,031 - INFO - Random movement: AntAction.MOVE_FORWARD
2025-05-04 17:04:52,624 - INFO - Bored after searching for food for 51 steps, making random move
2025-05-04 17:04:52,625 - INFO - Made random move: AntAction.TURN_LEFT
2025-05-04 17:04:53,217 - INFO - Depositing home pheromone
2025-05-04 17:04:53,728 - INFO - Random movement: AntAction.MOVE_FORWARD
2025-05-04 17:04:54,270 - INFO - Depositing home pheromone
2025-05-04 17:04:54,758 - INFO - Random movement: AntAction.MOVE_FORWARD
2025-05-04 17:04:55,270 - INFO - Depositing home pheromone
2025-05-04 17:04:55,805 - INFO - Random movement: AntAction.MOVE_FORWARD
2025-05-04 17:04:56,330 - INFO - Depositing home pheromone
2025-05-04 17:04:56,808 - INFO - Random movement: AntAction.TURN_LEFT
2025-05-04 17:04:57,356 - INFO - Depositing home pheromone
2025-05-04 17:04:57,857 - INFO - Random movement: AntAction.TURN_LEFT
2025-05-04 17:04:58,380 - INFO - Depositing home pheromone
2025-05-04 17:04:58,919 - INFO - Random movement: AntAction.MOVE_FORWARD
2025-05-04 17:04:59,462 - INFO - Depositing home pheromone
2025-05-04 17:05:00,025 - INFO - Random movement: AntAction.MOVE_FORWARD
2025-05-04 17:05:00,607 - INFO - Depositing home pheromone
2025-05-04 17:05:01,188 - INFO - Random movement: AntAction.TURN_RIGHT
2025-05-04 17:05:01,737 - INFO - Depositing home pheromone
2025-05-04 17:05:02,309 - INFO - Random movement: AntAction.MOVE_FORWARD
2025-05-04 17:05:02,961 - INFO - Depositing home pheromone
2025-05-04 17:05:03,534 - INFO - Random movement: AntAction.TURN_LEFT
2025-05-04 17:05:04,080 - INFO - Depositing home pheromone
