2025-05-04 17:04:26,250 - INFO - Initialized with direction Direction.NORTHEAST
2025-05-04 17:04:26,277 - INFO - Depositing home pheromone
2025-05-04 17:04:27,289 - INFO - Random movement: AntAction.TURN_RIGHT
2025-05-04 17:04:27,908 - INFO - Depositing home pheromone
2025-05-04 17:04:28,444 - INFO - Random movement: AntAction.TURN_RIGHT
2025-05-04 17:04:28,980 - INFO - Depositing home pheromone
2025-05-04 17:04:29,459 - INFO - Random movement: AntAction.MOVE_FORWARD
2025-05-04 17:04:30,041 - INFO - Depositing home pheromone
2025-05-04 17:04:30,652 - INFO - Random movement: AntAction.MOVE_FORWARD
2025-05-04 17:04:31,206 - INFO - Depositing home pheromone
2025-05-04 17:04:31,664 - INFO - Random movement: AntAction.TURN_RIGHT
2025-05-04 17:04:32,187 - INFO - Depositing home pheromone
2025-05-04 17:04:32,672 - INFO - Random movement: AntAction.MOVE_FORWARD
2025-05-04 17:04:33,203 - INFO - Depositing home pheromone
2025-05-04 17:04:33,693 - INFO - Random movement: AntAction.TURN_RIGHT
2025-05-04 17:04:34,209 - INFO - Depositing home pheromone
2025-05-04 17:04:34,670 - INFO - Random movement: AntAction.TURN_LEFT
2025-05-04 17:04:35,192 - INFO - Depositing home pheromone
2025-05-04 17:04:35,720 - INFO - Random movement: AntAction.TURN_RIGHT
2025-05-04 17:04:36,330 - INFO - Depositing home pheromone
2025-05-04 17:04:36,872 - INFO - Random movement: AntAction.MOVE_FORWARD
2025-05-04 17:04:37,455 - INFO - Depositing home pheromone
2025-05-04 17:04:37,967 - INFO - Random movement: AntAction.MOVE_FORWARD
2025-05-04 17:04:38,501 - INFO - Depositing home pheromone
2025-05-04 17:04:39,012 - INFO - Random movement: AntAction.TURN_LEFT
2025-05-04 17:04:39,558 - INFO - Depositing home pheromone
2025-05-04 17:04:40,060 - INFO - Random movement: AntAction.MOVE_FORWARD
2025-05-04 17:04:40,629 - INFO - Depositing home pheromone
2025-05-04 17:04:41,149 - INFO - Random movement: AntAction.MOVE_FORWARD
2025-05-04 17:04:41,650 - INFO - Depositing home pheromone
2025-05-04 17:04:42,155 - INFO - Random movement: AntAction.MOVE_FORWARD
2025-05-04 17:04:42,688 - INFO - Depositing home pheromone
2025-05-04 17:04:43,222 - INFO - Random movement: AntAction.TURN_LEFT
2025-05-04 17:04:43,762 - INFO - Depositing home pheromone
2025-05-04 17:04:44,260 - INFO - Random movement: AntAction.TURN_LEFT
2025-05-04 17:04:44,802 - INFO - Depositing home pheromone
2025-05-04 17:04:45,283 - INFO - Random movement: AntAction.TURN_RIGHT
2025-05-04 17:04:45,804 - INFO - Depositing home pheromone
2025-05-04 17:04:46,290 - INFO - Random movement: AntAction.TURN_RIGHT
2025-05-04 17:04:46,793 - INFO - Depositing home pheromone
2025-05-04 17:04:47,285 - INFO - Random movement: AntAction.MOVE_FORWARD
2025-05-04 17:04:47,772 - INFO - Depositing home pheromone
2025-05-04 17:04:48,217 - INFO - Random movement: AntAction.MOVE_FORWARD
2025-05-04 17:04:48,666 - INFO - Depositing home pheromone
2025-05-04 17:04:49,089 - INFO - Random movement: AntAction.MOVE_FORWARD
2025-05-04 17:04:49,598 - INFO - Depositing home pheromone
2025-05-04 17:04:50,102 - INFO - Random movement: AntAction.MOVE_FORWARD
2025-05-04 17:04:50,615 - INFO - Depositing home pheromone
2025-05-04 17:04:51,105 - INFO - Random movement: AntAction.TURN_LEFT
2025-05-04 17:04:51,619 - INFO - Depositing home pheromone
2025-05-04 17:04:52,112 - INFO - Random movement: AntAction.MOVE_FORWARD
2025-05-04 17:04:52,752 - INFO - Bored after searching for food for 51 steps, making random move
2025-05-04 17:04:52,752 - INFO - Made random move: AntAction.MOVE_FORWARD
2025-05-04 17:04:53,317 - INFO - Depositing home pheromone
2025-05-04 17:04:53,811 - INFO - Random movement: AntAction.TURN_LEFT
2025-05-04 17:04:54,358 - INFO - Depositing home pheromone
2025-05-04 17:04:54,840 - INFO - Random movement: AntAction.MOVE_FORWARD
2025-05-04 17:04:55,368 - INFO - Depositing home pheromone
2025-05-04 17:04:55,888 - INFO - Random movement: AntAction.TURN_LEFT
2025-05-04 17:04:56,406 - INFO - Depositing home pheromone
2025-05-04 17:04:56,890 - INFO - Random movement: AntAction.MOVE_FORWARD
2025-05-04 17:04:57,460 - INFO - Depositing home pheromone
2025-05-04 17:04:57,938 - INFO - Random movement: AntAction.MOVE_FORWARD
2025-05-04 17:04:58,483 - INFO - Depositing home pheromone
2025-05-04 17:04:59,001 - INFO - Random movement: AntAction.TURN_RIGHT
2025-05-04 17:04:59,560 - INFO - Depositing home pheromone
2025-05-04 17:05:00,119 - INFO - Random movement: AntAction.MOVE_FORWARD
2025-05-04 17:05:00,729 - INFO - Depositing home pheromone
2025-05-04 17:05:01,276 - INFO - Random movement: AntAction.MOVE_FORWARD
2025-05-04 17:05:01,832 - INFO - Depositing home pheromone
2025-05-04 17:05:02,416 - INFO - Random movement: AntAction.MOVE_FORWARD
2025-05-04 17:05:03,070 - INFO - Depositing home pheromone
2025-05-04 17:05:03,615 - INFO - Random movement: AntAction.TURN_LEFT
2025-05-04 17:05:04,187 - INFO - Depositing home pheromone
