2025-05-04 17:04:25,084 - INFO - Initialized with direction Direction.WEST
2025-05-04 17:04:25,086 - INFO - Depositing home pheromone
2025-05-04 17:04:27,086 - INFO - Random movement: AntAction.TURN_LEFT
2025-05-04 17:04:27,710 - INFO - Depositing home pheromone
2025-05-04 17:04:28,278 - INFO - Random movement: AntAction.TURN_LEFT
2025-05-04 17:04:28,796 - INFO - Depositing home pheromone
2025-05-04 17:04:29,312 - INFO - Random movement: AntAction.MOVE_FORWARD
2025-05-04 17:04:29,831 - INFO - Depositing home pheromone
2025-05-04 17:04:30,423 - INFO - Random movement: AntAction.TURN_LEFT
2025-05-04 17:04:31,012 - INFO - Depositing home pheromone
2025-05-04 17:04:31,525 - INFO - Random movement: AntAction.MOVE_FORWARD
2025-05-04 17:04:31,999 - INFO - Depositing home pheromone
2025-05-04 17:04:32,516 - INFO - Random movement: AntAction.MOVE_FORWARD
2025-05-04 17:04:33,023 - INFO - Depositing home pheromone
2025-05-04 17:04:33,550 - INFO - Random movement: AntAction.TURN_RIGHT
2025-05-04 17:04:34,019 - INFO - Depositing home pheromone
2025-05-04 17:04:34,525 - INFO - Random movement: AntAction.MOVE_FORWARD
2025-05-04 17:04:34,996 - INFO - Depositing home pheromone
2025-05-04 17:04:35,557 - INFO - Random movement: AntAction.MOVE_FORWARD
2025-05-04 17:04:36,117 - INFO - Depositing home pheromone
2025-05-04 17:04:36,723 - INFO - Random movement: AntAction.TURN_RIGHT
2025-05-04 17:04:37,230 - INFO - Depositing home pheromone
2025-05-04 17:04:37,809 - INFO - Random movement: AntAction.TURN_LEFT
2025-05-04 17:04:38,302 - INFO - Depositing home pheromone
2025-05-04 17:04:38,854 - INFO - Random movement: AntAction.MOVE_FORWARD
2025-05-04 17:04:39,352 - INFO - Depositing home pheromone
2025-05-04 17:04:39,909 - INFO - Random movement: AntAction.TURN_RIGHT
2025-05-04 17:04:40,429 - INFO - Depositing home pheromone
2025-05-04 17:04:40,981 - INFO - Random movement: AntAction.MOVE_FORWARD
2025-05-04 17:04:41,469 - INFO - Depositing home pheromone
2025-05-04 17:04:42,002 - INFO - Random movement: AntAction.TURN_RIGHT
2025-05-04 17:04:42,490 - INFO - Depositing home pheromone
2025-05-04 17:04:43,053 - INFO - Random movement: AntAction.TURN_LEFT
2025-05-04 17:04:43,582 - INFO - Depositing home pheromone
2025-05-04 17:04:44,097 - INFO - Random movement: AntAction.MOVE_FORWARD
2025-05-04 17:04:44,618 - INFO - Depositing home pheromone
2025-05-04 17:04:45,133 - INFO - Random movement: AntAction.TURN_LEFT
2025-05-04 17:04:45,625 - INFO - Depositing home pheromone
2025-05-04 17:04:46,123 - INFO - Random movement: AntAction.MOVE_FORWARD
2025-05-04 17:04:46,593 - INFO - Depositing home pheromone
2025-05-04 17:04:47,120 - INFO - Random movement: AntAction.MOVE_FORWARD
2025-05-04 17:04:47,618 - INFO - Depositing home pheromone
2025-05-04 17:04:48,077 - INFO - Random movement: AntAction.MOVE_FORWARD
2025-05-04 17:04:48,533 - INFO - Depositing home pheromone
2025-05-04 17:04:48,932 - INFO - Random movement: AntAction.MOVE_FORWARD
2025-05-04 17:04:49,404 - INFO - Depositing home pheromone
2025-05-04 17:04:49,936 - INFO - Random movement: AntAction.MOVE_FORWARD
2025-05-04 17:04:50,438 - INFO - Depositing home pheromone
2025-05-04 17:04:50,942 - INFO - Random movement: AntAction.MOVE_FORWARD
2025-05-04 17:04:51,442 - INFO - Depositing home pheromone
2025-05-04 17:04:51,957 - INFO - Random movement: AntAction.TURN_LEFT
2025-05-04 17:04:52,491 - INFO - Bored after searching for food for 51 steps, making random move
2025-05-04 17:04:52,492 - INFO - Made random move: AntAction.TURN_LEFT
2025-05-04 17:04:53,129 - INFO - Depositing home pheromone
2025-05-04 17:04:53,647 - INFO - Random movement: AntAction.MOVE_FORWARD
2025-05-04 17:04:54,165 - INFO - Depositing home pheromone
2025-05-04 17:04:54,676 - INFO - Random movement: AntAction.MOVE_FORWARD
2025-05-04 17:04:55,178 - INFO - Depositing home pheromone
2025-05-04 17:04:55,719 - INFO - Random movement: AntAction.MOVE_FORWARD
2025-05-04 17:04:56,236 - INFO - Depositing home pheromone
2025-05-04 17:04:56,750 - INFO - Random movement: AntAction.MOVE_FORWARD
2025-05-04 17:04:57,260 - INFO - Depositing home pheromone
2025-05-04 17:04:57,787 - INFO - Random movement: AntAction.MOVE_FORWARD
2025-05-04 17:04:58,278 - INFO - Depositing home pheromone
2025-05-04 17:04:58,835 - INFO - Random movement: AntAction.TURN_LEFT
2025-05-04 17:04:59,356 - INFO - Depositing home pheromone
2025-05-04 17:04:59,936 - INFO - Random movement: AntAction.TURN_RIGHT
2025-05-04 17:05:00,509 - INFO - Depositing home pheromone
2025-05-04 17:05:01,110 - INFO - Random movement: AntAction.MOVE_FORWARD
2025-05-04 17:05:01,638 - INFO - Depositing home pheromone
2025-05-04 17:05:02,213 - INFO - Random movement: AntAction.MOVE_FORWARD
2025-05-04 17:05:02,843 - INFO - Depositing home pheromone
2025-05-04 17:05:03,441 - INFO - Random movement: AntAction.MOVE_FORWARD
2025-05-04 17:05:03,980 - INFO - Depositing home pheromone
