2025-05-04 17:04:26,044 - INFO - Initialized with direction Direction.SOUTH
2025-05-04 17:04:26,056 - INFO - Depositing home pheromone
2025-05-04 17:04:27,253 - INFO - Random movement: AntAction.TURN_LEFT
2025-05-04 17:04:27,868 - INFO - Depositing home pheromone
2025-05-04 17:04:28,413 - INFO - Random movement: AntAction.MOVE_FORWARD
2025-05-04 17:04:28,944 - INFO - Depositing home pheromone
2025-05-04 17:04:29,430 - INFO - Random movement: AntAction.MOVE_FORWARD
2025-05-04 17:04:30,000 - INFO - Depositing home pheromone
2025-05-04 17:04:30,610 - INFO - Random movement: AntAction.TURN_RIGHT
2025-05-04 17:04:31,171 - INFO - Depositing home pheromone
2025-05-04 17:04:31,639 - INFO - Random movement: AntAction.MOVE_FORWARD
2025-05-04 17:04:32,147 - INFO - Depositing home pheromone
2025-05-04 17:04:32,643 - INFO - Random movement: AntAction.TURN_RIGHT
2025-05-04 17:04:33,167 - INFO - Depositing home pheromone
2025-05-04 17:04:33,669 - INFO - Random movement: AntAction.MOVE_FORWARD
2025-05-04 17:04:34,168 - INFO - Depositing home pheromone
2025-05-04 17:04:34,642 - INFO - Random movement: AntAction.MOVE_FORWARD
2025-05-04 17:04:35,158 - INFO - Depositing home pheromone
2025-05-04 17:04:35,690 - INFO - Random movement: AntAction.TURN_LEFT
2025-05-04 17:04:36,293 - INFO - Depositing home pheromone
2025-05-04 17:04:36,846 - INFO - Random movement: AntAction.TURN_LEFT
2025-05-04 17:04:37,412 - INFO - Depositing home pheromone
2025-05-04 17:04:37,937 - INFO - Random movement: AntAction.MOVE_FORWARD
2025-05-04 17:04:38,465 - INFO - Depositing home pheromone
2025-05-04 17:04:38,982 - INFO - Random movement: AntAction.TURN_RIGHT
2025-05-04 17:04:39,517 - INFO - Depositing home pheromone
2025-05-04 17:04:40,031 - INFO - Random movement: AntAction.MOVE_FORWARD
2025-05-04 17:04:40,586 - INFO - Depositing home pheromone
2025-05-04 17:04:41,117 - INFO - Random movement: AntAction.TURN_RIGHT
2025-05-04 17:04:41,617 - INFO - Depositing home pheromone
2025-05-04 17:04:42,128 - INFO - Random movement: AntAction.TURN_LEFT
2025-05-04 17:04:42,646 - INFO - Depositing home pheromone
2025-05-04 17:04:43,189 - INFO - Random movement: AntAction.MOVE_FORWARD
2025-05-04 17:04:43,728 - INFO - Depositing home pheromone
2025-05-04 17:04:44,229 - INFO - Random movement: AntAction.MOVE_FORWARD
2025-05-04 17:04:44,768 - INFO - Depositing home pheromone
2025-05-04 17:04:45,254 - INFO - Random movement: AntAction.MOVE_FORWARD
2025-05-04 17:04:45,767 - INFO - Depositing home pheromone
2025-05-04 17:04:46,253 - INFO - Random movement: AntAction.MOVE_FORWARD
2025-05-04 17:04:46,749 - INFO - Depositing home pheromone
2025-05-04 17:04:47,253 - INFO - Random movement: AntAction.MOVE_FORWARD
2025-05-04 17:04:47,740 - INFO - Depositing home pheromone
2025-05-04 17:04:48,188 - INFO - Random movement: AntAction.MOVE_FORWARD
2025-05-04 17:04:48,641 - INFO - Depositing home pheromone
2025-05-04 17:04:49,060 - INFO - Random movement: AntAction.TURN_RIGHT
2025-05-04 17:04:49,557 - INFO - Depositing home pheromone
2025-05-04 17:04:50,069 - INFO - Random movement: AntAction.MOVE_FORWARD
2025-05-04 17:04:50,581 - INFO - Depositing home pheromone
2025-05-04 17:04:51,070 - INFO - Random movement: AntAction.TURN_LEFT
2025-05-04 17:04:51,583 - INFO - Depositing home pheromone
2025-05-04 17:04:52,080 - INFO - Random movement: AntAction.TURN_LEFT
2025-05-04 17:04:52,699 - INFO - Bored after searching for food for 51 steps, making random move
2025-05-04 17:04:52,700 - INFO - Made random move: AntAction.TURN_LEFT
2025-05-04 17:04:53,279 - INFO - Depositing home pheromone
2025-05-04 17:04:53,778 - INFO - Random movement: AntAction.MOVE_FORWARD
2025-05-04 17:04:54,320 - INFO - Depositing home pheromone
2025-05-04 17:04:54,806 - INFO - Random movement: AntAction.MOVE_FORWARD
2025-05-04 17:04:55,326 - INFO - Depositing home pheromone
2025-05-04 17:04:55,855 - INFO - Random movement: AntAction.TURN_LEFT
2025-05-04 17:04:56,372 - INFO - Depositing home pheromone
2025-05-04 17:04:56,857 - INFO - Random movement: AntAction.TURN_LEFT
2025-05-04 17:04:57,420 - INFO - Depositing home pheromone
2025-05-04 17:04:57,902 - INFO - Random movement: AntAction.MOVE_FORWARD
2025-05-04 17:04:58,440 - INFO - Depositing home pheromone
2025-05-04 17:04:58,970 - INFO - Random movement: AntAction.TURN_RIGHT
2025-05-04 17:04:59,525 - INFO - Depositing home pheromone
2025-05-04 17:05:00,082 - INFO - Random movement: AntAction.MOVE_FORWARD
2025-05-04 17:05:00,680 - INFO - Depositing home pheromone
2025-05-04 17:05:01,240 - INFO - Random movement: AntAction.TURN_RIGHT
2025-05-04 17:05:01,795 - INFO - Depositing home pheromone
2025-05-04 17:05:02,370 - INFO - Random movement: AntAction.TURN_RIGHT
2025-05-04 17:05:03,029 - INFO - Depositing home pheromone
2025-05-04 17:05:03,582 - INFO - Random movement: AntAction.MOVE_FORWARD
2025-05-04 17:05:04,146 - INFO - Depositing home pheromone
