2025-05-04 17:04:26,020 - INFO - Initialized with direction Direction.NORTHEAST
2025-05-04 17:04:26,026 - INFO - Depositing home pheromone
2025-05-04 17:04:27,250 - INFO - Random movement: AntAction.TURN_RIGHT
2025-05-04 17:04:27,863 - INFO - Depositing home pheromone
2025-05-04 17:04:28,410 - INFO - Random movement: AntAction.MOVE_FORWARD
2025-05-04 17:04:28,940 - INFO - Depositing home pheromone
2025-05-04 17:04:29,427 - INFO - Random movement: AntAction.MOVE_FORWARD
2025-05-04 17:04:29,998 - INFO - Depositing home pheromone
2025-05-04 17:04:30,606 - INFO - Random movement: AntAction.TURN_LEFT
2025-05-04 17:04:31,168 - INFO - Depositing home pheromone
2025-05-04 17:04:31,638 - INFO - Random movement: AntAction.TURN_LEFT
2025-05-04 17:04:32,143 - INFO - Depositing home pheromone
2025-05-04 17:04:32,641 - INFO - Random movement: AntAction.TURN_LEFT
2025-05-04 17:04:33,163 - INFO - Depositing home pheromone
2025-05-04 17:04:33,667 - INFO - Random movement: AntAction.TURN_LEFT
2025-05-04 17:04:34,165 - INFO - Depositing home pheromone
2025-05-04 17:04:34,638 - INFO - Random movement: AntAction.MOVE_FORWARD
2025-05-04 17:04:35,155 - INFO - Depositing home pheromone
2025-05-04 17:04:35,688 - INFO - Random movement: AntAction.MOVE_FORWARD
2025-05-04 17:04:36,290 - INFO - Depositing home pheromone
2025-05-04 17:04:36,843 - INFO - Random movement: AntAction.TURN_LEFT
2025-05-04 17:04:37,408 - INFO - Depositing home pheromone
2025-05-04 17:04:37,935 - INFO - Random movement: AntAction.TURN_LEFT
2025-05-04 17:04:38,462 - INFO - Depositing home pheromone
2025-05-04 17:04:38,980 - INFO - Random movement: AntAction.MOVE_FORWARD
2025-05-04 17:04:39,514 - INFO - Depositing home pheromone
2025-05-04 17:04:40,029 - INFO - Random movement: AntAction.MOVE_FORWARD
2025-05-04 17:04:40,583 - INFO - Depositing home pheromone
2025-05-04 17:04:41,115 - INFO - Random movement: AntAction.TURN_LEFT
2025-05-04 17:04:41,614 - INFO - Depositing home pheromone
2025-05-04 17:04:42,126 - INFO - Random movement: AntAction.MOVE_FORWARD
2025-05-04 17:04:42,643 - INFO - Depositing home pheromone
2025-05-04 17:04:43,182 - INFO - Random movement: AntAction.TURN_RIGHT
2025-05-04 17:04:43,725 - INFO - Depositing home pheromone
2025-05-04 17:04:44,226 - INFO - Random movement: AntAction.TURN_RIGHT
2025-05-04 17:04:44,766 - INFO - Depositing home pheromone
2025-05-04 17:04:45,250 - INFO - Random movement: AntAction.MOVE_FORWARD
2025-05-04 17:04:45,763 - INFO - Depositing home pheromone
2025-05-04 17:04:46,250 - INFO - Random movement: AntAction.TURN_LEFT
2025-05-04 17:04:46,747 - INFO - Depositing home pheromone
2025-05-04 17:04:47,252 - INFO - Random movement: AntAction.MOVE_FORWARD
2025-05-04 17:04:47,737 - INFO - Depositing home pheromone
2025-05-04 17:04:48,186 - INFO - Random movement: AntAction.MOVE_FORWARD
2025-05-04 17:04:48,637 - INFO - Depositing home pheromone
2025-05-04 17:04:49,057 - INFO - Random movement: AntAction.MOVE_FORWARD
2025-05-04 17:04:49,552 - INFO - Depositing home pheromone
2025-05-04 17:04:50,066 - INFO - Random movement: AntAction.MOVE_FORWARD
2025-05-04 17:04:50,579 - INFO - Depositing home pheromone
2025-05-04 17:04:51,068 - INFO - Random movement: AntAction.MOVE_FORWARD
2025-05-04 17:04:51,581 - INFO - Depositing home pheromone
2025-05-04 17:04:52,077 - INFO - Random movement: AntAction.MOVE_FORWARD
2025-05-04 17:04:52,695 - INFO - Bored after searching for food for 51 steps, making random move
2025-05-04 17:04:52,696 - INFO - Made random move: AntAction.TURN_LEFT
2025-05-04 17:04:53,276 - INFO - Depositing home pheromone
2025-05-04 17:04:53,776 - INFO - Random movement: AntAction.MOVE_FORWARD
2025-05-04 17:04:54,318 - INFO - Depositing home pheromone
2025-05-04 17:04:54,803 - INFO - Random movement: AntAction.TURN_LEFT
2025-05-04 17:04:55,324 - INFO - Depositing home pheromone
2025-05-04 17:04:55,852 - INFO - Random movement: AntAction.MOVE_FORWARD
2025-05-04 17:04:56,371 - INFO - Depositing home pheromone
2025-05-04 17:04:56,854 - INFO - Random movement: AntAction.TURN_RIGHT
2025-05-04 17:04:57,417 - INFO - Depositing home pheromone
2025-05-04 17:04:57,900 - INFO - Random movement: AntAction.MOVE_FORWARD
2025-05-04 17:04:58,437 - INFO - Depositing home pheromone
2025-05-04 17:04:58,967 - INFO - Random movement: AntAction.MOVE_FORWARD
2025-05-04 17:04:59,520 - INFO - Depositing home pheromone
2025-05-04 17:05:00,079 - INFO - Random movement: AntAction.MOVE_FORWARD
2025-05-04 17:05:00,677 - INFO - Depositing home pheromone
2025-05-04 17:05:01,239 - INFO - Random movement: AntAction.TURN_LEFT
2025-05-04 17:05:01,790 - INFO - Depositing home pheromone
2025-05-04 17:05:02,367 - INFO - Random movement: AntAction.MOVE_FORWARD
2025-05-04 17:05:03,023 - INFO - Depositing home pheromone
2025-05-04 17:05:03,579 - INFO - Random movement: AntAction.MOVE_FORWARD
2025-05-04 17:05:04,143 - INFO - Depositing home pheromone
