2025-05-04 17:04:26,212 - INFO - Initialized with direction Direction.SOUTHWEST
2025-05-04 17:04:26,214 - INFO - Depositing home pheromone
2025-05-04 17:04:27,279 - INFO - Random movement: AntAction.TURN_LEFT
2025-05-04 17:04:27,897 - INFO - Depositing home pheromone
2025-05-04 17:04:28,435 - INFO - Random movement: AntAction.MOVE_FORWARD
2025-05-04 17:04:28,968 - INFO - Depositing home pheromone
2025-05-04 17:04:29,452 - INFO - Random movement: AntAction.MOVE_FORWARD
2025-05-04 17:04:30,030 - INFO - Depositing home pheromone
2025-05-04 17:04:30,643 - INFO - Random movement: AntAction.MOVE_FORWARD
2025-05-04 17:04:31,197 - INFO - Depositing home pheromone
2025-05-04 17:04:31,659 - INFO - Random movement: AntAction.MOVE_FORWARD
2025-05-04 17:04:32,176 - INFO - Depositing home pheromone
2025-05-04 17:04:32,665 - INFO - Random movement: AntAction.TURN_LEFT
2025-05-04 17:04:33,194 - INFO - Depositing home pheromone
2025-05-04 17:04:33,686 - INFO - Random movement: AntAction.MOVE_FORWARD
2025-05-04 17:04:34,200 - INFO - Depositing home pheromone
2025-05-04 17:04:34,662 - INFO - Random movement: AntAction.MOVE_FORWARD
2025-05-04 17:04:35,182 - INFO - Depositing home pheromone
2025-05-04 17:04:35,711 - INFO - Random movement: AntAction.TURN_RIGHT
2025-05-04 17:04:36,319 - INFO - Depositing home pheromone
2025-05-04 17:04:36,865 - INFO - Random movement: AntAction.MOVE_FORWARD
2025-05-04 17:04:37,443 - INFO - Depositing home pheromone
2025-05-04 17:04:37,959 - INFO - Random movement: AntAction.MOVE_FORWARD
2025-05-04 17:04:38,492 - INFO - Depositing home pheromone
2025-05-04 17:04:39,005 - INFO - Random movement: AntAction.MOVE_FORWARD
2025-05-04 17:04:39,545 - INFO - Depositing home pheromone
2025-05-04 17:04:40,052 - INFO - Random movement: AntAction.MOVE_FORWARD
2025-05-04 17:04:40,617 - INFO - Depositing home pheromone
2025-05-04 17:04:41,141 - INFO - Random movement: AntAction.TURN_RIGHT
2025-05-04 17:04:41,640 - INFO - Depositing home pheromone
2025-05-04 17:04:42,148 - INFO - Random movement: AntAction.TURN_LEFT
2025-05-04 17:04:42,679 - INFO - Depositing home pheromone
2025-05-04 17:04:43,211 - INFO - Random movement: AntAction.MOVE_FORWARD
2025-05-04 17:04:43,753 - INFO - Depositing home pheromone
2025-05-04 17:04:44,253 - INFO - Random movement: AntAction.TURN_RIGHT
2025-05-04 17:04:44,794 - INFO - Depositing home pheromone
2025-05-04 17:04:45,275 - INFO - Random movement: AntAction.MOVE_FORWARD
2025-05-04 17:04:45,795 - INFO - Depositing home pheromone
2025-05-04 17:04:46,280 - INFO - Random movement: AntAction.TURN_LEFT
2025-05-04 17:04:46,780 - INFO - Depositing home pheromone
2025-05-04 17:04:47,277 - INFO - Random movement: AntAction.MOVE_FORWARD
2025-05-04 17:04:47,764 - INFO - Depositing home pheromone
2025-05-04 17:04:48,208 - INFO - Random movement: AntAction.MOVE_FORWARD
2025-05-04 17:04:48,659 - INFO - Depositing home pheromone
2025-05-04 17:04:49,081 - INFO - Random movement: AntAction.TURN_LEFT
2025-05-04 17:04:49,590 - INFO - Depositing home pheromone
2025-05-04 17:04:50,091 - INFO - Random movement: AntAction.TURN_LEFT
2025-05-04 17:04:50,608 - INFO - Depositing home pheromone
2025-05-04 17:04:51,094 - INFO - Random movement: AntAction.MOVE_FORWARD
2025-05-04 17:04:51,608 - INFO - Depositing home pheromone
2025-05-04 17:04:52,103 - INFO - Random movement: AntAction.TURN_LEFT
2025-05-04 17:04:52,738 - INFO - Bored after searching for food for 51 steps, making random move
2025-05-04 17:04:52,739 - INFO - Made random move: AntAction.TURN_LEFT
2025-05-04 17:04:53,308 - INFO - Depositing home pheromone
2025-05-04 17:04:53,803 - INFO - Random movement: AntAction.TURN_LEFT
2025-05-04 17:04:54,348 - INFO - Depositing home pheromone
2025-05-04 17:04:54,828 - INFO - Random movement: AntAction.MOVE_FORWARD
2025-05-04 17:04:55,355 - INFO - Depositing home pheromone
2025-05-04 17:04:55,879 - INFO - Random movement: AntAction.MOVE_FORWARD
2025-05-04 17:04:56,395 - INFO - Depositing home pheromone
2025-05-04 17:04:56,881 - INFO - Random movement: AntAction.TURN_RIGHT
2025-05-04 17:04:57,449 - INFO - Depositing home pheromone
2025-05-04 17:04:57,930 - INFO - Random movement: AntAction.MOVE_FORWARD
2025-05-04 17:04:58,473 - INFO - Depositing home pheromone
2025-05-04 17:04:58,993 - INFO - Random movement: AntAction.MOVE_FORWARD
2025-05-04 17:04:59,548 - INFO - Depositing home pheromone
2025-05-04 17:05:00,108 - INFO - Random movement: AntAction.MOVE_FORWARD
2025-05-04 17:05:00,715 - INFO - Depositing home pheromone
2025-05-04 17:05:01,267 - INFO - Random movement: AntAction.MOVE_FORWARD
2025-05-04 17:05:01,820 - INFO - Depositing home pheromone
2025-05-04 17:05:02,397 - INFO - Random movement: AntAction.TURN_RIGHT
2025-05-04 17:05:03,060 - INFO - Depositing home pheromone
2025-05-04 17:05:03,604 - INFO - Random movement: AntAction.MOVE_FORWARD
2025-05-04 17:05:04,176 - INFO - Depositing home pheromone
