2025-05-04 17:04:24,976 - INFO - Initialized with direction Direction.NORTHEAST
2025-05-04 17:04:24,978 - INFO - Depositing home pheromone
2025-05-04 17:04:27,046 - INFO - Random movement: AntAction.TURN_RIGHT
2025-05-04 17:04:27,672 - INFO - Depositing home pheromone
2025-05-04 17:04:28,245 - INFO - Random movement: AntAction.TURN_RIGHT
2025-05-04 17:04:28,762 - INFO - Depositing home pheromone
2025-05-04 17:04:29,284 - INFO - Random movement: AntAction.MOVE_FORWARD
2025-05-04 17:04:29,782 - INFO - Depositing home pheromone
2025-05-04 17:04:30,375 - INFO - Random movement: AntAction.MOVE_FORWARD
2025-05-04 17:04:30,978 - INFO - Depositing home pheromone
2025-05-04 17:04:31,493 - INFO - Random movement: AntAction.TURN_RIGHT
2025-05-04 17:04:31,965 - INFO - Depositing home pheromone
2025-05-04 17:04:32,487 - INFO - Random movement: AntAction.TURN_RIGHT
2025-05-04 17:04:32,986 - INFO - Depositing home pheromone
2025-05-04 17:04:33,523 - INFO - Random movement: AntAction.MOVE_FORWARD
2025-05-04 17:04:33,992 - INFO - Depositing home pheromone
2025-05-04 17:04:34,501 - INFO - Random movement: AntAction.TURN_RIGHT
2025-05-04 17:04:34,958 - INFO - Depositing home pheromone
2025-05-04 17:04:35,526 - INFO - Random movement: AntAction.MOVE_FORWARD
2025-05-04 17:04:36,080 - INFO - Depositing home pheromone
2025-05-04 17:04:36,696 - INFO - Random movement: AntAction.TURN_LEFT
2025-05-04 17:04:37,192 - INFO - Depositing home pheromone
2025-05-04 17:04:37,782 - INFO - Random movement: AntAction.TURN_LEFT
2025-05-04 17:04:38,272 - INFO - Depositing home pheromone
2025-05-04 17:04:38,825 - INFO - Random movement: AntAction.TURN_LEFT
2025-05-04 17:04:39,320 - INFO - Depositing home pheromone
2025-05-04 17:04:39,884 - INFO - Random movement: AntAction.MOVE_FORWARD
2025-05-04 17:04:40,389 - INFO - Depositing home pheromone
2025-05-04 17:04:40,952 - INFO - Random movement: AntAction.TURN_LEFT
2025-05-04 17:04:41,438 - INFO - Depositing home pheromone
2025-05-04 17:04:41,967 - INFO - Random movement: AntAction.TURN_LEFT
2025-05-04 17:04:42,457 - INFO - Depositing home pheromone
2025-05-04 17:04:43,021 - INFO - Random movement: AntAction.MOVE_FORWARD
2025-05-04 17:04:43,548 - INFO - Depositing home pheromone
2025-05-04 17:04:44,068 - INFO - Random movement: AntAction.TURN_LEFT
2025-05-04 17:04:44,583 - INFO - Depositing home pheromone
2025-05-04 17:04:45,107 - INFO - Random movement: AntAction.TURN_LEFT
2025-05-04 17:04:45,595 - INFO - Depositing home pheromone
2025-05-04 17:04:46,097 - INFO - Random movement: AntAction.TURN_RIGHT
2025-05-04 17:04:46,562 - INFO - Depositing home pheromone
2025-05-04 17:04:47,095 - INFO - Random movement: AntAction.MOVE_FORWARD
2025-05-04 17:04:47,596 - INFO - Depositing home pheromone
2025-05-04 17:04:48,053 - INFO - Random movement: AntAction.MOVE_FORWARD
2025-05-04 17:04:48,505 - INFO - Depositing home pheromone
2025-05-04 17:04:48,904 - INFO - Random movement: AntAction.MOVE_FORWARD
2025-05-04 17:04:49,363 - INFO - Depositing home pheromone
2025-05-04 17:04:49,910 - INFO - Random movement: AntAction.TURN_LEFT
2025-05-04 17:04:50,408 - INFO - Depositing home pheromone
2025-05-04 17:04:50,912 - INFO - Random movement: AntAction.TURN_LEFT
2025-05-04 17:04:51,412 - INFO - Depositing home pheromone
2025-05-04 17:04:51,925 - INFO - Random movement: AntAction.MOVE_FORWARD
2025-05-04 17:04:52,443 - INFO - Bored after searching for food for 51 steps, making random move
2025-05-04 17:04:52,444 - INFO - Made random move: AntAction.TURN_LEFT
2025-05-04 17:04:53,094 - INFO - Depositing home pheromone
2025-05-04 17:04:53,617 - INFO - Random movement: AntAction.TURN_RIGHT
2025-05-04 17:04:54,124 - INFO - Depositing home pheromone
2025-05-04 17:04:54,647 - INFO - Random movement: AntAction.TURN_LEFT
2025-05-04 17:04:55,142 - INFO - Depositing home pheromone
2025-05-04 17:04:55,690 - INFO - Random movement: AntAction.MOVE_FORWARD
2025-05-04 17:04:56,199 - INFO - Depositing home pheromone
2025-05-04 17:04:56,726 - INFO - Random movement: AntAction.TURN_LEFT
2025-05-04 17:04:57,225 - INFO - Depositing home pheromone
2025-05-04 17:04:57,760 - INFO - Random movement: AntAction.TURN_LEFT
2025-05-04 17:04:58,240 - INFO - Depositing home pheromone
2025-05-04 17:04:58,802 - INFO - Random movement: AntAction.MOVE_FORWARD
2025-05-04 17:04:59,317 - INFO - Depositing home pheromone
2025-05-04 17:04:59,903 - INFO - Random movement: AntAction.MOVE_FORWARD
2025-05-04 17:05:00,468 - INFO - Depositing home pheromone
2025-05-04 17:05:01,083 - INFO - Random movement: AntAction.TURN_RIGHT
2025-05-04 17:05:01,601 - INFO - Depositing home pheromone
2025-05-04 17:05:02,179 - INFO - Random movement: AntAction.MOVE_FORWARD
2025-05-04 17:05:02,805 - INFO - Depositing home pheromone
2025-05-04 17:05:03,408 - INFO - Random movement: AntAction.TURN_RIGHT
2025-05-04 17:05:03,947 - INFO - Depositing home pheromone
