2025-05-04 17:04:26,077 - INFO - Initialized with direction Direction.WEST
2025-05-04 17:04:26,079 - INFO - Depositing home pheromone
2025-05-04 17:04:27,259 - INFO - Random movement: AntAction.TURN_LEFT
2025-05-04 17:04:27,875 - INFO - Depositing home pheromone
2025-05-04 17:04:28,420 - INFO - Random movement: AntAction.TURN_LEFT
2025-05-04 17:04:28,949 - INFO - Depositing home pheromone
2025-05-04 17:04:29,435 - INFO - Random movement: AntAction.MOVE_FORWARD
2025-05-04 17:04:30,008 - INFO - Depositing home pheromone
2025-05-04 17:04:30,617 - INFO - Random movement: AntAction.TURN_LEFT
2025-05-04 17:04:31,176 - INFO - Depositing home pheromone
2025-05-04 17:04:31,642 - INFO - Random movement: AntAction.MOVE_FORWARD
2025-05-04 17:04:32,153 - INFO - Depositing home pheromone
2025-05-04 17:04:32,649 - INFO - Random movement: AntAction.TURN_LEFT
2025-05-04 17:04:33,172 - INFO - Depositing home pheromone
2025-05-04 17:04:33,672 - INFO - Random movement: AntAction.TURN_RIGHT
2025-05-04 17:04:34,173 - INFO - Depositing home pheromone
2025-05-04 17:04:34,647 - INFO - Random movement: AntAction.MOVE_FORWARD
2025-05-04 17:04:35,163 - INFO - Depositing home pheromone
2025-05-04 17:04:35,693 - INFO - Random movement: AntAction.TURN_RIGHT
2025-05-04 17:04:36,300 - INFO - Depositing home pheromone
2025-05-04 17:04:36,850 - INFO - Random movement: AntAction.MOVE_FORWARD
2025-05-04 17:04:37,419 - INFO - Depositing home pheromone
2025-05-04 17:04:37,943 - INFO - Random movement: AntAction.TURN_RIGHT
2025-05-04 17:04:38,471 - INFO - Depositing home pheromone
2025-05-04 17:04:38,988 - INFO - Random movement: AntAction.MOVE_FORWARD
2025-05-04 17:04:39,526 - INFO - Depositing home pheromone
2025-05-04 17:04:40,037 - INFO - Random movement: AntAction.MOVE_FORWARD
2025-05-04 17:04:40,596 - INFO - Depositing home pheromone
2025-05-04 17:04:41,123 - INFO - Random movement: AntAction.TURN_LEFT
2025-05-04 17:04:41,623 - INFO - Depositing home pheromone
2025-05-04 17:04:42,133 - INFO - Random movement: AntAction.TURN_LEFT
2025-05-04 17:04:42,652 - INFO - Depositing home pheromone
2025-05-04 17:04:43,195 - INFO - Random movement: AntAction.MOVE_FORWARD
2025-05-04 17:04:43,733 - INFO - Depositing home pheromone
2025-05-04 17:04:44,236 - INFO - Random movement: AntAction.TURN_RIGHT
2025-05-04 17:04:44,775 - INFO - Depositing home pheromone
2025-05-04 17:04:45,260 - INFO - Random movement: AntAction.TURN_LEFT
2025-05-04 17:04:45,774 - INFO - Depositing home pheromone
2025-05-04 17:04:46,260 - INFO - Random movement: AntAction.MOVE_FORWARD
2025-05-04 17:04:46,758 - INFO - Depositing home pheromone
2025-05-04 17:04:47,259 - INFO - Random movement: AntAction.TURN_RIGHT
2025-05-04 17:04:47,748 - INFO - Depositing home pheromone
2025-05-04 17:04:48,193 - INFO - Random movement: AntAction.MOVE_FORWARD
2025-05-04 17:04:48,645 - INFO - Depositing home pheromone
2025-05-04 17:04:49,067 - INFO - Random movement: AntAction.MOVE_FORWARD
2025-05-04 17:04:49,563 - INFO - Depositing home pheromone
2025-05-04 17:04:50,071 - INFO - Random movement: AntAction.MOVE_FORWARD
2025-05-04 17:04:50,588 - INFO - Depositing home pheromone
2025-05-04 17:04:51,075 - INFO - Random movement: AntAction.MOVE_FORWARD
2025-05-04 17:04:51,589 - INFO - Depositing home pheromone
2025-05-04 17:04:52,085 - INFO - Random movement: AntAction.MOVE_FORWARD
2025-05-04 17:04:52,709 - INFO - Bored after searching for food for 51 steps, making random move
2025-05-04 17:04:52,710 - INFO - Made random move: AntAction.TURN_LEFT
2025-05-04 17:04:53,287 - INFO - Depositing home pheromone
2025-05-04 17:04:53,783 - INFO - Random movement: AntAction.MOVE_FORWARD
2025-05-04 17:04:54,328 - INFO - Depositing home pheromone
2025-05-04 17:04:54,809 - INFO - Random movement: AntAction.TURN_LEFT
2025-05-04 17:04:55,335 - INFO - Depositing home pheromone
2025-05-04 17:04:55,860 - INFO - Random movement: AntAction.TURN_LEFT
2025-05-04 17:04:56,378 - INFO - Depositing home pheromone
2025-05-04 17:04:56,862 - INFO - Random movement: AntAction.MOVE_FORWARD
2025-05-04 17:04:57,429 - INFO - Depositing home pheromone
2025-05-04 17:04:57,909 - INFO - Random movement: AntAction.TURN_LEFT
2025-05-04 17:04:58,448 - INFO - Depositing home pheromone
2025-05-04 17:04:58,976 - INFO - Random movement: AntAction.MOVE_FORWARD
2025-05-04 17:04:59,531 - INFO - Depositing home pheromone
2025-05-04 17:05:00,087 - INFO - Random movement: AntAction.TURN_LEFT
2025-05-04 17:05:00,695 - INFO - Depositing home pheromone
2025-05-04 17:05:01,247 - INFO - Random movement: AntAction.TURN_LEFT
2025-05-04 17:05:01,802 - INFO - Depositing home pheromone
2025-05-04 17:05:02,376 - INFO - Random movement: AntAction.MOVE_FORWARD
2025-05-04 17:05:03,037 - INFO - Depositing home pheromone
2025-05-04 17:05:03,588 - INFO - Random movement: AntAction.MOVE_FORWARD
2025-05-04 17:05:04,153 - INFO - Depositing home pheromone
