2025-05-04 17:04:25,415 - INFO - Initialized with direction Direction.SOUTHEAST
2025-05-04 17:04:25,417 - INFO - Depositing home pheromone
2025-05-04 17:04:27,155 - INFO - Random movement: AntAction.MOVE_FORWARD
2025-05-04 17:04:27,779 - INFO - Depositing home pheromone
2025-05-04 17:04:28,337 - INFO - Random movement: AntAction.MOVE_FORWARD
2025-05-04 17:04:28,859 - INFO - Depositing home pheromone
2025-05-04 17:04:29,363 - INFO - Random movement: AntAction.TURN_RIGHT
2025-05-04 17:04:29,902 - INFO - Depositing home pheromone
2025-05-04 17:04:30,496 - INFO - Random movement: AntAction.MOVE_FORWARD
2025-05-04 17:04:31,083 - INFO - Depositing home pheromone
2025-05-04 17:04:31,578 - INFO - Random movement: AntAction.MOVE_FORWARD
2025-05-04 17:04:32,060 - INFO - Depositing home pheromone
2025-05-04 17:04:32,577 - INFO - Random movement: AntAction.MOVE_FORWARD
2025-05-04 17:04:33,085 - INFO - Depositing home pheromone
2025-05-04 17:04:33,603 - INFO - Random movement: AntAction.MOVE_FORWARD
2025-05-04 17:04:34,077 - INFO - Depositing home pheromone
2025-05-04 17:04:34,575 - INFO - Random movement: AntAction.MOVE_FORWARD
2025-05-04 17:04:35,066 - INFO - Depositing home pheromone
2025-05-04 17:04:35,617 - INFO - Random movement: AntAction.MOVE_FORWARD
2025-05-04 17:04:36,196 - INFO - Depositing home pheromone
2025-05-04 17:04:36,781 - INFO - Random movement: AntAction.MOVE_FORWARD
2025-05-04 17:04:37,306 - INFO - Depositing home pheromone
2025-05-04 17:04:37,866 - INFO - Random movement: AntAction.MOVE_FORWARD
2025-05-04 17:04:38,376 - INFO - Depositing home pheromone
2025-05-04 17:04:38,909 - INFO - Random movement: AntAction.TURN_RIGHT
2025-05-04 17:04:39,426 - INFO - Depositing home pheromone
2025-05-04 17:04:39,962 - INFO - Random movement: AntAction.MOVE_FORWARD
2025-05-04 17:04:40,497 - INFO - Depositing home pheromone
2025-05-04 17:04:41,043 - INFO - Random movement: AntAction.MOVE_FORWARD
2025-05-04 17:04:41,532 - INFO - Depositing home pheromone
2025-05-04 17:04:42,057 - INFO - Random movement: AntAction.TURN_LEFT
2025-05-04 17:04:42,558 - INFO - Depositing home pheromone
2025-05-04 17:04:43,112 - INFO - Random movement: AntAction.MOVE_FORWARD
2025-05-04 17:04:43,647 - INFO - Depositing home pheromone
2025-05-04 17:04:44,155 - INFO - Random movement: AntAction.MOVE_FORWARD
2025-05-04 17:04:44,682 - INFO - Depositing home pheromone
2025-05-04 17:04:45,188 - INFO - Random movement: AntAction.TURN_LEFT
2025-05-04 17:04:45,689 - INFO - Depositing home pheromone
2025-05-04 17:04:46,179 - INFO - Random movement: AntAction.TURN_LEFT
2025-05-04 17:04:46,660 - INFO - Depositing home pheromone
2025-05-04 17:04:47,180 - INFO - Random movement: AntAction.TURN_LEFT
2025-05-04 17:04:47,670 - INFO - Depositing home pheromone
2025-05-04 17:04:48,127 - INFO - Random movement: AntAction.MOVE_FORWARD
2025-05-04 17:04:48,574 - INFO - Depositing home pheromone
2025-05-04 17:04:48,988 - INFO - Random movement: AntAction.MOVE_FORWARD
2025-05-04 17:04:49,470 - INFO - Depositing home pheromone
2025-05-04 17:04:49,997 - INFO - Random movement: AntAction.TURN_LEFT
2025-05-04 17:04:50,502 - INFO - Depositing home pheromone
2025-05-04 17:04:50,997 - INFO - Random movement: AntAction.TURN_LEFT
2025-05-04 17:04:51,502 - INFO - Depositing home pheromone
2025-05-04 17:04:52,012 - INFO - Random movement: AntAction.MOVE_FORWARD
2025-05-04 17:04:52,582 - INFO - Bored after searching for food for 51 steps, making random move
2025-05-04 17:04:52,583 - INFO - Made random move: AntAction.MOVE_FORWARD
2025-05-04 17:04:53,196 - INFO - Depositing home pheromone
2025-05-04 17:04:53,707 - INFO - Random movement: AntAction.TURN_RIGHT
2025-05-04 17:04:54,240 - INFO - Depositing home pheromone
2025-05-04 17:04:54,736 - INFO - Random movement: AntAction.MOVE_FORWARD
2025-05-04 17:04:55,245 - INFO - Depositing home pheromone
2025-05-04 17:04:55,776 - INFO - Random movement: AntAction.TURN_RIGHT
2025-05-04 17:04:56,298 - INFO - Depositing home pheromone
2025-05-04 17:04:56,788 - INFO - Random movement: AntAction.MOVE_FORWARD
2025-05-04 17:04:57,329 - INFO - Depositing home pheromone
2025-05-04 17:04:57,836 - INFO - Random movement: AntAction.TURN_RIGHT
2025-05-04 17:04:58,349 - INFO - Depositing home pheromone
2025-05-04 17:04:58,893 - INFO - Random movement: AntAction.MOVE_FORWARD
2025-05-04 17:04:59,423 - INFO - Depositing home pheromone
2025-05-04 17:05:00,000 - INFO - Random movement: AntAction.TURN_LEFT
2025-05-04 17:05:00,577 - INFO - Depositing home pheromone
2025-05-04 17:05:01,167 - INFO - Random movement: AntAction.TURN_LEFT
2025-05-04 17:05:01,706 - INFO - Depositing home pheromone
2025-05-04 17:05:02,275 - INFO - Random movement: AntAction.TURN_LEFT
2025-05-04 17:05:02,923 - INFO - Depositing home pheromone
2025-05-04 17:05:03,508 - INFO - Random movement: AntAction.TURN_RIGHT
2025-05-04 17:05:04,050 - INFO - Depositing home pheromone
