2025-05-04 17:04:24,661 - INFO - Initialized with direction Direction.EAST
2025-05-04 17:04:24,665 - INFO - Depositing home pheromone
2025-05-04 17:04:26,970 - INFO - Random movement: AntAction.MOVE_FORWARD
2025-05-04 17:04:27,582 - INFO - Depositing home pheromone
2025-05-04 17:04:28,168 - INFO - Random movement: AntAction.MOVE_FORWARD
2025-05-04 17:04:28,688 - INFO - Depositing home pheromone
2025-05-04 17:04:29,226 - INFO - Random movement: AntAction.TURN_LEFT
2025-05-04 17:04:29,697 - INFO - Depositing home pheromone
2025-05-04 17:04:30,285 - INFO - Random movement: AntAction.TURN_LEFT
2025-05-04 17:04:30,900 - INFO - Depositing home pheromone
2025-05-04 17:04:31,432 - INFO - Random movement: AntAction.TURN_LEFT
2025-05-04 17:04:31,898 - INFO - Depositing home pheromone
2025-05-04 17:04:32,431 - INFO - Random movement: AntAction.TURN_LEFT
2025-05-04 17:04:32,918 - INFO - Depositing home pheromone
2025-05-04 17:04:33,463 - INFO - Random movement: AntAction.MOVE_FORWARD
2025-05-04 17:04:33,929 - INFO - Depositing home pheromone
2025-05-04 17:04:34,448 - INFO - Random movement: AntAction.MOVE_FORWARD
2025-05-04 17:04:34,889 - INFO - Depositing home pheromone
2025-05-04 17:04:35,462 - INFO - Random movement: AntAction.TURN_LEFT
2025-05-04 17:04:36,003 - INFO - Depositing home pheromone
2025-05-04 17:04:36,630 - INFO - Random movement: AntAction.TURN_LEFT
2025-05-04 17:04:37,117 - INFO - Depositing home pheromone
2025-05-04 17:04:37,733 - INFO - Random movement: AntAction.MOVE_FORWARD
2025-05-04 17:04:38,210 - INFO - Depositing home pheromone
2025-05-04 17:04:38,762 - INFO - Random movement: AntAction.MOVE_FORWARD
2025-05-04 17:04:39,249 - INFO - Depositing home pheromone
2025-05-04 17:04:39,830 - INFO - Random movement: AntAction.MOVE_FORWARD
2025-05-04 17:04:40,309 - INFO - Depositing home pheromone
2025-05-04 17:04:40,894 - INFO - Random movement: AntAction.MOVE_FORWARD
2025-05-04 17:04:41,379 - INFO - Depositing home pheromone
2025-05-04 17:04:41,899 - INFO - Random movement: AntAction.MOVE_FORWARD
2025-05-04 17:04:42,389 - INFO - Depositing home pheromone
2025-05-04 17:04:42,960 - INFO - Random movement: AntAction.MOVE_FORWARD
2025-05-04 17:04:43,485 - INFO - Depositing home pheromone
2025-05-04 17:04:44,006 - INFO - Random movement: AntAction.TURN_LEFT
2025-05-04 17:04:44,517 - INFO - Depositing home pheromone
2025-05-04 17:04:45,045 - INFO - Random movement: AntAction.MOVE_FORWARD
2025-05-04 17:04:45,527 - INFO - Depositing home pheromone
2025-05-04 17:04:46,039 - INFO - Random movement: AntAction.MOVE_FORWARD
2025-05-04 17:04:46,501 - INFO - Depositing home pheromone
2025-05-04 17:04:47,038 - INFO - Random movement: AntAction.TURN_RIGHT
2025-05-04 17:04:47,532 - INFO - Depositing home pheromone
2025-05-04 17:04:48,003 - INFO - Random movement: AntAction.TURN_RIGHT
2025-05-04 17:04:48,443 - INFO - Depositing home pheromone
2025-05-04 17:04:48,858 - INFO - Random movement: AntAction.TURN_RIGHT
2025-05-04 17:04:49,301 - INFO - Depositing home pheromone
2025-05-04 17:04:49,856 - INFO - Random movement: AntAction.MOVE_FORWARD
2025-05-04 17:04:50,345 - INFO - Depositing home pheromone
2025-05-04 17:04:50,851 - INFO - Random movement: AntAction.MOVE_FORWARD
2025-05-04 17:04:51,345 - INFO - Depositing home pheromone
2025-05-04 17:04:51,870 - INFO - Random movement: AntAction.TURN_LEFT
2025-05-04 17:04:52,355 - INFO - Bored after searching for food for 51 steps, making random move
2025-05-04 17:04:52,357 - INFO - Made random move: AntAction.TURN_LEFT
2025-05-04 17:04:53,029 - INFO - Depositing home pheromone
2025-05-04 17:04:53,567 - INFO - Random movement: AntAction.MOVE_FORWARD
2025-05-04 17:04:54,058 - INFO - Depositing home pheromone
2025-05-04 17:04:54,585 - INFO - Random movement: AntAction.TURN_LEFT
2025-05-04 17:04:55,076 - INFO - Depositing home pheromone
2025-05-04 17:04:55,627 - INFO - Random movement: AntAction.MOVE_FORWARD
2025-05-04 17:04:56,125 - INFO - Depositing home pheromone
2025-05-04 17:04:56,659 - INFO - Random movement: AntAction.MOVE_FORWARD
2025-05-04 17:04:57,161 - INFO - Depositing home pheromone
2025-05-04 17:04:57,708 - INFO - Random movement: AntAction.MOVE_FORWARD
2025-05-04 17:04:58,169 - INFO - Depositing home pheromone
2025-05-04 17:04:58,745 - INFO - Random movement: AntAction.MOVE_FORWARD
2025-05-04 17:04:59,243 - INFO - Depositing home pheromone
2025-05-04 17:04:59,833 - INFO - Random movement: AntAction.MOVE_FORWARD
2025-05-04 17:05:00,389 - INFO - Depositing home pheromone
2025-05-04 17:05:01,010 - INFO - Random movement: AntAction.TURN_LEFT
2025-05-04 17:05:01,532 - INFO - Depositing home pheromone
2025-05-04 17:05:02,118 - INFO - Random movement: AntAction.MOVE_FORWARD
2025-05-04 17:05:02,729 - INFO - Depositing home pheromone
2025-05-04 17:05:03,338 - INFO - Random movement: AntAction.MOVE_FORWARD
2025-05-04 17:05:03,872 - INFO - Depositing home pheromone
