2025-05-04 17:04:24,799 - INFO - Initialized with direction Direction.NORTH
2025-05-04 17:04:24,801 - INFO - Depositing home pheromone
2025-05-04 17:04:26,990 - INFO - Random movement: AntAction.TURN_LEFT
2025-05-04 17:04:27,612 - INFO - Depositing home pheromone
2025-05-04 17:04:28,188 - INFO - Random movement: AntAction.TURN_LEFT
2025-05-04 17:04:28,710 - INFO - Depositing home pheromone
2025-05-04 17:04:29,244 - INFO - Random movement: AntAction.TURN_LEFT
2025-05-04 17:04:29,723 - INFO - Depositing home pheromone
2025-05-04 17:04:30,314 - INFO - Random movement: AntAction.TURN_LEFT
2025-05-04 17:04:30,923 - INFO - Depositing home pheromone
2025-05-04 17:04:31,449 - INFO - Random movement: AntAction.MOVE_FORWARD
2025-05-04 17:04:31,918 - INFO - Depositing home pheromone
2025-05-04 17:04:32,450 - INFO - Random movement: AntAction.TURN_LEFT
2025-05-04 17:04:32,940 - INFO - Depositing home pheromone
2025-05-04 17:04:33,482 - INFO - Random movement: AntAction.MOVE_FORWARD
2025-05-04 17:04:33,950 - INFO - Depositing home pheromone
2025-05-04 17:04:34,463 - INFO - Random movement: AntAction.MOVE_FORWARD
2025-05-04 17:04:34,909 - INFO - Depositing home pheromone
2025-05-04 17:04:35,484 - INFO - Random movement: AntAction.TURN_RIGHT
2025-05-04 17:04:36,028 - INFO - Depositing home pheromone
2025-05-04 17:04:36,650 - INFO - Random movement: AntAction.MOVE_FORWARD
2025-05-04 17:04:37,139 - INFO - Depositing home pheromone
2025-05-04 17:04:37,748 - INFO - Random movement: AntAction.MOVE_FORWARD
2025-05-04 17:04:38,228 - INFO - Depositing home pheromone
2025-05-04 17:04:38,785 - INFO - Random movement: AntAction.TURN_RIGHT
2025-05-04 17:04:39,270 - INFO - Depositing home pheromone
2025-05-04 17:04:39,848 - INFO - Random movement: AntAction.MOVE_FORWARD
2025-05-04 17:04:40,337 - INFO - Depositing home pheromone
2025-05-04 17:04:40,912 - INFO - Random movement: AntAction.MOVE_FORWARD
2025-05-04 17:04:41,398 - INFO - Depositing home pheromone
2025-05-04 17:04:41,916 - INFO - Random movement: AntAction.TURN_LEFT
2025-05-04 17:04:42,412 - INFO - Depositing home pheromone
2025-05-04 17:04:42,981 - INFO - Random movement: AntAction.MOVE_FORWARD
2025-05-04 17:04:43,503 - INFO - Depositing home pheromone
2025-05-04 17:04:44,027 - INFO - Random movement: AntAction.MOVE_FORWARD
2025-05-04 17:04:44,537 - INFO - Depositing home pheromone
2025-05-04 17:04:45,067 - INFO - Random movement: AntAction.TURN_LEFT
2025-05-04 17:04:45,548 - INFO - Depositing home pheromone
2025-05-04 17:04:46,058 - INFO - Random movement: AntAction.MOVE_FORWARD
2025-05-04 17:04:46,523 - INFO - Depositing home pheromone
2025-05-04 17:04:47,053 - INFO - Random movement: AntAction.MOVE_FORWARD
2025-05-04 17:04:47,554 - INFO - Depositing home pheromone
2025-05-04 17:04:48,017 - INFO - Random movement: AntAction.MOVE_FORWARD
2025-05-04 17:04:48,463 - INFO - Depositing home pheromone
2025-05-04 17:04:48,874 - INFO - Random movement: AntAction.MOVE_FORWARD
2025-05-04 17:04:49,319 - INFO - Depositing home pheromone
2025-05-04 17:04:49,876 - INFO - Random movement: AntAction.TURN_LEFT
2025-05-04 17:04:50,367 - INFO - Depositing home pheromone
2025-05-04 17:04:50,870 - INFO - Random movement: AntAction.TURN_LEFT
2025-05-04 17:04:51,365 - INFO - Depositing home pheromone
2025-05-04 17:04:51,887 - INFO - Random movement: AntAction.MOVE_FORWARD
2025-05-04 17:04:52,386 - INFO - Bored after searching for food for 51 steps, making random move
2025-05-04 17:04:52,387 - INFO - Made random move: AntAction.TURN_RIGHT
2025-05-04 17:04:53,049 - INFO - Depositing home pheromone
2025-05-04 17:04:53,585 - INFO - Random movement: AntAction.TURN_RIGHT
2025-05-04 17:04:54,076 - INFO - Depositing home pheromone
2025-05-04 17:04:54,607 - INFO - Random movement: AntAction.TURN_LEFT
2025-05-04 17:04:55,096 - INFO - Depositing home pheromone
2025-05-04 17:04:55,649 - INFO - Random movement: AntAction.MOVE_FORWARD
2025-05-04 17:04:56,150 - INFO - Depositing home pheromone
2025-05-04 17:04:56,680 - INFO - Random movement: AntAction.MOVE_FORWARD
2025-05-04 17:04:57,178 - INFO - Depositing home pheromone
2025-05-04 17:04:57,724 - INFO - Random movement: AntAction.MOVE_FORWARD
2025-05-04 17:04:58,187 - INFO - Depositing home pheromone
2025-05-04 17:04:58,764 - INFO - Random movement: AntAction.TURN_LEFT
2025-05-04 17:04:59,266 - INFO - Depositing home pheromone
2025-05-04 17:04:59,853 - INFO - Random movement: AntAction.TURN_LEFT
2025-05-04 17:05:00,418 - INFO - Depositing home pheromone
2025-05-04 17:05:01,030 - INFO - Random movement: AntAction.MOVE_FORWARD
2025-05-04 17:05:01,553 - INFO - Depositing home pheromone
2025-05-04 17:05:02,137 - INFO - Random movement: AntAction.MOVE_FORWARD
2025-05-04 17:05:02,749 - INFO - Depositing home pheromone
2025-05-04 17:05:03,357 - INFO - Random movement: AntAction.MOVE_FORWARD
2025-05-04 17:05:03,897 - INFO - Depositing home pheromone
