2025-05-04 17:04:25,575 - INFO - Initialized with direction Direction.NORTHEAST
2025-05-04 17:04:25,577 - INFO - Depositing home pheromone
2025-05-04 17:04:27,192 - INFO - Random movement: AntAction.TURN_RIGHT
2025-05-04 17:04:27,813 - INFO - Depositing home pheromone
2025-05-04 17:04:28,367 - INFO - Random movement: AntAction.TURN_RIGHT
2025-05-04 17:04:28,893 - INFO - Depositing home pheromone
2025-05-04 17:04:29,389 - INFO - Random movement: AntAction.MOVE_FORWARD
2025-05-04 17:04:29,941 - INFO - Depositing home pheromone
2025-05-04 17:04:30,543 - INFO - Random movement: AntAction.MOVE_FORWARD
2025-05-04 17:04:31,121 - INFO - Depositing home pheromone
2025-05-04 17:04:31,605 - INFO - Random movement: AntAction.TURN_RIGHT
2025-05-04 17:04:32,095 - INFO - Depositing home pheromone
2025-05-04 17:04:32,605 - INFO - Random movement: AntAction.TURN_RIGHT
2025-05-04 17:04:33,118 - INFO - Depositing home pheromone
2025-05-04 17:04:33,632 - INFO - Random movement: AntAction.MOVE_FORWARD
2025-05-04 17:04:34,112 - INFO - Depositing home pheromone
2025-05-04 17:04:34,602 - INFO - Random movement: AntAction.MOVE_FORWARD
2025-05-04 17:04:35,103 - INFO - Depositing home pheromone
2025-05-04 17:04:35,645 - INFO - Random movement: AntAction.TURN_LEFT
2025-05-04 17:04:36,237 - INFO - Depositing home pheromone
2025-05-04 17:04:36,809 - INFO - Random movement: AntAction.MOVE_FORWARD
2025-05-04 17:04:37,349 - INFO - Depositing home pheromone
2025-05-04 17:04:37,894 - INFO - Random movement: AntAction.MOVE_FORWARD
2025-05-04 17:04:38,413 - INFO - Depositing home pheromone
2025-05-04 17:04:38,939 - INFO - Random movement: AntAction.MOVE_FORWARD
2025-05-04 17:04:39,466 - INFO - Depositing home pheromone
2025-05-04 17:04:39,989 - INFO - Random movement: AntAction.TURN_LEFT
2025-05-04 17:04:40,532 - INFO - Depositing home pheromone
2025-05-04 17:04:41,073 - INFO - Random movement: AntAction.MOVE_FORWARD
2025-05-04 17:04:41,566 - INFO - Depositing home pheromone
2025-05-04 17:04:42,089 - INFO - Random movement: AntAction.MOVE_FORWARD
2025-05-04 17:04:42,597 - INFO - Depositing home pheromone
2025-05-04 17:04:43,140 - INFO - Random movement: AntAction.TURN_RIGHT
2025-05-04 17:04:43,680 - INFO - Depositing home pheromone
2025-05-04 17:04:44,186 - INFO - Random movement: AntAction.MOVE_FORWARD
2025-05-04 17:04:44,721 - INFO - Depositing home pheromone
2025-05-04 17:04:45,215 - INFO - Random movement: AntAction.TURN_RIGHT
2025-05-04 17:04:45,720 - INFO - Depositing home pheromone
2025-05-04 17:04:46,209 - INFO - Random movement: AntAction.MOVE_FORWARD
2025-05-04 17:04:46,695 - INFO - Depositing home pheromone
2025-05-04 17:04:47,210 - INFO - Random movement: AntAction.TURN_LEFT
2025-05-04 17:04:47,698 - INFO - Depositing home pheromone
2025-05-04 17:04:48,150 - INFO - Random movement: AntAction.TURN_RIGHT
2025-05-04 17:04:48,598 - INFO - Depositing home pheromone
2025-05-04 17:04:49,016 - INFO - Random movement: AntAction.TURN_LEFT
2025-05-04 17:04:49,504 - INFO - Depositing home pheromone
2025-05-04 17:04:50,021 - INFO - Random movement: AntAction.MOVE_FORWARD
2025-05-04 17:04:50,536 - INFO - Depositing home pheromone
2025-05-04 17:04:51,026 - INFO - Random movement: AntAction.TURN_LEFT
2025-05-04 17:04:51,536 - INFO - Depositing home pheromone
2025-05-04 17:04:52,038 - INFO - Random movement: AntAction.MOVE_FORWARD
2025-05-04 17:04:52,633 - INFO - Bored after searching for food for 51 steps, making random move
2025-05-04 17:04:52,635 - INFO - Made random move: AntAction.MOVE_FORWARD
2025-05-04 17:04:53,222 - INFO - Depositing home pheromone
2025-05-04 17:04:53,735 - INFO - Random movement: AntAction.TURN_LEFT
2025-05-04 17:04:54,278 - INFO - Depositing home pheromone
2025-05-04 17:04:54,765 - INFO - Random movement: AntAction.MOVE_FORWARD
2025-05-04 17:04:55,278 - INFO - Depositing home pheromone
2025-05-04 17:04:55,811 - INFO - Random movement: AntAction.TURN_LEFT
2025-05-04 17:04:56,336 - INFO - Depositing home pheromone
2025-05-04 17:04:56,811 - INFO - Random movement: AntAction.MOVE_FORWARD
2025-05-04 17:04:57,365 - INFO - Depositing home pheromone
2025-05-04 17:04:57,862 - INFO - Random movement: AntAction.TURN_RIGHT
2025-05-04 17:04:58,388 - INFO - Depositing home pheromone
2025-05-04 17:04:58,924 - INFO - Random movement: AntAction.TURN_RIGHT
2025-05-04 17:04:59,469 - INFO - Depositing home pheromone
2025-05-04 17:05:00,030 - INFO - Random movement: AntAction.MOVE_FORWARD
2025-05-04 17:05:00,616 - INFO - Depositing home pheromone
2025-05-04 17:05:01,193 - INFO - Random movement: AntAction.TURN_LEFT
2025-05-04 17:05:01,742 - INFO - Depositing home pheromone
2025-05-04 17:05:02,314 - INFO - Random movement: AntAction.MOVE_FORWARD
2025-05-04 17:05:02,968 - INFO - Depositing home pheromone
2025-05-04 17:05:03,539 - INFO - Random movement: AntAction.TURN_LEFT
2025-05-04 17:05:04,088 - INFO - Depositing home pheromone
