2025-05-04 17:04:25,551 - INFO - Initialized with direction Direction.SOUTHEAST
2025-05-04 17:04:25,558 - INFO - Depositing home pheromone
2025-05-04 17:04:27,188 - INFO - Random movement: AntAction.TURN_RIGHT
2025-05-04 17:04:27,809 - INFO - Depositing home pheromone
2025-05-04 17:04:28,365 - INFO - Random movement: AntAction.MOVE_FORWARD
2025-05-04 17:04:28,889 - INFO - Depositing home pheromone
2025-05-04 17:04:29,387 - INFO - Random movement: AntAction.MOVE_FORWARD
2025-05-04 17:04:29,937 - INFO - Depositing home pheromone
2025-05-04 17:04:30,539 - INFO - Random movement: AntAction.MOVE_FORWARD
2025-05-04 17:04:31,118 - INFO - Depositing home pheromone
2025-05-04 17:04:31,602 - INFO - Random movement: AntAction.MOVE_FORWARD
2025-05-04 17:04:32,092 - INFO - Depositing home pheromone
2025-05-04 17:04:32,602 - INFO - Random movement: AntAction.MOVE_FORWARD
2025-05-04 17:04:33,115 - INFO - Depositing home pheromone
2025-05-04 17:04:33,629 - INFO - Random movement: AntAction.MOVE_FORWARD
2025-05-04 17:04:34,109 - INFO - Depositing home pheromone
2025-05-04 17:04:34,600 - INFO - Random movement: AntAction.MOVE_FORWARD
2025-05-04 17:04:35,099 - INFO - Depositing home pheromone
2025-05-04 17:04:35,644 - INFO - Random movement: AntAction.TURN_LEFT
2025-05-04 17:04:36,233 - INFO - Depositing home pheromone
2025-05-04 17:04:36,806 - INFO - Random movement: AntAction.TURN_LEFT
2025-05-04 17:04:37,345 - INFO - Depositing home pheromone
2025-05-04 17:04:37,892 - INFO - Random movement: AntAction.MOVE_FORWARD
2025-05-04 17:04:38,410 - INFO - Depositing home pheromone
2025-05-04 17:04:38,937 - INFO - Random movement: AntAction.TURN_RIGHT
2025-05-04 17:04:39,460 - INFO - Depositing home pheromone
2025-05-04 17:04:39,986 - INFO - Random movement: AntAction.MOVE_FORWARD
2025-05-04 17:04:40,527 - INFO - Depositing home pheromone
2025-05-04 17:04:41,070 - INFO - Random movement: AntAction.TURN_RIGHT
2025-05-04 17:04:41,564 - INFO - Depositing home pheromone
2025-05-04 17:04:42,086 - INFO - Random movement: AntAction.MOVE_FORWARD
2025-05-04 17:04:42,590 - INFO - Depositing home pheromone
2025-05-04 17:04:43,138 - INFO - Random movement: AntAction.MOVE_FORWARD
2025-05-04 17:04:43,678 - INFO - Depositing home pheromone
2025-05-04 17:04:44,182 - INFO - Random movement: AntAction.MOVE_FORWARD
2025-05-04 17:04:44,719 - INFO - Depositing home pheromone
2025-05-04 17:04:45,212 - INFO - Random movement: AntAction.MOVE_FORWARD
2025-05-04 17:04:45,717 - INFO - Depositing home pheromone
2025-05-04 17:04:46,205 - INFO - Random movement: AntAction.MOVE_FORWARD
2025-05-04 17:04:46,692 - INFO - Depositing home pheromone
2025-05-04 17:04:47,208 - INFO - Random movement: AntAction.MOVE_FORWARD
2025-05-04 17:04:47,696 - INFO - Depositing home pheromone
2025-05-04 17:04:48,149 - INFO - Random movement: AntAction.TURN_LEFT
2025-05-04 17:04:48,596 - INFO - Depositing home pheromone
2025-05-04 17:04:49,014 - INFO - Random movement: AntAction.TURN_LEFT
2025-05-04 17:04:49,500 - INFO - Depositing home pheromone
2025-05-04 17:04:50,019 - INFO - Random movement: AntAction.MOVE_FORWARD
2025-05-04 17:04:50,532 - INFO - Depositing home pheromone
2025-05-04 17:04:51,024 - INFO - Random movement: AntAction.MOVE_FORWARD
2025-05-04 17:04:51,532 - INFO - Depositing home pheromone
2025-05-04 17:04:52,035 - INFO - Random movement: AntAction.MOVE_FORWARD
2025-05-04 17:04:52,628 - INFO - Bored after searching for food for 51 steps, making random move
2025-05-04 17:04:52,630 - INFO - Made random move: AntAction.TURN_LEFT
2025-05-04 17:04:53,220 - INFO - Depositing home pheromone
2025-05-04 17:04:53,732 - INFO - Random movement: AntAction.MOVE_FORWARD
2025-05-04 17:04:54,275 - INFO - Depositing home pheromone
2025-05-04 17:04:54,762 - INFO - Random movement: AntAction.TURN_LEFT
2025-05-04 17:04:55,274 - INFO - Depositing home pheromone
2025-05-04 17:04:55,808 - INFO - Random movement: AntAction.MOVE_FORWARD
2025-05-04 17:04:56,332 - INFO - Depositing home pheromone
2025-05-04 17:04:56,809 - INFO - Random movement: AntAction.MOVE_FORWARD
2025-05-04 17:04:57,361 - INFO - Depositing home pheromone
2025-05-04 17:04:57,859 - INFO - Random movement: AntAction.TURN_RIGHT
2025-05-04 17:04:58,385 - INFO - Depositing home pheromone
2025-05-04 17:04:58,922 - INFO - Random movement: AntAction.TURN_RIGHT
2025-05-04 17:04:59,465 - INFO - Depositing home pheromone
2025-05-04 17:05:00,028 - INFO - Random movement: AntAction.MOVE_FORWARD
2025-05-04 17:05:00,612 - INFO - Depositing home pheromone
2025-05-04 17:05:01,190 - INFO - Random movement: AntAction.MOVE_FORWARD
2025-05-04 17:05:01,740 - INFO - Depositing home pheromone
2025-05-04 17:05:02,311 - INFO - Random movement: AntAction.TURN_LEFT
2025-05-04 17:05:02,963 - INFO - Depositing home pheromone
2025-05-04 17:05:03,536 - INFO - Random movement: AntAction.TURN_LEFT
2025-05-04 17:05:04,084 - INFO - Depositing home pheromone
