2025-05-04 17:04:25,152 - INFO - Initialized with direction Direction.SOUTHWEST
2025-05-04 17:04:25,156 - INFO - Depositing home pheromone
2025-05-04 17:04:27,106 - INFO - Random movement: AntAction.TURN_LEFT
2025-05-04 17:04:27,730 - INFO - Depositing home pheromone
2025-05-04 17:04:28,292 - INFO - Random movement: AntAction.TURN_LEFT
2025-05-04 17:04:28,812 - INFO - Depositing home pheromone
2025-05-04 17:04:29,326 - INFO - Random movement: AntAction.TURN_RIGHT
2025-05-04 17:04:29,847 - INFO - Depositing home pheromone
2025-05-04 17:04:30,443 - INFO - Random movement: AntAction.MOVE_FORWARD
2025-05-04 17:04:31,026 - INFO - Depositing home pheromone
2025-05-04 17:04:31,537 - INFO - Random movement: AntAction.MOVE_FORWARD
2025-05-04 17:04:32,014 - INFO - Depositing home pheromone
2025-05-04 17:04:32,531 - INFO - Random movement: AntAction.MOVE_FORWARD
2025-05-04 17:04:33,040 - INFO - Depositing home pheromone
2025-05-04 17:04:33,566 - INFO - Random movement: AntAction.MOVE_FORWARD
2025-05-04 17:04:34,036 - INFO - Depositing home pheromone
2025-05-04 17:04:34,538 - INFO - Random movement: AntAction.TURN_LEFT
2025-05-04 17:04:35,012 - INFO - Depositing home pheromone
2025-05-04 17:04:35,577 - INFO - Random movement: AntAction.TURN_LEFT
2025-05-04 17:04:36,142 - INFO - Depositing home pheromone
2025-05-04 17:04:36,740 - INFO - Random movement: AntAction.MOVE_FORWARD
2025-05-04 17:04:37,249 - INFO - Depositing home pheromone
2025-05-04 17:04:37,824 - INFO - Random movement: AntAction.MOVE_FORWARD
2025-05-04 17:04:38,318 - INFO - Depositing home pheromone
2025-05-04 17:04:38,869 - INFO - Random movement: AntAction.TURN_LEFT
2025-05-04 17:04:39,372 - INFO - Depositing home pheromone
2025-05-04 17:04:39,923 - INFO - Random movement: AntAction.TURN_LEFT
2025-05-04 17:04:40,446 - INFO - Depositing home pheromone
2025-05-04 17:04:41,001 - INFO - Random movement: AntAction.MOVE_FORWARD
2025-05-04 17:04:41,486 - INFO - Depositing home pheromone
2025-05-04 17:04:42,021 - INFO - Random movement: AntAction.TURN_LEFT
2025-05-04 17:04:42,510 - INFO - Depositing home pheromone
2025-05-04 17:04:43,072 - INFO - Random movement: AntAction.MOVE_FORWARD
2025-05-04 17:04:43,599 - INFO - Depositing home pheromone
2025-05-04 17:04:44,112 - INFO - Random movement: AntAction.MOVE_FORWARD
2025-05-04 17:04:44,634 - INFO - Depositing home pheromone
2025-05-04 17:04:45,147 - INFO - Random movement: AntAction.TURN_RIGHT
2025-05-04 17:04:45,642 - INFO - Depositing home pheromone
2025-05-04 17:04:46,139 - INFO - Random movement: AntAction.TURN_RIGHT
2025-05-04 17:04:46,611 - INFO - Depositing home pheromone
2025-05-04 17:04:47,134 - INFO - Random movement: AntAction.MOVE_FORWARD
2025-05-04 17:04:47,632 - INFO - Depositing home pheromone
2025-05-04 17:04:48,091 - INFO - Random movement: AntAction.TURN_RIGHT
2025-05-04 17:04:48,544 - INFO - Depositing home pheromone
2025-05-04 17:04:48,947 - INFO - Random movement: AntAction.MOVE_FORWARD
2025-05-04 17:04:49,420 - INFO - Depositing home pheromone
2025-05-04 17:04:49,948 - INFO - Random movement: AntAction.TURN_LEFT
2025-05-04 17:04:50,454 - INFO - Depositing home pheromone
2025-05-04 17:04:50,957 - INFO - Random movement: AntAction.TURN_LEFT
2025-05-04 17:04:51,456 - INFO - Depositing home pheromone
2025-05-04 17:04:51,971 - INFO - Random movement: AntAction.TURN_LEFT
2025-05-04 17:04:52,513 - INFO - Bored after searching for food for 51 steps, making random move
2025-05-04 17:04:52,515 - INFO - Made random move: AntAction.TURN_LEFT
2025-05-04 17:04:53,149 - INFO - Depositing home pheromone
2025-05-04 17:04:53,662 - INFO - Random movement: AntAction.MOVE_FORWARD
2025-05-04 17:04:54,183 - INFO - Depositing home pheromone
2025-05-04 17:04:54,689 - INFO - Random movement: AntAction.MOVE_FORWARD
2025-05-04 17:04:55,195 - INFO - Depositing home pheromone
2025-05-04 17:04:55,733 - INFO - Random movement: AntAction.TURN_LEFT
2025-05-04 17:04:56,251 - INFO - Depositing home pheromone
2025-05-04 17:04:56,762 - INFO - Random movement: AntAction.TURN_LEFT
2025-05-04 17:04:57,278 - INFO - Depositing home pheromone
2025-05-04 17:04:57,800 - INFO - Random movement: AntAction.MOVE_FORWARD
2025-05-04 17:04:58,297 - INFO - Depositing home pheromone
2025-05-04 17:04:58,849 - INFO - Random movement: AntAction.MOVE_FORWARD
2025-05-04 17:04:59,372 - INFO - Depositing home pheromone
2025-05-04 17:04:59,956 - INFO - Random movement: AntAction.MOVE_FORWARD
2025-05-04 17:05:00,528 - INFO - Depositing home pheromone
2025-05-04 17:05:01,125 - INFO - Random movement: AntAction.MOVE_FORWARD
2025-05-04 17:05:01,655 - INFO - Depositing home pheromone
2025-05-04 17:05:02,229 - INFO - Random movement: AntAction.MOVE_FORWARD
2025-05-04 17:05:02,861 - INFO - Depositing home pheromone
2025-05-04 17:05:03,460 - INFO - Random movement: AntAction.TURN_LEFT
2025-05-04 17:05:04,001 - INFO - Depositing home pheromone
