2025-05-04 17:04:24,947 - INFO - Initialized with direction Direction.NORTHWEST
2025-05-04 17:04:24,948 - INFO - Depositing home pheromone
2025-05-04 17:04:27,040 - INFO - Random movement: AntAction.TURN_LEFT
2025-05-04 17:04:27,665 - INFO - Depositing home pheromone
2025-05-04 17:04:28,238 - INFO - Random movement: AntAction.TURN_LEFT
2025-05-04 17:04:28,754 - INFO - Depositing home pheromone
2025-05-04 17:04:29,278 - INFO - Random movement: AntAction.TURN_LEFT
2025-05-04 17:04:29,773 - INFO - Depositing home pheromone
2025-05-04 17:04:30,367 - INFO - Random movement: AntAction.MOVE_FORWARD
2025-05-04 17:04:30,970 - INFO - Depositing home pheromone
2025-05-04 17:04:31,486 - INFO - Random movement: AntAction.MOVE_FORWARD
2025-05-04 17:04:31,957 - INFO - Depositing home pheromone
2025-05-04 17:04:32,481 - INFO - Random movement: AntAction.TURN_LEFT
2025-05-04 17:04:32,980 - INFO - Depositing home pheromone
2025-05-04 17:04:33,516 - INFO - Random movement: AntAction.TURN_RIGHT
2025-05-04 17:04:33,985 - INFO - Depositing home pheromone
2025-05-04 17:04:34,495 - INFO - Random movement: AntAction.MOVE_FORWARD
2025-05-04 17:04:34,952 - INFO - Depositing home pheromone
2025-05-04 17:04:35,522 - INFO - Random movement: AntAction.MOVE_FORWARD
2025-05-04 17:04:36,073 - INFO - Depositing home pheromone
2025-05-04 17:04:36,690 - INFO - Random movement: AntAction.MOVE_FORWARD
2025-05-04 17:04:37,186 - INFO - Depositing home pheromone
2025-05-04 17:04:37,778 - INFO - Random movement: AntAction.MOVE_FORWARD
2025-05-04 17:04:38,266 - INFO - Depositing home pheromone
2025-05-04 17:04:38,820 - INFO - Random movement: AntAction.TURN_LEFT
2025-05-04 17:04:39,313 - INFO - Depositing home pheromone
2025-05-04 17:04:39,878 - INFO - Random movement: AntAction.TURN_LEFT
2025-05-04 17:04:40,380 - INFO - Depositing home pheromone
2025-05-04 17:04:40,946 - INFO - Random movement: AntAction.MOVE_FORWARD
2025-05-04 17:04:41,432 - INFO - Depositing home pheromone
2025-05-04 17:04:41,959 - INFO - Random movement: AntAction.MOVE_FORWARD
2025-05-04 17:04:42,451 - INFO - Depositing home pheromone
2025-05-04 17:04:43,015 - INFO - Random movement: AntAction.TURN_LEFT
2025-05-04 17:04:43,542 - INFO - Depositing home pheromone
2025-05-04 17:04:44,061 - INFO - Random movement: AntAction.TURN_LEFT
2025-05-04 17:04:44,576 - INFO - Depositing home pheromone
2025-05-04 17:04:45,100 - INFO - Random movement: AntAction.TURN_LEFT
2025-05-04 17:04:45,590 - INFO - Depositing home pheromone
2025-05-04 17:04:46,092 - INFO - Random movement: AntAction.TURN_RIGHT
2025-05-04 17:04:46,555 - INFO - Depositing home pheromone
2025-05-04 17:04:47,088 - INFO - Random movement: AntAction.MOVE_FORWARD
2025-05-04 17:04:47,589 - INFO - Depositing home pheromone
2025-05-04 17:04:48,048 - INFO - Random movement: AntAction.MOVE_FORWARD
2025-05-04 17:04:48,500 - INFO - Depositing home pheromone
2025-05-04 17:04:48,899 - INFO - Random movement: AntAction.MOVE_FORWARD
2025-05-04 17:04:49,355 - INFO - Depositing home pheromone
2025-05-04 17:04:49,905 - INFO - Random movement: AntAction.MOVE_FORWARD
2025-05-04 17:04:50,402 - INFO - Depositing home pheromone
2025-05-04 17:04:50,906 - INFO - Random movement: AntAction.TURN_LEFT
2025-05-04 17:04:51,406 - INFO - Depositing home pheromone
2025-05-04 17:04:51,920 - INFO - Random movement: AntAction.MOVE_FORWARD
2025-05-04 17:04:52,435 - INFO - Bored after searching for food for 51 steps, making random move
2025-05-04 17:04:52,436 - INFO - Made random move: AntAction.TURN_RIGHT
2025-05-04 17:04:53,087 - INFO - Depositing home pheromone
2025-05-04 17:04:53,611 - INFO - Random movement: AntAction.MOVE_FORWARD
2025-05-04 17:04:54,117 - INFO - Depositing home pheromone
2025-05-04 17:04:54,642 - INFO - Random movement: AntAction.TURN_LEFT
2025-05-04 17:04:55,133 - INFO - Depositing home pheromone
2025-05-04 17:04:55,684 - INFO - Random movement: AntAction.TURN_LEFT
2025-05-04 17:04:56,192 - INFO - Depositing home pheromone
2025-05-04 17:04:56,719 - INFO - Random movement: AntAction.MOVE_FORWARD
2025-05-04 17:04:57,218 - INFO - Depositing home pheromone
2025-05-04 17:04:57,755 - INFO - Random movement: AntAction.TURN_LEFT
2025-05-04 17:04:58,233 - INFO - Depositing home pheromone
2025-05-04 17:04:58,794 - INFO - Random movement: AntAction.TURN_LEFT
2025-05-04 17:04:59,310 - INFO - Depositing home pheromone
2025-05-04 17:04:59,895 - INFO - Random movement: AntAction.MOVE_FORWARD
2025-05-04 17:05:00,460 - INFO - Depositing home pheromone
2025-05-04 17:05:01,077 - INFO - Random movement: AntAction.MOVE_FORWARD
2025-05-04 17:05:01,595 - INFO - Depositing home pheromone
2025-05-04 17:05:02,170 - INFO - Random movement: AntAction.MOVE_FORWARD
2025-05-04 17:05:02,799 - INFO - Depositing home pheromone
2025-05-04 17:05:03,402 - INFO - Random movement: AntAction.MOVE_FORWARD
2025-05-04 17:05:03,939 - INFO - Depositing home pheromone
