2025-05-04 17:04:25,711 - INFO - Initialized with direction Direction.NORTHWEST
2025-05-04 17:04:25,712 - INFO - Depositing home pheromone
2025-05-04 17:04:27,208 - INFO - Random movement: AntAction.TURN_LEFT
2025-05-04 17:04:27,826 - INFO - Depositing home pheromone
2025-05-04 17:04:28,379 - INFO - Random movement: AntAction.TURN_LEFT
2025-05-04 17:04:28,908 - INFO - Depositing home pheromone
2025-05-04 17:04:29,399 - INFO - Random movement: AntAction.TURN_LEFT
2025-05-04 17:04:29,961 - INFO - Depositing home pheromone
2025-05-04 17:04:30,558 - INFO - Random movement: AntAction.MOVE_FORWARD
2025-05-04 17:04:31,135 - INFO - Depositing home pheromone
2025-05-04 17:04:31,616 - INFO - Random movement: AntAction.MOVE_FORWARD
2025-05-04 17:04:32,109 - INFO - Depositing home pheromone
2025-05-04 17:04:32,614 - INFO - Random movement: AntAction.MOVE_FORWARD
2025-05-04 17:04:33,131 - INFO - Depositing home pheromone
2025-05-04 17:04:33,641 - INFO - Random movement: AntAction.MOVE_FORWARD
2025-05-04 17:04:34,124 - INFO - Depositing home pheromone
2025-05-04 17:04:34,613 - INFO - Random movement: AntAction.MOVE_FORWARD
2025-05-04 17:04:35,116 - INFO - Depositing home pheromone
2025-05-04 17:04:35,659 - INFO - Random movement: AntAction.MOVE_FORWARD
2025-05-04 17:04:36,250 - INFO - Depositing home pheromone
2025-05-04 17:04:36,820 - INFO - Random movement: AntAction.MOVE_FORWARD
2025-05-04 17:04:37,369 - INFO - Depositing home pheromone
2025-05-04 17:04:37,906 - INFO - Random movement: AntAction.MOVE_FORWARD
2025-05-04 17:04:38,428 - INFO - Depositing home pheromone
2025-05-04 17:04:38,950 - INFO - Random movement: AntAction.MOVE_FORWARD
2025-05-04 17:04:39,480 - INFO - Depositing home pheromone
2025-05-04 17:04:40,002 - INFO - Random movement: AntAction.MOVE_FORWARD
2025-05-04 17:04:40,545 - INFO - Depositing home pheromone
2025-05-04 17:04:41,085 - INFO - Random movement: AntAction.TURN_LEFT
2025-05-04 17:04:41,579 - INFO - Depositing home pheromone
2025-05-04 17:04:42,100 - INFO - Random movement: AntAction.MOVE_FORWARD
2025-05-04 17:04:42,609 - INFO - Depositing home pheromone
2025-05-04 17:04:43,150 - INFO - Random movement: AntAction.TURN_RIGHT
2025-05-04 17:04:43,693 - INFO - Depositing home pheromone
2025-05-04 17:04:44,196 - INFO - Random movement: AntAction.MOVE_FORWARD
2025-05-04 17:04:44,735 - INFO - Depositing home pheromone
2025-05-04 17:04:45,226 - INFO - Random movement: AntAction.MOVE_FORWARD
2025-05-04 17:04:45,730 - INFO - Depositing home pheromone
2025-05-04 17:04:46,220 - INFO - Random movement: AntAction.MOVE_FORWARD
2025-05-04 17:04:46,709 - INFO - Depositing home pheromone
2025-05-04 17:04:47,222 - INFO - Random movement: AntAction.TURN_LEFT
2025-05-04 17:04:47,708 - INFO - Depositing home pheromone
2025-05-04 17:04:48,160 - INFO - Random movement: AntAction.TURN_LEFT
2025-05-04 17:04:48,609 - INFO - Depositing home pheromone
2025-05-04 17:04:49,028 - INFO - Random movement: AntAction.TURN_LEFT
2025-05-04 17:04:49,517 - INFO - Depositing home pheromone
2025-05-04 17:04:50,033 - INFO - Random movement: AntAction.MOVE_FORWARD
2025-05-04 17:04:50,548 - INFO - Depositing home pheromone
2025-05-04 17:04:51,037 - INFO - Random movement: AntAction.TURN_LEFT
2025-05-04 17:04:51,549 - INFO - Depositing home pheromone
2025-05-04 17:04:52,049 - INFO - Random movement: AntAction.TURN_LEFT
2025-05-04 17:04:52,651 - INFO - Bored after searching for food for 51 steps, making random move
2025-05-04 17:04:52,651 - INFO - Made random move: AntAction.MOVE_FORWARD
2025-05-04 17:04:53,239 - INFO - Depositing home pheromone
2025-05-04 17:04:53,746 - INFO - Random movement: AntAction.TURN_LEFT
2025-05-04 17:04:54,289 - INFO - Depositing home pheromone
2025-05-04 17:04:54,776 - INFO - Random movement: AntAction.MOVE_FORWARD
2025-05-04 17:04:55,290 - INFO - Depositing home pheromone
2025-05-04 17:04:55,826 - INFO - Random movement: AntAction.TURN_LEFT
2025-05-04 17:04:56,348 - INFO - Depositing home pheromone
2025-05-04 17:04:56,826 - INFO - Random movement: AntAction.TURN_LEFT
2025-05-04 17:04:57,379 - INFO - Depositing home pheromone
2025-05-04 17:04:57,874 - INFO - Random movement: AntAction.TURN_LEFT
2025-05-04 17:04:58,404 - INFO - Depositing home pheromone
2025-05-04 17:04:58,937 - INFO - Random movement: AntAction.TURN_LEFT
2025-05-04 17:04:59,482 - INFO - Depositing home pheromone
2025-05-04 17:05:00,046 - INFO - Random movement: AntAction.TURN_RIGHT
2025-05-04 17:05:00,635 - INFO - Depositing home pheromone
2025-05-04 17:05:01,206 - INFO - Random movement: AntAction.TURN_RIGHT
2025-05-04 17:05:01,755 - INFO - Depositing home pheromone
2025-05-04 17:05:02,332 - INFO - Random movement: AntAction.MOVE_FORWARD
2025-05-04 17:05:02,984 - INFO - Depositing home pheromone
2025-05-04 17:05:03,549 - INFO - Random movement: AntAction.MOVE_FORWARD
2025-05-04 17:05:04,103 - INFO - Depositing home pheromone
