2025-05-04 17:04:25,927 - INFO - Initialized with direction Direction.EAST
2025-05-04 17:04:25,929 - INFO - Depositing home pheromone
2025-05-04 17:04:27,236 - INFO - Random movement: AntAction.MOVE_FORWARD
2025-05-04 17:04:27,849 - INFO - Depositing home pheromone
2025-05-04 17:04:28,396 - INFO - Random movement: AntAction.TURN_RIGHT
2025-05-04 17:04:28,928 - INFO - Depositing home pheromone
2025-05-04 17:04:29,417 - INFO - Random movement: AntAction.MOVE_FORWARD
2025-05-04 17:04:29,982 - INFO - Depositing home pheromone
2025-05-04 17:04:30,586 - INFO - Random movement: AntAction.TURN_RIGHT
2025-05-04 17:04:31,156 - INFO - Depositing home pheromone
2025-05-04 17:04:31,630 - INFO - Random movement: AntAction.MOVE_FORWARD
2025-05-04 17:04:32,130 - INFO - Depositing home pheromone
2025-05-04 17:04:32,630 - INFO - Random movement: AntAction.MOVE_FORWARD
2025-05-04 17:04:33,150 - INFO - Depositing home pheromone
2025-05-04 17:04:33,657 - INFO - Random movement: AntAction.TURN_RIGHT
2025-05-04 17:04:34,148 - INFO - Depositing home pheromone
2025-05-04 17:04:34,628 - INFO - Random movement: AntAction.TURN_RIGHT
2025-05-04 17:04:35,140 - INFO - Depositing home pheromone
2025-05-04 17:04:35,675 - INFO - Random movement: AntAction.MOVE_FORWARD
2025-05-04 17:04:36,273 - INFO - Depositing home pheromone
2025-05-04 17:04:36,833 - INFO - Random movement: AntAction.TURN_RIGHT
2025-05-04 17:04:37,390 - INFO - Depositing home pheromone
2025-05-04 17:04:37,924 - INFO - Random movement: AntAction.MOVE_FORWARD
2025-05-04 17:04:38,447 - INFO - Depositing home pheromone
2025-05-04 17:04:38,968 - INFO - Random movement: AntAction.TURN_RIGHT
2025-05-04 17:04:39,502 - INFO - Depositing home pheromone
2025-05-04 17:04:40,018 - INFO - Random movement: AntAction.MOVE_FORWARD
2025-05-04 17:04:40,565 - INFO - Depositing home pheromone
2025-05-04 17:04:41,102 - INFO - Random movement: AntAction.MOVE_FORWARD
2025-05-04 17:04:41,601 - INFO - Depositing home pheromone
2025-05-04 17:04:42,116 - INFO - Random movement: AntAction.TURN_LEFT
2025-05-04 17:04:42,632 - INFO - Depositing home pheromone
2025-05-04 17:04:43,171 - INFO - Random movement: AntAction.TURN_LEFT
2025-05-04 17:04:43,712 - INFO - Depositing home pheromone
2025-05-04 17:04:44,215 - INFO - Random movement: AntAction.TURN_LEFT
2025-05-04 17:04:44,754 - INFO - Depositing home pheromone
2025-05-04 17:04:45,240 - INFO - Random movement: AntAction.TURN_LEFT
2025-05-04 17:04:45,750 - INFO - Depositing home pheromone
2025-05-04 17:04:46,239 - INFO - Random movement: AntAction.TURN_LEFT
2025-05-04 17:04:46,732 - INFO - Depositing home pheromone
2025-05-04 17:04:47,240 - INFO - Random movement: AntAction.MOVE_FORWARD
2025-05-04 17:04:47,727 - INFO - Depositing home pheromone
2025-05-04 17:04:48,175 - INFO - Random movement: AntAction.MOVE_FORWARD
2025-05-04 17:04:48,628 - INFO - Depositing home pheromone
2025-05-04 17:04:49,044 - INFO - Random movement: AntAction.TURN_RIGHT
2025-05-04 17:04:49,539 - INFO - Depositing home pheromone
2025-05-04 17:04:50,053 - INFO - Random movement: AntAction.TURN_RIGHT
2025-05-04 17:04:50,566 - INFO - Depositing home pheromone
2025-05-04 17:04:51,055 - INFO - Random movement: AntAction.MOVE_FORWARD
2025-05-04 17:04:51,569 - INFO - Depositing home pheromone
2025-05-04 17:04:52,067 - INFO - Random movement: AntAction.TURN_LEFT
2025-05-04 17:04:52,678 - INFO - Bored after searching for food for 51 steps, making random move
2025-05-04 17:04:52,679 - INFO - Made random move: AntAction.TURN_RIGHT
2025-05-04 17:04:53,260 - INFO - Depositing home pheromone
2025-05-04 17:04:53,765 - INFO - Random movement: AntAction.MOVE_FORWARD
2025-05-04 17:04:54,307 - INFO - Depositing home pheromone
2025-05-04 17:04:54,793 - INFO - Random movement: AntAction.TURN_LEFT
2025-05-04 17:04:55,312 - INFO - Depositing home pheromone
2025-05-04 17:04:55,842 - INFO - Random movement: AntAction.MOVE_FORWARD
2025-05-04 17:04:56,362 - INFO - Depositing home pheromone
2025-05-04 17:04:56,842 - INFO - Random movement: AntAction.MOVE_FORWARD
2025-05-04 17:04:57,401 - INFO - Depositing home pheromone
2025-05-04 17:04:57,890 - INFO - Random movement: AntAction.MOVE_FORWARD
2025-05-04 17:04:58,422 - INFO - Depositing home pheromone
2025-05-04 17:04:58,956 - INFO - Random movement: AntAction.TURN_LEFT
2025-05-04 17:04:59,506 - INFO - Depositing home pheromone
2025-05-04 17:05:00,062 - INFO - Random movement: AntAction.MOVE_FORWARD
2025-05-04 17:05:00,663 - INFO - Depositing home pheromone
2025-05-04 17:05:01,225 - INFO - Random movement: AntAction.MOVE_FORWARD
2025-05-04 17:05:01,778 - INFO - Depositing home pheromone
2025-05-04 17:05:02,349 - INFO - Random movement: AntAction.TURN_RIGHT
2025-05-04 17:05:03,010 - INFO - Depositing home pheromone
2025-05-04 17:05:03,567 - INFO - Random movement: AntAction.MOVE_FORWARD
2025-05-04 17:05:04,127 - INFO - Depositing home pheromone
