2025-05-04 17:04:24,984 - INFO - Initialized with direction Direction.NORTHWEST
2025-05-04 17:04:24,986 - INFO - Depositing home pheromone
2025-05-04 17:04:27,050 - INFO - Random movement: AntAction.TURN_LEFT
2025-05-04 17:04:27,675 - INFO - Depositing home pheromone
2025-05-04 17:04:28,248 - INFO - Random movement: AntAction.TURN_LEFT
2025-05-04 17:04:28,766 - INFO - Depositing home pheromone
2025-05-04 17:04:29,286 - INFO - Random movement: AntAction.TURN_LEFT
2025-05-04 17:04:29,788 - INFO - Depositing home pheromone
2025-05-04 17:04:30,379 - INFO - Random movement: AntAction.TURN_LEFT
2025-05-04 17:04:30,980 - INFO - Depositing home pheromone
2025-05-04 17:04:31,496 - INFO - Random movement: AntAction.MOVE_FORWARD
2025-05-04 17:04:31,969 - INFO - Depositing home pheromone
2025-05-04 17:04:32,490 - INFO - Random movement: AntAction.MOVE_FORWARD
2025-05-04 17:04:32,989 - INFO - Depositing home pheromone
2025-05-04 17:04:33,527 - INFO - Random movement: AntAction.TURN_RIGHT
2025-05-04 17:04:33,994 - INFO - Depositing home pheromone
2025-05-04 17:04:34,502 - INFO - Random movement: AntAction.MOVE_FORWARD
2025-05-04 17:04:34,964 - INFO - Depositing home pheromone
2025-05-04 17:04:35,529 - INFO - Random movement: AntAction.TURN_RIGHT
2025-05-04 17:04:36,083 - INFO - Depositing home pheromone
2025-05-04 17:04:36,698 - INFO - Random movement: AntAction.MOVE_FORWARD
2025-05-04 17:04:37,196 - INFO - Depositing home pheromone
2025-05-04 17:04:37,786 - INFO - Random movement: AntAction.MOVE_FORWARD
2025-05-04 17:04:38,273 - INFO - Depositing home pheromone
2025-05-04 17:04:38,826 - INFO - Random movement: AntAction.TURN_LEFT
2025-05-04 17:04:39,324 - INFO - Depositing home pheromone
2025-05-04 17:04:39,886 - INFO - Random movement: AntAction.TURN_LEFT
2025-05-04 17:04:40,394 - INFO - Depositing home pheromone
2025-05-04 17:04:40,955 - INFO - Random movement: AntAction.MOVE_FORWARD
2025-05-04 17:04:41,442 - INFO - Depositing home pheromone
2025-05-04 17:04:41,970 - INFO - Random movement: AntAction.MOVE_FORWARD
2025-05-04 17:04:42,460 - INFO - Depositing home pheromone
2025-05-04 17:04:43,028 - INFO - Random movement: AntAction.TURN_RIGHT
2025-05-04 17:04:43,550 - INFO - Depositing home pheromone
2025-05-04 17:04:44,071 - INFO - Random movement: AntAction.TURN_RIGHT
2025-05-04 17:04:44,586 - INFO - Depositing home pheromone
2025-05-04 17:04:45,109 - INFO - Random movement: AntAction.MOVE_FORWARD
2025-05-04 17:04:45,598 - INFO - Depositing home pheromone
2025-05-04 17:04:46,099 - INFO - Random movement: AntAction.MOVE_FORWARD
2025-05-04 17:04:46,563 - INFO - Depositing home pheromone
2025-05-04 17:04:47,097 - INFO - Random movement: AntAction.TURN_LEFT
2025-05-04 17:04:47,597 - INFO - Depositing home pheromone
2025-05-04 17:04:48,055 - INFO - Random movement: AntAction.TURN_LEFT
2025-05-04 17:04:48,508 - INFO - Depositing home pheromone
2025-05-04 17:04:48,908 - INFO - Random movement: AntAction.MOVE_FORWARD
2025-05-04 17:04:49,367 - INFO - Depositing home pheromone
2025-05-04 17:04:49,913 - INFO - Random movement: AntAction.TURN_RIGHT
2025-05-04 17:04:50,410 - INFO - Depositing home pheromone
2025-05-04 17:04:50,915 - INFO - Random movement: AntAction.MOVE_FORWARD
2025-05-04 17:04:51,415 - INFO - Depositing home pheromone
2025-05-04 17:04:51,928 - INFO - Random movement: AntAction.TURN_RIGHT
2025-05-04 17:04:52,448 - INFO - Bored after searching for food for 51 steps, making random move
2025-05-04 17:04:52,449 - INFO - Made random move: AntAction.MOVE_FORWARD
2025-05-04 17:04:53,097 - INFO - Depositing home pheromone
2025-05-04 17:04:53,619 - INFO - Random movement: AntAction.TURN_LEFT
2025-05-04 17:04:54,128 - INFO - Depositing home pheromone
2025-05-04 17:04:54,649 - INFO - Random movement: AntAction.TURN_LEFT
2025-05-04 17:04:55,146 - INFO - Depositing home pheromone
2025-05-04 17:04:55,692 - INFO - Random movement: AntAction.MOVE_FORWARD
2025-05-04 17:04:56,203 - INFO - Depositing home pheromone
2025-05-04 17:04:56,727 - INFO - Random movement: AntAction.MOVE_FORWARD
2025-05-04 17:04:57,228 - INFO - Depositing home pheromone
2025-05-04 17:04:57,764 - INFO - Random movement: AntAction.TURN_LEFT
2025-05-04 17:04:58,242 - INFO - Depositing home pheromone
2025-05-04 17:04:58,805 - INFO - Random movement: AntAction.MOVE_FORWARD
2025-05-04 17:04:59,320 - INFO - Depositing home pheromone
2025-05-04 17:04:59,907 - INFO - Random movement: AntAction.MOVE_FORWARD
2025-05-04 17:05:00,471 - INFO - Depositing home pheromone
2025-05-04 17:05:01,085 - INFO - Random movement: AntAction.MOVE_FORWARD
2025-05-04 17:05:01,604 - INFO - Depositing home pheromone
2025-05-04 17:05:02,183 - INFO - Random movement: AntAction.MOVE_FORWARD
2025-05-04 17:05:02,809 - INFO - Depositing home pheromone
2025-05-04 17:05:03,410 - INFO - Random movement: AntAction.TURN_LEFT
2025-05-04 17:05:03,950 - INFO - Depositing home pheromone
