2025-05-04 17:04:26,512 - INFO - Initialized with direction Direction.WEST
2025-05-04 17:04:26,513 - INFO - Depositing home pheromone
2025-05-04 17:04:27,335 - INFO - Random movement: AntAction.TURN_LEFT
2025-05-04 17:04:27,953 - INFO - Depositing home pheromone
2025-05-04 17:04:28,480 - INFO - Random movement: AntAction.TURN_LEFT
2025-05-04 17:04:29,025 - INFO - Depositing home pheromone
2025-05-04 17:04:29,495 - INFO - Random movement: AntAction.MOVE_FORWARD
2025-05-04 17:04:30,088 - INFO - Depositing home pheromone
2025-05-04 17:04:30,707 - INFO - Random movement: AntAction.MOVE_FORWARD
2025-05-04 17:04:31,246 - INFO - Depositing home pheromone
2025-05-04 17:04:31,693 - INFO - Random movement: AntAction.MOVE_FORWARD
2025-05-04 17:04:32,226 - INFO - Depositing home pheromone
2025-05-04 17:04:32,708 - INFO - Random movement: AntAction.TURN_LEFT
2025-05-04 17:04:33,249 - INFO - Depositing home pheromone
2025-05-04 17:04:33,727 - INFO - Random movement: AntAction.TURN_RIGHT
2025-05-04 17:04:34,252 - INFO - Depositing home pheromone
2025-05-04 17:04:34,703 - INFO - Random movement: AntAction.TURN_LEFT
2025-05-04 17:04:35,238 - INFO - Depositing home pheromone
2025-05-04 17:04:35,759 - INFO - Random movement: AntAction.TURN_LEFT
2025-05-04 17:04:36,392 - INFO - Depositing home pheromone
2025-05-04 17:04:36,907 - INFO - Random movement: AntAction.MOVE_FORWARD
2025-05-04 17:04:37,512 - INFO - Depositing home pheromone
2025-05-04 17:04:38,003 - INFO - Random movement: AntAction.MOVE_FORWARD
2025-05-04 17:04:38,550 - INFO - Depositing home pheromone
2025-05-04 17:04:39,046 - INFO - Random movement: AntAction.TURN_LEFT
2025-05-04 17:04:39,602 - INFO - Depositing home pheromone
2025-05-04 17:04:40,095 - INFO - Random movement: AntAction.TURN_LEFT
2025-05-04 17:04:40,672 - INFO - Depositing home pheromone
2025-05-04 17:04:41,180 - INFO - Random movement: AntAction.TURN_LEFT
2025-05-04 17:04:41,693 - INFO - Depositing home pheromone
2025-05-04 17:04:42,191 - INFO - Random movement: AntAction.MOVE_FORWARD
2025-05-04 17:04:42,738 - INFO - Depositing home pheromone
2025-05-04 17:04:43,257 - INFO - Random movement: AntAction.TURN_RIGHT
2025-05-04 17:04:43,803 - INFO - Depositing home pheromone
2025-05-04 17:04:44,296 - INFO - Random movement: AntAction.MOVE_FORWARD
2025-05-04 17:04:44,840 - INFO - Depositing home pheromone
2025-05-04 17:04:45,317 - INFO - Random movement: AntAction.MOVE_FORWARD
2025-05-04 17:04:45,843 - INFO - Depositing home pheromone
2025-05-04 17:04:46,325 - INFO - Random movement: AntAction.TURN_LEFT
2025-05-04 17:04:46,832 - INFO - Depositing home pheromone
2025-05-04 17:04:47,322 - INFO - Random movement: AntAction.TURN_LEFT
2025-05-04 17:04:47,811 - INFO - Depositing home pheromone
2025-05-04 17:04:48,254 - INFO - Random movement: AntAction.MOVE_FORWARD
2025-05-04 17:04:48,699 - INFO - Depositing home pheromone
2025-05-04 17:04:49,124 - INFO - Random movement: AntAction.TURN_LEFT
2025-05-04 17:04:49,636 - INFO - Depositing home pheromone
2025-05-04 17:04:50,142 - INFO - Random movement: AntAction.TURN_LEFT
2025-05-04 17:04:50,659 - INFO - Depositing home pheromone
2025-05-04 17:04:51,142 - INFO - Random movement: AntAction.TURN_LEFT
2025-05-04 17:04:51,663 - INFO - Depositing home pheromone
2025-05-04 17:04:52,150 - INFO - Random movement: AntAction.TURN_LEFT
2025-05-04 17:04:52,811 - INFO - Bored after searching for food for 51 steps, making random move
2025-05-04 17:04:52,812 - INFO - Made random move: AntAction.MOVE_FORWARD
2025-05-04 17:04:53,365 - INFO - Depositing home pheromone
2025-05-04 17:04:53,848 - INFO - Random movement: AntAction.MOVE_FORWARD
2025-05-04 17:04:54,395 - INFO - Depositing home pheromone
2025-05-04 17:04:54,877 - INFO - Random movement: AntAction.TURN_LEFT
2025-05-04 17:04:55,410 - INFO - Depositing home pheromone
2025-05-04 17:04:55,925 - INFO - Random movement: AntAction.TURN_LEFT
2025-05-04 17:04:56,447 - INFO - Depositing home pheromone
2025-05-04 17:04:56,937 - INFO - Random movement: AntAction.TURN_LEFT
2025-05-04 17:04:57,503 - INFO - Depositing home pheromone
2025-05-04 17:04:57,970 - INFO - Random movement: AntAction.TURN_LEFT
2025-05-04 17:04:58,533 - INFO - Depositing home pheromone
2025-05-04 17:04:59,037 - INFO - Random movement: AntAction.MOVE_FORWARD
2025-05-04 17:04:59,608 - INFO - Depositing home pheromone
2025-05-04 17:05:00,161 - INFO - Random movement: AntAction.TURN_LEFT
2025-05-04 17:05:00,776 - INFO - Depositing home pheromone
2025-05-04 17:05:01,321 - INFO - Random movement: AntAction.MOVE_FORWARD
2025-05-04 17:05:01,877 - INFO - Depositing home pheromone
2025-05-04 17:05:02,469 - INFO - Random movement: AntAction.TURN_LEFT
2025-05-04 17:05:03,119 - INFO - Depositing home pheromone
2025-05-04 17:05:03,652 - INFO - Random movement: AntAction.MOVE_FORWARD
2025-05-04 17:05:04,240 - INFO - Depositing home pheromone
