2025-05-04 17:04:25,212 - INFO - Initialized with direction Direction.SOUTHWEST
2025-05-04 17:04:25,216 - INFO - Depositing home pheromone
2025-05-04 17:04:27,123 - INFO - Random movement: AntAction.TURN_LEFT
2025-05-04 17:04:27,746 - INFO - Depositing home pheromone
2025-05-04 17:04:28,306 - INFO - Random movement: AntAction.MOVE_FORWARD
2025-05-04 17:04:28,829 - INFO - Depositing home pheromone
2025-05-04 17:04:29,338 - INFO - Random movement: AntAction.MOVE_FORWARD
2025-05-04 17:04:29,869 - INFO - Depositing home pheromone
2025-05-04 17:04:30,466 - INFO - Random movement: AntAction.TURN_LEFT
2025-05-04 17:04:31,043 - INFO - Depositing home pheromone
2025-05-04 17:04:31,549 - INFO - Random movement: AntAction.TURN_LEFT
2025-05-04 17:04:32,028 - INFO - Depositing home pheromone
2025-05-04 17:04:32,546 - INFO - Random movement: AntAction.TURN_RIGHT
2025-05-04 17:04:33,055 - INFO - Depositing home pheromone
2025-05-04 17:04:33,578 - INFO - Random movement: AntAction.MOVE_FORWARD
2025-05-04 17:04:34,051 - INFO - Depositing home pheromone
2025-05-04 17:04:34,550 - INFO - Random movement: AntAction.MOVE_FORWARD
2025-05-04 17:04:35,031 - INFO - Depositing home pheromone
2025-05-04 17:04:35,590 - INFO - Random movement: AntAction.TURN_RIGHT
2025-05-04 17:04:36,159 - INFO - Depositing home pheromone
2025-05-04 17:04:36,755 - INFO - Random movement: AntAction.TURN_RIGHT
2025-05-04 17:04:37,270 - INFO - Depositing home pheromone
2025-05-04 17:04:37,837 - INFO - Random movement: AntAction.MOVE_FORWARD
2025-05-04 17:04:38,333 - INFO - Depositing home pheromone
2025-05-04 17:04:38,883 - INFO - Random movement: AntAction.MOVE_FORWARD
2025-05-04 17:04:39,389 - INFO - Depositing home pheromone
2025-05-04 17:04:39,936 - INFO - Random movement: AntAction.TURN_LEFT
2025-05-04 17:04:40,465 - INFO - Depositing home pheromone
2025-05-04 17:04:41,013 - INFO - Random movement: AntAction.MOVE_FORWARD
2025-05-04 17:04:41,501 - INFO - Depositing home pheromone
2025-05-04 17:04:42,033 - INFO - Random movement: AntAction.TURN_LEFT
2025-05-04 17:04:42,525 - INFO - Depositing home pheromone
2025-05-04 17:04:43,086 - INFO - Random movement: AntAction.TURN_RIGHT
2025-05-04 17:04:43,617 - INFO - Depositing home pheromone
2025-05-04 17:04:44,128 - INFO - Random movement: AntAction.MOVE_FORWARD
2025-05-04 17:04:44,650 - INFO - Depositing home pheromone
2025-05-04 17:04:45,162 - INFO - Random movement: AntAction.MOVE_FORWARD
2025-05-04 17:04:45,658 - INFO - Depositing home pheromone
2025-05-04 17:04:46,152 - INFO - Random movement: AntAction.MOVE_FORWARD
2025-05-04 17:04:46,627 - INFO - Depositing home pheromone
2025-05-04 17:04:47,148 - INFO - Random movement: AntAction.MOVE_FORWARD
2025-05-04 17:04:47,647 - INFO - Depositing home pheromone
2025-05-04 17:04:48,104 - INFO - Random movement: AntAction.MOVE_FORWARD
2025-05-04 17:04:48,554 - INFO - Depositing home pheromone
2025-05-04 17:04:48,966 - INFO - Random movement: AntAction.MOVE_FORWARD
2025-05-04 17:04:49,438 - INFO - Depositing home pheromone
2025-05-04 17:04:49,967 - INFO - Random movement: AntAction.MOVE_FORWARD
2025-05-04 17:04:50,470 - INFO - Depositing home pheromone
2025-05-04 17:04:50,970 - INFO - Random movement: AntAction.TURN_LEFT
2025-05-04 17:04:51,473 - INFO - Depositing home pheromone
2025-05-04 17:04:51,987 - INFO - Random movement: AntAction.TURN_LEFT
2025-05-04 17:04:52,538 - INFO - Bored after searching for food for 51 steps, making random move
2025-05-04 17:04:52,539 - INFO - Made random move: AntAction.MOVE_FORWARD
2025-05-04 17:04:53,165 - INFO - Depositing home pheromone
2025-05-04 17:04:53,679 - INFO - Random movement: AntAction.TURN_LEFT
2025-05-04 17:04:54,204 - INFO - Depositing home pheromone
2025-05-04 17:04:54,705 - INFO - Random movement: AntAction.MOVE_FORWARD
2025-05-04 17:04:55,210 - INFO - Depositing home pheromone
2025-05-04 17:04:55,747 - INFO - Random movement: AntAction.MOVE_FORWARD
2025-05-04 17:04:56,269 - INFO - Depositing home pheromone
2025-05-04 17:04:56,772 - INFO - Random movement: AntAction.TURN_RIGHT
2025-05-04 17:04:57,294 - INFO - Depositing home pheromone
2025-05-04 17:04:57,813 - INFO - Random movement: AntAction.MOVE_FORWARD
2025-05-04 17:04:58,314 - INFO - Depositing home pheromone
2025-05-04 17:04:58,863 - INFO - Random movement: AntAction.MOVE_FORWARD
2025-05-04 17:04:59,389 - INFO - Depositing home pheromone
2025-05-04 17:04:59,970 - INFO - Random movement: AntAction.MOVE_FORWARD
2025-05-04 17:05:00,546 - INFO - Depositing home pheromone
2025-05-04 17:05:01,139 - INFO - Random movement: AntAction.MOVE_FORWARD
2025-05-04 17:05:01,673 - INFO - Depositing home pheromone
2025-05-04 17:05:02,244 - INFO - Random movement: AntAction.MOVE_FORWARD
2025-05-04 17:05:02,885 - INFO - Depositing home pheromone
2025-05-04 17:05:03,478 - INFO - Random movement: AntAction.TURN_LEFT
2025-05-04 17:05:04,018 - INFO - Depositing home pheromone
