2025-05-04 17:04:26,090 - INFO - Initialized with direction Direction.EAST
2025-05-04 17:04:26,095 - INFO - Depositing home pheromone
2025-05-04 17:04:27,263 - INFO - Random movement: AntAction.MOVE_FORWARD
2025-05-04 17:04:27,879 - INFO - Depositing home pheromone
2025-05-04 17:04:28,423 - INFO - Random movement: AntAction.MOVE_FORWARD
2025-05-04 17:04:28,952 - INFO - Depositing home pheromone
2025-05-04 17:04:29,438 - INFO - Random movement: AntAction.TURN_LEFT
2025-05-04 17:04:30,010 - INFO - Depositing home pheromone
2025-05-04 17:04:30,620 - INFO - Random movement: AntAction.TURN_LEFT
2025-05-04 17:04:31,179 - INFO - Depositing home pheromone
2025-05-04 17:04:31,645 - INFO - Random movement: AntAction.TURN_LEFT
2025-05-04 17:04:32,157 - INFO - Depositing home pheromone
2025-05-04 17:04:32,652 - INFO - Random movement: AntAction.TURN_LEFT
2025-05-04 17:04:33,176 - INFO - Depositing home pheromone
2025-05-04 17:04:33,675 - INFO - Random movement: AntAction.MOVE_FORWARD
2025-05-04 17:04:34,176 - INFO - Depositing home pheromone
2025-05-04 17:04:34,650 - INFO - Random movement: AntAction.MOVE_FORWARD
2025-05-04 17:04:35,166 - INFO - Depositing home pheromone
2025-05-04 17:04:35,698 - INFO - Random movement: AntAction.TURN_LEFT
2025-05-04 17:04:36,303 - INFO - Depositing home pheromone
2025-05-04 17:04:36,853 - INFO - Random movement: AntAction.TURN_LEFT
2025-05-04 17:04:37,422 - INFO - Depositing home pheromone
2025-05-04 17:04:37,946 - INFO - Random movement: AntAction.MOVE_FORWARD
2025-05-04 17:04:38,474 - INFO - Depositing home pheromone
2025-05-04 17:04:38,990 - INFO - Random movement: AntAction.MOVE_FORWARD
2025-05-04 17:04:39,529 - INFO - Depositing home pheromone
2025-05-04 17:04:40,040 - INFO - Random movement: AntAction.MOVE_FORWARD
2025-05-04 17:04:40,600 - INFO - Depositing home pheromone
2025-05-04 17:04:41,126 - INFO - Random movement: AntAction.MOVE_FORWARD
2025-05-04 17:04:41,625 - INFO - Depositing home pheromone
2025-05-04 17:04:42,135 - INFO - Random movement: AntAction.MOVE_FORWARD
2025-05-04 17:04:42,660 - INFO - Depositing home pheromone
2025-05-04 17:04:43,197 - INFO - Random movement: AntAction.MOVE_FORWARD
2025-05-04 17:04:43,737 - INFO - Depositing home pheromone
2025-05-04 17:04:44,238 - INFO - Random movement: AntAction.MOVE_FORWARD
2025-05-04 17:04:44,778 - INFO - Depositing home pheromone
2025-05-04 17:04:45,262 - INFO - Random movement: AntAction.TURN_LEFT
2025-05-04 17:04:45,778 - INFO - Depositing home pheromone
2025-05-04 17:04:46,263 - INFO - Random movement: AntAction.MOVE_FORWARD
2025-05-04 17:04:46,762 - INFO - Depositing home pheromone
2025-05-04 17:04:47,262 - INFO - Random movement: AntAction.TURN_LEFT
2025-05-04 17:04:47,750 - INFO - Depositing home pheromone
2025-05-04 17:04:48,195 - INFO - Random movement: AntAction.TURN_LEFT
2025-05-04 17:04:48,649 - INFO - Depositing home pheromone
2025-05-04 17:04:49,069 - INFO - Random movement: AntAction.MOVE_FORWARD
2025-05-04 17:04:49,568 - INFO - Depositing home pheromone
2025-05-04 17:04:50,076 - INFO - Random movement: AntAction.TURN_LEFT
2025-05-04 17:04:50,592 - INFO - Depositing home pheromone
2025-05-04 17:04:51,078 - INFO - Random movement: AntAction.TURN_LEFT
2025-05-04 17:04:51,592 - INFO - Depositing home pheromone
2025-05-04 17:04:52,089 - INFO - Random movement: AntAction.MOVE_FORWARD
2025-05-04 17:04:52,714 - INFO - Bored after searching for food for 51 steps, making random move
2025-05-04 17:04:52,715 - INFO - Made random move: AntAction.TURN_RIGHT
2025-05-04 17:04:53,290 - INFO - Depositing home pheromone
2025-05-04 17:04:53,786 - INFO - Random movement: AntAction.TURN_RIGHT
2025-05-04 17:04:54,332 - INFO - Depositing home pheromone
2025-05-04 17:04:54,813 - INFO - Random movement: AntAction.TURN_LEFT
2025-05-04 17:04:55,339 - INFO - Depositing home pheromone
2025-05-04 17:04:55,864 - INFO - Random movement: AntAction.MOVE_FORWARD
2025-05-04 17:04:56,381 - INFO - Depositing home pheromone
2025-05-04 17:04:56,869 - INFO - Random movement: AntAction.TURN_RIGHT
2025-05-04 17:04:57,433 - INFO - Depositing home pheromone
2025-05-04 17:04:57,913 - INFO - Random movement: AntAction.MOVE_FORWARD
2025-05-04 17:04:58,451 - INFO - Depositing home pheromone
2025-05-04 17:04:58,979 - INFO - Random movement: AntAction.TURN_LEFT
2025-05-04 17:04:59,533 - INFO - Depositing home pheromone
2025-05-04 17:05:00,089 - INFO - Random movement: AntAction.TURN_LEFT
2025-05-04 17:05:00,699 - INFO - Depositing home pheromone
2025-05-04 17:05:01,251 - INFO - Random movement: AntAction.MOVE_FORWARD
2025-05-04 17:05:01,805 - INFO - Depositing home pheromone
2025-05-04 17:05:02,379 - INFO - Random movement: AntAction.TURN_RIGHT
2025-05-04 17:05:03,041 - INFO - Depositing home pheromone
2025-05-04 17:05:03,591 - INFO - Random movement: AntAction.TURN_RIGHT
2025-05-04 17:05:04,157 - INFO - Depositing home pheromone
