2025-05-04 17:04:26,062 - INFO - Initialized with direction Direction.NORTH
2025-05-04 17:04:26,068 - INFO - Depositing home pheromone
2025-05-04 17:04:27,257 - INFO - Random movement: AntAction.TURN_LEFT
2025-05-04 17:04:27,872 - INFO - Depositing home pheromone
2025-05-04 17:04:28,418 - INFO - Random movement: AntAction.TURN_LEFT
2025-05-04 17:04:28,946 - INFO - Depositing home pheromone
2025-05-04 17:04:29,433 - INFO - Random movement: AntAction.TURN_LEFT
2025-05-04 17:04:30,004 - INFO - Depositing home pheromone
2025-05-04 17:04:30,612 - INFO - Random movement: AntAction.TURN_LEFT
2025-05-04 17:04:31,174 - INFO - Depositing home pheromone
2025-05-04 17:04:31,640 - INFO - Random movement: AntAction.TURN_LEFT
2025-05-04 17:04:32,149 - INFO - Depositing home pheromone
2025-05-04 17:04:32,646 - INFO - Random movement: AntAction.TURN_RIGHT
2025-05-04 17:04:33,170 - INFO - Depositing home pheromone
2025-05-04 17:04:33,671 - INFO - Random movement: AntAction.MOVE_FORWARD
2025-05-04 17:04:34,170 - INFO - Depositing home pheromone
2025-05-04 17:04:34,644 - INFO - Random movement: AntAction.MOVE_FORWARD
2025-05-04 17:04:35,162 - INFO - Depositing home pheromone
2025-05-04 17:04:35,692 - INFO - Random movement: AntAction.MOVE_FORWARD
2025-05-04 17:04:36,297 - INFO - Depositing home pheromone
2025-05-04 17:04:36,848 - INFO - Random movement: AntAction.TURN_LEFT
2025-05-04 17:04:37,416 - INFO - Depositing home pheromone
2025-05-04 17:04:37,940 - INFO - Random movement: AntAction.MOVE_FORWARD
2025-05-04 17:04:38,467 - INFO - Depositing home pheromone
2025-05-04 17:04:38,985 - INFO - Random movement: AntAction.TURN_RIGHT
2025-05-04 17:04:39,522 - INFO - Depositing home pheromone
2025-05-04 17:04:40,034 - INFO - Random movement: AntAction.TURN_RIGHT
2025-05-04 17:04:40,589 - INFO - Depositing home pheromone
2025-05-04 17:04:41,120 - INFO - Random movement: AntAction.MOVE_FORWARD
2025-05-04 17:04:41,620 - INFO - Depositing home pheromone
2025-05-04 17:04:42,130 - INFO - Random movement: AntAction.TURN_LEFT
2025-05-04 17:04:42,649 - INFO - Depositing home pheromone
2025-05-04 17:04:43,190 - INFO - Random movement: AntAction.MOVE_FORWARD
2025-05-04 17:04:43,731 - INFO - Depositing home pheromone
2025-05-04 17:04:44,232 - INFO - Random movement: AntAction.TURN_LEFT
2025-05-04 17:04:44,772 - INFO - Depositing home pheromone
2025-05-04 17:04:45,257 - INFO - Random movement: AntAction.TURN_RIGHT
2025-05-04 17:04:45,770 - INFO - Depositing home pheromone
2025-05-04 17:04:46,255 - INFO - Random movement: AntAction.MOVE_FORWARD
2025-05-04 17:04:46,755 - INFO - Depositing home pheromone
2025-05-04 17:04:47,257 - INFO - Random movement: AntAction.TURN_LEFT
2025-05-04 17:04:47,745 - INFO - Depositing home pheromone
2025-05-04 17:04:48,190 - INFO - Random movement: AntAction.MOVE_FORWARD
2025-05-04 17:04:48,643 - INFO - Depositing home pheromone
2025-05-04 17:04:49,064 - INFO - Random movement: AntAction.MOVE_FORWARD
2025-05-04 17:04:49,561 - INFO - Depositing home pheromone
2025-05-04 17:04:50,070 - INFO - Random movement: AntAction.TURN_RIGHT
2025-05-04 17:04:50,585 - INFO - Depositing home pheromone
2025-05-04 17:04:51,073 - INFO - Random movement: AntAction.MOVE_FORWARD
2025-05-04 17:04:51,587 - INFO - Depositing home pheromone
2025-05-04 17:04:52,083 - INFO - Random movement: AntAction.MOVE_FORWARD
2025-05-04 17:04:52,704 - INFO - Bored after searching for food for 51 steps, making random move
2025-05-04 17:04:52,705 - INFO - Made random move: AntAction.TURN_LEFT
2025-05-04 17:04:53,282 - INFO - Depositing home pheromone
2025-05-04 17:04:53,780 - INFO - Random movement: AntAction.MOVE_FORWARD
2025-05-04 17:04:54,326 - INFO - Depositing home pheromone
2025-05-04 17:04:54,807 - INFO - Random movement: AntAction.MOVE_FORWARD
2025-05-04 17:04:55,332 - INFO - Depositing home pheromone
2025-05-04 17:04:55,858 - INFO - Random movement: AntAction.MOVE_FORWARD
2025-05-04 17:04:56,375 - INFO - Depositing home pheromone
2025-05-04 17:04:56,860 - INFO - Random movement: AntAction.TURN_LEFT
2025-05-04 17:04:57,425 - INFO - Depositing home pheromone
2025-05-04 17:04:57,905 - INFO - Random movement: AntAction.TURN_LEFT
2025-05-04 17:04:58,444 - INFO - Depositing home pheromone
2025-05-04 17:04:58,973 - INFO - Random movement: AntAction.MOVE_FORWARD
2025-05-04 17:04:59,528 - INFO - Depositing home pheromone
2025-05-04 17:05:00,084 - INFO - Random movement: AntAction.TURN_LEFT
2025-05-04 17:05:00,687 - INFO - Depositing home pheromone
2025-05-04 17:05:01,245 - INFO - Random movement: AntAction.MOVE_FORWARD
2025-05-04 17:05:01,799 - INFO - Depositing home pheromone
2025-05-04 17:05:02,373 - INFO - Random movement: AntAction.MOVE_FORWARD
2025-05-04 17:05:03,033 - INFO - Depositing home pheromone
2025-05-04 17:05:03,585 - INFO - Random movement: AntAction.TURN_RIGHT
2025-05-04 17:05:04,149 - INFO - Depositing home pheromone
