2025-05-04 17:04:24,911 - INFO - Initialized with direction Direction.SOUTH
2025-05-04 17:04:24,913 - INFO - Depositing home pheromone
2025-05-04 17:04:27,030 - INFO - Random movement: AntAction.MOVE_FORWARD
2025-05-04 17:04:27,654 - INFO - Depositing home pheromone
2025-05-04 17:04:28,224 - INFO - Random movement: AntAction.TURN_LEFT
2025-05-04 17:04:28,745 - INFO - Depositing home pheromone
2025-05-04 17:04:29,270 - INFO - Random movement: AntAction.MOVE_FORWARD
2025-05-04 17:04:29,763 - INFO - Depositing home pheromone
2025-05-04 17:04:30,352 - INFO - Random movement: AntAction.MOVE_FORWARD
2025-05-04 17:04:30,960 - INFO - Depositing home pheromone
2025-05-04 17:04:31,477 - INFO - Random movement: AntAction.TURN_RIGHT
2025-05-04 17:04:31,948 - INFO - Depositing home pheromone
2025-05-04 17:04:32,473 - INFO - Random movement: AntAction.MOVE_FORWARD
2025-05-04 17:04:32,970 - INFO - Depositing home pheromone
2025-05-04 17:04:33,509 - INFO - Random movement: AntAction.MOVE_FORWARD
2025-05-04 17:04:33,976 - INFO - Depositing home pheromone
2025-05-04 17:04:34,486 - INFO - Random movement: AntAction.MOVE_FORWARD
2025-05-04 17:04:34,938 - INFO - Depositing home pheromone
2025-05-04 17:04:35,512 - INFO - Random movement: AntAction.MOVE_FORWARD
2025-05-04 17:04:36,058 - INFO - Depositing home pheromone
2025-05-04 17:04:36,680 - INFO - Random movement: AntAction.TURN_RIGHT
2025-05-04 17:04:37,173 - INFO - Depositing home pheromone
2025-05-04 17:04:37,770 - INFO - Random movement: AntAction.MOVE_FORWARD
2025-05-04 17:04:38,256 - INFO - Depositing home pheromone
2025-05-04 17:04:38,811 - INFO - Random movement: AntAction.TURN_RIGHT
2025-05-04 17:04:39,302 - INFO - Depositing home pheromone
2025-05-04 17:04:39,870 - INFO - Random movement: AntAction.MOVE_FORWARD
2025-05-04 17:04:40,372 - INFO - Depositing home pheromone
2025-05-04 17:04:40,939 - INFO - Random movement: AntAction.TURN_LEFT
2025-05-04 17:04:41,423 - INFO - Depositing home pheromone
2025-05-04 17:04:41,945 - INFO - Random movement: AntAction.TURN_LEFT
2025-05-04 17:04:42,440 - INFO - Depositing home pheromone
2025-05-04 17:04:43,008 - INFO - Random movement: AntAction.MOVE_FORWARD
2025-05-04 17:04:43,531 - INFO - Depositing home pheromone
2025-05-04 17:04:44,052 - INFO - Random movement: AntAction.MOVE_FORWARD
2025-05-04 17:04:44,566 - INFO - Depositing home pheromone
2025-05-04 17:04:45,091 - INFO - Random movement: AntAction.MOVE_FORWARD
2025-05-04 17:04:45,577 - INFO - Depositing home pheromone
2025-05-04 17:04:46,082 - INFO - Random movement: AntAction.MOVE_FORWARD
2025-05-04 17:04:46,547 - INFO - Depositing home pheromone
2025-05-04 17:04:47,080 - INFO - Random movement: AntAction.MOVE_FORWARD
2025-05-04 17:04:47,580 - INFO - Depositing home pheromone
2025-05-04 17:04:48,040 - INFO - Random movement: AntAction.MOVE_FORWARD
2025-05-04 17:04:48,488 - INFO - Depositing home pheromone
2025-05-04 17:04:48,890 - INFO - Random movement: AntAction.TURN_LEFT
2025-05-04 17:04:49,347 - INFO - Depositing home pheromone
2025-05-04 17:04:49,896 - INFO - Random movement: AntAction.TURN_LEFT
2025-05-04 17:04:50,393 - INFO - Depositing home pheromone
2025-05-04 17:04:50,898 - INFO - Random movement: AntAction.MOVE_FORWARD
2025-05-04 17:04:51,396 - INFO - Depositing home pheromone
2025-05-04 17:04:51,912 - INFO - Random movement: AntAction.TURN_LEFT
2025-05-04 17:04:52,421 - INFO - Bored after searching for food for 51 steps, making random move
2025-05-04 17:04:52,422 - INFO - Made random move: AntAction.TURN_LEFT
2025-05-04 17:04:53,078 - INFO - Depositing home pheromone
2025-05-04 17:04:53,605 - INFO - Random movement: AntAction.TURN_LEFT
2025-05-04 17:04:54,108 - INFO - Depositing home pheromone
2025-05-04 17:04:54,633 - INFO - Random movement: AntAction.MOVE_FORWARD
2025-05-04 17:04:55,123 - INFO - Depositing home pheromone
2025-05-04 17:04:55,676 - INFO - Random movement: AntAction.TURN_RIGHT
2025-05-04 17:04:56,181 - INFO - Depositing home pheromone
2025-05-04 17:04:56,711 - INFO - Random movement: AntAction.MOVE_FORWARD
2025-05-04 17:04:57,209 - INFO - Depositing home pheromone
2025-05-04 17:04:57,748 - INFO - Random movement: AntAction.MOVE_FORWARD
2025-05-04 17:04:58,221 - INFO - Depositing home pheromone
2025-05-04 17:04:58,787 - INFO - Random movement: AntAction.TURN_RIGHT
2025-05-04 17:04:59,300 - INFO - Depositing home pheromone
2025-05-04 17:04:59,886 - INFO - Random movement: AntAction.MOVE_FORWARD
2025-05-04 17:05:00,449 - INFO - Depositing home pheromone
2025-05-04 17:05:01,065 - INFO - Random movement: AntAction.MOVE_FORWARD
2025-05-04 17:05:01,583 - INFO - Depositing home pheromone
2025-05-04 17:05:02,163 - INFO - Random movement: AntAction.TURN_LEFT
2025-05-04 17:05:02,781 - INFO - Depositing home pheromone
2025-05-04 17:05:03,387 - INFO - Random movement: AntAction.MOVE_FORWARD
2025-05-04 17:05:03,929 - INFO - Depositing home pheromone
