2025-05-04 17:04:26,349 - INFO - Initialized with direction Direction.NORTH
2025-05-04 17:04:26,352 - INFO - Depositing home pheromone
2025-05-04 17:04:27,302 - INFO - Random movement: AntAction.TURN_LEFT
2025-05-04 17:04:27,921 - INFO - Depositing home pheromone
2025-05-04 17:04:28,456 - INFO - Random movement: AntAction.TURN_LEFT
2025-05-04 17:04:28,995 - INFO - Depositing home pheromone
2025-05-04 17:04:29,470 - INFO - Random movement: AntAction.TURN_LEFT
2025-05-04 17:04:30,057 - INFO - Depositing home pheromone
2025-05-04 17:04:30,671 - INFO - Random movement: AntAction.TURN_LEFT
2025-05-04 17:04:31,220 - INFO - Depositing home pheromone
2025-05-04 17:04:31,670 - INFO - Random movement: AntAction.MOVE_FORWARD
2025-05-04 17:04:32,198 - INFO - Depositing home pheromone
2025-05-04 17:04:32,683 - INFO - Random movement: AntAction.TURN_LEFT
2025-05-04 17:04:33,218 - INFO - Depositing home pheromone
2025-05-04 17:04:33,703 - INFO - Random movement: AntAction.TURN_RIGHT
2025-05-04 17:04:34,222 - INFO - Depositing home pheromone
2025-05-04 17:04:34,682 - INFO - Random movement: AntAction.MOVE_FORWARD
2025-05-04 17:04:35,207 - INFO - Depositing home pheromone
2025-05-04 17:04:35,730 - INFO - Random movement: AntAction.MOVE_FORWARD
2025-05-04 17:04:36,348 - INFO - Depositing home pheromone
2025-05-04 17:04:36,883 - INFO - Random movement: AntAction.TURN_LEFT
2025-05-04 17:04:37,473 - INFO - Depositing home pheromone
2025-05-04 17:04:37,979 - INFO - Random movement: AntAction.MOVE_FORWARD
2025-05-04 17:04:38,516 - INFO - Depositing home pheromone
2025-05-04 17:04:39,022 - INFO - Random movement: AntAction.MOVE_FORWARD
2025-05-04 17:04:39,570 - INFO - Depositing home pheromone
2025-05-04 17:04:40,069 - INFO - Random movement: AntAction.TURN_RIGHT
2025-05-04 17:04:40,640 - INFO - Depositing home pheromone
2025-05-04 17:04:41,157 - INFO - Random movement: AntAction.MOVE_FORWARD
2025-05-04 17:04:41,664 - INFO - Depositing home pheromone
2025-05-04 17:04:42,166 - INFO - Random movement: AntAction.TURN_RIGHT
2025-05-04 17:04:42,705 - INFO - Depositing home pheromone
2025-05-04 17:04:43,233 - INFO - Random movement: AntAction.MOVE_FORWARD
2025-05-04 17:04:43,775 - INFO - Depositing home pheromone
2025-05-04 17:04:44,272 - INFO - Random movement: AntAction.MOVE_FORWARD
2025-05-04 17:04:44,813 - INFO - Depositing home pheromone
2025-05-04 17:04:45,293 - INFO - Random movement: AntAction.TURN_LEFT
2025-05-04 17:04:45,816 - INFO - Depositing home pheromone
2025-05-04 17:04:46,300 - INFO - Random movement: AntAction.MOVE_FORWARD
2025-05-04 17:04:46,804 - INFO - Depositing home pheromone
2025-05-04 17:04:47,297 - INFO - Random movement: AntAction.TURN_LEFT
2025-05-04 17:04:47,785 - INFO - Depositing home pheromone
2025-05-04 17:04:48,228 - INFO - Random movement: AntAction.MOVE_FORWARD
2025-05-04 17:04:48,677 - INFO - Depositing home pheromone
2025-05-04 17:04:49,101 - INFO - Random movement: AntAction.MOVE_FORWARD
2025-05-04 17:04:49,608 - INFO - Depositing home pheromone
2025-05-04 17:04:50,111 - INFO - Random movement: AntAction.TURN_RIGHT
2025-05-04 17:04:50,629 - INFO - Depositing home pheromone
2025-05-04 17:04:51,117 - INFO - Random movement: AntAction.MOVE_FORWARD
2025-05-04 17:04:51,632 - INFO - Depositing home pheromone
2025-05-04 17:04:52,123 - INFO - Random movement: AntAction.TURN_LEFT
2025-05-04 17:04:52,769 - INFO - Bored after searching for food for 51 steps, making random move
2025-05-04 17:04:52,770 - INFO - Made random move: AntAction.TURN_LEFT
2025-05-04 17:04:53,334 - INFO - Depositing home pheromone
2025-05-04 17:04:53,822 - INFO - Random movement: AntAction.MOVE_FORWARD
2025-05-04 17:04:54,370 - INFO - Depositing home pheromone
2025-05-04 17:04:54,852 - INFO - Random movement: AntAction.MOVE_FORWARD
2025-05-04 17:04:55,380 - INFO - Depositing home pheromone
2025-05-04 17:04:55,898 - INFO - Random movement: AntAction.MOVE_FORWARD
2025-05-04 17:04:56,420 - INFO - Depositing home pheromone
2025-05-04 17:04:56,902 - INFO - Random movement: AntAction.MOVE_FORWARD
2025-05-04 17:04:57,472 - INFO - Depositing home pheromone
2025-05-04 17:04:57,948 - INFO - Random movement: AntAction.TURN_RIGHT
2025-05-04 17:04:58,499 - INFO - Depositing home pheromone
2025-05-04 17:04:59,013 - INFO - Random movement: AntAction.MOVE_FORWARD
2025-05-04 17:04:59,574 - INFO - Depositing home pheromone
2025-05-04 17:05:00,133 - INFO - Random movement: AntAction.TURN_RIGHT
2025-05-04 17:05:00,742 - INFO - Depositing home pheromone
2025-05-04 17:05:01,290 - INFO - Random movement: AntAction.TURN_RIGHT
2025-05-04 17:05:01,845 - INFO - Depositing home pheromone
2025-05-04 17:05:02,430 - INFO - Random movement: AntAction.TURN_RIGHT
2025-05-04 17:05:03,083 - INFO - Depositing home pheromone
2025-05-04 17:05:03,627 - INFO - Random movement: AntAction.TURN_LEFT
2025-05-04 17:05:04,205 - INFO - Depositing home pheromone
