2025-05-04 17:04:25,806 - INFO - Initialized with direction Direction.NORTHEAST
2025-05-04 17:04:25,808 - INFO - Depositing home pheromone
2025-05-04 17:04:27,230 - INFO - Random movement: AntAction.TURN_RIGHT
2025-05-04 17:04:27,840 - INFO - Depositing home pheromone
2025-05-04 17:04:28,389 - INFO - Random movement: AntAction.TURN_RIGHT
2025-05-04 17:04:28,922 - INFO - Depositing home pheromone
2025-05-04 17:04:29,411 - INFO - Random movement: AntAction.MOVE_FORWARD
2025-05-04 17:04:29,976 - INFO - Depositing home pheromone
2025-05-04 17:04:30,577 - INFO - Random movement: AntAction.TURN_LEFT
2025-05-04 17:04:31,147 - INFO - Depositing home pheromone
2025-05-04 17:04:31,626 - INFO - Random movement: AntAction.MOVE_FORWARD
2025-05-04 17:04:32,123 - INFO - Depositing home pheromone
2025-05-04 17:04:32,626 - INFO - Random movement: AntAction.TURN_LEFT
2025-05-04 17:04:33,144 - INFO - Depositing home pheromone
2025-05-04 17:04:33,652 - INFO - Random movement: AntAction.TURN_LEFT
2025-05-04 17:04:34,140 - INFO - Depositing home pheromone
2025-05-04 17:04:34,624 - INFO - Random movement: AntAction.MOVE_FORWARD
2025-05-04 17:04:35,130 - INFO - Depositing home pheromone
2025-05-04 17:04:35,668 - INFO - Random movement: AntAction.TURN_LEFT
2025-05-04 17:04:36,267 - INFO - Depositing home pheromone
2025-05-04 17:04:36,829 - INFO - Random movement: AntAction.TURN_LEFT
2025-05-04 17:04:37,383 - INFO - Depositing home pheromone
2025-05-04 17:04:37,917 - INFO - Random movement: AntAction.MOVE_FORWARD
2025-05-04 17:04:38,440 - INFO - Depositing home pheromone
2025-05-04 17:04:38,962 - INFO - Random movement: AntAction.MOVE_FORWARD
2025-05-04 17:04:39,496 - INFO - Depositing home pheromone
2025-05-04 17:04:40,013 - INFO - Random movement: AntAction.TURN_LEFT
2025-05-04 17:04:40,556 - INFO - Depositing home pheromone
2025-05-04 17:04:41,096 - INFO - Random movement: AntAction.TURN_LEFT
2025-05-04 17:04:41,595 - INFO - Depositing home pheromone
2025-05-04 17:04:42,110 - INFO - Random movement: AntAction.MOVE_FORWARD
2025-05-04 17:04:42,620 - INFO - Depositing home pheromone
2025-05-04 17:04:43,165 - INFO - Random movement: AntAction.TURN_LEFT
2025-05-04 17:04:43,706 - INFO - Depositing home pheromone
2025-05-04 17:04:44,209 - INFO - Random movement: AntAction.MOVE_FORWARD
2025-05-04 17:04:44,748 - INFO - Depositing home pheromone
2025-05-04 17:04:45,236 - INFO - Random movement: AntAction.TURN_LEFT
2025-05-04 17:04:45,744 - INFO - Depositing home pheromone
2025-05-04 17:04:46,235 - INFO - Random movement: AntAction.MOVE_FORWARD
2025-05-04 17:04:46,725 - INFO - Depositing home pheromone
2025-05-04 17:04:47,234 - INFO - Random movement: AntAction.TURN_LEFT
2025-05-04 17:04:47,720 - INFO - Depositing home pheromone
2025-05-04 17:04:48,169 - INFO - Random movement: AntAction.TURN_LEFT
2025-05-04 17:04:48,622 - INFO - Depositing home pheromone
2025-05-04 17:04:49,039 - INFO - Random movement: AntAction.TURN_LEFT
2025-05-04 17:04:49,532 - INFO - Depositing home pheromone
2025-05-04 17:04:50,047 - INFO - Random movement: AntAction.MOVE_FORWARD
2025-05-04 17:04:50,560 - INFO - Depositing home pheromone
2025-05-04 17:04:51,048 - INFO - Random movement: AntAction.TURN_RIGHT
2025-05-04 17:04:51,562 - INFO - Depositing home pheromone
2025-05-04 17:04:52,060 - INFO - Random movement: AntAction.MOVE_FORWARD
2025-05-04 17:04:52,668 - INFO - Bored after searching for food for 51 steps, making random move
2025-05-04 17:04:52,670 - INFO - Made random move: AntAction.TURN_LEFT
2025-05-04 17:04:53,252 - INFO - Depositing home pheromone
2025-05-04 17:04:53,756 - INFO - Random movement: AntAction.TURN_LEFT
2025-05-04 17:04:54,302 - INFO - Depositing home pheromone
2025-05-04 17:04:54,787 - INFO - Random movement: AntAction.MOVE_FORWARD
2025-05-04 17:04:55,303 - INFO - Depositing home pheromone
2025-05-04 17:04:55,837 - INFO - Random movement: AntAction.TURN_LEFT
2025-05-04 17:04:56,358 - INFO - Depositing home pheromone
2025-05-04 17:04:56,836 - INFO - Random movement: AntAction.TURN_LEFT
2025-05-04 17:04:57,395 - INFO - Depositing home pheromone
2025-05-04 17:04:57,884 - INFO - Random movement: AntAction.TURN_LEFT
2025-05-04 17:04:58,416 - INFO - Depositing home pheromone
2025-05-04 17:04:58,948 - INFO - Random movement: AntAction.MOVE_FORWARD
2025-05-04 17:04:59,499 - INFO - Depositing home pheromone
2025-05-04 17:05:00,056 - INFO - Random movement: AntAction.MOVE_FORWARD
2025-05-04 17:05:00,652 - INFO - Depositing home pheromone
2025-05-04 17:05:01,218 - INFO - Random movement: AntAction.TURN_RIGHT
2025-05-04 17:05:01,770 - INFO - Depositing home pheromone
2025-05-04 17:05:02,344 - INFO - Random movement: AntAction.MOVE_FORWARD
2025-05-04 17:05:03,002 - INFO - Depositing home pheromone
2025-05-04 17:05:03,561 - INFO - Random movement: AntAction.MOVE_FORWARD
2025-05-04 17:05:04,120 - INFO - Depositing home pheromone
