2025-05-04 17:04:25,077 - INFO - Initialized with direction Direction.SOUTHEAST
2025-05-04 17:04:25,079 - INFO - Depositing home pheromone
2025-05-04 17:04:27,082 - INFO - Random movement: AntAction.MOVE_FORWARD
2025-05-04 17:04:27,707 - INFO - Depositing home pheromone
2025-05-04 17:04:28,274 - INFO - Random movement: AntAction.MOVE_FORWARD
2025-05-04 17:04:28,793 - INFO - Depositing home pheromone
2025-05-04 17:04:29,310 - INFO - Random movement: AntAction.TURN_RIGHT
2025-05-04 17:04:29,823 - INFO - Depositing home pheromone
2025-05-04 17:04:30,415 - INFO - Random movement: AntAction.MOVE_FORWARD
2025-05-04 17:04:31,009 - INFO - Depositing home pheromone
2025-05-04 17:04:31,518 - INFO - Random movement: AntAction.MOVE_FORWARD
2025-05-04 17:04:31,993 - INFO - Depositing home pheromone
2025-05-04 17:04:32,513 - INFO - Random movement: AntAction.MOVE_FORWARD
2025-05-04 17:04:33,020 - INFO - Depositing home pheromone
2025-05-04 17:04:33,548 - INFO - Random movement: AntAction.MOVE_FORWARD
2025-05-04 17:04:34,017 - INFO - Depositing home pheromone
2025-05-04 17:04:34,523 - INFO - Random movement: AntAction.TURN_RIGHT
2025-05-04 17:04:34,990 - INFO - Depositing home pheromone
2025-05-04 17:04:35,555 - INFO - Random movement: AntAction.MOVE_FORWARD
2025-05-04 17:04:36,113 - INFO - Depositing home pheromone
2025-05-04 17:04:36,721 - INFO - Random movement: AntAction.MOVE_FORWARD
2025-05-04 17:04:37,225 - INFO - Depositing home pheromone
2025-05-04 17:04:37,807 - INFO - Random movement: AntAction.TURN_LEFT
2025-05-04 17:04:38,299 - INFO - Depositing home pheromone
2025-05-04 17:04:38,850 - INFO - Random movement: AntAction.MOVE_FORWARD
2025-05-04 17:04:39,351 - INFO - Depositing home pheromone
2025-05-04 17:04:39,907 - INFO - Random movement: AntAction.MOVE_FORWARD
2025-05-04 17:04:40,425 - INFO - Depositing home pheromone
2025-05-04 17:04:40,979 - INFO - Random movement: AntAction.TURN_LEFT
2025-05-04 17:04:41,466 - INFO - Depositing home pheromone
2025-05-04 17:04:42,000 - INFO - Random movement: AntAction.MOVE_FORWARD
2025-05-04 17:04:42,487 - INFO - Depositing home pheromone
2025-05-04 17:04:43,051 - INFO - Random movement: AntAction.MOVE_FORWARD
2025-05-04 17:04:43,578 - INFO - Depositing home pheromone
2025-05-04 17:04:44,095 - INFO - Random movement: AntAction.MOVE_FORWARD
2025-05-04 17:04:44,615 - INFO - Depositing home pheromone
2025-05-04 17:04:45,132 - INFO - Random movement: AntAction.MOVE_FORWARD
2025-05-04 17:04:45,622 - INFO - Depositing home pheromone
2025-05-04 17:04:46,120 - INFO - Random movement: AntAction.TURN_LEFT
2025-05-04 17:04:46,589 - INFO - Depositing home pheromone
2025-05-04 17:04:47,118 - INFO - Random movement: AntAction.MOVE_FORWARD
2025-05-04 17:04:47,615 - INFO - Depositing home pheromone
2025-05-04 17:04:48,075 - INFO - Random movement: AntAction.MOVE_FORWARD
2025-05-04 17:04:48,532 - INFO - Depositing home pheromone
2025-05-04 17:04:48,930 - INFO - Random movement: AntAction.TURN_LEFT
2025-05-04 17:04:49,400 - INFO - Depositing home pheromone
2025-05-04 17:04:49,932 - INFO - Random movement: AntAction.MOVE_FORWARD
2025-05-04 17:04:50,435 - INFO - Depositing home pheromone
2025-05-04 17:04:50,940 - INFO - Random movement: AntAction.MOVE_FORWARD
2025-05-04 17:04:51,440 - INFO - Depositing home pheromone
2025-05-04 17:04:51,955 - INFO - Random movement: AntAction.TURN_LEFT
2025-05-04 17:04:52,487 - INFO - Bored after searching for food for 51 steps, making random move
2025-05-04 17:04:52,488 - INFO - Made random move: AntAction.TURN_LEFT
2025-05-04 17:04:53,125 - INFO - Depositing home pheromone
2025-05-04 17:04:53,645 - INFO - Random movement: AntAction.MOVE_FORWARD
2025-05-04 17:04:54,159 - INFO - Depositing home pheromone
2025-05-04 17:04:54,672 - INFO - Random movement: AntAction.MOVE_FORWARD
2025-05-04 17:04:55,175 - INFO - Depositing home pheromone
2025-05-04 17:04:55,715 - INFO - Random movement: AntAction.TURN_RIGHT
2025-05-04 17:04:56,232 - INFO - Depositing home pheromone
2025-05-04 17:04:56,748 - INFO - Random movement: AntAction.MOVE_FORWARD
2025-05-04 17:04:57,257 - INFO - Depositing home pheromone
2025-05-04 17:04:57,784 - INFO - Random movement: AntAction.MOVE_FORWARD
2025-05-04 17:04:58,274 - INFO - Depositing home pheromone
2025-05-04 17:04:58,833 - INFO - Random movement: AntAction.TURN_RIGHT
2025-05-04 17:04:59,352 - INFO - Depositing home pheromone
2025-05-04 17:04:59,930 - INFO - Random movement: AntAction.MOVE_FORWARD
2025-05-04 17:05:00,505 - INFO - Depositing home pheromone
2025-05-04 17:05:01,108 - INFO - Random movement: AntAction.MOVE_FORWARD
2025-05-04 17:05:01,635 - INFO - Depositing home pheromone
2025-05-04 17:05:02,210 - INFO - Random movement: AntAction.TURN_LEFT
2025-05-04 17:05:02,838 - INFO - Depositing home pheromone
2025-05-04 17:05:03,439 - INFO - Random movement: AntAction.TURN_LEFT
2025-05-04 17:05:03,977 - INFO - Depositing home pheromone
