2025-05-04 17:04:26,111 - INFO - Initialized with direction Direction.NORTHWEST
2025-05-04 17:04:26,112 - INFO - Depositing home pheromone
2025-05-04 17:04:27,266 - INFO - Random movement: AntAction.TURN_LEFT
2025-05-04 17:04:27,882 - INFO - Depositing home pheromone
2025-05-04 17:04:28,425 - INFO - Random movement: AntAction.TURN_LEFT
2025-05-04 17:04:28,955 - INFO - Depositing home pheromone
2025-05-04 17:04:29,441 - INFO - Random movement: AntAction.TURN_LEFT
2025-05-04 17:04:30,013 - INFO - Depositing home pheromone
2025-05-04 17:04:30,628 - INFO - Random movement: AntAction.MOVE_FORWARD
2025-05-04 17:04:31,182 - INFO - Depositing home pheromone
2025-05-04 17:04:31,649 - INFO - Random movement: AntAction.MOVE_FORWARD
2025-05-04 17:04:32,162 - INFO - Depositing home pheromone
2025-05-04 17:04:32,653 - INFO - Random movement: AntAction.MOVE_FORWARD
2025-05-04 17:04:33,179 - INFO - Depositing home pheromone
2025-05-04 17:04:33,676 - INFO - Random movement: AntAction.MOVE_FORWARD
2025-05-04 17:04:34,180 - INFO - Depositing home pheromone
2025-05-04 17:04:34,653 - INFO - Random movement: AntAction.MOVE_FORWARD
2025-05-04 17:04:35,170 - INFO - Depositing home pheromone
2025-05-04 17:04:35,700 - INFO - Random movement: AntAction.TURN_LEFT
2025-05-04 17:04:36,306 - INFO - Depositing home pheromone
2025-05-04 17:04:36,856 - INFO - Random movement: AntAction.MOVE_FORWARD
2025-05-04 17:04:37,430 - INFO - Depositing home pheromone
2025-05-04 17:04:37,949 - INFO - Random movement: AntAction.MOVE_FORWARD
2025-05-04 17:04:38,477 - INFO - Depositing home pheromone
2025-05-04 17:04:38,993 - INFO - Random movement: AntAction.TURN_RIGHT
2025-05-04 17:04:39,532 - INFO - Depositing home pheromone
2025-05-04 17:04:40,042 - INFO - Random movement: AntAction.TURN_RIGHT
2025-05-04 17:04:40,603 - INFO - Depositing home pheromone
2025-05-04 17:04:41,129 - INFO - Random movement: AntAction.TURN_RIGHT
2025-05-04 17:04:41,628 - INFO - Depositing home pheromone
2025-05-04 17:04:42,137 - INFO - Random movement: AntAction.TURN_LEFT
2025-05-04 17:04:42,665 - INFO - Depositing home pheromone
2025-05-04 17:04:43,200 - INFO - Random movement: AntAction.TURN_RIGHT
2025-05-04 17:04:43,739 - INFO - Depositing home pheromone
2025-05-04 17:04:44,241 - INFO - Random movement: AntAction.MOVE_FORWARD
2025-05-04 17:04:44,782 - INFO - Depositing home pheromone
2025-05-04 17:04:45,265 - INFO - Random movement: AntAction.TURN_LEFT
2025-05-04 17:04:45,782 - INFO - Depositing home pheromone
2025-05-04 17:04:46,267 - INFO - Random movement: AntAction.MOVE_FORWARD
2025-05-04 17:04:46,765 - INFO - Depositing home pheromone
2025-05-04 17:04:47,265 - INFO - Random movement: AntAction.TURN_LEFT
2025-05-04 17:04:47,752 - INFO - Depositing home pheromone
2025-05-04 17:04:48,198 - INFO - Random movement: AntAction.TURN_LEFT
2025-05-04 17:04:48,651 - INFO - Depositing home pheromone
2025-05-04 17:04:49,072 - INFO - Random movement: AntAction.MOVE_FORWARD
2025-05-04 17:04:49,571 - INFO - Depositing home pheromone
2025-05-04 17:04:50,078 - INFO - Random movement: AntAction.MOVE_FORWARD
2025-05-04 17:04:50,595 - INFO - Depositing home pheromone
2025-05-04 17:04:51,080 - INFO - Random movement: AntAction.TURN_RIGHT
2025-05-04 17:04:51,595 - INFO - Depositing home pheromone
2025-05-04 17:04:52,091 - INFO - Random movement: AntAction.TURN_RIGHT
2025-05-04 17:04:52,719 - INFO - Bored after searching for food for 51 steps, making random move
2025-05-04 17:04:52,720 - INFO - Made random move: AntAction.TURN_RIGHT
2025-05-04 17:04:53,293 - INFO - Depositing home pheromone
2025-05-04 17:04:53,789 - INFO - Random movement: AntAction.MOVE_FORWARD
2025-05-04 17:04:54,336 - INFO - Depositing home pheromone
2025-05-04 17:04:54,815 - INFO - Random movement: AntAction.MOVE_FORWARD
2025-05-04 17:04:55,341 - INFO - Depositing home pheromone
2025-05-04 17:04:55,867 - INFO - Random movement: AntAction.TURN_LEFT
2025-05-04 17:04:56,383 - INFO - Depositing home pheromone
2025-05-04 17:04:56,870 - INFO - Random movement: AntAction.TURN_LEFT
2025-05-04 17:04:57,437 - INFO - Depositing home pheromone
2025-05-04 17:04:57,916 - INFO - Random movement: AntAction.MOVE_FORWARD
2025-05-04 17:04:58,457 - INFO - Depositing home pheromone
2025-05-04 17:04:58,982 - INFO - Random movement: AntAction.MOVE_FORWARD
2025-05-04 17:04:59,537 - INFO - Depositing home pheromone
2025-05-04 17:05:00,091 - INFO - Random movement: AntAction.MOVE_FORWARD
2025-05-04 17:05:00,702 - INFO - Depositing home pheromone
2025-05-04 17:05:01,253 - INFO - Random movement: AntAction.MOVE_FORWARD
2025-05-04 17:05:01,807 - INFO - Depositing home pheromone
2025-05-04 17:05:02,385 - INFO - Random movement: AntAction.TURN_LEFT
2025-05-04 17:05:03,045 - INFO - Depositing home pheromone
2025-05-04 17:05:03,592 - INFO - Random movement: AntAction.TURN_LEFT
2025-05-04 17:05:04,162 - INFO - Depositing home pheromone
