2025-05-04 17:04:26,438 - INFO - Initialized with direction Direction.WEST
2025-05-04 17:04:26,440 - INFO - Depositing home pheromone
2025-05-04 17:04:27,322 - INFO - Random movement: AntAction.TURN_LEFT
2025-05-04 17:04:27,939 - INFO - Depositing home pheromone
2025-05-04 17:04:28,469 - INFO - Random movement: AntAction.TURN_LEFT
2025-05-04 17:04:29,012 - INFO - Depositing home pheromone
2025-05-04 17:04:29,484 - INFO - Random movement: AntAction.TURN_LEFT
2025-05-04 17:04:30,074 - INFO - Depositing home pheromone
2025-05-04 17:04:30,691 - INFO - Random movement: AntAction.MOVE_FORWARD
2025-05-04 17:04:31,234 - INFO - Depositing home pheromone
2025-05-04 17:04:31,682 - INFO - Random movement: AntAction.TURN_LEFT
2025-05-04 17:04:32,213 - INFO - Depositing home pheromone
2025-05-04 17:04:32,697 - INFO - Random movement: AntAction.TURN_LEFT
2025-05-04 17:04:33,236 - INFO - Depositing home pheromone
2025-05-04 17:04:33,715 - INFO - Random movement: AntAction.MOVE_FORWARD
2025-05-04 17:04:34,240 - INFO - Depositing home pheromone
2025-05-04 17:04:34,694 - INFO - Random movement: AntAction.TURN_LEFT
2025-05-04 17:04:35,225 - INFO - Depositing home pheromone
2025-05-04 17:04:35,748 - INFO - Random movement: AntAction.TURN_LEFT
2025-05-04 17:04:36,372 - INFO - Depositing home pheromone
2025-05-04 17:04:36,896 - INFO - Random movement: AntAction.TURN_LEFT
2025-05-04 17:04:37,498 - INFO - Depositing home pheromone
2025-05-04 17:04:37,992 - INFO - Random movement: AntAction.MOVE_FORWARD
2025-05-04 17:04:38,535 - INFO - Depositing home pheromone
2025-05-04 17:04:39,035 - INFO - Random movement: AntAction.MOVE_FORWARD
2025-05-04 17:04:39,590 - INFO - Depositing home pheromone
2025-05-04 17:04:40,083 - INFO - Random movement: AntAction.TURN_LEFT
2025-05-04 17:04:40,658 - INFO - Depositing home pheromone
2025-05-04 17:04:41,171 - INFO - Random movement: AntAction.TURN_LEFT
2025-05-04 17:04:41,680 - INFO - Depositing home pheromone
2025-05-04 17:04:42,180 - INFO - Random movement: AntAction.MOVE_FORWARD
2025-05-04 17:04:42,725 - INFO - Depositing home pheromone
2025-05-04 17:04:43,246 - INFO - Random movement: AntAction.MOVE_FORWARD
2025-05-04 17:04:43,790 - INFO - Depositing home pheromone
2025-05-04 17:04:44,284 - INFO - Random movement: AntAction.MOVE_FORWARD
2025-05-04 17:04:44,827 - INFO - Depositing home pheromone
2025-05-04 17:04:45,305 - INFO - Random movement: AntAction.MOVE_FORWARD
2025-05-04 17:04:45,832 - INFO - Depositing home pheromone
2025-05-04 17:04:46,313 - INFO - Random movement: AntAction.MOVE_FORWARD
2025-05-04 17:04:46,819 - INFO - Depositing home pheromone
2025-05-04 17:04:47,312 - INFO - Random movement: AntAction.MOVE_FORWARD
2025-05-04 17:04:47,801 - INFO - Depositing home pheromone
2025-05-04 17:04:48,241 - INFO - Random movement: AntAction.MOVE_FORWARD
2025-05-04 17:04:48,690 - INFO - Depositing home pheromone
2025-05-04 17:04:49,112 - INFO - Random movement: AntAction.MOVE_FORWARD
2025-05-04 17:04:49,622 - INFO - Depositing home pheromone
2025-05-04 17:04:50,124 - INFO - Random movement: AntAction.MOVE_FORWARD
2025-05-04 17:04:50,644 - INFO - Depositing home pheromone
2025-05-04 17:04:51,131 - INFO - Random movement: AntAction.TURN_LEFT
2025-05-04 17:04:51,649 - INFO - Depositing home pheromone
2025-05-04 17:04:52,138 - INFO - Random movement: AntAction.MOVE_FORWARD
2025-05-04 17:04:52,793 - INFO - Bored after searching for food for 51 steps, making random move
2025-05-04 17:04:52,794 - INFO - Made random move: AntAction.MOVE_FORWARD
2025-05-04 17:04:53,350 - INFO - Depositing home pheromone
2025-05-04 17:04:53,839 - INFO - Random movement: AntAction.MOVE_FORWARD
2025-05-04 17:04:54,384 - INFO - Depositing home pheromone
2025-05-04 17:04:54,865 - INFO - Random movement: AntAction.MOVE_FORWARD
2025-05-04 17:04:55,396 - INFO - Depositing home pheromone
2025-05-04 17:04:55,912 - INFO - Random movement: AntAction.MOVE_FORWARD
2025-05-04 17:04:56,435 - INFO - Depositing home pheromone
2025-05-04 17:04:56,921 - INFO - Random movement: AntAction.TURN_LEFT
2025-05-04 17:04:57,489 - INFO - Depositing home pheromone
2025-05-04 17:04:57,962 - INFO - Random movement: AntAction.MOVE_FORWARD
2025-05-04 17:04:58,515 - INFO - Depositing home pheromone
2025-05-04 17:04:59,027 - INFO - Random movement: AntAction.MOVE_FORWARD
2025-05-04 17:04:59,592 - INFO - Depositing home pheromone
2025-05-04 17:05:00,150 - INFO - Random movement: AntAction.MOVE_FORWARD
2025-05-04 17:05:00,761 - INFO - Depositing home pheromone
2025-05-04 17:05:01,306 - INFO - Random movement: AntAction.TURN_LEFT
2025-05-04 17:05:01,864 - INFO - Depositing home pheromone
2025-05-04 17:05:02,452 - INFO - Random movement: AntAction.TURN_LEFT
2025-05-04 17:05:03,104 - INFO - Depositing home pheromone
2025-05-04 17:05:03,642 - INFO - Random movement: AntAction.MOVE_FORWARD
2025-05-04 17:05:04,225 - INFO - Depositing home pheromone
