2025-05-04 17:04:24,830 - INFO - Initialized with direction Direction.WEST
2025-05-04 17:04:24,833 - INFO - Depositing home pheromone
2025-05-04 17:04:26,999 - INFO - Random movement: AntAction.TURN_LEFT
2025-05-04 17:04:27,628 - INFO - Depositing home pheromone
2025-05-04 17:04:28,197 - INFO - Random movement: AntAction.TURN_LEFT
2025-05-04 17:04:28,716 - INFO - Depositing home pheromone
2025-05-04 17:04:29,250 - INFO - Random movement: AntAction.TURN_LEFT
2025-05-04 17:04:29,733 - INFO - Depositing home pheromone
2025-05-04 17:04:30,325 - INFO - Random movement: AntAction.MOVE_FORWARD
2025-05-04 17:04:30,930 - INFO - Depositing home pheromone
2025-05-04 17:04:31,459 - INFO - Random movement: AntAction.MOVE_FORWARD
2025-05-04 17:04:31,924 - INFO - Depositing home pheromone
2025-05-04 17:04:32,455 - INFO - Random movement: AntAction.TURN_RIGHT
2025-05-04 17:04:32,946 - INFO - Depositing home pheromone
2025-05-04 17:04:33,486 - INFO - Random movement: AntAction.MOVE_FORWARD
2025-05-04 17:04:33,956 - INFO - Depositing home pheromone
2025-05-04 17:04:34,469 - INFO - Random movement: AntAction.MOVE_FORWARD
2025-05-04 17:04:34,915 - INFO - Depositing home pheromone
2025-05-04 17:04:35,489 - INFO - Random movement: AntAction.MOVE_FORWARD
2025-05-04 17:04:36,033 - INFO - Depositing home pheromone
2025-05-04 17:04:36,658 - INFO - Random movement: AntAction.MOVE_FORWARD
2025-05-04 17:04:37,147 - INFO - Depositing home pheromone
2025-05-04 17:04:37,754 - INFO - Random movement: AntAction.TURN_RIGHT
2025-05-04 17:04:38,235 - INFO - Depositing home pheromone
2025-05-04 17:04:38,791 - INFO - Random movement: AntAction.TURN_RIGHT
2025-05-04 17:04:39,277 - INFO - Depositing home pheromone
2025-05-04 17:04:39,852 - INFO - Random movement: AntAction.MOVE_FORWARD
2025-05-04 17:04:40,343 - INFO - Depositing home pheromone
2025-05-04 17:04:40,918 - INFO - Random movement: AntAction.MOVE_FORWARD
2025-05-04 17:04:41,404 - INFO - Depositing home pheromone
2025-05-04 17:04:41,927 - INFO - Random movement: AntAction.TURN_LEFT
2025-05-04 17:04:42,420 - INFO - Depositing home pheromone
2025-05-04 17:04:42,986 - INFO - Random movement: AntAction.TURN_LEFT
2025-05-04 17:04:43,509 - INFO - Depositing home pheromone
2025-05-04 17:04:44,032 - INFO - Random movement: AntAction.MOVE_FORWARD
2025-05-04 17:04:44,543 - INFO - Depositing home pheromone
2025-05-04 17:04:45,072 - INFO - Random movement: AntAction.MOVE_FORWARD
2025-05-04 17:04:45,557 - INFO - Depositing home pheromone
2025-05-04 17:04:46,064 - INFO - Random movement: AntAction.MOVE_FORWARD
2025-05-04 17:04:46,528 - INFO - Depositing home pheromone
2025-05-04 17:04:47,062 - INFO - Random movement: AntAction.TURN_LEFT
2025-05-04 17:04:47,561 - INFO - Depositing home pheromone
2025-05-04 17:04:48,022 - INFO - Random movement: AntAction.TURN_RIGHT
2025-05-04 17:04:48,469 - INFO - Depositing home pheromone
2025-05-04 17:04:48,878 - INFO - Random movement: AntAction.MOVE_FORWARD
2025-05-04 17:04:49,325 - INFO - Depositing home pheromone
2025-05-04 17:04:49,882 - INFO - Random movement: AntAction.MOVE_FORWARD
2025-05-04 17:04:50,373 - INFO - Depositing home pheromone
2025-05-04 17:04:50,876 - INFO - Random movement: AntAction.TURN_LEFT
2025-05-04 17:04:51,372 - INFO - Depositing home pheromone
2025-05-04 17:04:51,892 - INFO - Random movement: AntAction.MOVE_FORWARD
2025-05-04 17:04:52,395 - INFO - Bored after searching for food for 51 steps, making random move
2025-05-04 17:04:52,396 - INFO - Made random move: AntAction.MOVE_FORWARD
2025-05-04 17:04:53,056 - INFO - Depositing home pheromone
2025-05-04 17:04:53,590 - INFO - Random movement: AntAction.TURN_LEFT
2025-05-04 17:04:54,085 - INFO - Depositing home pheromone
2025-05-04 17:04:54,613 - INFO - Random movement: AntAction.MOVE_FORWARD
2025-05-04 17:04:55,102 - INFO - Depositing home pheromone
2025-05-04 17:04:55,655 - INFO - Random movement: AntAction.MOVE_FORWARD
2025-05-04 17:04:56,156 - INFO - Depositing home pheromone
2025-05-04 17:04:56,690 - INFO - Random movement: AntAction.MOVE_FORWARD
2025-05-04 17:04:57,188 - INFO - Depositing home pheromone
2025-05-04 17:04:57,729 - INFO - Random movement: AntAction.MOVE_FORWARD
2025-05-04 17:04:58,198 - INFO - Depositing home pheromone
2025-05-04 17:04:58,770 - INFO - Random movement: AntAction.TURN_LEFT
2025-05-04 17:04:59,273 - INFO - Depositing home pheromone
2025-05-04 17:04:59,865 - INFO - Random movement: AntAction.MOVE_FORWARD
2025-05-04 17:05:00,425 - INFO - Depositing home pheromone
2025-05-04 17:05:01,042 - INFO - Random movement: AntAction.MOVE_FORWARD
2025-05-04 17:05:01,560 - INFO - Depositing home pheromone
2025-05-04 17:05:02,143 - INFO - Random movement: AntAction.TURN_LEFT
2025-05-04 17:05:02,755 - INFO - Depositing home pheromone
2025-05-04 17:05:03,364 - INFO - Random movement: AntAction.TURN_LEFT
2025-05-04 17:05:03,904 - INFO - Depositing home pheromone
