2025-05-04 17:04:25,818 - INFO - Initialized with direction Direction.NORTH
2025-05-04 17:04:25,820 - INFO - Depositing home pheromone
2025-05-04 17:04:27,233 - INFO - Random movement: AntAction.TURN_LEFT
2025-05-04 17:04:27,845 - INFO - Depositing home pheromone
2025-05-04 17:04:28,392 - INFO - Random movement: AntAction.TURN_LEFT
2025-05-04 17:04:28,925 - INFO - Depositing home pheromone
2025-05-04 17:04:29,413 - INFO - Random movement: AntAction.TURN_LEFT
2025-05-04 17:04:29,979 - INFO - Depositing home pheromone
2025-05-04 17:04:30,582 - INFO - Random movement: AntAction.TURN_LEFT
2025-05-04 17:04:31,151 - INFO - Depositing home pheromone
2025-05-04 17:04:31,628 - INFO - Random movement: AntAction.MOVE_FORWARD
2025-05-04 17:04:32,125 - INFO - Depositing home pheromone
2025-05-04 17:04:32,627 - INFO - Random movement: AntAction.MOVE_FORWARD
2025-05-04 17:04:33,147 - INFO - Depositing home pheromone
2025-05-04 17:04:33,655 - INFO - Random movement: AntAction.TURN_LEFT
2025-05-04 17:04:34,145 - INFO - Depositing home pheromone
2025-05-04 17:04:34,625 - INFO - Random movement: AntAction.TURN_LEFT
2025-05-04 17:04:35,137 - INFO - Depositing home pheromone
2025-05-04 17:04:35,672 - INFO - Random movement: AntAction.MOVE_FORWARD
2025-05-04 17:04:36,271 - INFO - Depositing home pheromone
2025-05-04 17:04:36,831 - INFO - Random movement: AntAction.TURN_LEFT
2025-05-04 17:04:37,387 - INFO - Depositing home pheromone
2025-05-04 17:04:37,920 - INFO - Random movement: AntAction.MOVE_FORWARD
2025-05-04 17:04:38,443 - INFO - Depositing home pheromone
2025-05-04 17:04:38,965 - INFO - Random movement: AntAction.TURN_LEFT
2025-05-04 17:04:39,499 - INFO - Depositing home pheromone
2025-05-04 17:04:40,015 - INFO - Random movement: AntAction.TURN_LEFT
2025-05-04 17:04:40,560 - INFO - Depositing home pheromone
2025-05-04 17:04:41,099 - INFO - Random movement: AntAction.MOVE_FORWARD
2025-05-04 17:04:41,599 - INFO - Depositing home pheromone
2025-05-04 17:04:42,113 - INFO - Random movement: AntAction.TURN_LEFT
2025-05-04 17:04:42,629 - INFO - Depositing home pheromone
2025-05-04 17:04:43,168 - INFO - Random movement: AntAction.MOVE_FORWARD
2025-05-04 17:04:43,709 - INFO - Depositing home pheromone
2025-05-04 17:04:44,212 - INFO - Random movement: AntAction.TURN_LEFT
2025-05-04 17:04:44,750 - INFO - Depositing home pheromone
2025-05-04 17:04:45,238 - INFO - Random movement: AntAction.TURN_LEFT
2025-05-04 17:04:45,747 - INFO - Depositing home pheromone
2025-05-04 17:04:46,237 - INFO - Random movement: AntAction.MOVE_FORWARD
2025-05-04 17:04:46,729 - INFO - Depositing home pheromone
2025-05-04 17:04:47,236 - INFO - Random movement: AntAction.TURN_LEFT
2025-05-04 17:04:47,722 - INFO - Depositing home pheromone
2025-05-04 17:04:48,171 - INFO - Random movement: AntAction.MOVE_FORWARD
2025-05-04 17:04:48,625 - INFO - Depositing home pheromone
2025-05-04 17:04:49,042 - INFO - Random movement: AntAction.TURN_LEFT
2025-05-04 17:04:49,536 - INFO - Depositing home pheromone
2025-05-04 17:04:50,049 - INFO - Random movement: AntAction.MOVE_FORWARD
2025-05-04 17:04:50,562 - INFO - Depositing home pheromone
2025-05-04 17:04:51,052 - INFO - Random movement: AntAction.TURN_LEFT
2025-05-04 17:04:51,565 - INFO - Depositing home pheromone
2025-05-04 17:04:52,062 - INFO - Random movement: AntAction.TURN_LEFT
2025-05-04 17:04:52,674 - INFO - Bored after searching for food for 51 steps, making random move
2025-05-04 17:04:52,675 - INFO - Made random move: AntAction.TURN_LEFT
2025-05-04 17:04:53,257 - INFO - Depositing home pheromone
2025-05-04 17:04:53,762 - INFO - Random movement: AntAction.TURN_LEFT
2025-05-04 17:04:54,305 - INFO - Depositing home pheromone
2025-05-04 17:04:54,790 - INFO - Random movement: AntAction.MOVE_FORWARD
2025-05-04 17:04:55,308 - INFO - Depositing home pheromone
2025-05-04 17:04:55,840 - INFO - Random movement: AntAction.MOVE_FORWARD
2025-05-04 17:04:56,359 - INFO - Depositing home pheromone
2025-05-04 17:04:56,839 - INFO - Random movement: AntAction.TURN_LEFT
2025-05-04 17:04:57,398 - INFO - Depositing home pheromone
2025-05-04 17:04:57,887 - INFO - Random movement: AntAction.TURN_LEFT
2025-05-04 17:04:58,419 - INFO - Depositing home pheromone
2025-05-04 17:04:58,951 - INFO - Random movement: AntAction.MOVE_FORWARD
2025-05-04 17:04:59,503 - INFO - Depositing home pheromone
2025-05-04 17:05:00,059 - INFO - Random movement: AntAction.MOVE_FORWARD
2025-05-04 17:05:00,659 - INFO - Depositing home pheromone
2025-05-04 17:05:01,220 - INFO - Random movement: AntAction.MOVE_FORWARD
2025-05-04 17:05:01,774 - INFO - Depositing home pheromone
2025-05-04 17:05:02,347 - INFO - Random movement: AntAction.MOVE_FORWARD
2025-05-04 17:05:03,006 - INFO - Depositing home pheromone
2025-05-04 17:05:03,563 - INFO - Random movement: AntAction.MOVE_FORWARD
2025-05-04 17:05:04,123 - INFO - Depositing home pheromone
