2025-05-04 17:04:26,243 - INFO - Initialized with direction Direction.SOUTH
2025-05-04 17:04:26,245 - INFO - Depositing home pheromone
2025-05-04 17:04:27,286 - INFO - Random movement: AntAction.TURN_LEFT
2025-05-04 17:04:27,904 - INFO - Depositing home pheromone
2025-05-04 17:04:28,442 - INFO - Random movement: AntAction.MOVE_FORWARD
2025-05-04 17:04:28,977 - INFO - Depositing home pheromone
2025-05-04 17:04:29,457 - INFO - Random movement: AntAction.TURN_RIGHT
2025-05-04 17:04:30,037 - INFO - Depositing home pheromone
2025-05-04 17:04:30,649 - INFO - Random movement: AntAction.MOVE_FORWARD
2025-05-04 17:04:31,203 - INFO - Depositing home pheromone
2025-05-04 17:04:31,662 - INFO - Random movement: AntAction.TURN_RIGHT
2025-05-04 17:04:32,184 - INFO - Depositing home pheromone
2025-05-04 17:04:32,670 - INFO - Random movement: AntAction.MOVE_FORWARD
2025-05-04 17:04:33,200 - INFO - Depositing home pheromone
2025-05-04 17:04:33,690 - INFO - Random movement: AntAction.TURN_LEFT
2025-05-04 17:04:34,206 - INFO - Depositing home pheromone
2025-05-04 17:04:34,667 - INFO - Random movement: AntAction.TURN_LEFT
2025-05-04 17:04:35,190 - INFO - Depositing home pheromone
2025-05-04 17:04:35,717 - INFO - Random movement: AntAction.MOVE_FORWARD
2025-05-04 17:04:36,327 - INFO - Depositing home pheromone
2025-05-04 17:04:36,870 - INFO - Random movement: AntAction.MOVE_FORWARD
2025-05-04 17:04:37,450 - INFO - Depositing home pheromone
2025-05-04 17:04:37,965 - INFO - Random movement: AntAction.TURN_RIGHT
2025-05-04 17:04:38,498 - INFO - Depositing home pheromone
2025-05-04 17:04:39,009 - INFO - Random movement: AntAction.MOVE_FORWARD
2025-05-04 17:04:39,554 - INFO - Depositing home pheromone
2025-05-04 17:04:40,058 - INFO - Random movement: AntAction.TURN_RIGHT
2025-05-04 17:04:40,623 - INFO - Depositing home pheromone
2025-05-04 17:04:41,146 - INFO - Random movement: AntAction.MOVE_FORWARD
2025-05-04 17:04:41,648 - INFO - Depositing home pheromone
2025-05-04 17:04:42,153 - INFO - Random movement: AntAction.MOVE_FORWARD
2025-05-04 17:04:42,684 - INFO - Depositing home pheromone
2025-05-04 17:04:43,219 - INFO - Random movement: AntAction.TURN_LEFT
2025-05-04 17:04:43,759 - INFO - Depositing home pheromone
2025-05-04 17:04:44,258 - INFO - Random movement: AntAction.MOVE_FORWARD
2025-05-04 17:04:44,799 - INFO - Depositing home pheromone
2025-05-04 17:04:45,280 - INFO - Random movement: AntAction.MOVE_FORWARD
2025-05-04 17:04:45,800 - INFO - Depositing home pheromone
2025-05-04 17:04:46,283 - INFO - Random movement: AntAction.MOVE_FORWARD
2025-05-04 17:04:46,789 - INFO - Depositing home pheromone
2025-05-04 17:04:47,282 - INFO - Random movement: AntAction.MOVE_FORWARD
2025-05-04 17:04:47,769 - INFO - Depositing home pheromone
2025-05-04 17:04:48,214 - INFO - Random movement: AntAction.MOVE_FORWARD
2025-05-04 17:04:48,664 - INFO - Depositing home pheromone
2025-05-04 17:04:49,088 - INFO - Random movement: AntAction.MOVE_FORWARD
2025-05-04 17:04:49,595 - INFO - Depositing home pheromone
2025-05-04 17:04:50,100 - INFO - Random movement: AntAction.TURN_LEFT
2025-05-04 17:04:50,613 - INFO - Depositing home pheromone
2025-05-04 17:04:51,102 - INFO - Random movement: AntAction.TURN_LEFT
2025-05-04 17:04:51,615 - INFO - Depositing home pheromone
2025-05-04 17:04:52,109 - INFO - Random movement: AntAction.MOVE_FORWARD
2025-05-04 17:04:52,747 - INFO - Bored after searching for food for 51 steps, making random move
2025-05-04 17:04:52,748 - INFO - Made random move: AntAction.MOVE_FORWARD
2025-05-04 17:04:53,315 - INFO - Depositing home pheromone
2025-05-04 17:04:53,809 - INFO - Random movement: AntAction.MOVE_FORWARD
2025-05-04 17:04:54,355 - INFO - Depositing home pheromone
2025-05-04 17:04:54,837 - INFO - Random movement: AntAction.MOVE_FORWARD
2025-05-04 17:04:55,363 - INFO - Depositing home pheromone
2025-05-04 17:04:55,885 - INFO - Random movement: AntAction.TURN_LEFT
2025-05-04 17:04:56,403 - INFO - Depositing home pheromone
2025-05-04 17:04:56,887 - INFO - Random movement: AntAction.TURN_LEFT
2025-05-04 17:04:57,457 - INFO - Depositing home pheromone
2025-05-04 17:04:57,936 - INFO - Random movement: AntAction.MOVE_FORWARD
2025-05-04 17:04:58,480 - INFO - Depositing home pheromone
2025-05-04 17:04:58,999 - INFO - Random movement: AntAction.MOVE_FORWARD
2025-05-04 17:04:59,557 - INFO - Depositing home pheromone
2025-05-04 17:05:00,117 - INFO - Random movement: AntAction.TURN_LEFT
2025-05-04 17:05:00,725 - INFO - Depositing home pheromone
2025-05-04 17:05:01,273 - INFO - Random movement: AntAction.TURN_LEFT
2025-05-04 17:05:01,827 - INFO - Depositing home pheromone
2025-05-04 17:05:02,410 - INFO - Random movement: AntAction.MOVE_FORWARD
2025-05-04 17:05:03,067 - INFO - Depositing home pheromone
2025-05-04 17:05:03,611 - INFO - Random movement: AntAction.MOVE_FORWARD
2025-05-04 17:05:04,185 - INFO - Depositing home pheromone
