2025-05-04 17:04:26,428 - INFO - Initialized with direction Direction.NORTHEAST
2025-05-04 17:04:26,430 - INFO - Depositing home pheromone
2025-05-04 17:04:27,319 - INFO - Random movement: AntAction.TURN_RIGHT
2025-05-04 17:04:27,935 - INFO - Depositing home pheromone
2025-05-04 17:04:28,467 - INFO - Random movement: AntAction.MOVE_FORWARD
2025-05-04 17:04:29,009 - INFO - Depositing home pheromone
2025-05-04 17:04:29,482 - INFO - Random movement: AntAction.MOVE_FORWARD
2025-05-04 17:04:30,071 - INFO - Depositing home pheromone
2025-05-04 17:04:30,686 - INFO - Random movement: AntAction.TURN_LEFT
2025-05-04 17:04:31,230 - INFO - Depositing home pheromone
2025-05-04 17:04:31,679 - INFO - Random movement: AntAction.TURN_LEFT
2025-05-04 17:04:32,210 - INFO - Depositing home pheromone
2025-05-04 17:04:32,695 - INFO - Random movement: AntAction.TURN_LEFT
2025-05-04 17:04:33,232 - INFO - Depositing home pheromone
2025-05-04 17:04:33,713 - INFO - Random movement: AntAction.TURN_LEFT
2025-05-04 17:04:34,238 - INFO - Depositing home pheromone
2025-05-04 17:04:34,692 - INFO - Random movement: AntAction.TURN_LEFT
2025-05-04 17:04:35,222 - INFO - Depositing home pheromone
2025-05-04 17:04:35,742 - INFO - Random movement: AntAction.TURN_LEFT
2025-05-04 17:04:36,367 - INFO - Depositing home pheromone
2025-05-04 17:04:36,893 - INFO - Random movement: AntAction.TURN_RIGHT
2025-05-04 17:04:37,495 - INFO - Depositing home pheromone
2025-05-04 17:04:37,990 - INFO - Random movement: AntAction.TURN_RIGHT
2025-05-04 17:04:38,532 - INFO - Depositing home pheromone
2025-05-04 17:04:39,032 - INFO - Random movement: AntAction.TURN_LEFT
2025-05-04 17:04:39,587 - INFO - Depositing home pheromone
2025-05-04 17:04:40,080 - INFO - Random movement: AntAction.MOVE_FORWARD
2025-05-04 17:04:40,653 - INFO - Depositing home pheromone
2025-05-04 17:04:41,169 - INFO - Random movement: AntAction.MOVE_FORWARD
2025-05-04 17:04:41,676 - INFO - Depositing home pheromone
2025-05-04 17:04:42,177 - INFO - Random movement: AntAction.TURN_LEFT
2025-05-04 17:04:42,718 - INFO - Depositing home pheromone
2025-05-04 17:04:43,242 - INFO - Random movement: AntAction.MOVE_FORWARD
2025-05-04 17:04:43,788 - INFO - Depositing home pheromone
2025-05-04 17:04:44,283 - INFO - Random movement: AntAction.MOVE_FORWARD
2025-05-04 17:04:44,825 - INFO - Depositing home pheromone
2025-05-04 17:04:45,302 - INFO - Random movement: AntAction.MOVE_FORWARD
2025-05-04 17:04:45,830 - INFO - Depositing home pheromone
2025-05-04 17:04:46,310 - INFO - Random movement: AntAction.MOVE_FORWARD
2025-05-04 17:04:46,817 - INFO - Depositing home pheromone
2025-05-04 17:04:47,309 - INFO - Random movement: AntAction.MOVE_FORWARD
2025-05-04 17:04:47,797 - INFO - Depositing home pheromone
2025-05-04 17:04:48,239 - INFO - Random movement: AntAction.MOVE_FORWARD
2025-05-04 17:04:48,687 - INFO - Depositing home pheromone
2025-05-04 17:04:49,110 - INFO - Random movement: AntAction.MOVE_FORWARD
2025-05-04 17:04:49,619 - INFO - Depositing home pheromone
2025-05-04 17:04:50,120 - INFO - Random movement: AntAction.TURN_LEFT
2025-05-04 17:04:50,640 - INFO - Depositing home pheromone
2025-05-04 17:04:51,128 - INFO - Random movement: AntAction.MOVE_FORWARD
2025-05-04 17:04:51,646 - INFO - Depositing home pheromone
2025-05-04 17:04:52,135 - INFO - Random movement: AntAction.MOVE_FORWARD
2025-05-04 17:04:52,788 - INFO - Bored after searching for food for 51 steps, making random move
2025-05-04 17:04:52,789 - INFO - Made random move: AntAction.MOVE_FORWARD
2025-05-04 17:04:53,347 - INFO - Depositing home pheromone
2025-05-04 17:04:53,837 - INFO - Random movement: AntAction.MOVE_FORWARD
2025-05-04 17:04:54,380 - INFO - Depositing home pheromone
2025-05-04 17:04:54,863 - INFO - Random movement: AntAction.MOVE_FORWARD
2025-05-04 17:04:55,393 - INFO - Depositing home pheromone
2025-05-04 17:04:55,909 - INFO - Random movement: AntAction.TURN_LEFT
2025-05-04 17:04:56,432 - INFO - Depositing home pheromone
2025-05-04 17:04:56,917 - INFO - Random movement: AntAction.MOVE_FORWARD
2025-05-04 17:04:57,485 - INFO - Depositing home pheromone
2025-05-04 17:04:57,959 - INFO - Random movement: AntAction.MOVE_FORWARD
2025-05-04 17:04:58,511 - INFO - Depositing home pheromone
2025-05-04 17:04:59,025 - INFO - Random movement: AntAction.TURN_LEFT
2025-05-04 17:04:59,588 - INFO - Depositing home pheromone
2025-05-04 17:05:00,146 - INFO - Random movement: AntAction.MOVE_FORWARD
2025-05-04 17:05:00,759 - INFO - Depositing home pheromone
2025-05-04 17:05:01,303 - INFO - Random movement: AntAction.TURN_LEFT
2025-05-04 17:05:01,860 - INFO - Depositing home pheromone
2025-05-04 17:05:02,447 - INFO - Random movement: AntAction.MOVE_FORWARD
2025-05-04 17:05:03,100 - INFO - Depositing home pheromone
2025-05-04 17:05:03,637 - INFO - Random movement: AntAction.MOVE_FORWARD
2025-05-04 17:05:04,219 - INFO - Depositing home pheromone
