2025-05-04 17:04:26,457 - INFO - Initialized with direction Direction.SOUTHWEST
2025-05-04 17:04:26,466 - INFO - Depositing home pheromone
2025-05-04 17:04:27,326 - INFO - Random movement: AntAction.TURN_LEFT
2025-05-04 17:04:27,942 - INFO - Depositing home pheromone
2025-05-04 17:04:28,472 - INFO - Random movement: AntAction.MOVE_FORWARD
2025-05-04 17:04:29,015 - INFO - Depositing home pheromone
2025-05-04 17:04:29,488 - INFO - Random movement: AntAction.MOVE_FORWARD
2025-05-04 17:04:30,077 - INFO - Depositing home pheromone
2025-05-04 17:04:30,696 - INFO - Random movement: AntAction.MOVE_FORWARD
2025-05-04 17:04:31,236 - INFO - Depositing home pheromone
2025-05-04 17:04:31,685 - INFO - Random movement: AntAction.MOVE_FORWARD
2025-05-04 17:04:32,217 - INFO - Depositing home pheromone
2025-05-04 17:04:32,699 - INFO - Random movement: AntAction.TURN_LEFT
2025-05-04 17:04:33,239 - INFO - Depositing home pheromone
2025-05-04 17:04:33,719 - INFO - Random movement: AntAction.MOVE_FORWARD
2025-05-04 17:04:34,244 - INFO - Depositing home pheromone
2025-05-04 17:04:34,697 - INFO - Random movement: AntAction.TURN_LEFT
2025-05-04 17:04:35,228 - INFO - Depositing home pheromone
2025-05-04 17:04:35,750 - INFO - Random movement: AntAction.MOVE_FORWARD
2025-05-04 17:04:36,377 - INFO - Depositing home pheromone
2025-05-04 17:04:36,898 - INFO - Random movement: AntAction.TURN_LEFT
2025-05-04 17:04:37,500 - INFO - Depositing home pheromone
2025-05-04 17:04:37,996 - INFO - Random movement: AntAction.TURN_LEFT
2025-05-04 17:04:38,539 - INFO - Depositing home pheromone
2025-05-04 17:04:39,039 - INFO - Random movement: AntAction.MOVE_FORWARD
2025-05-04 17:04:39,595 - INFO - Depositing home pheromone
2025-05-04 17:04:40,087 - INFO - Random movement: AntAction.MOVE_FORWARD
2025-05-04 17:04:40,662 - INFO - Depositing home pheromone
2025-05-04 17:04:41,173 - INFO - Random movement: AntAction.MOVE_FORWARD
2025-05-04 17:04:41,682 - INFO - Depositing home pheromone
2025-05-04 17:04:42,182 - INFO - Random movement: AntAction.TURN_LEFT
2025-05-04 17:04:42,728 - INFO - Depositing home pheromone
2025-05-04 17:04:43,248 - INFO - Random movement: AntAction.TURN_LEFT
2025-05-04 17:04:43,794 - INFO - Depositing home pheromone
2025-05-04 17:04:44,287 - INFO - Random movement: AntAction.MOVE_FORWARD
2025-05-04 17:04:44,830 - INFO - Depositing home pheromone
2025-05-04 17:04:45,308 - INFO - Random movement: AntAction.MOVE_FORWARD
2025-05-04 17:04:45,835 - INFO - Depositing home pheromone
2025-05-04 17:04:46,316 - INFO - Random movement: AntAction.TURN_LEFT
2025-05-04 17:04:46,823 - INFO - Depositing home pheromone
2025-05-04 17:04:47,314 - INFO - Random movement: AntAction.TURN_LEFT
2025-05-04 17:04:47,803 - INFO - Depositing home pheromone
2025-05-04 17:04:48,243 - INFO - Random movement: AntAction.MOVE_FORWARD
2025-05-04 17:04:48,692 - INFO - Depositing home pheromone
2025-05-04 17:04:49,115 - INFO - Random movement: AntAction.MOVE_FORWARD
2025-05-04 17:04:49,625 - INFO - Depositing home pheromone
2025-05-04 17:04:50,129 - INFO - Random movement: AntAction.MOVE_FORWARD
2025-05-04 17:04:50,647 - INFO - Depositing home pheromone
2025-05-04 17:04:51,132 - INFO - Random movement: AntAction.MOVE_FORWARD
2025-05-04 17:04:51,654 - INFO - Depositing home pheromone
2025-05-04 17:04:52,141 - INFO - Random movement: AntAction.TURN_LEFT
2025-05-04 17:04:52,798 - INFO - Bored after searching for food for 51 steps, making random move
2025-05-04 17:04:52,798 - INFO - Made random move: AntAction.TURN_RIGHT
2025-05-04 17:04:53,353 - INFO - Depositing home pheromone
2025-05-04 17:04:53,842 - INFO - Random movement: AntAction.MOVE_FORWARD
2025-05-04 17:04:54,387 - INFO - Depositing home pheromone
2025-05-04 17:04:54,867 - INFO - Random movement: AntAction.TURN_LEFT
2025-05-04 17:04:55,403 - INFO - Depositing home pheromone
2025-05-04 17:04:55,916 - INFO - Random movement: AntAction.TURN_RIGHT
2025-05-04 17:04:56,437 - INFO - Depositing home pheromone
2025-05-04 17:04:56,925 - INFO - Random movement: AntAction.TURN_LEFT
2025-05-04 17:04:57,493 - INFO - Depositing home pheromone
2025-05-04 17:04:57,964 - INFO - Random movement: AntAction.MOVE_FORWARD
2025-05-04 17:04:58,522 - INFO - Depositing home pheromone
2025-05-04 17:04:59,030 - INFO - Random movement: AntAction.MOVE_FORWARD
2025-05-04 17:04:59,596 - INFO - Depositing home pheromone
2025-05-04 17:05:00,153 - INFO - Random movement: AntAction.TURN_RIGHT
2025-05-04 17:05:00,765 - INFO - Depositing home pheromone
2025-05-04 17:05:01,309 - INFO - Random movement: AntAction.MOVE_FORWARD
2025-05-04 17:05:01,867 - INFO - Depositing home pheromone
2025-05-04 17:05:02,455 - INFO - Random movement: AntAction.MOVE_FORWARD
2025-05-04 17:05:03,108 - INFO - Depositing home pheromone
2025-05-04 17:05:03,644 - INFO - Random movement: AntAction.TURN_LEFT
2025-05-04 17:05:04,230 - INFO - Depositing home pheromone
