2025-05-04 17:04:24,622 - INFO - Initialized with direction Direction.NORTH
2025-05-04 17:04:24,628 - INFO - Depositing home pheromone
2025-05-04 17:04:26,966 - INFO - Random movement: AntAction.TURN_LEFT
2025-05-04 17:04:27,578 - INFO - Depositing home pheromone
2025-05-04 17:04:28,166 - INFO - Random movement: AntAction.TURN_LEFT
2025-05-04 17:04:28,683 - INFO - Depositing home pheromone
2025-05-04 17:04:29,223 - INFO - Random movement: AntAction.TURN_LEFT
2025-05-04 17:04:29,693 - INFO - Depositing home pheromone
2025-05-04 17:04:30,279 - INFO - Random movement: AntAction.TURN_LEFT
2025-05-04 17:04:30,898 - INFO - Depositing home pheromone
2025-05-04 17:04:31,429 - INFO - Random movement: AntAction.MOVE_FORWARD
2025-05-04 17:04:31,894 - INFO - Depositing home pheromone
2025-05-04 17:04:32,429 - INFO - Random movement: AntAction.MOVE_FORWARD
2025-05-04 17:04:32,915 - INFO - Depositing home pheromone
2025-05-04 17:04:33,460 - INFO - Random movement: AntAction.MOVE_FORWARD
2025-05-04 17:04:33,927 - INFO - Depositing home pheromone
2025-05-04 17:04:34,445 - INFO - Random movement: AntAction.TURN_LEFT
2025-05-04 17:04:34,887 - INFO - Depositing home pheromone
2025-05-04 17:04:35,458 - INFO - Random movement: AntAction.MOVE_FORWARD
2025-05-04 17:04:35,999 - INFO - Depositing home pheromone
2025-05-04 17:04:36,627 - INFO - Random movement: AntAction.MOVE_FORWARD
2025-05-04 17:04:37,114 - INFO - Depositing home pheromone
2025-05-04 17:04:37,730 - INFO - Random movement: AntAction.TURN_RIGHT
2025-05-04 17:04:38,207 - INFO - Depositing home pheromone
2025-05-04 17:04:38,758 - INFO - Random movement: AntAction.MOVE_FORWARD
2025-05-04 17:04:39,246 - INFO - Depositing home pheromone
2025-05-04 17:04:39,828 - INFO - Random movement: AntAction.MOVE_FORWARD
2025-05-04 17:04:40,307 - INFO - Depositing home pheromone
2025-05-04 17:04:40,890 - INFO - Random movement: AntAction.MOVE_FORWARD
2025-05-04 17:04:41,375 - INFO - Depositing home pheromone
2025-05-04 17:04:41,895 - INFO - Random movement: AntAction.MOVE_FORWARD
2025-05-04 17:04:42,386 - INFO - Depositing home pheromone
2025-05-04 17:04:42,957 - INFO - Random movement: AntAction.TURN_RIGHT
2025-05-04 17:04:43,480 - INFO - Depositing home pheromone
2025-05-04 17:04:44,003 - INFO - Random movement: AntAction.MOVE_FORWARD
2025-05-04 17:04:44,514 - INFO - Depositing home pheromone
2025-05-04 17:04:45,042 - INFO - Random movement: AntAction.MOVE_FORWARD
2025-05-04 17:04:45,523 - INFO - Depositing home pheromone
2025-05-04 17:04:46,035 - INFO - Random movement: AntAction.TURN_LEFT
2025-05-04 17:04:46,498 - INFO - Depositing home pheromone
2025-05-04 17:04:47,035 - INFO - Random movement: AntAction.TURN_LEFT
2025-05-04 17:04:47,528 - INFO - Depositing home pheromone
2025-05-04 17:04:48,001 - INFO - Random movement: AntAction.TURN_LEFT
2025-05-04 17:04:48,439 - INFO - Depositing home pheromone
2025-05-04 17:04:48,856 - INFO - Random movement: AntAction.TURN_LEFT
2025-05-04 17:04:49,297 - INFO - Depositing home pheromone
2025-05-04 17:04:49,852 - INFO - Random movement: AntAction.MOVE_FORWARD
2025-05-04 17:04:50,342 - INFO - Depositing home pheromone
2025-05-04 17:04:50,848 - INFO - Random movement: AntAction.TURN_RIGHT
2025-05-04 17:04:51,343 - INFO - Depositing home pheromone
2025-05-04 17:04:51,867 - INFO - Random movement: AntAction.MOVE_FORWARD
2025-05-04 17:04:52,347 - INFO - Bored after searching for food for 51 steps, making random move
2025-05-04 17:04:52,349 - INFO - Made random move: AntAction.TURN_LEFT
2025-05-04 17:04:53,023 - INFO - Depositing home pheromone
2025-05-04 17:04:53,564 - INFO - Random movement: AntAction.TURN_LEFT
2025-05-04 17:04:54,055 - INFO - Depositing home pheromone
2025-05-04 17:04:54,582 - INFO - Random movement: AntAction.TURN_LEFT
2025-05-04 17:04:55,075 - INFO - Depositing home pheromone
2025-05-04 17:04:55,625 - INFO - Random movement: AntAction.MOVE_FORWARD
2025-05-04 17:04:56,122 - INFO - Depositing home pheromone
2025-05-04 17:04:56,656 - INFO - Random movement: AntAction.MOVE_FORWARD
2025-05-04 17:04:57,157 - INFO - Depositing home pheromone
2025-05-04 17:04:57,706 - INFO - Random movement: AntAction.TURN_RIGHT
2025-05-04 17:04:58,166 - INFO - Depositing home pheromone
2025-05-04 17:04:58,743 - INFO - Random movement: AntAction.MOVE_FORWARD
2025-05-04 17:04:59,240 - INFO - Depositing home pheromone
2025-05-04 17:04:59,830 - INFO - Random movement: AntAction.MOVE_FORWARD
2025-05-04 17:05:00,385 - INFO - Depositing home pheromone
2025-05-04 17:05:01,007 - INFO - Random movement: AntAction.MOVE_FORWARD
2025-05-04 17:05:01,529 - INFO - Depositing home pheromone
2025-05-04 17:05:02,111 - INFO - Random movement: AntAction.TURN_RIGHT
2025-05-04 17:05:02,726 - INFO - Depositing home pheromone
2025-05-04 17:05:03,336 - INFO - Random movement: AntAction.MOVE_FORWARD
2025-05-04 17:05:03,869 - INFO - Depositing home pheromone
