2025-05-04 17:04:24,931 - INFO - Initialized with direction Direction.EAST
2025-05-04 17:04:24,933 - INFO - Depositing home pheromone
2025-05-04 17:04:27,032 - INFO - Random movement: AntAction.MOVE_FORWARD
2025-05-04 17:04:27,658 - INFO - Depositing home pheromone
2025-05-04 17:04:28,230 - INFO - Random movement: AntAction.MOVE_FORWARD
2025-05-04 17:04:28,747 - INFO - Depositing home pheromone
2025-05-04 17:04:29,274 - INFO - Random movement: AntAction.TURN_LEFT
2025-05-04 17:04:29,767 - INFO - Depositing home pheromone
2025-05-04 17:04:30,360 - INFO - Random movement: AntAction.TURN_LEFT
2025-05-04 17:04:30,964 - INFO - Depositing home pheromone
2025-05-04 17:04:31,480 - INFO - Random movement: AntAction.TURN_LEFT
2025-05-04 17:04:31,951 - INFO - Depositing home pheromone
2025-05-04 17:04:32,477 - INFO - Random movement: AntAction.TURN_LEFT
2025-05-04 17:04:32,974 - INFO - Depositing home pheromone
2025-05-04 17:04:33,512 - INFO - Random movement: AntAction.TURN_LEFT
2025-05-04 17:04:33,979 - INFO - Depositing home pheromone
2025-05-04 17:04:34,489 - INFO - Random movement: AntAction.TURN_RIGHT
2025-05-04 17:04:34,942 - INFO - Depositing home pheromone
2025-05-04 17:04:35,516 - INFO - Random movement: AntAction.TURN_LEFT
2025-05-04 17:04:36,060 - INFO - Depositing home pheromone
2025-05-04 17:04:36,683 - INFO - Random movement: AntAction.MOVE_FORWARD
2025-05-04 17:04:37,177 - INFO - Depositing home pheromone
2025-05-04 17:04:37,774 - INFO - Random movement: AntAction.TURN_RIGHT
2025-05-04 17:04:38,260 - INFO - Depositing home pheromone
2025-05-04 17:04:38,815 - INFO - Random movement: AntAction.MOVE_FORWARD
2025-05-04 17:04:39,306 - INFO - Depositing home pheromone
2025-05-04 17:04:39,874 - INFO - Random movement: AntAction.TURN_LEFT
2025-05-04 17:04:40,375 - INFO - Depositing home pheromone
2025-05-04 17:04:40,942 - INFO - Random movement: AntAction.TURN_LEFT
2025-05-04 17:04:41,426 - INFO - Depositing home pheromone
2025-05-04 17:04:41,949 - INFO - Random movement: AntAction.MOVE_FORWARD
2025-05-04 17:04:42,444 - INFO - Depositing home pheromone
2025-05-04 17:04:43,010 - INFO - Random movement: AntAction.TURN_LEFT
2025-05-04 17:04:43,534 - INFO - Depositing home pheromone
2025-05-04 17:04:44,054 - INFO - Random movement: AntAction.MOVE_FORWARD
2025-05-04 17:04:44,569 - INFO - Depositing home pheromone
2025-05-04 17:04:45,093 - INFO - Random movement: AntAction.TURN_LEFT
2025-05-04 17:04:45,580 - INFO - Depositing home pheromone
2025-05-04 17:04:46,085 - INFO - Random movement: AntAction.MOVE_FORWARD
2025-05-04 17:04:46,549 - INFO - Depositing home pheromone
2025-05-04 17:04:47,083 - INFO - Random movement: AntAction.TURN_LEFT
2025-05-04 17:04:47,584 - INFO - Depositing home pheromone
2025-05-04 17:04:48,044 - INFO - Random movement: AntAction.TURN_LEFT
2025-05-04 17:04:48,491 - INFO - Depositing home pheromone
2025-05-04 17:04:48,895 - INFO - Random movement: AntAction.MOVE_FORWARD
2025-05-04 17:04:49,349 - INFO - Depositing home pheromone
2025-05-04 17:04:49,899 - INFO - Random movement: AntAction.TURN_LEFT
2025-05-04 17:04:50,396 - INFO - Depositing home pheromone
2025-05-04 17:04:50,901 - INFO - Random movement: AntAction.MOVE_FORWARD
2025-05-04 17:04:51,399 - INFO - Depositing home pheromone
2025-05-04 17:04:51,915 - INFO - Random movement: AntAction.TURN_RIGHT
2025-05-04 17:04:52,426 - INFO - Bored after searching for food for 51 steps, making random move
2025-05-04 17:04:52,428 - INFO - Made random move: AntAction.TURN_LEFT
2025-05-04 17:04:53,082 - INFO - Depositing home pheromone
2025-05-04 17:04:53,606 - INFO - Random movement: AntAction.TURN_RIGHT
2025-05-04 17:04:54,112 - INFO - Depositing home pheromone
2025-05-04 17:04:54,636 - INFO - Random movement: AntAction.TURN_LEFT
2025-05-04 17:04:55,127 - INFO - Depositing home pheromone
2025-05-04 17:04:55,678 - INFO - Random movement: AntAction.TURN_RIGHT
2025-05-04 17:04:56,186 - INFO - Depositing home pheromone
2025-05-04 17:04:56,714 - INFO - Random movement: AntAction.MOVE_FORWARD
2025-05-04 17:04:57,212 - INFO - Depositing home pheromone
2025-05-04 17:04:57,749 - INFO - Random movement: AntAction.TURN_LEFT
2025-05-04 17:04:58,226 - INFO - Depositing home pheromone
2025-05-04 17:04:58,789 - INFO - Random movement: AntAction.TURN_LEFT
2025-05-04 17:04:59,303 - INFO - Depositing home pheromone
2025-05-04 17:04:59,889 - INFO - Random movement: AntAction.TURN_LEFT
2025-05-04 17:05:00,452 - INFO - Depositing home pheromone
2025-05-04 17:05:01,069 - INFO - Random movement: AntAction.MOVE_FORWARD
2025-05-04 17:05:01,588 - INFO - Depositing home pheromone
2025-05-04 17:05:02,165 - INFO - Random movement: AntAction.TURN_LEFT
2025-05-04 17:05:02,791 - INFO - Depositing home pheromone
2025-05-04 17:05:03,396 - INFO - Random movement: AntAction.MOVE_FORWARD
2025-05-04 17:05:03,931 - INFO - Depositing home pheromone
