2025-05-04 17:04:25,259 - INFO - Initialized with direction Direction.NORTHEAST
2025-05-04 17:04:25,260 - INFO - Depositing home pheromone
2025-05-04 17:04:27,132 - INFO - Random movement: AntAction.TURN_RIGHT
2025-05-04 17:04:27,760 - INFO - Depositing home pheromone
2025-05-04 17:04:28,314 - INFO - Random movement: AntAction.MOVE_FORWARD
2025-05-04 17:04:28,839 - INFO - Depositing home pheromone
2025-05-04 17:04:29,346 - INFO - Random movement: AntAction.MOVE_FORWARD
2025-05-04 17:04:29,880 - INFO - Depositing home pheromone
2025-05-04 17:04:30,477 - INFO - Random movement: AntAction.TURN_LEFT
2025-05-04 17:04:31,062 - INFO - Depositing home pheromone
2025-05-04 17:04:31,563 - INFO - Random movement: AntAction.TURN_LEFT
2025-05-04 17:04:32,040 - INFO - Depositing home pheromone
2025-05-04 17:04:32,556 - INFO - Random movement: AntAction.TURN_LEFT
2025-05-04 17:04:33,066 - INFO - Depositing home pheromone
2025-05-04 17:04:33,586 - INFO - Random movement: AntAction.TURN_LEFT
2025-05-04 17:04:34,059 - INFO - Depositing home pheromone
2025-05-04 17:04:34,558 - INFO - Random movement: AntAction.MOVE_FORWARD
2025-05-04 17:04:35,042 - INFO - Depositing home pheromone
2025-05-04 17:04:35,600 - INFO - Random movement: AntAction.MOVE_FORWARD
2025-05-04 17:04:36,171 - INFO - Depositing home pheromone
2025-05-04 17:04:36,763 - INFO - Random movement: AntAction.TURN_LEFT
2025-05-04 17:04:37,281 - INFO - Depositing home pheromone
2025-05-04 17:04:37,845 - INFO - Random movement: AntAction.TURN_LEFT
2025-05-04 17:04:38,347 - INFO - Depositing home pheromone
2025-05-04 17:04:38,892 - INFO - Random movement: AntAction.MOVE_FORWARD
2025-05-04 17:04:39,403 - INFO - Depositing home pheromone
2025-05-04 17:04:39,947 - INFO - Random movement: AntAction.TURN_LEFT
2025-05-04 17:04:40,475 - INFO - Depositing home pheromone
2025-05-04 17:04:41,022 - INFO - Random movement: AntAction.MOVE_FORWARD
2025-05-04 17:04:41,511 - INFO - Depositing home pheromone
2025-05-04 17:04:42,042 - INFO - Random movement: AntAction.MOVE_FORWARD
2025-05-04 17:04:42,539 - INFO - Depositing home pheromone
2025-05-04 17:04:43,097 - INFO - Random movement: AntAction.TURN_RIGHT
2025-05-04 17:04:43,627 - INFO - Depositing home pheromone
2025-05-04 17:04:44,137 - INFO - Random movement: AntAction.TURN_RIGHT
2025-05-04 17:04:44,660 - INFO - Depositing home pheromone
2025-05-04 17:04:45,170 - INFO - Random movement: AntAction.TURN_LEFT
2025-05-04 17:04:45,670 - INFO - Depositing home pheromone
2025-05-04 17:04:46,162 - INFO - Random movement: AntAction.TURN_RIGHT
2025-05-04 17:04:46,638 - INFO - Depositing home pheromone
2025-05-04 17:04:47,163 - INFO - Random movement: AntAction.MOVE_FORWARD
2025-05-04 17:04:47,653 - INFO - Depositing home pheromone
2025-05-04 17:04:48,113 - INFO - Random movement: AntAction.MOVE_FORWARD
2025-05-04 17:04:48,561 - INFO - Depositing home pheromone
2025-05-04 17:04:48,973 - INFO - Random movement: AntAction.TURN_LEFT
2025-05-04 17:04:49,446 - INFO - Depositing home pheromone
2025-05-04 17:04:49,978 - INFO - Random movement: AntAction.MOVE_FORWARD
2025-05-04 17:04:50,480 - INFO - Depositing home pheromone
2025-05-04 17:04:50,981 - INFO - Random movement: AntAction.MOVE_FORWARD
2025-05-04 17:04:51,482 - INFO - Depositing home pheromone
2025-05-04 17:04:51,997 - INFO - Random movement: AntAction.MOVE_FORWARD
2025-05-04 17:04:52,552 - INFO - Bored after searching for food for 51 steps, making random move
2025-05-04 17:04:52,553 - INFO - Made random move: AntAction.TURN_LEFT
2025-05-04 17:04:53,175 - INFO - Depositing home pheromone
2025-05-04 17:04:53,687 - INFO - Random movement: AntAction.MOVE_FORWARD
2025-05-04 17:04:54,214 - INFO - Depositing home pheromone
2025-05-04 17:04:54,713 - INFO - Random movement: AntAction.MOVE_FORWARD
2025-05-04 17:04:55,220 - INFO - Depositing home pheromone
2025-05-04 17:04:55,754 - INFO - Random movement: AntAction.TURN_RIGHT
2025-05-04 17:04:56,277 - INFO - Depositing home pheromone
2025-05-04 17:04:56,777 - INFO - Random movement: AntAction.MOVE_FORWARD
2025-05-04 17:04:57,303 - INFO - Depositing home pheromone
2025-05-04 17:04:57,821 - INFO - Random movement: AntAction.MOVE_FORWARD
2025-05-04 17:04:58,330 - INFO - Depositing home pheromone
2025-05-04 17:04:58,875 - INFO - Random movement: AntAction.MOVE_FORWARD
2025-05-04 17:04:59,403 - INFO - Depositing home pheromone
2025-05-04 17:04:59,979 - INFO - Random movement: AntAction.MOVE_FORWARD
2025-05-04 17:05:00,555 - INFO - Depositing home pheromone
2025-05-04 17:05:01,148 - INFO - Random movement: AntAction.TURN_LEFT
2025-05-04 17:05:01,682 - INFO - Depositing home pheromone
2025-05-04 17:05:02,253 - INFO - Random movement: AntAction.TURN_LEFT
2025-05-04 17:05:02,896 - INFO - Depositing home pheromone
2025-05-04 17:05:03,487 - INFO - Random movement: AntAction.MOVE_FORWARD
2025-05-04 17:05:04,027 - INFO - Depositing home pheromone
