2025-05-04 17:04:25,640 - INFO - Initialized with direction Direction.NORTHWEST
2025-05-04 17:04:25,642 - INFO - Depositing home pheromone
2025-05-04 17:04:27,199 - INFO - Random movement: AntAction.TURN_LEFT
2025-05-04 17:04:27,820 - INFO - Depositing home pheromone
2025-05-04 17:04:28,373 - INFO - Random movement: AntAction.TURN_LEFT
2025-05-04 17:04:28,899 - INFO - Depositing home pheromone
2025-05-04 17:04:29,394 - INFO - Random movement: AntAction.TURN_LEFT
2025-05-04 17:04:29,948 - INFO - Depositing home pheromone
2025-05-04 17:04:30,552 - INFO - Random movement: AntAction.TURN_LEFT
2025-05-04 17:04:31,128 - INFO - Depositing home pheromone
2025-05-04 17:04:31,611 - INFO - Random movement: AntAction.MOVE_FORWARD
2025-05-04 17:04:32,102 - INFO - Depositing home pheromone
2025-05-04 17:04:32,609 - INFO - Random movement: AntAction.MOVE_FORWARD
2025-05-04 17:04:33,123 - INFO - Depositing home pheromone
2025-05-04 17:04:33,637 - INFO - Random movement: AntAction.TURN_RIGHT
2025-05-04 17:04:34,117 - INFO - Depositing home pheromone
2025-05-04 17:04:34,608 - INFO - Random movement: AntAction.TURN_RIGHT
2025-05-04 17:04:35,108 - INFO - Depositing home pheromone
2025-05-04 17:04:35,650 - INFO - Random movement: AntAction.MOVE_FORWARD
2025-05-04 17:04:36,243 - INFO - Depositing home pheromone
2025-05-04 17:04:36,815 - INFO - Random movement: AntAction.MOVE_FORWARD
2025-05-04 17:04:37,357 - INFO - Depositing home pheromone
2025-05-04 17:04:37,900 - INFO - Random movement: AntAction.TURN_LEFT
2025-05-04 17:04:38,421 - INFO - Depositing home pheromone
2025-05-04 17:04:38,944 - INFO - Random movement: AntAction.TURN_LEFT
2025-05-04 17:04:39,473 - INFO - Depositing home pheromone
2025-05-04 17:04:39,994 - INFO - Random movement: AntAction.MOVE_FORWARD
2025-05-04 17:04:40,538 - INFO - Depositing home pheromone
2025-05-04 17:04:41,080 - INFO - Random movement: AntAction.MOVE_FORWARD
2025-05-04 17:04:41,572 - INFO - Depositing home pheromone
2025-05-04 17:04:42,095 - INFO - Random movement: AntAction.TURN_RIGHT
2025-05-04 17:04:42,603 - INFO - Depositing home pheromone
2025-05-04 17:04:43,145 - INFO - Random movement: AntAction.MOVE_FORWARD
2025-05-04 17:04:43,687 - INFO - Depositing home pheromone
2025-05-04 17:04:44,191 - INFO - Random movement: AntAction.MOVE_FORWARD
2025-05-04 17:04:44,728 - INFO - Depositing home pheromone
2025-05-04 17:04:45,221 - INFO - Random movement: AntAction.MOVE_FORWARD
2025-05-04 17:04:45,725 - INFO - Depositing home pheromone
2025-05-04 17:04:46,215 - INFO - Random movement: AntAction.MOVE_FORWARD
2025-05-04 17:04:46,703 - INFO - Depositing home pheromone
2025-05-04 17:04:47,217 - INFO - Random movement: AntAction.MOVE_FORWARD
2025-05-04 17:04:47,703 - INFO - Depositing home pheromone
2025-05-04 17:04:48,155 - INFO - Random movement: AntAction.TURN_LEFT
2025-05-04 17:04:48,604 - INFO - Depositing home pheromone
2025-05-04 17:04:49,020 - INFO - Random movement: AntAction.TURN_RIGHT
2025-05-04 17:04:49,511 - INFO - Depositing home pheromone
2025-05-04 17:04:50,026 - INFO - Random movement: AntAction.MOVE_FORWARD
2025-05-04 17:04:50,543 - INFO - Depositing home pheromone
2025-05-04 17:04:51,032 - INFO - Random movement: AntAction.TURN_RIGHT
2025-05-04 17:04:51,542 - INFO - Depositing home pheromone
2025-05-04 17:04:52,042 - INFO - Random movement: AntAction.TURN_RIGHT
2025-05-04 17:04:52,643 - INFO - Bored after searching for food for 51 steps, making random move
2025-05-04 17:04:52,643 - INFO - Made random move: AntAction.TURN_LEFT
2025-05-04 17:04:53,230 - INFO - Depositing home pheromone
2025-05-04 17:04:53,739 - INFO - Random movement: AntAction.TURN_LEFT
2025-05-04 17:04:54,283 - INFO - Depositing home pheromone
2025-05-04 17:04:54,770 - INFO - Random movement: AntAction.MOVE_FORWARD
2025-05-04 17:04:55,283 - INFO - Depositing home pheromone
2025-05-04 17:04:55,817 - INFO - Random movement: AntAction.TURN_LEFT
2025-05-04 17:04:56,343 - INFO - Depositing home pheromone
2025-05-04 17:04:56,817 - INFO - Random movement: AntAction.MOVE_FORWARD
2025-05-04 17:04:57,372 - INFO - Depositing home pheromone
2025-05-04 17:04:57,869 - INFO - Random movement: AntAction.TURN_LEFT
2025-05-04 17:04:58,395 - INFO - Depositing home pheromone
2025-05-04 17:04:58,931 - INFO - Random movement: AntAction.MOVE_FORWARD
2025-05-04 17:04:59,476 - INFO - Depositing home pheromone
2025-05-04 17:05:00,040 - INFO - Random movement: AntAction.TURN_LEFT
2025-05-04 17:05:00,627 - INFO - Depositing home pheromone
2025-05-04 17:05:01,197 - INFO - Random movement: AntAction.MOVE_FORWARD
2025-05-04 17:05:01,749 - INFO - Depositing home pheromone
2025-05-04 17:05:02,326 - INFO - Random movement: AntAction.TURN_LEFT
2025-05-04 17:05:02,975 - INFO - Depositing home pheromone
2025-05-04 17:05:03,545 - INFO - Random movement: AntAction.TURN_RIGHT
2025-05-04 17:05:04,098 - INFO - Depositing home pheromone
