2025-05-04 17:04:25,246 - INFO - Initialized with direction Direction.WEST
2025-05-04 17:04:25,248 - INFO - Depositing home pheromone
2025-05-04 17:04:27,130 - INFO - Random movement: AntAction.TURN_LEFT
2025-05-04 17:04:27,756 - INFO - Depositing home pheromone
2025-05-04 17:04:28,312 - INFO - Random movement: AntAction.TURN_LEFT
2025-05-04 17:04:28,835 - INFO - Depositing home pheromone
2025-05-04 17:04:29,344 - INFO - Random movement: AntAction.MOVE_FORWARD
2025-05-04 17:04:29,876 - INFO - Depositing home pheromone
2025-05-04 17:04:30,474 - INFO - Random movement: AntAction.MOVE_FORWARD
2025-05-04 17:04:31,059 - INFO - Depositing home pheromone
2025-05-04 17:04:31,560 - INFO - Random movement: AntAction.MOVE_FORWARD
2025-05-04 17:04:32,037 - INFO - Depositing home pheromone
2025-05-04 17:04:32,553 - INFO - Random movement: AntAction.MOVE_FORWARD
2025-05-04 17:04:33,062 - INFO - Depositing home pheromone
2025-05-04 17:04:33,584 - INFO - Random movement: AntAction.MOVE_FORWARD
2025-05-04 17:04:34,056 - INFO - Depositing home pheromone
2025-05-04 17:04:34,556 - INFO - Random movement: AntAction.TURN_LEFT
2025-05-04 17:04:35,039 - INFO - Depositing home pheromone
2025-05-04 17:04:35,597 - INFO - Random movement: AntAction.TURN_RIGHT
2025-05-04 17:04:36,169 - INFO - Depositing home pheromone
2025-05-04 17:04:36,761 - INFO - Random movement: AntAction.MOVE_FORWARD
2025-05-04 17:04:37,278 - INFO - Depositing home pheromone
2025-05-04 17:04:37,842 - INFO - Random movement: AntAction.MOVE_FORWARD
2025-05-04 17:04:38,343 - INFO - Depositing home pheromone
2025-05-04 17:04:38,890 - INFO - Random movement: AntAction.MOVE_FORWARD
2025-05-04 17:04:39,400 - INFO - Depositing home pheromone
2025-05-04 17:04:39,941 - INFO - Random movement: AntAction.MOVE_FORWARD
2025-05-04 17:04:40,473 - INFO - Depositing home pheromone
2025-05-04 17:04:41,019 - INFO - Random movement: AntAction.TURN_LEFT
2025-05-04 17:04:41,507 - INFO - Depositing home pheromone
2025-05-04 17:04:42,039 - INFO - Random movement: AntAction.MOVE_FORWARD
2025-05-04 17:04:42,536 - INFO - Depositing home pheromone
2025-05-04 17:04:43,094 - INFO - Random movement: AntAction.MOVE_FORWARD
2025-05-04 17:04:43,623 - INFO - Depositing home pheromone
2025-05-04 17:04:44,134 - INFO - Random movement: AntAction.MOVE_FORWARD
2025-05-04 17:04:44,657 - INFO - Depositing home pheromone
2025-05-04 17:04:45,167 - INFO - Random movement: AntAction.MOVE_FORWARD
2025-05-04 17:04:45,667 - INFO - Depositing home pheromone
2025-05-04 17:04:46,156 - INFO - Random movement: AntAction.TURN_RIGHT
2025-05-04 17:04:46,633 - INFO - Depositing home pheromone
2025-05-04 17:04:47,161 - INFO - Random movement: AntAction.MOVE_FORWARD
2025-05-04 17:04:47,651 - INFO - Depositing home pheromone
2025-05-04 17:04:48,110 - INFO - Random movement: AntAction.TURN_LEFT
2025-05-04 17:04:48,559 - INFO - Depositing home pheromone
2025-05-04 17:04:48,970 - INFO - Random movement: AntAction.TURN_LEFT
2025-05-04 17:04:49,444 - INFO - Depositing home pheromone
2025-05-04 17:04:49,973 - INFO - Random movement: AntAction.TURN_LEFT
2025-05-04 17:04:50,477 - INFO - Depositing home pheromone
2025-05-04 17:04:50,978 - INFO - Random movement: AntAction.MOVE_FORWARD
2025-05-04 17:04:51,480 - INFO - Depositing home pheromone
2025-05-04 17:04:51,994 - INFO - Random movement: AntAction.MOVE_FORWARD
2025-05-04 17:04:52,548 - INFO - Bored after searching for food for 51 steps, making random move
2025-05-04 17:04:52,549 - INFO - Made random move: AntAction.MOVE_FORWARD
2025-05-04 17:04:53,171 - INFO - Depositing home pheromone
2025-05-04 17:04:53,683 - INFO - Random movement: AntAction.TURN_LEFT
2025-05-04 17:04:54,210 - INFO - Depositing home pheromone
2025-05-04 17:04:54,710 - INFO - Random movement: AntAction.MOVE_FORWARD
2025-05-04 17:04:55,216 - INFO - Depositing home pheromone
2025-05-04 17:04:55,752 - INFO - Random movement: AntAction.MOVE_FORWARD
2025-05-04 17:04:56,274 - INFO - Depositing home pheromone
2025-05-04 17:04:56,775 - INFO - Random movement: AntAction.MOVE_FORWARD
2025-05-04 17:04:57,301 - INFO - Depositing home pheromone
2025-05-04 17:04:57,819 - INFO - Random movement: AntAction.MOVE_FORWARD
2025-05-04 17:04:58,327 - INFO - Depositing home pheromone
2025-05-04 17:04:58,872 - INFO - Random movement: AntAction.TURN_LEFT
2025-05-04 17:04:59,400 - INFO - Depositing home pheromone
2025-05-04 17:04:59,976 - INFO - Random movement: AntAction.MOVE_FORWARD
2025-05-04 17:05:00,552 - INFO - Depositing home pheromone
2025-05-04 17:05:01,145 - INFO - Random movement: AntAction.TURN_RIGHT
2025-05-04 17:05:01,679 - INFO - Depositing home pheromone
2025-05-04 17:05:02,250 - INFO - Random movement: AntAction.TURN_RIGHT
2025-05-04 17:05:02,892 - INFO - Depositing home pheromone
2025-05-04 17:05:03,483 - INFO - Random movement: AntAction.TURN_RIGHT
2025-05-04 17:05:04,025 - INFO - Depositing home pheromone
