2025-05-04 17:04:24,878 - INFO - Initialized with direction Direction.SOUTHEAST
2025-05-04 17:04:24,882 - INFO - Depositing home pheromone
2025-05-04 17:04:27,020 - INFO - Random movement: AntAction.MOVE_FORWARD
2025-05-04 17:04:27,644 - INFO - Depositing home pheromone
2025-05-04 17:04:28,212 - INFO - Random movement: AntAction.MOVE_FORWARD
2025-05-04 17:04:28,734 - INFO - Depositing home pheromone
2025-05-04 17:04:29,262 - INFO - Random movement: AntAction.TURN_RIGHT
2025-05-04 17:04:29,749 - INFO - Depositing home pheromone
2025-05-04 17:04:30,340 - INFO - Random movement: AntAction.MOVE_FORWARD
2025-05-04 17:04:30,947 - INFO - Depositing home pheromone
2025-05-04 17:04:31,470 - INFO - Random movement: AntAction.TURN_RIGHT
2025-05-04 17:04:31,938 - INFO - Depositing home pheromone
2025-05-04 17:04:32,466 - INFO - Random movement: AntAction.MOVE_FORWARD
2025-05-04 17:04:32,958 - INFO - Depositing home pheromone
2025-05-04 17:04:33,501 - INFO - Random movement: AntAction.MOVE_FORWARD
2025-05-04 17:04:33,968 - INFO - Depositing home pheromone
2025-05-04 17:04:34,478 - INFO - Random movement: AntAction.TURN_LEFT
2025-05-04 17:04:34,926 - INFO - Depositing home pheromone
2025-05-04 17:04:35,500 - INFO - Random movement: AntAction.MOVE_FORWARD
2025-05-04 17:04:36,047 - INFO - Depositing home pheromone
2025-05-04 17:04:36,670 - INFO - Random movement: AntAction.MOVE_FORWARD
2025-05-04 17:04:37,165 - INFO - Depositing home pheromone
2025-05-04 17:04:37,764 - INFO - Random movement: AntAction.MOVE_FORWARD
2025-05-04 17:04:38,248 - INFO - Depositing home pheromone
2025-05-04 17:04:38,802 - INFO - Random movement: AntAction.MOVE_FORWARD
2025-05-04 17:04:39,293 - INFO - Depositing home pheromone
2025-05-04 17:04:39,864 - INFO - Random movement: AntAction.MOVE_FORWARD
2025-05-04 17:04:40,362 - INFO - Depositing home pheromone
2025-05-04 17:04:40,932 - INFO - Random movement: AntAction.MOVE_FORWARD
2025-05-04 17:04:41,415 - INFO - Depositing home pheromone
2025-05-04 17:04:41,937 - INFO - Random movement: AntAction.MOVE_FORWARD
2025-05-04 17:04:42,432 - INFO - Depositing home pheromone
2025-05-04 17:04:42,999 - INFO - Random movement: AntAction.TURN_LEFT
2025-05-04 17:04:43,522 - INFO - Depositing home pheromone
2025-05-04 17:04:44,042 - INFO - Random movement: AntAction.MOVE_FORWARD
2025-05-04 17:04:44,558 - INFO - Depositing home pheromone
2025-05-04 17:04:45,085 - INFO - Random movement: AntAction.MOVE_FORWARD
2025-05-04 17:04:45,568 - INFO - Depositing home pheromone
2025-05-04 17:04:46,074 - INFO - Random movement: AntAction.TURN_LEFT
2025-05-04 17:04:46,539 - INFO - Depositing home pheromone
2025-05-04 17:04:47,073 - INFO - Random movement: AntAction.TURN_LEFT
2025-05-04 17:04:47,572 - INFO - Depositing home pheromone
2025-05-04 17:04:48,035 - INFO - Random movement: AntAction.TURN_LEFT
2025-05-04 17:04:48,479 - INFO - Depositing home pheromone
2025-05-04 17:04:48,884 - INFO - Random movement: AntAction.MOVE_FORWARD
2025-05-04 17:04:49,338 - INFO - Depositing home pheromone
2025-05-04 17:04:49,890 - INFO - Random movement: AntAction.MOVE_FORWARD
2025-05-04 17:04:50,385 - INFO - Depositing home pheromone
2025-05-04 17:04:50,889 - INFO - Random movement: AntAction.TURN_LEFT
2025-05-04 17:04:51,386 - INFO - Depositing home pheromone
2025-05-04 17:04:51,903 - INFO - Random movement: AntAction.MOVE_FORWARD
2025-05-04 17:04:52,410 - INFO - Bored after searching for food for 51 steps, making random move
2025-05-04 17:04:52,411 - INFO - Made random move: AntAction.TURN_LEFT
2025-05-04 17:04:53,069 - INFO - Depositing home pheromone
2025-05-04 17:04:53,598 - INFO - Random movement: AntAction.MOVE_FORWARD
2025-05-04 17:04:54,098 - INFO - Depositing home pheromone
2025-05-04 17:04:54,624 - INFO - Random movement: AntAction.TURN_LEFT
2025-05-04 17:04:55,115 - INFO - Depositing home pheromone
2025-05-04 17:04:55,667 - INFO - Random movement: AntAction.TURN_LEFT
2025-05-04 17:04:56,171 - INFO - Depositing home pheromone
2025-05-04 17:04:56,700 - INFO - Random movement: AntAction.MOVE_FORWARD
2025-05-04 17:04:57,199 - INFO - Depositing home pheromone
2025-05-04 17:04:57,739 - INFO - Random movement: AntAction.MOVE_FORWARD
2025-05-04 17:04:58,211 - INFO - Depositing home pheromone
2025-05-04 17:04:58,779 - INFO - Random movement: AntAction.TURN_LEFT
2025-05-04 17:04:59,286 - INFO - Depositing home pheromone
2025-05-04 17:04:59,877 - INFO - Random movement: AntAction.MOVE_FORWARD
2025-05-04 17:05:00,439 - INFO - Depositing home pheromone
2025-05-04 17:05:01,057 - INFO - Random movement: AntAction.TURN_LEFT
2025-05-04 17:05:01,573 - INFO - Depositing home pheromone
2025-05-04 17:05:02,154 - INFO - Random movement: AntAction.MOVE_FORWARD
2025-05-04 17:05:02,769 - INFO - Depositing home pheromone
2025-05-04 17:05:03,378 - INFO - Random movement: AntAction.TURN_LEFT
2025-05-04 17:05:03,917 - INFO - Depositing home pheromone
