2025-05-04 17:04:26,296 - INFO - Initialized with direction Direction.SOUTH
2025-05-04 17:04:26,298 - INFO - Depositing home pheromone
2025-05-04 17:04:27,292 - INFO - Random movement: AntAction.MOVE_FORWARD
2025-05-04 17:04:27,912 - INFO - Depositing home pheromone
2025-05-04 17:04:28,447 - INFO - Random movement: AntAction.MOVE_FORWARD
2025-05-04 17:04:28,984 - INFO - Depositing home pheromone
2025-05-04 17:04:29,463 - INFO - Random movement: AntAction.MOVE_FORWARD
2025-05-04 17:04:30,044 - INFO - Depositing home pheromone
2025-05-04 17:04:30,659 - INFO - Random movement: AntAction.MOVE_FORWARD
2025-05-04 17:04:31,210 - INFO - Depositing home pheromone
2025-05-04 17:04:31,667 - INFO - Random movement: AntAction.MOVE_FORWARD
2025-05-04 17:04:32,190 - INFO - Depositing home pheromone
2025-05-04 17:04:32,675 - INFO - Random movement: AntAction.TURN_LEFT
2025-05-04 17:04:33,208 - INFO - Depositing home pheromone
2025-05-04 17:04:33,696 - INFO - Random movement: AntAction.MOVE_FORWARD
2025-05-04 17:04:34,213 - INFO - Depositing home pheromone
2025-05-04 17:04:34,673 - INFO - Random movement: AntAction.TURN_RIGHT
2025-05-04 17:04:35,198 - INFO - Depositing home pheromone
2025-05-04 17:04:35,724 - INFO - Random movement: AntAction.TURN_LEFT
2025-05-04 17:04:36,337 - INFO - Depositing home pheromone
2025-05-04 17:04:36,875 - INFO - Random movement: AntAction.MOVE_FORWARD
2025-05-04 17:04:37,462 - INFO - Depositing home pheromone
2025-05-04 17:04:37,970 - INFO - Random movement: AntAction.TURN_RIGHT
2025-05-04 17:04:38,505 - INFO - Depositing home pheromone
2025-05-04 17:04:39,014 - INFO - Random movement: AntAction.MOVE_FORWARD
2025-05-04 17:04:39,562 - INFO - Depositing home pheromone
2025-05-04 17:04:40,063 - INFO - Random movement: AntAction.TURN_RIGHT
2025-05-04 17:04:40,632 - INFO - Depositing home pheromone
2025-05-04 17:04:41,150 - INFO - Random movement: AntAction.MOVE_FORWARD
2025-05-04 17:04:41,654 - INFO - Depositing home pheromone
2025-05-04 17:04:42,157 - INFO - Random movement: AntAction.MOVE_FORWARD
2025-05-04 17:04:42,695 - INFO - Depositing home pheromone
2025-05-04 17:04:43,225 - INFO - Random movement: AntAction.TURN_LEFT
2025-05-04 17:04:43,765 - INFO - Depositing home pheromone
2025-05-04 17:04:44,263 - INFO - Random movement: AntAction.MOVE_FORWARD
2025-05-04 17:04:44,805 - INFO - Depositing home pheromone
2025-05-04 17:04:45,285 - INFO - Random movement: AntAction.TURN_LEFT
2025-05-04 17:04:45,807 - INFO - Depositing home pheromone
2025-05-04 17:04:46,293 - INFO - Random movement: AntAction.MOVE_FORWARD
2025-05-04 17:04:46,796 - INFO - Depositing home pheromone
2025-05-04 17:04:47,288 - INFO - Random movement: AntAction.MOVE_FORWARD
2025-05-04 17:04:47,775 - INFO - Depositing home pheromone
2025-05-04 17:04:48,219 - INFO - Random movement: AntAction.MOVE_FORWARD
2025-05-04 17:04:48,668 - INFO - Depositing home pheromone
2025-05-04 17:04:49,090 - INFO - Random movement: AntAction.TURN_LEFT
2025-05-04 17:04:49,601 - INFO - Depositing home pheromone
2025-05-04 17:04:50,104 - INFO - Random movement: AntAction.TURN_LEFT
2025-05-04 17:04:50,618 - INFO - Depositing home pheromone
2025-05-04 17:04:51,107 - INFO - Random movement: AntAction.TURN_RIGHT
2025-05-04 17:04:51,622 - INFO - Depositing home pheromone
2025-05-04 17:04:52,115 - INFO - Random movement: AntAction.MOVE_FORWARD
2025-05-04 17:04:52,756 - INFO - Bored after searching for food for 51 steps, making random move
2025-05-04 17:04:52,758 - INFO - Made random move: AntAction.MOVE_FORWARD
2025-05-04 17:04:53,321 - INFO - Depositing home pheromone
2025-05-04 17:04:53,813 - INFO - Random movement: AntAction.MOVE_FORWARD
2025-05-04 17:04:54,361 - INFO - Depositing home pheromone
2025-05-04 17:04:54,842 - INFO - Random movement: AntAction.TURN_LEFT
2025-05-04 17:04:55,371 - INFO - Depositing home pheromone
2025-05-04 17:04:55,891 - INFO - Random movement: AntAction.MOVE_FORWARD
2025-05-04 17:04:56,410 - INFO - Depositing home pheromone
2025-05-04 17:04:56,893 - INFO - Random movement: AntAction.MOVE_FORWARD
2025-05-04 17:04:57,462 - INFO - Depositing home pheromone
2025-05-04 17:04:57,940 - INFO - Random movement: AntAction.TURN_LEFT
2025-05-04 17:04:58,487 - INFO - Depositing home pheromone
2025-05-04 17:04:59,004 - INFO - Random movement: AntAction.MOVE_FORWARD
2025-05-04 17:04:59,564 - INFO - Depositing home pheromone
2025-05-04 17:05:00,122 - INFO - Random movement: AntAction.MOVE_FORWARD
2025-05-04 17:05:00,732 - INFO - Depositing home pheromone
2025-05-04 17:05:01,279 - INFO - Random movement: AntAction.TURN_LEFT
2025-05-04 17:05:01,836 - INFO - Depositing home pheromone
2025-05-04 17:05:02,420 - INFO - Random movement: AntAction.MOVE_FORWARD
2025-05-04 17:05:03,073 - INFO - Depositing home pheromone
2025-05-04 17:05:03,618 - INFO - Random movement: AntAction.TURN_LEFT
2025-05-04 17:05:04,190 - INFO - Depositing home pheromone
