2025-05-04 17:04:25,170 - INFO - Initialized with direction Direction.WEST
2025-05-04 17:04:25,173 - INFO - Depositing home pheromone
2025-05-04 17:04:27,112 - INFO - Random movement: AntAction.TURN_LEFT
2025-05-04 17:04:27,736 - INFO - Depositing home pheromone
2025-05-04 17:04:28,298 - INFO - Random movement: AntAction.TURN_LEFT
2025-05-04 17:04:28,818 - INFO - Depositing home pheromone
2025-05-04 17:04:29,331 - INFO - Random movement: AntAction.MOVE_FORWARD
2025-05-04 17:04:29,854 - INFO - Depositing home pheromone
2025-05-04 17:04:30,455 - INFO - Random movement: AntAction.TURN_LEFT
2025-05-04 17:04:31,033 - INFO - Depositing home pheromone
2025-05-04 17:04:31,542 - INFO - Random movement: AntAction.TURN_LEFT
2025-05-04 17:04:32,019 - INFO - Depositing home pheromone
2025-05-04 17:04:32,538 - INFO - Random movement: AntAction.TURN_LEFT
2025-05-04 17:04:33,047 - INFO - Depositing home pheromone
2025-05-04 17:04:33,571 - INFO - Random movement: AntAction.MOVE_FORWARD
2025-05-04 17:04:34,040 - INFO - Depositing home pheromone
2025-05-04 17:04:34,542 - INFO - Random movement: AntAction.TURN_RIGHT
2025-05-04 17:04:35,018 - INFO - Depositing home pheromone
2025-05-04 17:04:35,582 - INFO - Random movement: AntAction.MOVE_FORWARD
2025-05-04 17:04:36,148 - INFO - Depositing home pheromone
2025-05-04 17:04:36,746 - INFO - Random movement: AntAction.TURN_LEFT
2025-05-04 17:04:37,257 - INFO - Depositing home pheromone
2025-05-04 17:04:37,829 - INFO - Random movement: AntAction.TURN_LEFT
2025-05-04 17:04:38,323 - INFO - Depositing home pheromone
2025-05-04 17:04:38,874 - INFO - Random movement: AntAction.TURN_LEFT
2025-05-04 17:04:39,380 - INFO - Depositing home pheromone
2025-05-04 17:04:39,928 - INFO - Random movement: AntAction.TURN_LEFT
2025-05-04 17:04:40,452 - INFO - Depositing home pheromone
2025-05-04 17:04:41,007 - INFO - Random movement: AntAction.MOVE_FORWARD
2025-05-04 17:04:41,492 - INFO - Depositing home pheromone
2025-05-04 17:04:42,026 - INFO - Random movement: AntAction.MOVE_FORWARD
2025-05-04 17:04:42,516 - INFO - Depositing home pheromone
2025-05-04 17:04:43,078 - INFO - Random movement: AntAction.TURN_LEFT
2025-05-04 17:04:43,606 - INFO - Depositing home pheromone
2025-05-04 17:04:44,120 - INFO - Random movement: AntAction.TURN_LEFT
2025-05-04 17:04:44,640 - INFO - Depositing home pheromone
2025-05-04 17:04:45,155 - INFO - Random movement: AntAction.TURN_LEFT
2025-05-04 17:04:45,648 - INFO - Depositing home pheromone
2025-05-04 17:04:46,143 - INFO - Random movement: AntAction.MOVE_FORWARD
2025-05-04 17:04:46,618 - INFO - Depositing home pheromone
2025-05-04 17:04:47,140 - INFO - Random movement: AntAction.TURN_RIGHT
2025-05-04 17:04:47,637 - INFO - Depositing home pheromone
2025-05-04 17:04:48,097 - INFO - Random movement: AntAction.TURN_RIGHT
2025-05-04 17:04:48,548 - INFO - Depositing home pheromone
2025-05-04 17:04:48,954 - INFO - Random movement: AntAction.TURN_LEFT
2025-05-04 17:04:49,429 - INFO - Depositing home pheromone
2025-05-04 17:04:49,957 - INFO - Random movement: AntAction.MOVE_FORWARD
2025-05-04 17:04:50,459 - INFO - Depositing home pheromone
2025-05-04 17:04:50,963 - INFO - Random movement: AntAction.MOVE_FORWARD
2025-05-04 17:04:51,463 - INFO - Depositing home pheromone
2025-05-04 17:04:51,978 - INFO - Random movement: AntAction.MOVE_FORWARD
2025-05-04 17:04:52,524 - INFO - Bored after searching for food for 51 steps, making random move
2025-05-04 17:04:52,525 - INFO - Made random move: AntAction.TURN_RIGHT
2025-05-04 17:04:53,156 - INFO - Depositing home pheromone
2025-05-04 17:04:53,670 - INFO - Random movement: AntAction.TURN_RIGHT
2025-05-04 17:04:54,190 - INFO - Depositing home pheromone
2025-05-04 17:04:54,695 - INFO - Random movement: AntAction.MOVE_FORWARD
2025-05-04 17:04:55,202 - INFO - Depositing home pheromone
2025-05-04 17:04:55,738 - INFO - Random movement: AntAction.TURN_LEFT
2025-05-04 17:04:56,259 - INFO - Depositing home pheromone
2025-05-04 17:04:56,767 - INFO - Random movement: AntAction.TURN_LEFT
2025-05-04 17:04:57,285 - INFO - Depositing home pheromone
2025-05-04 17:04:57,807 - INFO - Random movement: AntAction.MOVE_FORWARD
2025-05-04 17:04:58,303 - INFO - Depositing home pheromone
2025-05-04 17:04:58,855 - INFO - Random movement: AntAction.MOVE_FORWARD
2025-05-04 17:04:59,378 - INFO - Depositing home pheromone
2025-05-04 17:04:59,962 - INFO - Random movement: AntAction.MOVE_FORWARD
2025-05-04 17:05:00,535 - INFO - Depositing home pheromone
2025-05-04 17:05:01,130 - INFO - Random movement: AntAction.TURN_LEFT
2025-05-04 17:05:01,662 - INFO - Depositing home pheromone
2025-05-04 17:05:02,235 - INFO - Random movement: AntAction.MOVE_FORWARD
2025-05-04 17:05:02,870 - INFO - Depositing home pheromone
2025-05-04 17:05:03,469 - INFO - Random movement: AntAction.MOVE_FORWARD
2025-05-04 17:05:04,008 - INFO - Depositing home pheromone
