2025-05-04 17:04:25,446 - INFO - Initialized with direction Direction.WEST
2025-05-04 17:04:25,464 - INFO - Depositing home pheromone
2025-05-04 17:04:27,165 - INFO - Random movement: AntAction.TURN_LEFT
2025-05-04 17:04:27,789 - INFO - Depositing home pheromone
2025-05-04 17:04:28,346 - INFO - Random movement: AntAction.TURN_LEFT
2025-05-04 17:04:28,869 - INFO - Depositing home pheromone
2025-05-04 17:04:29,370 - INFO - Random movement: AntAction.MOVE_FORWARD
2025-05-04 17:04:29,914 - INFO - Depositing home pheromone
2025-05-04 17:04:30,508 - INFO - Random movement: AntAction.MOVE_FORWARD
2025-05-04 17:04:31,093 - INFO - Depositing home pheromone
2025-05-04 17:04:31,588 - INFO - Random movement: AntAction.MOVE_FORWARD
2025-05-04 17:04:32,070 - INFO - Depositing home pheromone
2025-05-04 17:04:32,583 - INFO - Random movement: AntAction.MOVE_FORWARD
2025-05-04 17:04:33,096 - INFO - Depositing home pheromone
2025-05-04 17:04:33,611 - INFO - Random movement: AntAction.MOVE_FORWARD
2025-05-04 17:04:34,086 - INFO - Depositing home pheromone
2025-05-04 17:04:34,582 - INFO - Random movement: AntAction.MOVE_FORWARD
2025-05-04 17:04:35,077 - INFO - Depositing home pheromone
2025-05-04 17:04:35,625 - INFO - Random movement: AntAction.MOVE_FORWARD
2025-05-04 17:04:36,207 - INFO - Depositing home pheromone
2025-05-04 17:04:36,789 - INFO - Random movement: AntAction.TURN_LEFT
2025-05-04 17:04:37,316 - INFO - Depositing home pheromone
2025-05-04 17:04:37,877 - INFO - Random movement: AntAction.MOVE_FORWARD
2025-05-04 17:04:38,387 - INFO - Depositing home pheromone
2025-05-04 17:04:38,917 - INFO - Random movement: AntAction.MOVE_FORWARD
2025-05-04 17:04:39,438 - INFO - Depositing home pheromone
2025-05-04 17:04:39,970 - INFO - Random movement: AntAction.TURN_RIGHT
2025-05-04 17:04:40,508 - INFO - Depositing home pheromone
2025-05-04 17:04:41,050 - INFO - Random movement: AntAction.TURN_RIGHT
2025-05-04 17:04:41,542 - INFO - Depositing home pheromone
2025-05-04 17:04:42,068 - INFO - Random movement: AntAction.TURN_LEFT
2025-05-04 17:04:42,570 - INFO - Depositing home pheromone
2025-05-04 17:04:43,122 - INFO - Random movement: AntAction.MOVE_FORWARD
2025-05-04 17:04:43,657 - INFO - Depositing home pheromone
2025-05-04 17:04:44,163 - INFO - Random movement: AntAction.MOVE_FORWARD
2025-05-04 17:04:44,698 - INFO - Depositing home pheromone
2025-05-04 17:04:45,196 - INFO - Random movement: AntAction.MOVE_FORWARD
2025-05-04 17:04:45,700 - INFO - Depositing home pheromone
2025-05-04 17:04:46,187 - INFO - Random movement: AntAction.TURN_LEFT
2025-05-04 17:04:46,670 - INFO - Depositing home pheromone
2025-05-04 17:04:47,192 - INFO - Random movement: AntAction.MOVE_FORWARD
2025-05-04 17:04:47,678 - INFO - Depositing home pheromone
2025-05-04 17:04:48,133 - INFO - Random movement: AntAction.MOVE_FORWARD
2025-05-04 17:04:48,580 - INFO - Depositing home pheromone
2025-05-04 17:04:48,997 - INFO - Random movement: AntAction.TURN_LEFT
2025-05-04 17:04:49,480 - INFO - Depositing home pheromone
2025-05-04 17:04:50,005 - INFO - Random movement: AntAction.TURN_LEFT
2025-05-04 17:04:50,512 - INFO - Depositing home pheromone
2025-05-04 17:04:51,006 - INFO - Random movement: AntAction.MOVE_FORWARD
2025-05-04 17:04:51,514 - INFO - Depositing home pheromone
2025-05-04 17:04:52,021 - INFO - Random movement: AntAction.MOVE_FORWARD
2025-05-04 17:04:52,600 - INFO - Bored after searching for food for 51 steps, making random move
2025-05-04 17:04:52,601 - INFO - Made random move: AntAction.TURN_RIGHT
2025-05-04 17:04:53,204 - INFO - Depositing home pheromone
2025-05-04 17:04:53,715 - INFO - Random movement: AntAction.MOVE_FORWARD
2025-05-04 17:04:54,249 - INFO - Depositing home pheromone
2025-05-04 17:04:54,744 - INFO - Random movement: AntAction.MOVE_FORWARD
2025-05-04 17:04:55,254 - INFO - Depositing home pheromone
2025-05-04 17:04:55,786 - INFO - Random movement: AntAction.TURN_LEFT
2025-05-04 17:04:56,308 - INFO - Depositing home pheromone
2025-05-04 17:04:56,794 - INFO - Random movement: AntAction.TURN_LEFT
2025-05-04 17:04:57,340 - INFO - Depositing home pheromone
2025-05-04 17:04:57,843 - INFO - Random movement: AntAction.MOVE_FORWARD
2025-05-04 17:04:58,362 - INFO - Depositing home pheromone
2025-05-04 17:04:58,905 - INFO - Random movement: AntAction.TURN_LEFT
2025-05-04 17:04:59,436 - INFO - Depositing home pheromone
2025-05-04 17:05:00,008 - INFO - Random movement: AntAction.TURN_LEFT
2025-05-04 17:05:00,587 - INFO - Depositing home pheromone
2025-05-04 17:05:01,174 - INFO - Random movement: AntAction.TURN_LEFT
2025-05-04 17:05:01,718 - INFO - Depositing home pheromone
2025-05-04 17:05:02,294 - INFO - Random movement: AntAction.MOVE_FORWARD
2025-05-04 17:05:02,939 - INFO - Depositing home pheromone
2025-05-04 17:05:03,518 - INFO - Random movement: AntAction.MOVE_FORWARD
2025-05-04 17:05:04,059 - INFO - Depositing home pheromone
