2025-05-04 17:04:24,857 - INFO - Initialized with direction Direction.SOUTHEAST
2025-05-04 17:04:24,859 - INFO - Depositing home pheromone
2025-05-04 17:04:27,016 - INFO - Random movement: AntAction.MOVE_FORWARD
2025-05-04 17:04:27,639 - INFO - Depositing home pheromone
2025-05-04 17:04:28,209 - INFO - Random movement: AntAction.TURN_RIGHT
2025-05-04 17:04:28,730 - INFO - Depositing home pheromone
2025-05-04 17:04:29,258 - INFO - Random movement: AntAction.MOVE_FORWARD
2025-05-04 17:04:29,744 - INFO - Depositing home pheromone
2025-05-04 17:04:30,337 - INFO - Random movement: AntAction.TURN_LEFT
2025-05-04 17:04:30,940 - INFO - Depositing home pheromone
2025-05-04 17:04:31,467 - INFO - Random movement: AntAction.MOVE_FORWARD
2025-05-04 17:04:31,932 - INFO - Depositing home pheromone
2025-05-04 17:04:32,463 - INFO - Random movement: AntAction.TURN_RIGHT
2025-05-04 17:04:32,954 - INFO - Depositing home pheromone
2025-05-04 17:04:33,498 - INFO - Random movement: AntAction.MOVE_FORWARD
2025-05-04 17:04:33,966 - INFO - Depositing home pheromone
2025-05-04 17:04:34,475 - INFO - Random movement: AntAction.MOVE_FORWARD
2025-05-04 17:04:34,922 - INFO - Depositing home pheromone
2025-05-04 17:04:35,498 - INFO - Random movement: AntAction.MOVE_FORWARD
2025-05-04 17:04:36,043 - INFO - Depositing home pheromone
2025-05-04 17:04:36,667 - INFO - Random movement: AntAction.TURN_RIGHT
2025-05-04 17:04:37,161 - INFO - Depositing home pheromone
2025-05-04 17:04:37,760 - INFO - Random movement: AntAction.MOVE_FORWARD
2025-05-04 17:04:38,243 - INFO - Depositing home pheromone
2025-05-04 17:04:38,798 - INFO - Random movement: AntAction.TURN_RIGHT
2025-05-04 17:04:39,289 - INFO - Depositing home pheromone
2025-05-04 17:04:39,861 - INFO - Random movement: AntAction.MOVE_FORWARD
2025-05-04 17:04:40,357 - INFO - Depositing home pheromone
2025-05-04 17:04:40,930 - INFO - Random movement: AntAction.TURN_LEFT
2025-05-04 17:04:41,412 - INFO - Depositing home pheromone
2025-05-04 17:04:41,935 - INFO - Random movement: AntAction.TURN_LEFT
2025-05-04 17:04:42,429 - INFO - Depositing home pheromone
2025-05-04 17:04:42,997 - INFO - Random movement: AntAction.MOVE_FORWARD
2025-05-04 17:04:43,519 - INFO - Depositing home pheromone
2025-05-04 17:04:44,039 - INFO - Random movement: AntAction.MOVE_FORWARD
2025-05-04 17:04:44,553 - INFO - Depositing home pheromone
2025-05-04 17:04:45,080 - INFO - Random movement: AntAction.TURN_LEFT
2025-05-04 17:04:45,565 - INFO - Depositing home pheromone
2025-05-04 17:04:46,072 - INFO - Random movement: AntAction.MOVE_FORWARD
2025-05-04 17:04:46,536 - INFO - Depositing home pheromone
2025-05-04 17:04:47,070 - INFO - Random movement: AntAction.MOVE_FORWARD
2025-05-04 17:04:47,570 - INFO - Depositing home pheromone
2025-05-04 17:04:48,029 - INFO - Random movement: AntAction.TURN_RIGHT
2025-05-04 17:04:48,477 - INFO - Depositing home pheromone
2025-05-04 17:04:48,883 - INFO - Random movement: AntAction.MOVE_FORWARD
2025-05-04 17:04:49,335 - INFO - Depositing home pheromone
2025-05-04 17:04:49,888 - INFO - Random movement: AntAction.TURN_LEFT
2025-05-04 17:04:50,380 - INFO - Depositing home pheromone
2025-05-04 17:04:50,886 - INFO - Random movement: AntAction.MOVE_FORWARD
2025-05-04 17:04:51,380 - INFO - Depositing home pheromone
2025-05-04 17:04:51,900 - INFO - Random movement: AntAction.TURN_LEFT
2025-05-04 17:04:52,406 - INFO - Bored after searching for food for 51 steps, making random move
2025-05-04 17:04:52,407 - INFO - Made random move: AntAction.TURN_LEFT
2025-05-04 17:04:53,066 - INFO - Depositing home pheromone
2025-05-04 17:04:53,597 - INFO - Random movement: AntAction.MOVE_FORWARD
2025-05-04 17:04:54,096 - INFO - Depositing home pheromone
2025-05-04 17:04:54,621 - INFO - Random movement: AntAction.TURN_RIGHT
2025-05-04 17:04:55,112 - INFO - Depositing home pheromone
2025-05-04 17:04:55,663 - INFO - Random movement: AntAction.TURN_RIGHT
2025-05-04 17:04:56,168 - INFO - Depositing home pheromone
2025-05-04 17:04:56,699 - INFO - Random movement: AntAction.MOVE_FORWARD
2025-05-04 17:04:57,196 - INFO - Depositing home pheromone
2025-05-04 17:04:57,736 - INFO - Random movement: AntAction.MOVE_FORWARD
2025-05-04 17:04:58,208 - INFO - Depositing home pheromone
2025-05-04 17:04:58,777 - INFO - Random movement: AntAction.TURN_LEFT
2025-05-04 17:04:59,282 - INFO - Depositing home pheromone
2025-05-04 17:04:59,874 - INFO - Random movement: AntAction.MOVE_FORWARD
2025-05-04 17:05:00,436 - INFO - Depositing home pheromone
2025-05-04 17:05:01,053 - INFO - Random movement: AntAction.MOVE_FORWARD
2025-05-04 17:05:01,570 - INFO - Depositing home pheromone
2025-05-04 17:05:02,152 - INFO - Random movement: AntAction.TURN_LEFT
2025-05-04 17:05:02,767 - INFO - Depositing home pheromone
2025-05-04 17:05:03,375 - INFO - Random movement: AntAction.TURN_LEFT
2025-05-04 17:05:03,914 - INFO - Depositing home pheromone
