2025-05-04 17:04:26,410 - INFO - Initialized with direction Direction.WEST
2025-05-04 17:04:26,412 - INFO - Depositing home pheromone
2025-05-04 17:04:27,313 - INFO - Random movement: AntAction.TURN_LEFT
2025-05-04 17:04:27,932 - INFO - Depositing home pheromone
2025-05-04 17:04:28,464 - INFO - Random movement: AntAction.TURN_LEFT
2025-05-04 17:04:29,006 - INFO - Depositing home pheromone
2025-05-04 17:04:29,479 - INFO - Random movement: AntAction.MOVE_FORWARD
2025-05-04 17:04:30,067 - INFO - Depositing home pheromone
2025-05-04 17:04:30,682 - INFO - Random movement: AntAction.TURN_LEFT
2025-05-04 17:04:31,228 - INFO - Depositing home pheromone
2025-05-04 17:04:31,678 - INFO - Random movement: AntAction.TURN_RIGHT
2025-05-04 17:04:32,208 - INFO - Depositing home pheromone
2025-05-04 17:04:32,692 - INFO - Random movement: AntAction.MOVE_FORWARD
2025-05-04 17:04:33,228 - INFO - Depositing home pheromone
2025-05-04 17:04:33,711 - INFO - Random movement: AntAction.MOVE_FORWARD
2025-05-04 17:04:34,235 - INFO - Depositing home pheromone
2025-05-04 17:04:34,689 - INFO - Random movement: AntAction.MOVE_FORWARD
2025-05-04 17:04:35,218 - INFO - Depositing home pheromone
2025-05-04 17:04:35,739 - INFO - Random movement: AntAction.TURN_LEFT
2025-05-04 17:04:36,364 - INFO - Depositing home pheromone
2025-05-04 17:04:36,891 - INFO - Random movement: AntAction.MOVE_FORWARD
2025-05-04 17:04:37,486 - INFO - Depositing home pheromone
2025-05-04 17:04:37,988 - INFO - Random movement: AntAction.MOVE_FORWARD
2025-05-04 17:04:38,529 - INFO - Depositing home pheromone
2025-05-04 17:04:39,029 - INFO - Random movement: AntAction.TURN_RIGHT
2025-05-04 17:04:39,581 - INFO - Depositing home pheromone
2025-05-04 17:04:40,077 - INFO - Random movement: AntAction.TURN_RIGHT
2025-05-04 17:04:40,650 - INFO - Depositing home pheromone
2025-05-04 17:04:41,167 - INFO - Random movement: AntAction.MOVE_FORWARD
2025-05-04 17:04:41,673 - INFO - Depositing home pheromone
2025-05-04 17:04:42,174 - INFO - Random movement: AntAction.MOVE_FORWARD
2025-05-04 17:04:42,715 - INFO - Depositing home pheromone
2025-05-04 17:04:43,241 - INFO - Random movement: AntAction.TURN_LEFT
2025-05-04 17:04:43,784 - INFO - Depositing home pheromone
2025-05-04 17:04:44,279 - INFO - Random movement: AntAction.MOVE_FORWARD
2025-05-04 17:04:44,822 - INFO - Depositing home pheromone
2025-05-04 17:04:45,299 - INFO - Random movement: AntAction.MOVE_FORWARD
2025-05-04 17:04:45,828 - INFO - Depositing home pheromone
2025-05-04 17:04:46,308 - INFO - Random movement: AntAction.TURN_LEFT
2025-05-04 17:04:46,813 - INFO - Depositing home pheromone
2025-05-04 17:04:47,306 - INFO - Random movement: AntAction.MOVE_FORWARD
2025-05-04 17:04:47,795 - INFO - Depositing home pheromone
2025-05-04 17:04:48,236 - INFO - Random movement: AntAction.MOVE_FORWARD
2025-05-04 17:04:48,684 - INFO - Depositing home pheromone
2025-05-04 17:04:49,108 - INFO - Random movement: AntAction.MOVE_FORWARD
2025-05-04 17:04:49,617 - INFO - Depositing home pheromone
2025-05-04 17:04:50,119 - INFO - Random movement: AntAction.MOVE_FORWARD
2025-05-04 17:04:50,636 - INFO - Depositing home pheromone
2025-05-04 17:04:51,125 - INFO - Random movement: AntAction.TURN_LEFT
2025-05-04 17:04:51,643 - INFO - Depositing home pheromone
2025-05-04 17:04:52,132 - INFO - Random movement: AntAction.MOVE_FORWARD
2025-05-04 17:04:52,784 - INFO - Bored after searching for food for 51 steps, making random move
2025-05-04 17:04:52,786 - INFO - Made random move: AntAction.MOVE_FORWARD
2025-05-04 17:04:53,344 - INFO - Depositing home pheromone
2025-05-04 17:04:53,835 - INFO - Random movement: AntAction.TURN_LEFT
2025-05-04 17:04:54,379 - INFO - Depositing home pheromone
2025-05-04 17:04:54,860 - INFO - Random movement: AntAction.TURN_LEFT
2025-05-04 17:04:55,388 - INFO - Depositing home pheromone
2025-05-04 17:04:55,907 - INFO - Random movement: AntAction.TURN_LEFT
2025-05-04 17:04:56,430 - INFO - Depositing home pheromone
2025-05-04 17:04:56,914 - INFO - Random movement: AntAction.MOVE_FORWARD
2025-05-04 17:04:57,482 - INFO - Depositing home pheromone
2025-05-04 17:04:57,956 - INFO - Random movement: AntAction.MOVE_FORWARD
2025-05-04 17:04:58,509 - INFO - Depositing home pheromone
2025-05-04 17:04:59,022 - INFO - Random movement: AntAction.TURN_LEFT
2025-05-04 17:04:59,583 - INFO - Depositing home pheromone
2025-05-04 17:05:00,142 - INFO - Random movement: AntAction.MOVE_FORWARD
2025-05-04 17:05:00,755 - INFO - Depositing home pheromone
2025-05-04 17:05:01,300 - INFO - Random movement: AntAction.MOVE_FORWARD
2025-05-04 17:05:01,855 - INFO - Depositing home pheromone
2025-05-04 17:05:02,444 - INFO - Random movement: AntAction.MOVE_FORWARD
2025-05-04 17:05:03,097 - INFO - Depositing home pheromone
2025-05-04 17:05:03,635 - INFO - Random movement: AntAction.MOVE_FORWARD
2025-05-04 17:05:04,216 - INFO - Depositing home pheromone
