2025-05-04 17:04:24,838 - INFO - Initialized with direction Direction.WEST
2025-05-04 17:04:24,840 - INFO - Depositing home pheromone
2025-05-04 17:04:27,008 - INFO - Random movement: AntAction.TURN_LEFT
2025-05-04 17:04:27,632 - INFO - Depositing home pheromone
2025-05-04 17:04:28,200 - INFO - Random movement: AntAction.TURN_LEFT
2025-05-04 17:04:28,723 - INFO - Depositing home pheromone
2025-05-04 17:04:29,253 - INFO - Random movement: AntAction.MOVE_FORWARD
2025-05-04 17:04:29,737 - INFO - Depositing home pheromone
2025-05-04 17:04:30,330 - INFO - Random movement: AntAction.MOVE_FORWARD
2025-05-04 17:04:30,934 - INFO - Depositing home pheromone
2025-05-04 17:04:31,462 - INFO - Random movement: AntAction.TURN_LEFT
2025-05-04 17:04:31,926 - INFO - Depositing home pheromone
2025-05-04 17:04:32,458 - INFO - Random movement: AntAction.MOVE_FORWARD
2025-05-04 17:04:32,949 - INFO - Depositing home pheromone
2025-05-04 17:04:33,492 - INFO - Random movement: AntAction.MOVE_FORWARD
2025-05-04 17:04:33,960 - INFO - Depositing home pheromone
2025-05-04 17:04:34,471 - INFO - Random movement: AntAction.TURN_RIGHT
2025-05-04 17:04:34,917 - INFO - Depositing home pheromone
2025-05-04 17:04:35,492 - INFO - Random movement: AntAction.MOVE_FORWARD
2025-05-04 17:04:36,037 - INFO - Depositing home pheromone
2025-05-04 17:04:36,662 - INFO - Random movement: AntAction.MOVE_FORWARD
2025-05-04 17:04:37,150 - INFO - Depositing home pheromone
2025-05-04 17:04:37,756 - INFO - Random movement: AntAction.MOVE_FORWARD
2025-05-04 17:04:38,239 - INFO - Depositing home pheromone
2025-05-04 17:04:38,793 - INFO - Random movement: AntAction.MOVE_FORWARD
2025-05-04 17:04:39,280 - INFO - Depositing home pheromone
2025-05-04 17:04:39,856 - INFO - Random movement: AntAction.MOVE_FORWARD
2025-05-04 17:04:40,348 - INFO - Depositing home pheromone
2025-05-04 17:04:40,922 - INFO - Random movement: AntAction.MOVE_FORWARD
2025-05-04 17:04:41,407 - INFO - Depositing home pheromone
2025-05-04 17:04:41,930 - INFO - Random movement: AntAction.TURN_RIGHT
2025-05-04 17:04:42,423 - INFO - Depositing home pheromone
2025-05-04 17:04:42,988 - INFO - Random movement: AntAction.MOVE_FORWARD
2025-05-04 17:04:43,513 - INFO - Depositing home pheromone
2025-05-04 17:04:44,035 - INFO - Random movement: AntAction.TURN_RIGHT
2025-05-04 17:04:44,547 - INFO - Depositing home pheromone
2025-05-04 17:04:45,075 - INFO - Random movement: AntAction.MOVE_FORWARD
2025-05-04 17:04:45,560 - INFO - Depositing home pheromone
2025-05-04 17:04:46,066 - INFO - Random movement: AntAction.TURN_LEFT
2025-05-04 17:04:46,530 - INFO - Depositing home pheromone
2025-05-04 17:04:47,065 - INFO - Random movement: AntAction.TURN_LEFT
2025-05-04 17:04:47,563 - INFO - Depositing home pheromone
2025-05-04 17:04:48,025 - INFO - Random movement: AntAction.MOVE_FORWARD
2025-05-04 17:04:48,470 - INFO - Depositing home pheromone
2025-05-04 17:04:48,880 - INFO - Random movement: AntAction.TURN_LEFT
2025-05-04 17:04:49,330 - INFO - Depositing home pheromone
2025-05-04 17:04:49,883 - INFO - Random movement: AntAction.MOVE_FORWARD
2025-05-04 17:04:50,376 - INFO - Depositing home pheromone
2025-05-04 17:04:50,879 - INFO - Random movement: AntAction.MOVE_FORWARD
2025-05-04 17:04:51,375 - INFO - Depositing home pheromone
2025-05-04 17:04:51,895 - INFO - Random movement: AntAction.TURN_LEFT
2025-05-04 17:04:52,398 - INFO - Bored after searching for food for 51 steps, making random move
2025-05-04 17:04:52,398 - INFO - Made random move: AntAction.TURN_LEFT
2025-05-04 17:04:53,059 - INFO - Depositing home pheromone
2025-05-04 17:04:53,592 - INFO - Random movement: AntAction.MOVE_FORWARD
2025-05-04 17:04:54,090 - INFO - Depositing home pheromone
2025-05-04 17:04:54,615 - INFO - Random movement: AntAction.MOVE_FORWARD
2025-05-04 17:04:55,106 - INFO - Depositing home pheromone
2025-05-04 17:04:55,657 - INFO - Random movement: AntAction.TURN_RIGHT
2025-05-04 17:04:56,159 - INFO - Depositing home pheromone
2025-05-04 17:04:56,693 - INFO - Random movement: AntAction.TURN_RIGHT
2025-05-04 17:04:57,191 - INFO - Depositing home pheromone
2025-05-04 17:04:57,731 - INFO - Random movement: AntAction.TURN_LEFT
2025-05-04 17:04:58,201 - INFO - Depositing home pheromone
2025-05-04 17:04:58,772 - INFO - Random movement: AntAction.TURN_RIGHT
2025-05-04 17:04:59,276 - INFO - Depositing home pheromone
2025-05-04 17:04:59,868 - INFO - Random movement: AntAction.MOVE_FORWARD
2025-05-04 17:05:00,428 - INFO - Depositing home pheromone
2025-05-04 17:05:01,047 - INFO - Random movement: AntAction.TURN_RIGHT
2025-05-04 17:05:01,564 - INFO - Depositing home pheromone
2025-05-04 17:05:02,146 - INFO - Random movement: AntAction.MOVE_FORWARD
2025-05-04 17:05:02,759 - INFO - Depositing home pheromone
2025-05-04 17:05:03,369 - INFO - Random movement: AntAction.TURN_LEFT
2025-05-04 17:05:03,907 - INFO - Depositing home pheromone
